[35m[1mConsolidate compiler generated dependencies of target cmd_vel_px4_bridge[0m
[ 50%] Built target cmd_vel_px4_bridge
[35m[1mConsolidate compiler generated dependencies of target gz_depth_bridge[0m
[100%] Built target gz_depth_bridge
-- Install configuration: ""
-- Up-to-date: /home/batoddy/uav_ws/install/cmd_vel_to_px4/lib/cmd_vel_to_px4/odom_converter.py
-- Up-to-date: /home/batoddy/uav_ws/install/cmd_vel_to_px4/lib/cmd_vel_to_px4/cmd_vel_px4_bridge
-- Up-to-date: /home/batoddy/uav_ws/install/cmd_vel_to_px4/lib/cmd_vel_to_px4/gz_depth_bridge
-- Up-to-date: /home/batoddy/uav_ws/install/cmd_vel_to_px4/share/cmd_vel_to_px4/launch
-- Up-to-date: /home/batoddy/uav_ws/install/cmd_vel_to_px4/share/cmd_vel_to_px4/launch/px4_bridge.launch.py
-- Up-to-date: /home/batoddy/uav_ws/install/cmd_vel_to_px4/share/ament_index/resource_index/package_run_dependencies/cmd_vel_to_px4
-- Up-to-date: /home/batoddy/uav_ws/install/cmd_vel_to_px4/share/ament_index/resource_index/parent_prefix_path/cmd_vel_to_px4
-- Up-to-date: /home/batoddy/uav_ws/install/cmd_vel_to_px4/share/cmd_vel_to_px4/environment/ament_prefix_path.sh
-- Up-to-date: /home/batoddy/uav_ws/install/cmd_vel_to_px4/share/cmd_vel_to_px4/environment/ament_prefix_path.dsv
-- Up-to-date: /home/batoddy/uav_ws/install/cmd_vel_to_px4/share/cmd_vel_to_px4/environment/path.sh
-- Up-to-date: /home/batoddy/uav_ws/install/cmd_vel_to_px4/share/cmd_vel_to_px4/environment/path.dsv
-- Up-to-date: /home/batoddy/uav_ws/install/cmd_vel_to_px4/share/cmd_vel_to_px4/local_setup.bash
-- Up-to-date: /home/batoddy/uav_ws/install/cmd_vel_to_px4/share/cmd_vel_to_px4/local_setup.sh
-- Up-to-date: /home/batoddy/uav_ws/install/cmd_vel_to_px4/share/cmd_vel_to_px4/local_setup.zsh
-- Up-to-date: /home/batoddy/uav_ws/install/cmd_vel_to_px4/share/cmd_vel_to_px4/local_setup.dsv
-- Installing: /home/batoddy/uav_ws/install/cmd_vel_to_px4/share/cmd_vel_to_px4/package.dsv
-- Up-to-date: /home/batoddy/uav_ws/install/cmd_vel_to_px4/share/ament_index/resource_index/packages/cmd_vel_to_px4
-- Up-to-date: /home/batoddy/uav_ws/install/cmd_vel_to_px4/share/cmd_vel_to_px4/cmake/cmd_vel_to_px4Config.cmake
-- Up-to-date: /home/batoddy/uav_ws/install/cmd_vel_to_px4/share/cmd_vel_to_px4/cmake/cmd_vel_to_px4Config-version.cmake
-- Up-to-date: /home/batoddy/uav_ws/install/cmd_vel_to_px4/share/cmd_vel_to_px4/package.xml
