[0.264s] Invoking command in '/home/batoddy/uav_ws/src/build/px4_ros_com': AMENT_PREFIX_PATH=/home/batoddy/uav_ws/src/install/px4_msgs:${AMENT_PREFIX_PATH} CMAKE_PREFIX_PATH=/home/batoddy/uav_ws/src/install/px4_msgs:/home/batoddy/uav_ws/install/px4_ros_com:/home/batoddy/uav_ws/install/px4_msgs:/home/batoddy/install/urdfdom_headers:/home/batoddy/install/gmock_vendor:/home/batoddy/install/gtest_vendor:/home/batoddy/install/ament_cmake_python:/home/batoddy/install/ament_cmake_libraries:/home/batoddy/install/ament_cmake_core:/home/batoddy/uav_ws/install/px4_offboard:/home/batoddy/install/osrf_pycommon:/home/batoddy/install/ament_pyflakes:/home/batoddy/install/ament_pycodestyle:/home/batoddy/install/ament_pep257:/home/batoddy/install/ament_package:/home/batoddy/install/ament_flake8:/home/batoddy/install/ament_lint:/home/batoddy/install/ament_cppcheck:/home/batoddy/orn_ws/install/navslam:/opt/ros/humble LD_LIBRARY_PATH=/home/batoddy/uav_ws/src/install/px4_msgs/lib:${LD_LIBRARY_PATH} PYTHONPATH=/home/batoddy/uav_ws/src/install/px4_msgs/local/lib/python3.10/dist-packages:${PYTHONPATH} /usr/bin/cmake /home/batoddy/uav_ws/src/px4_ros_com -DCMAKE_INSTALL_PREFIX=/home/batoddy/uav_ws/src/install/px4_ros_com
[0.319s] -- The C compiler identification is GNU 11.4.0
[0.376s] -- The CXX compiler identification is GNU 11.4.0
[0.386s] -- Detecting C compiler ABI info
[0.450s] -- Detecting C compiler ABI info - done
[0.463s] -- Check for working C compiler: /usr/bin/cc - skipped
[0.463s] -- Detecting C compile features
[0.464s] -- Detecting C compile features - done
[0.469s] -- Detecting CXX compiler ABI info
[0.546s] -- Detecting CXX compiler ABI info - done
[0.559s] -- Check for working CXX compiler: /usr/bin/c++ - skipped
[0.560s] -- Detecting CXX compile features
[0.560s] -- Detecting CXX compile features - done
[0.566s] -- Found ament_cmake: 1.3.12 (/opt/ros/humble/share/ament_cmake/cmake)
[0.739s] -- Found Python3: /usr/bin/python3 (found version "3.10.12") found components: Interpreter 
[0.850s] -- Found builtin_interfaces: 1.2.2 (/opt/ros/humble/share/builtin_interfaces/cmake)
[0.894s] -- Found rosidl_generator_c: 3.1.7 (/opt/ros/humble/share/rosidl_generator_c/cmake)
[0.906s] -- Found rosidl_adapter: 3.1.7 (/opt/ros/humble/share/rosidl_adapter/cmake)
[0.922s] -- Found rosidl_generator_cpp: 3.1.7 (/opt/ros/humble/share/rosidl_generator_cpp/cmake)
[0.947s] -- Using all available rosidl_typesupport_c: rosidl_typesupport_fastrtps_c;rosidl_typesupport_introspection_c
[0.977s] -- Using all available rosidl_typesupport_cpp: rosidl_typesupport_fastrtps_cpp;rosidl_typesupport_introspection_cpp
[0.999s] -- Found eigen3_cmake_module: 0.1.1 (/opt/ros/humble/share/eigen3_cmake_module/cmake)
[1.009s] -- Found Eigen3: TRUE (found version "3.4.0") 
[1.013s] -- Found geometry_msgs: 4.9.0 (/opt/ros/humble/share/geometry_msgs/cmake)
[1.043s] -- Found px4_msgs: 2.0.1 (/home/batoddy/uav_ws/src/install/px4_msgs/share/px4_msgs/cmake)
[1.058s] -- Found rclcpp: 16.0.15 (/opt/ros/humble/share/rclcpp/cmake)
[1.110s] -- Found rmw_implementation_cmake: 6.1.2 (/opt/ros/humble/share/rmw_implementation_cmake/cmake)
[1.115s] -- Found rmw_fastrtps_cpp: 6.2.9 (/opt/ros/humble/share/rmw_fastrtps_cpp/cmake)
[1.208s] -- Found OpenSSL: /usr/lib/x86_64-linux-gnu/libcrypto.so (found version "3.0.2")  
[1.242s] -- Found FastRTPS: /opt/ros/humble/include  
[1.289s] -- Using RMW implementation 'rmw_fastrtps_cpp' as default
[1.301s] -- Looking for pthread.h
[1.365s] -- Looking for pthread.h - found
[1.365s] -- Performing Test CMAKE_HAVE_LIBC_PTHREAD
[1.480s] -- Performing Test CMAKE_HAVE_LIBC_PTHREAD - Success
[1.480s] -- Found Threads: TRUE  
[1.575s] -- Found sensor_msgs: 4.9.0 (/opt/ros/humble/share/sensor_msgs/cmake)
[1.652s] -- Found rclpy: 3.3.17 (/opt/ros/humble/share/rclpy/cmake)
[1.703s] -- Found ament_lint_auto: 0.12.14 (/opt/ros/humble/share/ament_lint_auto/cmake)
[1.972s] -- Added test 'copyright' to check source files copyright and LICENSE
[1.978s] -- Added test 'cppcheck' to perform static code analysis on C / C++ code
[1.979s] -- Configured cppcheck include dirs: /home/batoddy/uav_ws/src/px4_ros_com/include;$<BUILD_INTERFACE:/home/batoddy/uav_ws/src/px4_ros_com/include/px4_ros_com>
[1.979s] -- Configured cppcheck exclude dirs and/or files: 
[1.987s] -- Added test 'cpplint' to check C / C++ code against the Google style
[1.987s] -- Configured cpplint exclude dirs and/or files: 
[1.993s] -- Added test 'flake8' to check Python code syntax and style conventions
[1.993s] -- Added test 'lint_cmake' to check CMake code style
[1.996s] -- Added test 'pep257' to check Python code against some of the docstring style conventions in PEP 257
[2.004s] -- Added test 'uncrustify' to check C / C++ code style
[2.004s] -- Configured uncrustify additional arguments: 
[2.009s] -- Added test 'xmllint' to check XML markup files
[2.015s] -- Configuring done
[2.130s] -- Generating done
[2.167s] -- Build files have been written to: /home/batoddy/uav_ws/src/build/px4_ros_com
[2.194s] Invoked command in '/home/batoddy/uav_ws/src/build/px4_ros_com' returned '0': AMENT_PREFIX_PATH=/home/batoddy/uav_ws/src/install/px4_msgs:${AMENT_PREFIX_PATH} CMAKE_PREFIX_PATH=/home/batoddy/uav_ws/src/install/px4_msgs:/home/batoddy/uav_ws/install/px4_ros_com:/home/batoddy/uav_ws/install/px4_msgs:/home/batoddy/install/urdfdom_headers:/home/batoddy/install/gmock_vendor:/home/batoddy/install/gtest_vendor:/home/batoddy/install/ament_cmake_python:/home/batoddy/install/ament_cmake_libraries:/home/batoddy/install/ament_cmake_core:/home/batoddy/uav_ws/install/px4_offboard:/home/batoddy/install/osrf_pycommon:/home/batoddy/install/ament_pyflakes:/home/batoddy/install/ament_pycodestyle:/home/batoddy/install/ament_pep257:/home/batoddy/install/ament_package:/home/batoddy/install/ament_flake8:/home/batoddy/install/ament_lint:/home/batoddy/install/ament_cppcheck:/home/batoddy/orn_ws/install/navslam:/opt/ros/humble LD_LIBRARY_PATH=/home/batoddy/uav_ws/src/install/px4_msgs/lib:${LD_LIBRARY_PATH} PYTHONPATH=/home/batoddy/uav_ws/src/install/px4_msgs/local/lib/python3.10/dist-packages:${PYTHONPATH} /usr/bin/cmake /home/batoddy/uav_ws/src/px4_ros_com -DCMAKE_INSTALL_PREFIX=/home/batoddy/uav_ws/src/install/px4_ros_com
[2.195s] Invoking command in '/home/batoddy/uav_ws/src/build/px4_ros_com': AMENT_PREFIX_PATH=/home/batoddy/uav_ws/src/install/px4_msgs:${AMENT_PREFIX_PATH} CMAKE_PREFIX_PATH=/home/batoddy/uav_ws/src/install/px4_msgs:/home/batoddy/uav_ws/install/px4_ros_com:/home/batoddy/uav_ws/install/px4_msgs:/home/batoddy/install/urdfdom_headers:/home/batoddy/install/gmock_vendor:/home/batoddy/install/gtest_vendor:/home/batoddy/install/ament_cmake_python:/home/batoddy/install/ament_cmake_libraries:/home/batoddy/install/ament_cmake_core:/home/batoddy/uav_ws/install/px4_offboard:/home/batoddy/install/osrf_pycommon:/home/batoddy/install/ament_pyflakes:/home/batoddy/install/ament_pycodestyle:/home/batoddy/install/ament_pep257:/home/batoddy/install/ament_package:/home/batoddy/install/ament_flake8:/home/batoddy/install/ament_lint:/home/batoddy/install/ament_cppcheck:/home/batoddy/orn_ws/install/navslam:/opt/ros/humble LD_LIBRARY_PATH=/home/batoddy/uav_ws/src/install/px4_msgs/lib:${LD_LIBRARY_PATH} PYTHONPATH=/home/batoddy/uav_ws/src/install/px4_msgs/local/lib/python3.10/dist-packages:${PYTHONPATH} /usr/bin/cmake --build /home/batoddy/uav_ws/src/build/px4_ros_com -- -j8 -l8
[2.339s] [ 16%] [32mBuilding CXX object CMakeFiles/frame_transforms.dir/src/lib/frame_transforms.cpp.o[0m
[2.339s] [ 16%] [32mBuilding CXX object CMakeFiles/sensor_combined_listener.dir/src/examples/listeners/sensor_combined_listener.cpp.o[0m
[2.339s] [ 25%] [32mBuilding CXX object CMakeFiles/offboard_control.dir/src/examples/offboard/offboard_control.cpp.o[0m
[2.368s] [ 33%] [32mBuilding CXX object CMakeFiles/vehicle_gps_position_listener.dir/src/examples/listeners/vehicle_gps_position_listener.cpp.o[0m
[2.368s] [ 41%] [32mBuilding CXX object CMakeFiles/offboard_control_srv.dir/src/examples/offboard/offboard_control_srv.cpp.o[0m
[2.378s] [ 50%] [32mBuilding CXX object CMakeFiles/debug_vect_advertiser.dir/src/examples/advertisers/debug_vect_advertiser.cpp.o[0m
[2.380s] [ 50%] Built target ament_cmake_python_copy_px4_ros_com
[3.502s] running egg_info
[3.508s] creating px4_ros_com.egg-info
[3.509s] writing px4_ros_com.egg-info/PKG-INFO
[3.512s] writing dependency_links to px4_ros_com.egg-info/dependency_links.txt
[3.514s] writing top-level names to px4_ros_com.egg-info/top_level.txt
[3.514s] writing manifest file 'px4_ros_com.egg-info/SOURCES.txt'
[3.522s] reading manifest file 'px4_ros_com.egg-info/SOURCES.txt'
[3.529s] writing manifest file 'px4_ros_com.egg-info/SOURCES.txt'
[3.658s] [ 50%] Built target ament_cmake_python_build_px4_ros_com_egg
[18.836s] [ 58%] [32m[1mLinking CXX executable offboard_control_srv[0m
[19.735s] [ 58%] Built target offboard_control_srv
[20.066s] [ 66%] [32m[1mLinking CXX executable debug_vect_advertiser[0m
[20.835s] [ 66%] Built target debug_vect_advertiser
[23.528s] [ 75%] [32m[1mLinking CXX executable offboard_control[0m
[24.377s] [ 75%] Built target offboard_control
[25.685s] [ 83%] [32m[1mLinking CXX executable sensor_combined_listener[0m
[26.764s] [ 83%] Built target sensor_combined_listener
[28.247s] [ 91%] [32m[1mLinking CXX shared library libframe_transforms.so[0m
[29.013s] [ 91%] Built target frame_transforms
[29.868s] [100%] [32m[1mLinking CXX executable vehicle_gps_position_listener[0m
[30.965s] [100%] Built target vehicle_gps_position_listener
[30.998s] Invoked command in '/home/batoddy/uav_ws/src/build/px4_ros_com' returned '0': AMENT_PREFIX_PATH=/home/batoddy/uav_ws/src/install/px4_msgs:${AMENT_PREFIX_PATH} CMAKE_PREFIX_PATH=/home/batoddy/uav_ws/src/install/px4_msgs:/home/batoddy/uav_ws/install/px4_ros_com:/home/batoddy/uav_ws/install/px4_msgs:/home/batoddy/install/urdfdom_headers:/home/batoddy/install/gmock_vendor:/home/batoddy/install/gtest_vendor:/home/batoddy/install/ament_cmake_python:/home/batoddy/install/ament_cmake_libraries:/home/batoddy/install/ament_cmake_core:/home/batoddy/uav_ws/install/px4_offboard:/home/batoddy/install/osrf_pycommon:/home/batoddy/install/ament_pyflakes:/home/batoddy/install/ament_pycodestyle:/home/batoddy/install/ament_pep257:/home/batoddy/install/ament_package:/home/batoddy/install/ament_flake8:/home/batoddy/install/ament_lint:/home/batoddy/install/ament_cppcheck:/home/batoddy/orn_ws/install/navslam:/opt/ros/humble LD_LIBRARY_PATH=/home/batoddy/uav_ws/src/install/px4_msgs/lib:${LD_LIBRARY_PATH} PYTHONPATH=/home/batoddy/uav_ws/src/install/px4_msgs/local/lib/python3.10/dist-packages:${PYTHONPATH} /usr/bin/cmake --build /home/batoddy/uav_ws/src/build/px4_ros_com -- -j8 -l8
[31.005s] Invoking command in '/home/batoddy/uav_ws/src/build/px4_ros_com': AMENT_PREFIX_PATH=/home/batoddy/uav_ws/src/install/px4_msgs:${AMENT_PREFIX_PATH} CMAKE_PREFIX_PATH=/home/batoddy/uav_ws/src/install/px4_msgs:/home/batoddy/uav_ws/install/px4_ros_com:/home/batoddy/uav_ws/install/px4_msgs:/home/batoddy/install/urdfdom_headers:/home/batoddy/install/gmock_vendor:/home/batoddy/install/gtest_vendor:/home/batoddy/install/ament_cmake_python:/home/batoddy/install/ament_cmake_libraries:/home/batoddy/install/ament_cmake_core:/home/batoddy/uav_ws/install/px4_offboard:/home/batoddy/install/osrf_pycommon:/home/batoddy/install/ament_pyflakes:/home/batoddy/install/ament_pycodestyle:/home/batoddy/install/ament_pep257:/home/batoddy/install/ament_package:/home/batoddy/install/ament_flake8:/home/batoddy/install/ament_lint:/home/batoddy/install/ament_cppcheck:/home/batoddy/orn_ws/install/navslam:/opt/ros/humble LD_LIBRARY_PATH=/home/batoddy/uav_ws/src/install/px4_msgs/lib:${LD_LIBRARY_PATH} PYTHONPATH=/home/batoddy/uav_ws/src/install/px4_msgs/local/lib/python3.10/dist-packages:${PYTHONPATH} /usr/bin/cmake --install /home/batoddy/uav_ws/src/build/px4_ros_com
[31.029s] -- Install configuration: ""
[31.030s] -- Installing: /home/batoddy/uav_ws/src/install/px4_ros_com/lib/px4_ros_com/sensor_combined_listener
[31.034s] -- Set runtime path of "/home/batoddy/uav_ws/src/install/px4_ros_com/lib/px4_ros_com/sensor_combined_listener" to ""
[31.035s] -- Installing: /home/batoddy/uav_ws/src/install/px4_ros_com/lib/px4_ros_com/vehicle_gps_position_listener
[31.039s] -- Set runtime path of "/home/batoddy/uav_ws/src/install/px4_ros_com/lib/px4_ros_com/vehicle_gps_position_listener" to ""
[31.040s] -- Installing: /home/batoddy/uav_ws/src/install/px4_ros_com/lib/px4_ros_com/debug_vect_advertiser
[31.042s] -- Set runtime path of "/home/batoddy/uav_ws/src/install/px4_ros_com/lib/px4_ros_com/debug_vect_advertiser" to ""
[31.044s] -- Installing: /home/batoddy/uav_ws/src/install/px4_ros_com/lib/px4_ros_com/offboard_control
[31.045s] -- Set runtime path of "/home/batoddy/uav_ws/src/install/px4_ros_com/lib/px4_ros_com/offboard_control" to ""
[31.045s] -- Installing: /home/batoddy/uav_ws/src/install/px4_ros_com/lib/px4_ros_com/offboard_control_srv
[31.048s] -- Set runtime path of "/home/batoddy/uav_ws/src/install/px4_ros_com/lib/px4_ros_com/offboard_control_srv" to ""
[31.049s] -- Installing: /home/batoddy/uav_ws/src/install/px4_ros_com/share/px4_ros_com/environment/library_path.sh
[31.051s] -- Installing: /home/batoddy/uav_ws/src/install/px4_ros_com/share/px4_ros_com/environment/library_path.dsv
[31.053s] -- Installing: /home/batoddy/uav_ws/src/install/px4_ros_com/include/px4_ros_com
[31.054s] -- Installing: /home/batoddy/uav_ws/src/install/px4_ros_com/include/px4_ros_com/frame_transforms.h
[31.062s] -- Installing: /home/batoddy/uav_ws/src/install/px4_ros_com/lib/libframe_transforms.so
[31.070s] -- Set runtime path of "/home/batoddy/uav_ws/src/install/px4_ros_com/lib/libframe_transforms.so" to ""
[31.070s] -- Installing: /home/batoddy/uav_ws/src/install/px4_ros_com/share/px4_ros_com//launch
[31.070s] -- Installing: /home/batoddy/uav_ws/src/install/px4_ros_com/share/px4_ros_com//launch/offboard_control_launch.yaml
[31.072s] -- Installing: /home/batoddy/uav_ws/src/install/px4_ros_com/share/px4_ros_com//launch/sensor_combined_listener.launch.py
[31.074s] -- Installing: /home/batoddy/uav_ws/src/install/px4_ros_com/share/px4_ros_com//test
[31.074s] -- Installing: /home/batoddy/uav_ws/src/install/px4_ros_com/share/px4_ros_com//test/pipeline_io_test.py
[31.076s] -- Installing: /home/batoddy/uav_ws/src/install/px4_ros_com/share/px4_ros_com//test/test_output.py
[31.078s] -- Installing: /home/batoddy/uav_ws/src/install/px4_ros_com/share/px4_ros_com//test/__init__.py
[31.079s] -- Installing: /home/batoddy/uav_ws/src/install/px4_ros_com/share/px4_ros_com//test/test_input.py
[31.082s] -- Installing: /home/batoddy/uav_ws/src/install/px4_ros_com/share/px4_ros_com/environment/pythonpath.sh
[31.082s] -- Installing: /home/batoddy/uav_ws/src/install/px4_ros_com/share/px4_ros_com/environment/pythonpath.dsv
[31.084s] -- Installing: /home/batoddy/uav_ws/src/install/px4_ros_com/local/lib/python3.10/dist-packages/px4_ros_com-0.1.0-py3.10.egg-info
[31.086s] -- Installing: /home/batoddy/uav_ws/src/install/px4_ros_com/local/lib/python3.10/dist-packages/px4_ros_com-0.1.0-py3.10.egg-info/dependency_links.txt
[31.090s] -- Installing: /home/batoddy/uav_ws/src/install/px4_ros_com/local/lib/python3.10/dist-packages/px4_ros_com-0.1.0-py3.10.egg-info/top_level.txt
[31.091s] -- Installing: /home/batoddy/uav_ws/src/install/px4_ros_com/local/lib/python3.10/dist-packages/px4_ros_com-0.1.0-py3.10.egg-info/SOURCES.txt
[31.095s] -- Installing: /home/batoddy/uav_ws/src/install/px4_ros_com/local/lib/python3.10/dist-packages/px4_ros_com-0.1.0-py3.10.egg-info/PKG-INFO
[31.096s] -- Installing: /home/batoddy/uav_ws/src/install/px4_ros_com/local/lib/python3.10/dist-packages/px4_ros_com
[31.096s] -- Installing: /home/batoddy/uav_ws/src/install/px4_ros_com/local/lib/python3.10/dist-packages/px4_ros_com/__init__.py
[31.096s] -- Installing: /home/batoddy/uav_ws/src/install/px4_ros_com/local/lib/python3.10/dist-packages/px4_ros_com/module_to_import.py
[31.258s] Listing '/home/batoddy/uav_ws/src/install/px4_ros_com/local/lib/python3.10/dist-packages/px4_ros_com'...
[31.258s] Compiling '/home/batoddy/uav_ws/src/install/px4_ros_com/local/lib/python3.10/dist-packages/px4_ros_com/__init__.py'...
[31.258s] Compiling '/home/batoddy/uav_ws/src/install/px4_ros_com/local/lib/python3.10/dist-packages/px4_ros_com/module_to_import.py'...
[31.278s] -- Installing: /home/batoddy/uav_ws/src/install/px4_ros_com/lib/px4_ros_com/offboard_control.py
[31.278s] -- Installing: /home/batoddy/uav_ws/src/install/px4_ros_com/share/ament_index/resource_index/package_run_dependencies/px4_ros_com
[31.279s] -- Installing: /home/batoddy/uav_ws/src/install/px4_ros_com/share/ament_index/resource_index/parent_prefix_path/px4_ros_com
[31.279s] -- Installing: /home/batoddy/uav_ws/src/install/px4_ros_com/share/px4_ros_com/environment/ament_prefix_path.sh
[31.279s] -- Installing: /home/batoddy/uav_ws/src/install/px4_ros_com/share/px4_ros_com/environment/ament_prefix_path.dsv
[31.279s] -- Installing: /home/batoddy/uav_ws/src/install/px4_ros_com/share/px4_ros_com/environment/path.sh
[31.279s] -- Installing: /home/batoddy/uav_ws/src/install/px4_ros_com/share/px4_ros_com/environment/path.dsv
[31.282s] -- Installing: /home/batoddy/uav_ws/src/install/px4_ros_com/share/px4_ros_com/local_setup.bash
[31.282s] -- Installing: /home/batoddy/uav_ws/src/install/px4_ros_com/share/px4_ros_com/local_setup.sh
[31.282s] -- Installing: /home/batoddy/uav_ws/src/install/px4_ros_com/share/px4_ros_com/local_setup.zsh
[31.282s] -- Installing: /home/batoddy/uav_ws/src/install/px4_ros_com/share/px4_ros_com/local_setup.dsv
[31.282s] -- Installing: /home/batoddy/uav_ws/src/install/px4_ros_com/share/px4_ros_com/package.dsv
[31.282s] -- Installing: /home/batoddy/uav_ws/src/install/px4_ros_com/share/ament_index/resource_index/packages/px4_ros_com
[31.282s] -- Installing: /home/batoddy/uav_ws/src/install/px4_ros_com/share/px4_ros_com/cmake/export_frame_transformsExport.cmake
[31.283s] -- Installing: /home/batoddy/uav_ws/src/install/px4_ros_com/share/px4_ros_com/cmake/export_frame_transformsExport-noconfig.cmake
[31.283s] -- Installing: /home/batoddy/uav_ws/src/install/px4_ros_com/share/px4_ros_com/cmake/ament_cmake_export_dependencies-extras.cmake
[31.285s] -- Installing: /home/batoddy/uav_ws/src/install/px4_ros_com/share/px4_ros_com/cmake/ament_cmake_export_targets-extras.cmake
[31.285s] -- Installing: /home/batoddy/uav_ws/src/install/px4_ros_com/share/px4_ros_com/cmake/ament_cmake_export_include_directories-extras.cmake
[31.285s] -- Installing: /home/batoddy/uav_ws/src/install/px4_ros_com/share/px4_ros_com/cmake/ament_cmake_export_libraries-extras.cmake
[31.285s] -- Installing: /home/batoddy/uav_ws/src/install/px4_ros_com/share/px4_ros_com/cmake/px4_ros_comConfig.cmake
[31.286s] -- Installing: /home/batoddy/uav_ws/src/install/px4_ros_com/share/px4_ros_com/cmake/px4_ros_comConfig-version.cmake
[31.286s] -- Installing: /home/batoddy/uav_ws/src/install/px4_ros_com/share/px4_ros_com/package.xml
[31.290s] Invoked command in '/home/batoddy/uav_ws/src/build/px4_ros_com' returned '0': AMENT_PREFIX_PATH=/home/batoddy/uav_ws/src/install/px4_msgs:${AMENT_PREFIX_PATH} CMAKE_PREFIX_PATH=/home/batoddy/uav_ws/src/install/px4_msgs:/home/batoddy/uav_ws/install/px4_ros_com:/home/batoddy/uav_ws/install/px4_msgs:/home/batoddy/install/urdfdom_headers:/home/batoddy/install/gmock_vendor:/home/batoddy/install/gtest_vendor:/home/batoddy/install/ament_cmake_python:/home/batoddy/install/ament_cmake_libraries:/home/batoddy/install/ament_cmake_core:/home/batoddy/uav_ws/install/px4_offboard:/home/batoddy/install/osrf_pycommon:/home/batoddy/install/ament_pyflakes:/home/batoddy/install/ament_pycodestyle:/home/batoddy/install/ament_pep257:/home/batoddy/install/ament_package:/home/batoddy/install/ament_flake8:/home/batoddy/install/ament_lint:/home/batoddy/install/ament_cppcheck:/home/batoddy/orn_ws/install/navslam:/opt/ros/humble LD_LIBRARY_PATH=/home/batoddy/uav_ws/src/install/px4_msgs/lib:${LD_LIBRARY_PATH} PYTHONPATH=/home/batoddy/uav_ws/src/install/px4_msgs/local/lib/python3.10/dist-packages:${PYTHONPATH} /usr/bin/cmake --install /home/batoddy/uav_ws/src/build/px4_ros_com
