[0.224s] DEBUG:colcon:Command line arguments: ['/usr/bin/colcon', 'build', '--packages-select', 'sim_topic_bridge/']
[0.224s] DEBUG:colcon:Parsed command line arguments: Namespace(log_base=None, log_level=None, verb_name='build', build_base='build', install_base='install', merge_install=False, symlink_install=False, test_result_base=None, continue_on_error=False, executor='parallel', parallel_workers=8, event_handlers=None, ignore_user_meta=False, metas=['./colcon.meta'], base_paths=['.'], packages_ignore=None, packages_ignore_regex=None, paths=None, packages_up_to=None, packages_up_to_regex=None, packages_above=None, packages_above_and_dependencies=None, packages_above_depth=None, packages_select_by_dep=None, packages_skip_by_dep=None, packages_skip_up_to=None, packages_select_build_failed=False, packages_skip_build_finished=False, packages_select_test_failures=False, packages_skip_test_passed=False, packages_select=['sim_topic_bridge/'], packages_skip=None, packages_select_regex=None, packages_skip_regex=None, packages_start=None, packages_end=None, allow_overriding=[], cmake_args=None, cmake_target=None, cmake_target_skip_unavailable=False, cmake_clean_cache=False, cmake_clean_first=False, cmake_force_configure=False, ament_cmake_args=None, catkin_cmake_args=None, catkin_skip_building_tests=False, mixin_files=None, mixin=None, verb_parser=<colcon_mixin.mixin.mixin_argument.MixinArgumentDecorator object at 0x73fca3d854b0>, verb_extension=<colcon_core.verb.build.BuildVerb object at 0x73fca3d84fa0>, main=<bound method BuildVerb.main of <colcon_core.verb.build.BuildVerb object at 0x73fca3d84fa0>>, mixin_verb=('build',))
[0.669s] Level 1:colcon.colcon_core.package_discovery:discover_packages(colcon_meta) check parameters
[0.669s] Level 1:colcon.colcon_core.package_discovery:discover_packages(recursive) check parameters
[0.669s] Level 1:colcon.colcon_core.package_discovery:discover_packages(ignore) check parameters
[0.669s] Level 1:colcon.colcon_core.package_discovery:discover_packages(path) check parameters
[0.669s] Level 1:colcon.colcon_core.package_discovery:discover_packages(colcon_meta) discover
[0.669s] Level 1:colcon.colcon_core.package_discovery:discover_packages(recursive) discover
[0.669s] INFO:colcon.colcon_core.package_discovery:Crawling recursively for packages in '/home/batoddy/uav_ws/src'
[0.669s] Level 1:colcon.colcon_core.package_identification:_identify(.) by extensions ['ignore', 'ignore_ament_install']
[0.670s] Level 1:colcon.colcon_core.package_identification:_identify(.) by extension 'ignore'
[0.670s] Level 1:colcon.colcon_core.package_identification:_identify(.) by extension 'ignore_ament_install'
[0.670s] Level 1:colcon.colcon_core.package_identification:_identify(.) by extensions ['colcon_pkg']
[0.670s] Level 1:colcon.colcon_core.package_identification:_identify(.) by extension 'colcon_pkg'
[0.670s] Level 1:colcon.colcon_core.package_identification:_identify(.) by extensions ['colcon_meta']
[0.670s] Level 1:colcon.colcon_core.package_identification:_identify(.) by extension 'colcon_meta'
[0.670s] Level 1:colcon.colcon_core.package_identification:_identify(.) by extensions ['ros']
[0.670s] Level 1:colcon.colcon_core.package_identification:_identify(.) by extension 'ros'
[0.689s] Level 1:colcon.colcon_core.package_identification:_identify(.) by extensions ['cmake', 'python']
[0.689s] Level 1:colcon.colcon_core.package_identification:_identify(.) by extension 'cmake'
[0.690s] Level 1:colcon.colcon_core.package_identification:_identify(.) by extension 'python'
[0.690s] Level 1:colcon.colcon_core.package_identification:_identify(.) by extensions ['python_setup_py']
[0.690s] Level 1:colcon.colcon_core.package_identification:_identify(.) by extension 'python_setup_py'
[0.690s] Level 1:colcon.colcon_core.package_identification:_identify(build) by extensions ['ignore', 'ignore_ament_install']
[0.690s] Level 1:colcon.colcon_core.package_identification:_identify(build) by extension 'ignore'
[0.690s] Level 1:colcon.colcon_core.package_identification:_identify(build) ignored
[0.690s] Level 1:colcon.colcon_core.package_identification:_identify(install) by extensions ['ignore', 'ignore_ament_install']
[0.690s] Level 1:colcon.colcon_core.package_identification:_identify(install) by extension 'ignore'
[0.690s] Level 1:colcon.colcon_core.package_identification:_identify(install) ignored
[0.690s] Level 1:colcon.colcon_core.package_identification:_identify(log) by extensions ['ignore', 'ignore_ament_install']
[0.691s] Level 1:colcon.colcon_core.package_identification:_identify(log) by extension 'ignore'
[0.691s] Level 1:colcon.colcon_core.package_identification:_identify(log) ignored
[0.691s] Level 1:colcon.colcon_core.package_identification:_identify(px4-offboard) by extensions ['ignore', 'ignore_ament_install']
[0.691s] Level 1:colcon.colcon_core.package_identification:_identify(px4-offboard) by extension 'ignore'
[0.691s] Level 1:colcon.colcon_core.package_identification:_identify(px4-offboard) by extension 'ignore_ament_install'
[0.691s] Level 1:colcon.colcon_core.package_identification:_identify(px4-offboard) by extensions ['colcon_pkg']
[0.691s] Level 1:colcon.colcon_core.package_identification:_identify(px4-offboard) by extension 'colcon_pkg'
[0.691s] Level 1:colcon.colcon_core.package_identification:_identify(px4-offboard) by extensions ['colcon_meta']
[0.691s] Level 1:colcon.colcon_core.package_identification:_identify(px4-offboard) by extension 'colcon_meta'
[0.691s] Level 1:colcon.colcon_core.package_identification:_identify(px4-offboard) by extensions ['ros']
[0.691s] Level 1:colcon.colcon_core.package_identification:_identify(px4-offboard) by extension 'ros'
[0.695s] DEBUG:colcon.colcon_core.package_identification:Package 'px4-offboard' with type 'ros.ament_python' and name 'px4_offboard'
[0.696s] Level 1:colcon.colcon_core.package_identification:_identify(px4-ros2-interface-lib) by extensions ['ignore', 'ignore_ament_install']
[0.696s] Level 1:colcon.colcon_core.package_identification:_identify(px4-ros2-interface-lib) by extension 'ignore'
[0.696s] Level 1:colcon.colcon_core.package_identification:_identify(px4-ros2-interface-lib) by extension 'ignore_ament_install'
[0.696s] Level 1:colcon.colcon_core.package_identification:_identify(px4-ros2-interface-lib) by extensions ['colcon_pkg']
[0.696s] Level 1:colcon.colcon_core.package_identification:_identify(px4-ros2-interface-lib) by extension 'colcon_pkg'
[0.696s] Level 1:colcon.colcon_core.package_identification:_identify(px4-ros2-interface-lib) by extensions ['colcon_meta']
[0.696s] Level 1:colcon.colcon_core.package_identification:_identify(px4-ros2-interface-lib) by extension 'colcon_meta'
[0.696s] Level 1:colcon.colcon_core.package_identification:_identify(px4-ros2-interface-lib) by extensions ['ros']
[0.696s] Level 1:colcon.colcon_core.package_identification:_identify(px4-ros2-interface-lib) by extension 'ros'
[0.696s] Level 1:colcon.colcon_core.package_identification:_identify(px4-ros2-interface-lib) by extensions ['cmake', 'python']
[0.696s] Level 1:colcon.colcon_core.package_identification:_identify(px4-ros2-interface-lib) by extension 'cmake'
[0.696s] Level 1:colcon.colcon_core.package_identification:_identify(px4-ros2-interface-lib) by extension 'python'
[0.696s] Level 1:colcon.colcon_core.package_identification:_identify(px4-ros2-interface-lib) by extensions ['python_setup_py']
[0.696s] Level 1:colcon.colcon_core.package_identification:_identify(px4-ros2-interface-lib) by extension 'python_setup_py'
[0.696s] Level 1:colcon.colcon_core.package_identification:_identify(px4-ros2-interface-lib/build) by extensions ['ignore', 'ignore_ament_install']
[0.697s] Level 1:colcon.colcon_core.package_identification:_identify(px4-ros2-interface-lib/build) by extension 'ignore'
[0.697s] Level 1:colcon.colcon_core.package_identification:_identify(px4-ros2-interface-lib/build) ignored
[0.697s] Level 1:colcon.colcon_core.package_identification:_identify(px4-ros2-interface-lib/examples) by extensions ['ignore', 'ignore_ament_install']
[0.697s] Level 1:colcon.colcon_core.package_identification:_identify(px4-ros2-interface-lib/examples) by extension 'ignore'
[0.697s] Level 1:colcon.colcon_core.package_identification:_identify(px4-ros2-interface-lib/examples) by extension 'ignore_ament_install'
[0.697s] Level 1:colcon.colcon_core.package_identification:_identify(px4-ros2-interface-lib/examples) by extensions ['colcon_pkg']
[0.697s] Level 1:colcon.colcon_core.package_identification:_identify(px4-ros2-interface-lib/examples) by extension 'colcon_pkg'
[0.697s] Level 1:colcon.colcon_core.package_identification:_identify(px4-ros2-interface-lib/examples) by extensions ['colcon_meta']
[0.697s] Level 1:colcon.colcon_core.package_identification:_identify(px4-ros2-interface-lib/examples) by extension 'colcon_meta'
[0.697s] Level 1:colcon.colcon_core.package_identification:_identify(px4-ros2-interface-lib/examples) by extensions ['ros']
[0.697s] Level 1:colcon.colcon_core.package_identification:_identify(px4-ros2-interface-lib/examples) by extension 'ros'
[0.697s] Level 1:colcon.colcon_core.package_identification:_identify(px4-ros2-interface-lib/examples) by extensions ['cmake', 'python']
[0.697s] Level 1:colcon.colcon_core.package_identification:_identify(px4-ros2-interface-lib/examples) by extension 'cmake'
[0.697s] Level 1:colcon.colcon_core.package_identification:_identify(px4-ros2-interface-lib/examples) by extension 'python'
[0.697s] Level 1:colcon.colcon_core.package_identification:_identify(px4-ros2-interface-lib/examples) by extensions ['python_setup_py']
[0.697s] Level 1:colcon.colcon_core.package_identification:_identify(px4-ros2-interface-lib/examples) by extension 'python_setup_py'
[0.697s] Level 1:colcon.colcon_core.package_identification:_identify(px4-ros2-interface-lib/examples/cpp) by extensions ['ignore', 'ignore_ament_install']
[0.698s] Level 1:colcon.colcon_core.package_identification:_identify(px4-ros2-interface-lib/examples/cpp) by extension 'ignore'
[0.698s] Level 1:colcon.colcon_core.package_identification:_identify(px4-ros2-interface-lib/examples/cpp) by extension 'ignore_ament_install'
[0.698s] Level 1:colcon.colcon_core.package_identification:_identify(px4-ros2-interface-lib/examples/cpp) by extensions ['colcon_pkg']
[0.698s] Level 1:colcon.colcon_core.package_identification:_identify(px4-ros2-interface-lib/examples/cpp) by extension 'colcon_pkg'
[0.698s] Level 1:colcon.colcon_core.package_identification:_identify(px4-ros2-interface-lib/examples/cpp) by extensions ['colcon_meta']
[0.698s] Level 1:colcon.colcon_core.package_identification:_identify(px4-ros2-interface-lib/examples/cpp) by extension 'colcon_meta'
[0.698s] Level 1:colcon.colcon_core.package_identification:_identify(px4-ros2-interface-lib/examples/cpp) by extensions ['ros']
[0.698s] Level 1:colcon.colcon_core.package_identification:_identify(px4-ros2-interface-lib/examples/cpp) by extension 'ros'
[0.698s] Level 1:colcon.colcon_core.package_identification:_identify(px4-ros2-interface-lib/examples/cpp) by extensions ['cmake', 'python']
[0.698s] Level 1:colcon.colcon_core.package_identification:_identify(px4-ros2-interface-lib/examples/cpp) by extension 'cmake'
[0.698s] Level 1:colcon.colcon_core.package_identification:_identify(px4-ros2-interface-lib/examples/cpp) by extension 'python'
[0.698s] Level 1:colcon.colcon_core.package_identification:_identify(px4-ros2-interface-lib/examples/cpp) by extensions ['python_setup_py']
[0.698s] Level 1:colcon.colcon_core.package_identification:_identify(px4-ros2-interface-lib/examples/cpp) by extension 'python_setup_py'
[0.698s] Level 1:colcon.colcon_core.package_identification:_identify(px4-ros2-interface-lib/examples/cpp/modes) by extensions ['ignore', 'ignore_ament_install']
[0.699s] Level 1:colcon.colcon_core.package_identification:_identify(px4-ros2-interface-lib/examples/cpp/modes) by extension 'ignore'
[0.699s] Level 1:colcon.colcon_core.package_identification:_identify(px4-ros2-interface-lib/examples/cpp/modes) by extension 'ignore_ament_install'
[0.699s] Level 1:colcon.colcon_core.package_identification:_identify(px4-ros2-interface-lib/examples/cpp/modes) by extensions ['colcon_pkg']
[0.699s] Level 1:colcon.colcon_core.package_identification:_identify(px4-ros2-interface-lib/examples/cpp/modes) by extension 'colcon_pkg'
[0.699s] Level 1:colcon.colcon_core.package_identification:_identify(px4-ros2-interface-lib/examples/cpp/modes) by extensions ['colcon_meta']
[0.699s] Level 1:colcon.colcon_core.package_identification:_identify(px4-ros2-interface-lib/examples/cpp/modes) by extension 'colcon_meta'
[0.699s] Level 1:colcon.colcon_core.package_identification:_identify(px4-ros2-interface-lib/examples/cpp/modes) by extensions ['ros']
[0.699s] Level 1:colcon.colcon_core.package_identification:_identify(px4-ros2-interface-lib/examples/cpp/modes) by extension 'ros'
[0.699s] Level 1:colcon.colcon_core.package_identification:_identify(px4-ros2-interface-lib/examples/cpp/modes) by extensions ['cmake', 'python']
[0.699s] Level 1:colcon.colcon_core.package_identification:_identify(px4-ros2-interface-lib/examples/cpp/modes) by extension 'cmake'
[0.699s] Level 1:colcon.colcon_core.package_identification:_identify(px4-ros2-interface-lib/examples/cpp/modes) by extension 'python'
[0.699s] Level 1:colcon.colcon_core.package_identification:_identify(px4-ros2-interface-lib/examples/cpp/modes) by extensions ['python_setup_py']
[0.699s] Level 1:colcon.colcon_core.package_identification:_identify(px4-ros2-interface-lib/examples/cpp/modes) by extension 'python_setup_py'
[0.700s] Level 1:colcon.colcon_core.package_identification:_identify(px4-ros2-interface-lib/examples/cpp/modes/executor_with_multiple_modes) by extensions ['ignore', 'ignore_ament_install']
[0.700s] Level 1:colcon.colcon_core.package_identification:_identify(px4-ros2-interface-lib/examples/cpp/modes/executor_with_multiple_modes) by extension 'ignore'
[0.700s] Level 1:colcon.colcon_core.package_identification:_identify(px4-ros2-interface-lib/examples/cpp/modes/executor_with_multiple_modes) by extension 'ignore_ament_install'
[0.700s] Level 1:colcon.colcon_core.package_identification:_identify(px4-ros2-interface-lib/examples/cpp/modes/executor_with_multiple_modes) by extensions ['colcon_pkg']
[0.700s] Level 1:colcon.colcon_core.package_identification:_identify(px4-ros2-interface-lib/examples/cpp/modes/executor_with_multiple_modes) by extension 'colcon_pkg'
[0.700s] Level 1:colcon.colcon_core.package_identification:_identify(px4-ros2-interface-lib/examples/cpp/modes/executor_with_multiple_modes) by extensions ['colcon_meta']
[0.700s] Level 1:colcon.colcon_core.package_identification:_identify(px4-ros2-interface-lib/examples/cpp/modes/executor_with_multiple_modes) by extension 'colcon_meta'
[0.700s] Level 1:colcon.colcon_core.package_identification:_identify(px4-ros2-interface-lib/examples/cpp/modes/executor_with_multiple_modes) by extensions ['ros']
[0.701s] Level 1:colcon.colcon_core.package_identification:_identify(px4-ros2-interface-lib/examples/cpp/modes/executor_with_multiple_modes) by extension 'ros'
[0.703s] DEBUG:colcon.colcon_core.package_identification:Package 'px4-ros2-interface-lib/examples/cpp/modes/executor_with_multiple_modes' with type 'ros.ament_cmake' and name 'example_executor_with_multiple_modes_cpp'
[0.704s] Level 1:colcon.colcon_core.package_identification:_identify(px4-ros2-interface-lib/examples/cpp/modes/fw_attitude) by extensions ['ignore', 'ignore_ament_install']
[0.704s] Level 1:colcon.colcon_core.package_identification:_identify(px4-ros2-interface-lib/examples/cpp/modes/fw_attitude) by extension 'ignore'
[0.704s] Level 1:colcon.colcon_core.package_identification:_identify(px4-ros2-interface-lib/examples/cpp/modes/fw_attitude) by extension 'ignore_ament_install'
[0.704s] Level 1:colcon.colcon_core.package_identification:_identify(px4-ros2-interface-lib/examples/cpp/modes/fw_attitude) by extensions ['colcon_pkg']
[0.704s] Level 1:colcon.colcon_core.package_identification:_identify(px4-ros2-interface-lib/examples/cpp/modes/fw_attitude) by extension 'colcon_pkg'
[0.704s] Level 1:colcon.colcon_core.package_identification:_identify(px4-ros2-interface-lib/examples/cpp/modes/fw_attitude) by extensions ['colcon_meta']
[0.704s] Level 1:colcon.colcon_core.package_identification:_identify(px4-ros2-interface-lib/examples/cpp/modes/fw_attitude) by extension 'colcon_meta'
[0.704s] Level 1:colcon.colcon_core.package_identification:_identify(px4-ros2-interface-lib/examples/cpp/modes/fw_attitude) by extensions ['ros']
[0.704s] Level 1:colcon.colcon_core.package_identification:_identify(px4-ros2-interface-lib/examples/cpp/modes/fw_attitude) by extension 'ros'
[0.707s] DEBUG:colcon.colcon_core.package_identification:Package 'px4-ros2-interface-lib/examples/cpp/modes/fw_attitude' with type 'ros.ament_cmake' and name 'example_mode_fw_attitude_cpp'
[0.707s] Level 1:colcon.colcon_core.package_identification:_identify(px4-ros2-interface-lib/examples/cpp/modes/goto) by extensions ['ignore', 'ignore_ament_install']
[0.708s] Level 1:colcon.colcon_core.package_identification:_identify(px4-ros2-interface-lib/examples/cpp/modes/goto) by extension 'ignore'
[0.708s] Level 1:colcon.colcon_core.package_identification:_identify(px4-ros2-interface-lib/examples/cpp/modes/goto) by extension 'ignore_ament_install'
[0.708s] Level 1:colcon.colcon_core.package_identification:_identify(px4-ros2-interface-lib/examples/cpp/modes/goto) by extensions ['colcon_pkg']
[0.708s] Level 1:colcon.colcon_core.package_identification:_identify(px4-ros2-interface-lib/examples/cpp/modes/goto) by extension 'colcon_pkg'
[0.708s] Level 1:colcon.colcon_core.package_identification:_identify(px4-ros2-interface-lib/examples/cpp/modes/goto) by extensions ['colcon_meta']
[0.708s] Level 1:colcon.colcon_core.package_identification:_identify(px4-ros2-interface-lib/examples/cpp/modes/goto) by extension 'colcon_meta'
[0.708s] Level 1:colcon.colcon_core.package_identification:_identify(px4-ros2-interface-lib/examples/cpp/modes/goto) by extensions ['ros']
[0.708s] Level 1:colcon.colcon_core.package_identification:_identify(px4-ros2-interface-lib/examples/cpp/modes/goto) by extension 'ros'
[0.725s] DEBUG:colcon.colcon_core.package_identification:Package 'px4-ros2-interface-lib/examples/cpp/modes/goto' with type 'ros.ament_cmake' and name 'example_mode_goto_cpp'
[0.725s] Level 1:colcon.colcon_core.package_identification:_identify(px4-ros2-interface-lib/examples/cpp/modes/goto_global) by extensions ['ignore', 'ignore_ament_install']
[0.725s] Level 1:colcon.colcon_core.package_identification:_identify(px4-ros2-interface-lib/examples/cpp/modes/goto_global) by extension 'ignore'
[0.725s] Level 1:colcon.colcon_core.package_identification:_identify(px4-ros2-interface-lib/examples/cpp/modes/goto_global) by extension 'ignore_ament_install'
[0.725s] Level 1:colcon.colcon_core.package_identification:_identify(px4-ros2-interface-lib/examples/cpp/modes/goto_global) by extensions ['colcon_pkg']
[0.725s] Level 1:colcon.colcon_core.package_identification:_identify(px4-ros2-interface-lib/examples/cpp/modes/goto_global) by extension 'colcon_pkg'
[0.726s] Level 1:colcon.colcon_core.package_identification:_identify(px4-ros2-interface-lib/examples/cpp/modes/goto_global) by extensions ['colcon_meta']
[0.726s] Level 1:colcon.colcon_core.package_identification:_identify(px4-ros2-interface-lib/examples/cpp/modes/goto_global) by extension 'colcon_meta'
[0.726s] Level 1:colcon.colcon_core.package_identification:_identify(px4-ros2-interface-lib/examples/cpp/modes/goto_global) by extensions ['ros']
[0.726s] Level 1:colcon.colcon_core.package_identification:_identify(px4-ros2-interface-lib/examples/cpp/modes/goto_global) by extension 'ros'
[0.727s] DEBUG:colcon.colcon_core.package_identification:Package 'px4-ros2-interface-lib/examples/cpp/modes/goto_global' with type 'ros.ament_cmake' and name 'example_mode_goto_global_cpp'
[0.727s] Level 1:colcon.colcon_core.package_identification:_identify(px4-ros2-interface-lib/examples/cpp/modes/manual) by extensions ['ignore', 'ignore_ament_install']
[0.727s] Level 1:colcon.colcon_core.package_identification:_identify(px4-ros2-interface-lib/examples/cpp/modes/manual) by extension 'ignore'
[0.727s] Level 1:colcon.colcon_core.package_identification:_identify(px4-ros2-interface-lib/examples/cpp/modes/manual) by extension 'ignore_ament_install'
[0.727s] Level 1:colcon.colcon_core.package_identification:_identify(px4-ros2-interface-lib/examples/cpp/modes/manual) by extensions ['colcon_pkg']
[0.727s] Level 1:colcon.colcon_core.package_identification:_identify(px4-ros2-interface-lib/examples/cpp/modes/manual) by extension 'colcon_pkg'
[0.727s] Level 1:colcon.colcon_core.package_identification:_identify(px4-ros2-interface-lib/examples/cpp/modes/manual) by extensions ['colcon_meta']
[0.727s] Level 1:colcon.colcon_core.package_identification:_identify(px4-ros2-interface-lib/examples/cpp/modes/manual) by extension 'colcon_meta'
[0.727s] Level 1:colcon.colcon_core.package_identification:_identify(px4-ros2-interface-lib/examples/cpp/modes/manual) by extensions ['ros']
[0.727s] Level 1:colcon.colcon_core.package_identification:_identify(px4-ros2-interface-lib/examples/cpp/modes/manual) by extension 'ros'
[0.728s] DEBUG:colcon.colcon_core.package_identification:Package 'px4-ros2-interface-lib/examples/cpp/modes/manual' with type 'ros.ament_cmake' and name 'example_mode_manual_cpp'
[0.728s] Level 1:colcon.colcon_core.package_identification:_identify(px4-ros2-interface-lib/examples/cpp/modes/mission) by extensions ['ignore', 'ignore_ament_install']
[0.728s] Level 1:colcon.colcon_core.package_identification:_identify(px4-ros2-interface-lib/examples/cpp/modes/mission) by extension 'ignore'
[0.728s] Level 1:colcon.colcon_core.package_identification:_identify(px4-ros2-interface-lib/examples/cpp/modes/mission) by extension 'ignore_ament_install'
[0.728s] Level 1:colcon.colcon_core.package_identification:_identify(px4-ros2-interface-lib/examples/cpp/modes/mission) by extensions ['colcon_pkg']
[0.729s] Level 1:colcon.colcon_core.package_identification:_identify(px4-ros2-interface-lib/examples/cpp/modes/mission) by extension 'colcon_pkg'
[0.729s] Level 1:colcon.colcon_core.package_identification:_identify(px4-ros2-interface-lib/examples/cpp/modes/mission) by extensions ['colcon_meta']
[0.729s] Level 1:colcon.colcon_core.package_identification:_identify(px4-ros2-interface-lib/examples/cpp/modes/mission) by extension 'colcon_meta'
[0.729s] Level 1:colcon.colcon_core.package_identification:_identify(px4-ros2-interface-lib/examples/cpp/modes/mission) by extensions ['ros']
[0.729s] Level 1:colcon.colcon_core.package_identification:_identify(px4-ros2-interface-lib/examples/cpp/modes/mission) by extension 'ros'
[0.729s] DEBUG:colcon.colcon_core.package_identification:Package 'px4-ros2-interface-lib/examples/cpp/modes/mission' with type 'ros.ament_cmake' and name 'example_mode_mission_cpp'
[0.729s] Level 1:colcon.colcon_core.package_identification:_identify(px4-ros2-interface-lib/examples/cpp/modes/mode_with_executor) by extensions ['ignore', 'ignore_ament_install']
[0.729s] Level 1:colcon.colcon_core.package_identification:_identify(px4-ros2-interface-lib/examples/cpp/modes/mode_with_executor) by extension 'ignore'
[0.729s] Level 1:colcon.colcon_core.package_identification:_identify(px4-ros2-interface-lib/examples/cpp/modes/mode_with_executor) by extension 'ignore_ament_install'
[0.729s] Level 1:colcon.colcon_core.package_identification:_identify(px4-ros2-interface-lib/examples/cpp/modes/mode_with_executor) by extensions ['colcon_pkg']
[0.730s] Level 1:colcon.colcon_core.package_identification:_identify(px4-ros2-interface-lib/examples/cpp/modes/mode_with_executor) by extension 'colcon_pkg'
[0.730s] Level 1:colcon.colcon_core.package_identification:_identify(px4-ros2-interface-lib/examples/cpp/modes/mode_with_executor) by extensions ['colcon_meta']
[0.730s] Level 1:colcon.colcon_core.package_identification:_identify(px4-ros2-interface-lib/examples/cpp/modes/mode_with_executor) by extension 'colcon_meta'
[0.730s] Level 1:colcon.colcon_core.package_identification:_identify(px4-ros2-interface-lib/examples/cpp/modes/mode_with_executor) by extensions ['ros']
[0.730s] Level 1:colcon.colcon_core.package_identification:_identify(px4-ros2-interface-lib/examples/cpp/modes/mode_with_executor) by extension 'ros'
[0.730s] DEBUG:colcon.colcon_core.package_identification:Package 'px4-ros2-interface-lib/examples/cpp/modes/mode_with_executor' with type 'ros.ament_cmake' and name 'example_mode_with_executor_cpp'
[0.731s] Level 1:colcon.colcon_core.package_identification:_identify(px4-ros2-interface-lib/examples/cpp/modes/rover_velocity) by extensions ['ignore', 'ignore_ament_install']
[0.731s] Level 1:colcon.colcon_core.package_identification:_identify(px4-ros2-interface-lib/examples/cpp/modes/rover_velocity) by extension 'ignore'
[0.731s] Level 1:colcon.colcon_core.package_identification:_identify(px4-ros2-interface-lib/examples/cpp/modes/rover_velocity) by extension 'ignore_ament_install'
[0.731s] Level 1:colcon.colcon_core.package_identification:_identify(px4-ros2-interface-lib/examples/cpp/modes/rover_velocity) by extensions ['colcon_pkg']
[0.731s] Level 1:colcon.colcon_core.package_identification:_identify(px4-ros2-interface-lib/examples/cpp/modes/rover_velocity) by extension 'colcon_pkg'
[0.731s] Level 1:colcon.colcon_core.package_identification:_identify(px4-ros2-interface-lib/examples/cpp/modes/rover_velocity) by extensions ['colcon_meta']
[0.731s] Level 1:colcon.colcon_core.package_identification:_identify(px4-ros2-interface-lib/examples/cpp/modes/rover_velocity) by extension 'colcon_meta'
[0.731s] Level 1:colcon.colcon_core.package_identification:_identify(px4-ros2-interface-lib/examples/cpp/modes/rover_velocity) by extensions ['ros']
[0.731s] Level 1:colcon.colcon_core.package_identification:_identify(px4-ros2-interface-lib/examples/cpp/modes/rover_velocity) by extension 'ros'
[0.732s] DEBUG:colcon.colcon_core.package_identification:Package 'px4-ros2-interface-lib/examples/cpp/modes/rover_velocity' with type 'ros.ament_cmake' and name 'example_rover_velocity_mode_cpp'
[0.733s] Level 1:colcon.colcon_core.package_identification:_identify(px4-ros2-interface-lib/examples/cpp/modes/rtl_replacement) by extensions ['ignore', 'ignore_ament_install']
[0.733s] Level 1:colcon.colcon_core.package_identification:_identify(px4-ros2-interface-lib/examples/cpp/modes/rtl_replacement) by extension 'ignore'
[0.733s] Level 1:colcon.colcon_core.package_identification:_identify(px4-ros2-interface-lib/examples/cpp/modes/rtl_replacement) by extension 'ignore_ament_install'
[0.733s] Level 1:colcon.colcon_core.package_identification:_identify(px4-ros2-interface-lib/examples/cpp/modes/rtl_replacement) by extensions ['colcon_pkg']
[0.733s] Level 1:colcon.colcon_core.package_identification:_identify(px4-ros2-interface-lib/examples/cpp/modes/rtl_replacement) by extension 'colcon_pkg'
[0.733s] Level 1:colcon.colcon_core.package_identification:_identify(px4-ros2-interface-lib/examples/cpp/modes/rtl_replacement) by extensions ['colcon_meta']
[0.733s] Level 1:colcon.colcon_core.package_identification:_identify(px4-ros2-interface-lib/examples/cpp/modes/rtl_replacement) by extension 'colcon_meta'
[0.733s] Level 1:colcon.colcon_core.package_identification:_identify(px4-ros2-interface-lib/examples/cpp/modes/rtl_replacement) by extensions ['ros']
[0.733s] Level 1:colcon.colcon_core.package_identification:_identify(px4-ros2-interface-lib/examples/cpp/modes/rtl_replacement) by extension 'ros'
[0.735s] DEBUG:colcon.colcon_core.package_identification:Package 'px4-ros2-interface-lib/examples/cpp/modes/rtl_replacement' with type 'ros.ament_cmake' and name 'example_mode_rtl_replacement_cpp'
[0.735s] Level 1:colcon.colcon_core.package_identification:_identify(px4-ros2-interface-lib/examples/cpp/modes/vtol) by extensions ['ignore', 'ignore_ament_install']
[0.735s] Level 1:colcon.colcon_core.package_identification:_identify(px4-ros2-interface-lib/examples/cpp/modes/vtol) by extension 'ignore'
[0.736s] Level 1:colcon.colcon_core.package_identification:_identify(px4-ros2-interface-lib/examples/cpp/modes/vtol) by extension 'ignore_ament_install'
[0.736s] Level 1:colcon.colcon_core.package_identification:_identify(px4-ros2-interface-lib/examples/cpp/modes/vtol) by extensions ['colcon_pkg']
[0.736s] Level 1:colcon.colcon_core.package_identification:_identify(px4-ros2-interface-lib/examples/cpp/modes/vtol) by extension 'colcon_pkg'
[0.736s] Level 1:colcon.colcon_core.package_identification:_identify(px4-ros2-interface-lib/examples/cpp/modes/vtol) by extensions ['colcon_meta']
[0.737s] Level 1:colcon.colcon_core.package_identification:_identify(px4-ros2-interface-lib/examples/cpp/modes/vtol) by extension 'colcon_meta'
[0.737s] Level 1:colcon.colcon_core.package_identification:_identify(px4-ros2-interface-lib/examples/cpp/modes/vtol) by extensions ['ros']
[0.737s] Level 1:colcon.colcon_core.package_identification:_identify(px4-ros2-interface-lib/examples/cpp/modes/vtol) by extension 'ros'
[0.739s] DEBUG:colcon.colcon_core.package_identification:Package 'px4-ros2-interface-lib/examples/cpp/modes/vtol' with type 'ros.ament_cmake' and name 'example_mode_vtol_cpp'
[0.740s] Level 1:colcon.colcon_core.package_identification:_identify(px4-ros2-interface-lib/examples/cpp/navigation) by extensions ['ignore', 'ignore_ament_install']
[0.740s] Level 1:colcon.colcon_core.package_identification:_identify(px4-ros2-interface-lib/examples/cpp/navigation) by extension 'ignore'
[0.740s] Level 1:colcon.colcon_core.package_identification:_identify(px4-ros2-interface-lib/examples/cpp/navigation) by extension 'ignore_ament_install'
[0.740s] Level 1:colcon.colcon_core.package_identification:_identify(px4-ros2-interface-lib/examples/cpp/navigation) by extensions ['colcon_pkg']
[0.740s] Level 1:colcon.colcon_core.package_identification:_identify(px4-ros2-interface-lib/examples/cpp/navigation) by extension 'colcon_pkg'
[0.740s] Level 1:colcon.colcon_core.package_identification:_identify(px4-ros2-interface-lib/examples/cpp/navigation) by extensions ['colcon_meta']
[0.740s] Level 1:colcon.colcon_core.package_identification:_identify(px4-ros2-interface-lib/examples/cpp/navigation) by extension 'colcon_meta'
[0.741s] Level 1:colcon.colcon_core.package_identification:_identify(px4-ros2-interface-lib/examples/cpp/navigation) by extensions ['ros']
[0.741s] Level 1:colcon.colcon_core.package_identification:_identify(px4-ros2-interface-lib/examples/cpp/navigation) by extension 'ros'
[0.741s] Level 1:colcon.colcon_core.package_identification:_identify(px4-ros2-interface-lib/examples/cpp/navigation) by extensions ['cmake', 'python']
[0.741s] Level 1:colcon.colcon_core.package_identification:_identify(px4-ros2-interface-lib/examples/cpp/navigation) by extension 'cmake'
[0.741s] Level 1:colcon.colcon_core.package_identification:_identify(px4-ros2-interface-lib/examples/cpp/navigation) by extension 'python'
[0.741s] Level 1:colcon.colcon_core.package_identification:_identify(px4-ros2-interface-lib/examples/cpp/navigation) by extensions ['python_setup_py']
[0.741s] Level 1:colcon.colcon_core.package_identification:_identify(px4-ros2-interface-lib/examples/cpp/navigation) by extension 'python_setup_py'
[0.742s] Level 1:colcon.colcon_core.package_identification:_identify(px4-ros2-interface-lib/examples/cpp/navigation/global_navigation) by extensions ['ignore', 'ignore_ament_install']
[0.742s] Level 1:colcon.colcon_core.package_identification:_identify(px4-ros2-interface-lib/examples/cpp/navigation/global_navigation) by extension 'ignore'
[0.742s] Level 1:colcon.colcon_core.package_identification:_identify(px4-ros2-interface-lib/examples/cpp/navigation/global_navigation) by extension 'ignore_ament_install'
[0.742s] Level 1:colcon.colcon_core.package_identification:_identify(px4-ros2-interface-lib/examples/cpp/navigation/global_navigation) by extensions ['colcon_pkg']
[0.742s] Level 1:colcon.colcon_core.package_identification:_identify(px4-ros2-interface-lib/examples/cpp/navigation/global_navigation) by extension 'colcon_pkg'
[0.742s] Level 1:colcon.colcon_core.package_identification:_identify(px4-ros2-interface-lib/examples/cpp/navigation/global_navigation) by extensions ['colcon_meta']
[0.742s] Level 1:colcon.colcon_core.package_identification:_identify(px4-ros2-interface-lib/examples/cpp/navigation/global_navigation) by extension 'colcon_meta'
[0.743s] Level 1:colcon.colcon_core.package_identification:_identify(px4-ros2-interface-lib/examples/cpp/navigation/global_navigation) by extensions ['ros']
[0.743s] Level 1:colcon.colcon_core.package_identification:_identify(px4-ros2-interface-lib/examples/cpp/navigation/global_navigation) by extension 'ros'
[0.745s] DEBUG:colcon.colcon_core.package_identification:Package 'px4-ros2-interface-lib/examples/cpp/navigation/global_navigation' with type 'ros.ament_cmake' and name 'example_global_navigation_cpp'
[0.745s] Level 1:colcon.colcon_core.package_identification:_identify(px4-ros2-interface-lib/examples/cpp/navigation/local_navigation) by extensions ['ignore', 'ignore_ament_install']
[0.746s] Level 1:colcon.colcon_core.package_identification:_identify(px4-ros2-interface-lib/examples/cpp/navigation/local_navigation) by extension 'ignore'
[0.746s] Level 1:colcon.colcon_core.package_identification:_identify(px4-ros2-interface-lib/examples/cpp/navigation/local_navigation) by extension 'ignore_ament_install'
[0.746s] Level 1:colcon.colcon_core.package_identification:_identify(px4-ros2-interface-lib/examples/cpp/navigation/local_navigation) by extensions ['colcon_pkg']
[0.746s] Level 1:colcon.colcon_core.package_identification:_identify(px4-ros2-interface-lib/examples/cpp/navigation/local_navigation) by extension 'colcon_pkg'
[0.746s] Level 1:colcon.colcon_core.package_identification:_identify(px4-ros2-interface-lib/examples/cpp/navigation/local_navigation) by extensions ['colcon_meta']
[0.746s] Level 1:colcon.colcon_core.package_identification:_identify(px4-ros2-interface-lib/examples/cpp/navigation/local_navigation) by extension 'colcon_meta'
[0.746s] Level 1:colcon.colcon_core.package_identification:_identify(px4-ros2-interface-lib/examples/cpp/navigation/local_navigation) by extensions ['ros']
[0.746s] Level 1:colcon.colcon_core.package_identification:_identify(px4-ros2-interface-lib/examples/cpp/navigation/local_navigation) by extension 'ros'
[0.747s] DEBUG:colcon.colcon_core.package_identification:Package 'px4-ros2-interface-lib/examples/cpp/navigation/local_navigation' with type 'ros.ament_cmake' and name 'example_local_navigation_cpp'
[0.748s] Level 1:colcon.colcon_core.package_identification:_identify(px4-ros2-interface-lib/install) by extensions ['ignore', 'ignore_ament_install']
[0.748s] Level 1:colcon.colcon_core.package_identification:_identify(px4-ros2-interface-lib/install) by extension 'ignore'
[0.748s] Level 1:colcon.colcon_core.package_identification:_identify(px4-ros2-interface-lib/install) ignored
[0.748s] Level 1:colcon.colcon_core.package_identification:_identify(px4-ros2-interface-lib/log) by extensions ['ignore', 'ignore_ament_install']
[0.748s] Level 1:colcon.colcon_core.package_identification:_identify(px4-ros2-interface-lib/log) by extension 'ignore'
[0.748s] Level 1:colcon.colcon_core.package_identification:_identify(px4-ros2-interface-lib/log) ignored
[0.749s] Level 1:colcon.colcon_core.package_identification:_identify(px4-ros2-interface-lib/mission) by extensions ['ignore', 'ignore_ament_install']
[0.749s] Level 1:colcon.colcon_core.package_identification:_identify(px4-ros2-interface-lib/mission) by extension 'ignore'
[0.749s] Level 1:colcon.colcon_core.package_identification:_identify(px4-ros2-interface-lib/mission) by extension 'ignore_ament_install'
[0.749s] Level 1:colcon.colcon_core.package_identification:_identify(px4-ros2-interface-lib/mission) by extensions ['colcon_pkg']
[0.749s] Level 1:colcon.colcon_core.package_identification:_identify(px4-ros2-interface-lib/mission) by extension 'colcon_pkg'
[0.749s] Level 1:colcon.colcon_core.package_identification:_identify(px4-ros2-interface-lib/mission) by extensions ['colcon_meta']
[0.749s] Level 1:colcon.colcon_core.package_identification:_identify(px4-ros2-interface-lib/mission) by extension 'colcon_meta'
[0.749s] Level 1:colcon.colcon_core.package_identification:_identify(px4-ros2-interface-lib/mission) by extensions ['ros']
[0.749s] Level 1:colcon.colcon_core.package_identification:_identify(px4-ros2-interface-lib/mission) by extension 'ros'
[0.749s] Level 1:colcon.colcon_core.package_identification:_identify(px4-ros2-interface-lib/mission) by extensions ['cmake', 'python']
[0.749s] Level 1:colcon.colcon_core.package_identification:_identify(px4-ros2-interface-lib/mission) by extension 'cmake'
[0.749s] Level 1:colcon.colcon_core.package_identification:_identify(px4-ros2-interface-lib/mission) by extension 'python'
[0.749s] Level 1:colcon.colcon_core.package_identification:_identify(px4-ros2-interface-lib/mission) by extensions ['python_setup_py']
[0.749s] Level 1:colcon.colcon_core.package_identification:_identify(px4-ros2-interface-lib/mission) by extension 'python_setup_py'
[0.750s] Level 1:colcon.colcon_core.package_identification:_identify(px4-ros2-interface-lib/mission/examples) by extensions ['ignore', 'ignore_ament_install']
[0.750s] Level 1:colcon.colcon_core.package_identification:_identify(px4-ros2-interface-lib/mission/examples) by extension 'ignore'
[0.750s] Level 1:colcon.colcon_core.package_identification:_identify(px4-ros2-interface-lib/mission/examples) by extension 'ignore_ament_install'
[0.750s] Level 1:colcon.colcon_core.package_identification:_identify(px4-ros2-interface-lib/mission/examples) by extensions ['colcon_pkg']
[0.750s] Level 1:colcon.colcon_core.package_identification:_identify(px4-ros2-interface-lib/mission/examples) by extension 'colcon_pkg'
[0.750s] Level 1:colcon.colcon_core.package_identification:_identify(px4-ros2-interface-lib/mission/examples) by extensions ['colcon_meta']
[0.750s] Level 1:colcon.colcon_core.package_identification:_identify(px4-ros2-interface-lib/mission/examples) by extension 'colcon_meta'
[0.751s] Level 1:colcon.colcon_core.package_identification:_identify(px4-ros2-interface-lib/mission/examples) by extensions ['ros']
[0.751s] Level 1:colcon.colcon_core.package_identification:_identify(px4-ros2-interface-lib/mission/examples) by extension 'ros'
[0.751s] Level 1:colcon.colcon_core.package_identification:_identify(px4-ros2-interface-lib/mission/examples) by extensions ['cmake', 'python']
[0.751s] Level 1:colcon.colcon_core.package_identification:_identify(px4-ros2-interface-lib/mission/examples) by extension 'cmake'
[0.751s] Level 1:colcon.colcon_core.package_identification:_identify(px4-ros2-interface-lib/mission/examples) by extension 'python'
[0.751s] Level 1:colcon.colcon_core.package_identification:_identify(px4-ros2-interface-lib/mission/examples) by extensions ['python_setup_py']
[0.751s] Level 1:colcon.colcon_core.package_identification:_identify(px4-ros2-interface-lib/mission/examples) by extension 'python_setup_py'
[0.751s] Level 1:colcon.colcon_core.package_identification:_identify(px4-ros2-interface-lib/px4_ros2_cpp) by extensions ['ignore', 'ignore_ament_install']
[0.751s] Level 1:colcon.colcon_core.package_identification:_identify(px4-ros2-interface-lib/px4_ros2_cpp) by extension 'ignore'
[0.751s] Level 1:colcon.colcon_core.package_identification:_identify(px4-ros2-interface-lib/px4_ros2_cpp) by extension 'ignore_ament_install'
[0.751s] Level 1:colcon.colcon_core.package_identification:_identify(px4-ros2-interface-lib/px4_ros2_cpp) by extensions ['colcon_pkg']
[0.751s] Level 1:colcon.colcon_core.package_identification:_identify(px4-ros2-interface-lib/px4_ros2_cpp) by extension 'colcon_pkg'
[0.751s] Level 1:colcon.colcon_core.package_identification:_identify(px4-ros2-interface-lib/px4_ros2_cpp) by extensions ['colcon_meta']
[0.752s] Level 1:colcon.colcon_core.package_identification:_identify(px4-ros2-interface-lib/px4_ros2_cpp) by extension 'colcon_meta'
[0.752s] Level 1:colcon.colcon_core.package_identification:_identify(px4-ros2-interface-lib/px4_ros2_cpp) by extensions ['ros']
[0.752s] Level 1:colcon.colcon_core.package_identification:_identify(px4-ros2-interface-lib/px4_ros2_cpp) by extension 'ros'
[0.753s] DEBUG:colcon.colcon_core.package_identification:Package 'px4-ros2-interface-lib/px4_ros2_cpp' with type 'ros.ament_cmake' and name 'px4_ros2_cpp'
[0.753s] Level 1:colcon.colcon_core.package_identification:_identify(px4-ros2-interface-lib/scripts) by extensions ['ignore', 'ignore_ament_install']
[0.753s] Level 1:colcon.colcon_core.package_identification:_identify(px4-ros2-interface-lib/scripts) by extension 'ignore'
[0.753s] Level 1:colcon.colcon_core.package_identification:_identify(px4-ros2-interface-lib/scripts) by extension 'ignore_ament_install'
[0.753s] Level 1:colcon.colcon_core.package_identification:_identify(px4-ros2-interface-lib/scripts) by extensions ['colcon_pkg']
[0.753s] Level 1:colcon.colcon_core.package_identification:_identify(px4-ros2-interface-lib/scripts) by extension 'colcon_pkg'
[0.753s] Level 1:colcon.colcon_core.package_identification:_identify(px4-ros2-interface-lib/scripts) by extensions ['colcon_meta']
[0.753s] Level 1:colcon.colcon_core.package_identification:_identify(px4-ros2-interface-lib/scripts) by extension 'colcon_meta'
[0.754s] Level 1:colcon.colcon_core.package_identification:_identify(px4-ros2-interface-lib/scripts) by extensions ['ros']
[0.754s] Level 1:colcon.colcon_core.package_identification:_identify(px4-ros2-interface-lib/scripts) by extension 'ros'
[0.754s] Level 1:colcon.colcon_core.package_identification:_identify(px4-ros2-interface-lib/scripts) by extensions ['cmake', 'python']
[0.754s] Level 1:colcon.colcon_core.package_identification:_identify(px4-ros2-interface-lib/scripts) by extension 'cmake'
[0.754s] Level 1:colcon.colcon_core.package_identification:_identify(px4-ros2-interface-lib/scripts) by extension 'python'
[0.754s] Level 1:colcon.colcon_core.package_identification:_identify(px4-ros2-interface-lib/scripts) by extensions ['python_setup_py']
[0.754s] Level 1:colcon.colcon_core.package_identification:_identify(px4-ros2-interface-lib/scripts) by extension 'python_setup_py'
[0.754s] Level 1:colcon.colcon_core.package_identification:_identify(px4_example_node) by extensions ['ignore', 'ignore_ament_install']
[0.754s] Level 1:colcon.colcon_core.package_identification:_identify(px4_example_node) by extension 'ignore'
[0.754s] Level 1:colcon.colcon_core.package_identification:_identify(px4_example_node) by extension 'ignore_ament_install'
[0.754s] Level 1:colcon.colcon_core.package_identification:_identify(px4_example_node) by extensions ['colcon_pkg']
[0.754s] Level 1:colcon.colcon_core.package_identification:_identify(px4_example_node) by extension 'colcon_pkg'
[0.754s] Level 1:colcon.colcon_core.package_identification:_identify(px4_example_node) by extensions ['colcon_meta']
[0.754s] Level 1:colcon.colcon_core.package_identification:_identify(px4_example_node) by extension 'colcon_meta'
[0.754s] Level 1:colcon.colcon_core.package_identification:_identify(px4_example_node) by extensions ['ros']
[0.754s] Level 1:colcon.colcon_core.package_identification:_identify(px4_example_node) by extension 'ros'
[0.755s] DEBUG:colcon.colcon_core.package_identification:Package 'px4_example_node' with type 'ros.ament_cmake' and name 'px4_example_node'
[0.755s] Level 1:colcon.colcon_core.package_identification:_identify(px4_msgs) by extensions ['ignore', 'ignore_ament_install']
[0.756s] Level 1:colcon.colcon_core.package_identification:_identify(px4_msgs) by extension 'ignore'
[0.756s] Level 1:colcon.colcon_core.package_identification:_identify(px4_msgs) by extension 'ignore_ament_install'
[0.756s] Level 1:colcon.colcon_core.package_identification:_identify(px4_msgs) by extensions ['colcon_pkg']
[0.756s] Level 1:colcon.colcon_core.package_identification:_identify(px4_msgs) by extension 'colcon_pkg'
[0.756s] Level 1:colcon.colcon_core.package_identification:_identify(px4_msgs) by extensions ['colcon_meta']
[0.756s] Level 1:colcon.colcon_core.package_identification:_identify(px4_msgs) by extension 'colcon_meta'
[0.756s] Level 1:colcon.colcon_core.package_identification:_identify(px4_msgs) by extensions ['ros']
[0.756s] Level 1:colcon.colcon_core.package_identification:_identify(px4_msgs) by extension 'ros'
[0.756s] DEBUG:colcon.colcon_core.package_identification:Package 'px4_msgs' with type 'ros.ament_cmake' and name 'px4_msgs'
[0.757s] Level 1:colcon.colcon_core.package_identification:_identify(px4_ros_com) by extensions ['ignore', 'ignore_ament_install']
[0.757s] Level 1:colcon.colcon_core.package_identification:_identify(px4_ros_com) by extension 'ignore'
[0.757s] Level 1:colcon.colcon_core.package_identification:_identify(px4_ros_com) by extension 'ignore_ament_install'
[0.757s] Level 1:colcon.colcon_core.package_identification:_identify(px4_ros_com) by extensions ['colcon_pkg']
[0.757s] Level 1:colcon.colcon_core.package_identification:_identify(px4_ros_com) by extension 'colcon_pkg'
[0.757s] Level 1:colcon.colcon_core.package_identification:_identify(px4_ros_com) by extensions ['colcon_meta']
[0.757s] Level 1:colcon.colcon_core.package_identification:_identify(px4_ros_com) by extension 'colcon_meta'
[0.757s] Level 1:colcon.colcon_core.package_identification:_identify(px4_ros_com) by extensions ['ros']
[0.757s] Level 1:colcon.colcon_core.package_identification:_identify(px4_ros_com) by extension 'ros'
[0.759s] DEBUG:colcon.colcon_core.package_identification:Package 'px4_ros_com' with type 'ros.ament_cmake' and name 'px4_ros_com'
[0.759s] Level 1:colcon.colcon_core.package_identification:_identify(sim_topic_bridge) by extensions ['ignore', 'ignore_ament_install']
[0.759s] Level 1:colcon.colcon_core.package_identification:_identify(sim_topic_bridge) by extension 'ignore'
[0.759s] Level 1:colcon.colcon_core.package_identification:_identify(sim_topic_bridge) by extension 'ignore_ament_install'
[0.759s] Level 1:colcon.colcon_core.package_identification:_identify(sim_topic_bridge) by extensions ['colcon_pkg']
[0.759s] Level 1:colcon.colcon_core.package_identification:_identify(sim_topic_bridge) by extension 'colcon_pkg'
[0.759s] Level 1:colcon.colcon_core.package_identification:_identify(sim_topic_bridge) by extensions ['colcon_meta']
[0.759s] Level 1:colcon.colcon_core.package_identification:_identify(sim_topic_bridge) by extension 'colcon_meta'
[0.759s] Level 1:colcon.colcon_core.package_identification:_identify(sim_topic_bridge) by extensions ['ros']
[0.759s] Level 1:colcon.colcon_core.package_identification:_identify(sim_topic_bridge) by extension 'ros'
[0.760s] DEBUG:colcon.colcon_core.package_identification:Package 'sim_topic_bridge' with type 'ros.ament_cmake' and name 'sim_topic_bridge'
[0.760s] Level 1:colcon.colcon_core.package_discovery:discover_packages(recursive) using defaults
[0.760s] Level 1:colcon.colcon_core.package_discovery:discover_packages(ignore) discover
[0.760s] Level 1:colcon.colcon_core.package_discovery:discover_packages(ignore) using defaults
[0.760s] Level 1:colcon.colcon_core.package_discovery:discover_packages(path) discover
[0.760s] Level 1:colcon.colcon_core.package_discovery:discover_packages(path) using defaults
[0.760s] WARNING:colcon.colcon_core.package_selection:ignoring unknown package 'sim_topic_bridge/' in --packages-select
[0.798s] INFO:colcon.colcon_core.package_selection:Skipping not selected package 'px4_msgs' in 'px4_msgs'
[0.798s] INFO:colcon.colcon_core.package_selection:Skipping not selected package 'sim_topic_bridge' in 'sim_topic_bridge'
[0.798s] INFO:colcon.colcon_core.package_selection:Skipping not selected package 'px4_offboard' in 'px4-offboard'
[0.798s] INFO:colcon.colcon_core.package_selection:Skipping not selected package 'px4_ros2_cpp' in 'px4-ros2-interface-lib/px4_ros2_cpp'
[0.798s] INFO:colcon.colcon_core.package_selection:Skipping not selected package 'px4_ros_com' in 'px4_ros_com'
[0.798s] INFO:colcon.colcon_core.package_selection:Skipping not selected package 'example_executor_with_multiple_modes_cpp' in 'px4-ros2-interface-lib/examples/cpp/modes/executor_with_multiple_modes'
[0.798s] INFO:colcon.colcon_core.package_selection:Skipping not selected package 'example_global_navigation_cpp' in 'px4-ros2-interface-lib/examples/cpp/navigation/global_navigation'
[0.798s] INFO:colcon.colcon_core.package_selection:Skipping not selected package 'example_local_navigation_cpp' in 'px4-ros2-interface-lib/examples/cpp/navigation/local_navigation'
[0.798s] INFO:colcon.colcon_core.package_selection:Skipping not selected package 'example_mode_fw_attitude_cpp' in 'px4-ros2-interface-lib/examples/cpp/modes/fw_attitude'
[0.798s] INFO:colcon.colcon_core.package_selection:Skipping not selected package 'example_mode_goto_cpp' in 'px4-ros2-interface-lib/examples/cpp/modes/goto'
[0.799s] INFO:colcon.colcon_core.package_selection:Skipping not selected package 'example_mode_goto_global_cpp' in 'px4-ros2-interface-lib/examples/cpp/modes/goto_global'
[0.799s] INFO:colcon.colcon_core.package_selection:Skipping not selected package 'example_mode_manual_cpp' in 'px4-ros2-interface-lib/examples/cpp/modes/manual'
[0.799s] INFO:colcon.colcon_core.package_selection:Skipping not selected package 'example_mode_mission_cpp' in 'px4-ros2-interface-lib/examples/cpp/modes/mission'
[0.799s] INFO:colcon.colcon_core.package_selection:Skipping not selected package 'example_mode_rtl_replacement_cpp' in 'px4-ros2-interface-lib/examples/cpp/modes/rtl_replacement'
[0.799s] INFO:colcon.colcon_core.package_selection:Skipping not selected package 'example_mode_vtol_cpp' in 'px4-ros2-interface-lib/examples/cpp/modes/vtol'
[0.799s] INFO:colcon.colcon_core.package_selection:Skipping not selected package 'example_mode_with_executor_cpp' in 'px4-ros2-interface-lib/examples/cpp/modes/mode_with_executor'
[0.799s] INFO:colcon.colcon_core.package_selection:Skipping not selected package 'example_rover_velocity_mode_cpp' in 'px4-ros2-interface-lib/examples/cpp/modes/rover_velocity'
[0.799s] INFO:colcon.colcon_core.package_selection:Skipping not selected package 'px4_example_node' in 'px4_example_node'
[0.800s] Level 1:colcon.colcon_core.package_discovery:discover_packages(prefix_path) check parameters
[0.800s] Level 1:colcon.colcon_core.package_discovery:discover_packages(prefix_path) discover
[0.815s] DEBUG:colcon.colcon_installed_package_information.package_discovery:Found 16 installed packages in /home/batoddy/uav_ws/install
[0.816s] DEBUG:colcon.colcon_installed_package_information.package_discovery:Found 1 installed packages in /home/batoddy/orn_ws/install
[0.817s] DEBUG:colcon.colcon_installed_package_information.package_discovery:Found 14 installed packages in /home/batoddy/install
[0.821s] DEBUG:colcon.colcon_installed_package_information.package_discovery:Found 369 installed packages in /opt/ros/humble
[0.825s] Level 1:colcon.colcon_core.package_discovery:discover_packages(prefix_path) using defaults
[0.906s] INFO:colcon.colcon_core.executor:Executing jobs using 'parallel' executor
[0.908s] DEBUG:colcon.colcon_parallel_executor.executor.parallel:run_until_complete
[0.909s] DEBUG:colcon.colcon_parallel_executor.executor.parallel:closing loop
[0.911s] DEBUG:colcon.colcon_parallel_executor.executor.parallel:loop closed
[0.911s] DEBUG:colcon.colcon_parallel_executor.executor.parallel:run_until_complete finished with '0'
[0.911s] DEBUG:colcon.colcon_core.event_reactor:joining thread
[0.920s] INFO:colcon.colcon_core.plugin_system:Skipping extension 'colcon_notification.desktop_notification.terminal_notifier': Not used on non-Darwin systems
[0.921s] INFO:colcon.colcon_core.plugin_system:Skipping extension 'colcon_notification.desktop_notification.win32': Not used on non-Windows systems
[0.921s] INFO:colcon.colcon_notification.desktop_notification:Sending desktop notification using 'notify2'
[0.952s] DEBUG:colcon.colcon_core.event_reactor:joined thread
[0.959s] INFO:colcon.colcon_core.plugin_system:Skipping extension 'colcon_core.shell.bat': Not used on non-Windows systems
[0.959s] INFO:colcon.colcon_core.shell:Creating prefix script '/home/batoddy/uav_ws/src/install/local_setup.ps1'
[0.961s] INFO:colcon.colcon_core.shell:Creating prefix util module '/home/batoddy/uav_ws/src/install/_local_setup_util_ps1.py'
[0.962s] INFO:colcon.colcon_core.shell:Creating prefix chain script '/home/batoddy/uav_ws/src/install/setup.ps1'
[0.965s] INFO:colcon.colcon_core.shell:Creating prefix script '/home/batoddy/uav_ws/src/install/local_setup.sh'
[0.966s] INFO:colcon.colcon_core.shell:Creating prefix util module '/home/batoddy/uav_ws/src/install/_local_setup_util_sh.py'
[0.966s] INFO:colcon.colcon_core.shell:Creating prefix chain script '/home/batoddy/uav_ws/src/install/setup.sh'
[0.970s] INFO:colcon.colcon_core.shell:Creating prefix script '/home/batoddy/uav_ws/src/install/local_setup.bash'
[0.972s] INFO:colcon.colcon_core.shell:Creating prefix chain script '/home/batoddy/uav_ws/src/install/setup.bash'
[0.975s] INFO:colcon.colcon_core.shell:Creating prefix script '/home/batoddy/uav_ws/src/install/local_setup.zsh'
[0.977s] INFO:colcon.colcon_core.shell:Creating prefix chain script '/home/batoddy/uav_ws/src/install/setup.zsh'
