[0.049s] Invoking command in '/home/batoddy/uav_ws/build/cmd_vel_to_px4': CMAKE_PREFIX_PATH=/home/batoddy/uav_ws/install/px4_msgs:/home/batoddy/uav_ws/install/uav_navigation:/home/batoddy/uav_ws/install/sim_topic_bridge:/home/batoddy/uav_ws/install/px4_ros_com:/home/batoddy/uav_ws/install/example_rover_velocity_mode_cpp:/home/batoddy/uav_ws/install/example_mode_with_executor_cpp:/home/batoddy/uav_ws/install/example_mode_vtol_cpp:/home/batoddy/uav_ws/install/example_mode_rtl_replacement_cpp:/home/batoddy/uav_ws/install/example_mode_mission_cpp:/home/batoddy/uav_ws/install/example_mode_manual_cpp:/home/batoddy/uav_ws/install/example_mode_goto_global_cpp:/home/batoddy/uav_ws/install/example_mode_goto_cpp:/home/batoddy/uav_ws/install/example_mode_fw_attitude_cpp:/home/batoddy/uav_ws/install/example_local_navigation_cpp:/home/batoddy/uav_ws/install/example_global_navigation_cpp:/home/batoddy/uav_ws/install/example_executor_with_multiple_modes_cpp:/home/batoddy/uav_ws/install/px4_ros2_cpp:/home/batoddy/uav_ws/install/cmd_vel_to_px4:/home/batoddy/install/urdfdom_headers:/home/batoddy/install/gmock_vendor:/home/batoddy/install/gtest_vendor:/home/batoddy/install/ament_cmake_python:/home/batoddy/install/ament_cmake_libraries:/home/batoddy/install/ament_cmake_core:/home/batoddy/uav_ws/install/px4_offboard:/home/batoddy/install/osrf_pycommon:/home/batoddy/install/ament_pyflakes:/home/batoddy/install/ament_pycodestyle:/home/batoddy/install/ament_pep257:/home/batoddy/install/ament_package:/home/batoddy/install/ament_flake8:/home/batoddy/install/ament_lint:/home/batoddy/install/ament_cppcheck:/home/batoddy/orn_ws/install/navslam:/opt/ros/humble LD_LIBRARY_PATH=/home/batoddy/uav_ws/install/px4_msgs/lib:/home/batoddy/uav_ws/install/px4_ros_com/lib:/home/batoddy/uav_ws/install/px4_ros2_cpp/lib:/opt/ros/humble/opt/rviz_ogre_vendor/lib:/opt/ros/humble/lib/x86_64-linux-gnu:/opt/ros/humble/lib /usr/bin/cmake /home/batoddy/uav_ws/src/cmd_vel_to_px4 -DCMAKE_INSTALL_PREFIX=/home/batoddy/uav_ws/install/cmd_vel_to_px4
[0.594s] -- The C compiler identification is GNU 11.4.0
[0.595s] -- The CXX compiler identification is GNU 11.4.0
[0.595s] -- Detecting C compiler ABI info
[0.595s] -- Detecting C compiler ABI info - done
[0.595s] -- Check for working C compiler: /usr/bin/cc - skipped
[0.595s] -- Detecting C compile features
[0.595s] -- Detecting C compile features - done
[0.595s] -- Detecting CXX compiler ABI info
[0.595s] -- Detecting CXX compiler ABI info - done
[0.595s] -- Check for working CXX compiler: /usr/bin/c++ - skipped
[0.596s] -- Detecting CXX compile features
[0.596s] -- Detecting CXX compile features - done
[0.596s] -- Found ament_cmake: 1.3.12 (/opt/ros/humble/share/ament_cmake/cmake)
[1.068s] -- Found Python3: /usr/bin/python3 (found version "3.10.12") found components: Interpreter 
[1.400s] -- Found rclcpp: 16.0.15 (/opt/ros/humble/share/rclcpp/cmake)
[1.638s] -- Found rosidl_generator_c: 3.1.7 (/opt/ros/humble/share/rosidl_generator_c/cmake)
[1.666s] -- Found rosidl_adapter: 3.1.7 (/opt/ros/humble/share/rosidl_adapter/cmake)
[1.688s] -- Found rosidl_generator_cpp: 3.1.7 (/opt/ros/humble/share/rosidl_generator_cpp/cmake)
[1.730s] -- Using all available rosidl_typesupport_c: rosidl_typesupport_fastrtps_c;rosidl_typesupport_introspection_c
[1.780s] -- Using all available rosidl_typesupport_cpp: rosidl_typesupport_fastrtps_cpp;rosidl_typesupport_introspection_cpp
[2.022s] -- Found rmw_implementation_cmake: 6.1.2 (/opt/ros/humble/share/rmw_implementation_cmake/cmake)
[2.050s] -- Found rmw_fastrtps_cpp: 6.2.9 (/opt/ros/humble/share/rmw_fastrtps_cpp/cmake)
[2.462s] -- Found OpenSSL: /usr/lib/x86_64-linux-gnu/libcrypto.so (found version "3.0.2")  
[2.656s] -- Found FastRTPS: /opt/ros/humble/include  
[2.881s] -- Using RMW implementation 'rmw_fastrtps_cpp' as default
[2.934s] -- Looking for pthread.h
[3.197s] -- Looking for pthread.h - found
[3.197s] -- Performing Test CMAKE_HAVE_LIBC_PTHREAD
[3.494s] -- Performing Test CMAKE_HAVE_LIBC_PTHREAD - Success
[3.495s] -- Found Threads: TRUE  
[3.727s] -- Found rclpy: 3.3.17 (/opt/ros/humble/share/rclpy/cmake)
[3.731s] -- Found geometry_msgs: 4.9.0 (/opt/ros/humble/share/geometry_msgs/cmake)
[3.809s] -- Found sensor_msgs: 4.9.0 (/opt/ros/humble/share/sensor_msgs/cmake)
[3.902s] -- Found nav_msgs: 4.9.0 (/opt/ros/humble/share/nav_msgs/cmake)
[3.979s] -- Found px4_msgs: 2.0.1 (/home/batoddy/uav_ws/install/px4_msgs/share/px4_msgs/cmake)
[4.030s] -- Found tf2_ros: 0.25.16 (/opt/ros/humble/share/tf2_ros/cmake)
[4.735s] -- Looking for gz-transport13 -- found version 13.5.0
[4.772s] -- Searching for dependencies of gz-transport13
[4.937s] -- Found Protobuf: /usr/lib/x86_64-linux-gnu/libprotobuf.so (found version "3.12.4") 
[4.978s] -- Config-file not installed for ZeroMQ -- checking for pkg-config
[5.006s] -- Checking for module 'libzmq >= 4'
[5.072s] --   Found libzmq , version 4.3.4
[5.194s] -- Found ZeroMQ: TRUE (Required is at least version "4") 
[5.214s] -- Checking for module 'uuid'
[5.262s] --   Found uuid, version 2.37.2
[5.395s] -- Found UUID: TRUE  
[5.406s] -- Looking for gz-utils2 -- found version 2.2.1
[5.406s] -- Searching for dependencies of gz-utils2
[5.411s] -- Searching for <gz-utils2> component [cli]
[5.421s] -- Looking for gz-utils2-cli -- found version 2.2.1
[5.421s] -- Searching for dependencies of gz-utils2-cli
[5.437s] -- Looking for gz-msgs10 -- found version 10.3.2
[5.438s] -- Searching for dependencies of gz-msgs10
[5.481s] -- Looking for gz-utils2 -- found version 2.2.1
[5.496s] -- Looking for gz-math7 -- found version 7.5.1
[5.496s] -- Searching for dependencies of gz-math7
[5.497s] -- Looking for gz-utils2 -- found version 2.2.1
[5.520s] -- Checking for module 'tinyxml2'
[5.597s] --   Found tinyxml2, version 9.0.0
[5.723s] -- Looking for gz-msgs10 -- found version 10.3.2
[5.948s] -- Configuring done
[5.981s] -- Generating done
[6.028s] -- Build files have been written to: /home/batoddy/uav_ws/build/cmd_vel_to_px4
[6.088s] Invoked command in '/home/batoddy/uav_ws/build/cmd_vel_to_px4' returned '0': CMAKE_PREFIX_PATH=/home/batoddy/uav_ws/install/px4_msgs:/home/batoddy/uav_ws/install/uav_navigation:/home/batoddy/uav_ws/install/sim_topic_bridge:/home/batoddy/uav_ws/install/px4_ros_com:/home/batoddy/uav_ws/install/example_rover_velocity_mode_cpp:/home/batoddy/uav_ws/install/example_mode_with_executor_cpp:/home/batoddy/uav_ws/install/example_mode_vtol_cpp:/home/batoddy/uav_ws/install/example_mode_rtl_replacement_cpp:/home/batoddy/uav_ws/install/example_mode_mission_cpp:/home/batoddy/uav_ws/install/example_mode_manual_cpp:/home/batoddy/uav_ws/install/example_mode_goto_global_cpp:/home/batoddy/uav_ws/install/example_mode_goto_cpp:/home/batoddy/uav_ws/install/example_mode_fw_attitude_cpp:/home/batoddy/uav_ws/install/example_local_navigation_cpp:/home/batoddy/uav_ws/install/example_global_navigation_cpp:/home/batoddy/uav_ws/install/example_executor_with_multiple_modes_cpp:/home/batoddy/uav_ws/install/px4_ros2_cpp:/home/batoddy/uav_ws/install/cmd_vel_to_px4:/home/batoddy/install/urdfdom_headers:/home/batoddy/install/gmock_vendor:/home/batoddy/install/gtest_vendor:/home/batoddy/install/ament_cmake_python:/home/batoddy/install/ament_cmake_libraries:/home/batoddy/install/ament_cmake_core:/home/batoddy/uav_ws/install/px4_offboard:/home/batoddy/install/osrf_pycommon:/home/batoddy/install/ament_pyflakes:/home/batoddy/install/ament_pycodestyle:/home/batoddy/install/ament_pep257:/home/batoddy/install/ament_package:/home/batoddy/install/ament_flake8:/home/batoddy/install/ament_lint:/home/batoddy/install/ament_cppcheck:/home/batoddy/orn_ws/install/navslam:/opt/ros/humble LD_LIBRARY_PATH=/home/batoddy/uav_ws/install/px4_msgs/lib:/home/batoddy/uav_ws/install/px4_ros_com/lib:/home/batoddy/uav_ws/install/px4_ros2_cpp/lib:/opt/ros/humble/opt/rviz_ogre_vendor/lib:/opt/ros/humble/lib/x86_64-linux-gnu:/opt/ros/humble/lib /usr/bin/cmake /home/batoddy/uav_ws/src/cmd_vel_to_px4 -DCMAKE_INSTALL_PREFIX=/home/batoddy/uav_ws/install/cmd_vel_to_px4
[6.089s] Invoking command in '/home/batoddy/uav_ws/build/cmd_vel_to_px4': CMAKE_PREFIX_PATH=/home/batoddy/uav_ws/install/px4_msgs:/home/batoddy/uav_ws/install/uav_navigation:/home/batoddy/uav_ws/install/sim_topic_bridge:/home/batoddy/uav_ws/install/px4_ros_com:/home/batoddy/uav_ws/install/example_rover_velocity_mode_cpp:/home/batoddy/uav_ws/install/example_mode_with_executor_cpp:/home/batoddy/uav_ws/install/example_mode_vtol_cpp:/home/batoddy/uav_ws/install/example_mode_rtl_replacement_cpp:/home/batoddy/uav_ws/install/example_mode_mission_cpp:/home/batoddy/uav_ws/install/example_mode_manual_cpp:/home/batoddy/uav_ws/install/example_mode_goto_global_cpp:/home/batoddy/uav_ws/install/example_mode_goto_cpp:/home/batoddy/uav_ws/install/example_mode_fw_attitude_cpp:/home/batoddy/uav_ws/install/example_local_navigation_cpp:/home/batoddy/uav_ws/install/example_global_navigation_cpp:/home/batoddy/uav_ws/install/example_executor_with_multiple_modes_cpp:/home/batoddy/uav_ws/install/px4_ros2_cpp:/home/batoddy/uav_ws/install/cmd_vel_to_px4:/home/batoddy/install/urdfdom_headers:/home/batoddy/install/gmock_vendor:/home/batoddy/install/gtest_vendor:/home/batoddy/install/ament_cmake_python:/home/batoddy/install/ament_cmake_libraries:/home/batoddy/install/ament_cmake_core:/home/batoddy/uav_ws/install/px4_offboard:/home/batoddy/install/osrf_pycommon:/home/batoddy/install/ament_pyflakes:/home/batoddy/install/ament_pycodestyle:/home/batoddy/install/ament_pep257:/home/batoddy/install/ament_package:/home/batoddy/install/ament_flake8:/home/batoddy/install/ament_lint:/home/batoddy/install/ament_cppcheck:/home/batoddy/orn_ws/install/navslam:/opt/ros/humble LD_LIBRARY_PATH=/home/batoddy/uav_ws/install/px4_msgs/lib:/home/batoddy/uav_ws/install/px4_ros_com/lib:/home/batoddy/uav_ws/install/px4_ros2_cpp/lib:/opt/ros/humble/opt/rviz_ogre_vendor/lib:/opt/ros/humble/lib/x86_64-linux-gnu:/opt/ros/humble/lib /usr/bin/cmake --build /home/batoddy/uav_ws/build/cmd_vel_to_px4 -- -j8 -l8
[6.210s] [ 25%] [32mBuilding CXX object CMakeFiles/cmd_vel_px4_bridge.dir/src/cmd_vel_px4_bridge.cpp.o[0m
[42.383s] [ 50%] [32m[1mLinking CXX executable cmd_vel_px4_bridge[0m
[44.250s] [ 50%] Built target cmd_vel_px4_bridge
[44.292s] [ 75%] [32mBuilding CXX object CMakeFiles/gz_depth_bridge.dir/src/gz_depth_bridge.cpp.o[0m
[58.022s] [100%] [32m[1mLinking CXX executable gz_depth_bridge[0m
[58.731s] [100%] Built target gz_depth_bridge
[58.755s] Invoked command in '/home/batoddy/uav_ws/build/cmd_vel_to_px4' returned '0': CMAKE_PREFIX_PATH=/home/batoddy/uav_ws/install/px4_msgs:/home/batoddy/uav_ws/install/uav_navigation:/home/batoddy/uav_ws/install/sim_topic_bridge:/home/batoddy/uav_ws/install/px4_ros_com:/home/batoddy/uav_ws/install/example_rover_velocity_mode_cpp:/home/batoddy/uav_ws/install/example_mode_with_executor_cpp:/home/batoddy/uav_ws/install/example_mode_vtol_cpp:/home/batoddy/uav_ws/install/example_mode_rtl_replacement_cpp:/home/batoddy/uav_ws/install/example_mode_mission_cpp:/home/batoddy/uav_ws/install/example_mode_manual_cpp:/home/batoddy/uav_ws/install/example_mode_goto_global_cpp:/home/batoddy/uav_ws/install/example_mode_goto_cpp:/home/batoddy/uav_ws/install/example_mode_fw_attitude_cpp:/home/batoddy/uav_ws/install/example_local_navigation_cpp:/home/batoddy/uav_ws/install/example_global_navigation_cpp:/home/batoddy/uav_ws/install/example_executor_with_multiple_modes_cpp:/home/batoddy/uav_ws/install/px4_ros2_cpp:/home/batoddy/uav_ws/install/cmd_vel_to_px4:/home/batoddy/install/urdfdom_headers:/home/batoddy/install/gmock_vendor:/home/batoddy/install/gtest_vendor:/home/batoddy/install/ament_cmake_python:/home/batoddy/install/ament_cmake_libraries:/home/batoddy/install/ament_cmake_core:/home/batoddy/uav_ws/install/px4_offboard:/home/batoddy/install/osrf_pycommon:/home/batoddy/install/ament_pyflakes:/home/batoddy/install/ament_pycodestyle:/home/batoddy/install/ament_pep257:/home/batoddy/install/ament_package:/home/batoddy/install/ament_flake8:/home/batoddy/install/ament_lint:/home/batoddy/install/ament_cppcheck:/home/batoddy/orn_ws/install/navslam:/opt/ros/humble LD_LIBRARY_PATH=/home/batoddy/uav_ws/install/px4_msgs/lib:/home/batoddy/uav_ws/install/px4_ros_com/lib:/home/batoddy/uav_ws/install/px4_ros2_cpp/lib:/opt/ros/humble/opt/rviz_ogre_vendor/lib:/opt/ros/humble/lib/x86_64-linux-gnu:/opt/ros/humble/lib /usr/bin/cmake --build /home/batoddy/uav_ws/build/cmd_vel_to_px4 -- -j8 -l8
[58.759s] Invoking command in '/home/batoddy/uav_ws/build/cmd_vel_to_px4': CMAKE_PREFIX_PATH=/home/batoddy/uav_ws/install/px4_msgs:/home/batoddy/uav_ws/install/uav_navigation:/home/batoddy/uav_ws/install/sim_topic_bridge:/home/batoddy/uav_ws/install/px4_ros_com:/home/batoddy/uav_ws/install/example_rover_velocity_mode_cpp:/home/batoddy/uav_ws/install/example_mode_with_executor_cpp:/home/batoddy/uav_ws/install/example_mode_vtol_cpp:/home/batoddy/uav_ws/install/example_mode_rtl_replacement_cpp:/home/batoddy/uav_ws/install/example_mode_mission_cpp:/home/batoddy/uav_ws/install/example_mode_manual_cpp:/home/batoddy/uav_ws/install/example_mode_goto_global_cpp:/home/batoddy/uav_ws/install/example_mode_goto_cpp:/home/batoddy/uav_ws/install/example_mode_fw_attitude_cpp:/home/batoddy/uav_ws/install/example_local_navigation_cpp:/home/batoddy/uav_ws/install/example_global_navigation_cpp:/home/batoddy/uav_ws/install/example_executor_with_multiple_modes_cpp:/home/batoddy/uav_ws/install/px4_ros2_cpp:/home/batoddy/uav_ws/install/cmd_vel_to_px4:/home/batoddy/install/urdfdom_headers:/home/batoddy/install/gmock_vendor:/home/batoddy/install/gtest_vendor:/home/batoddy/install/ament_cmake_python:/home/batoddy/install/ament_cmake_libraries:/home/batoddy/install/ament_cmake_core:/home/batoddy/uav_ws/install/px4_offboard:/home/batoddy/install/osrf_pycommon:/home/batoddy/install/ament_pyflakes:/home/batoddy/install/ament_pycodestyle:/home/batoddy/install/ament_pep257:/home/batoddy/install/ament_package:/home/batoddy/install/ament_flake8:/home/batoddy/install/ament_lint:/home/batoddy/install/ament_cppcheck:/home/batoddy/orn_ws/install/navslam:/opt/ros/humble LD_LIBRARY_PATH=/home/batoddy/uav_ws/install/px4_msgs/lib:/home/batoddy/uav_ws/install/px4_ros_com/lib:/home/batoddy/uav_ws/install/px4_ros2_cpp/lib:/opt/ros/humble/opt/rviz_ogre_vendor/lib:/opt/ros/humble/lib/x86_64-linux-gnu:/opt/ros/humble/lib /usr/bin/cmake --install /home/batoddy/uav_ws/build/cmd_vel_to_px4
[58.771s] -- Install configuration: ""
[58.771s] -- Installing: /home/batoddy/uav_ws/install/cmd_vel_to_px4/lib/cmd_vel_to_px4/odom_converter.py
[58.771s] -- Installing: /home/batoddy/uav_ws/install/cmd_vel_to_px4/lib/cmd_vel_to_px4/cmd_vel_px4_bridge
[58.782s] -- Set runtime path of "/home/batoddy/uav_ws/install/cmd_vel_to_px4/lib/cmd_vel_to_px4/cmd_vel_px4_bridge" to ""
[58.782s] -- Installing: /home/batoddy/uav_ws/install/cmd_vel_to_px4/lib/cmd_vel_to_px4/gz_depth_bridge
[58.784s] -- Set runtime path of "/home/batoddy/uav_ws/install/cmd_vel_to_px4/lib/cmd_vel_to_px4/gz_depth_bridge" to ""
[58.784s] -- Installing: /home/batoddy/uav_ws/install/cmd_vel_to_px4/share/cmd_vel_to_px4/launch
[58.784s] -- Installing: /home/batoddy/uav_ws/install/cmd_vel_to_px4/share/cmd_vel_to_px4/launch/px4_bridge.launch.py
[58.784s] -- Installing: /home/batoddy/uav_ws/install/cmd_vel_to_px4/share/ament_index/resource_index/package_run_dependencies/cmd_vel_to_px4
[58.785s] -- Installing: /home/batoddy/uav_ws/install/cmd_vel_to_px4/share/ament_index/resource_index/parent_prefix_path/cmd_vel_to_px4
[58.785s] -- Installing: /home/batoddy/uav_ws/install/cmd_vel_to_px4/share/cmd_vel_to_px4/environment/ament_prefix_path.sh
[58.785s] -- Installing: /home/batoddy/uav_ws/install/cmd_vel_to_px4/share/cmd_vel_to_px4/environment/ament_prefix_path.dsv
[58.785s] -- Installing: /home/batoddy/uav_ws/install/cmd_vel_to_px4/share/cmd_vel_to_px4/environment/path.sh
[58.785s] -- Installing: /home/batoddy/uav_ws/install/cmd_vel_to_px4/share/cmd_vel_to_px4/environment/path.dsv
[58.785s] -- Installing: /home/batoddy/uav_ws/install/cmd_vel_to_px4/share/cmd_vel_to_px4/local_setup.bash
[58.786s] -- Installing: /home/batoddy/uav_ws/install/cmd_vel_to_px4/share/cmd_vel_to_px4/local_setup.sh
[58.786s] -- Installing: /home/batoddy/uav_ws/install/cmd_vel_to_px4/share/cmd_vel_to_px4/local_setup.zsh
[58.786s] -- Installing: /home/batoddy/uav_ws/install/cmd_vel_to_px4/share/cmd_vel_to_px4/local_setup.dsv
[58.786s] -- Installing: /home/batoddy/uav_ws/install/cmd_vel_to_px4/share/cmd_vel_to_px4/package.dsv
[58.787s] -- Installing: /home/batoddy/uav_ws/install/cmd_vel_to_px4/share/ament_index/resource_index/packages/cmd_vel_to_px4
[58.787s] -- Installing: /home/batoddy/uav_ws/install/cmd_vel_to_px4/share/cmd_vel_to_px4/cmake/cmd_vel_to_px4Config.cmake
[58.787s] -- Installing: /home/batoddy/uav_ws/install/cmd_vel_to_px4/share/cmd_vel_to_px4/cmake/cmd_vel_to_px4Config-version.cmake
[58.787s] -- Installing: /home/batoddy/uav_ws/install/cmd_vel_to_px4/share/cmd_vel_to_px4/package.xml
[58.790s] Invoked command in '/home/batoddy/uav_ws/build/cmd_vel_to_px4' returned '0': CMAKE_PREFIX_PATH=/home/batoddy/uav_ws/install/px4_msgs:/home/batoddy/uav_ws/install/uav_navigation:/home/batoddy/uav_ws/install/sim_topic_bridge:/home/batoddy/uav_ws/install/px4_ros_com:/home/batoddy/uav_ws/install/example_rover_velocity_mode_cpp:/home/batoddy/uav_ws/install/example_mode_with_executor_cpp:/home/batoddy/uav_ws/install/example_mode_vtol_cpp:/home/batoddy/uav_ws/install/example_mode_rtl_replacement_cpp:/home/batoddy/uav_ws/install/example_mode_mission_cpp:/home/batoddy/uav_ws/install/example_mode_manual_cpp:/home/batoddy/uav_ws/install/example_mode_goto_global_cpp:/home/batoddy/uav_ws/install/example_mode_goto_cpp:/home/batoddy/uav_ws/install/example_mode_fw_attitude_cpp:/home/batoddy/uav_ws/install/example_local_navigation_cpp:/home/batoddy/uav_ws/install/example_global_navigation_cpp:/home/batoddy/uav_ws/install/example_executor_with_multiple_modes_cpp:/home/batoddy/uav_ws/install/px4_ros2_cpp:/home/batoddy/uav_ws/install/cmd_vel_to_px4:/home/batoddy/install/urdfdom_headers:/home/batoddy/install/gmock_vendor:/home/batoddy/install/gtest_vendor:/home/batoddy/install/ament_cmake_python:/home/batoddy/install/ament_cmake_libraries:/home/batoddy/install/ament_cmake_core:/home/batoddy/uav_ws/install/px4_offboard:/home/batoddy/install/osrf_pycommon:/home/batoddy/install/ament_pyflakes:/home/batoddy/install/ament_pycodestyle:/home/batoddy/install/ament_pep257:/home/batoddy/install/ament_package:/home/batoddy/install/ament_flake8:/home/batoddy/install/ament_lint:/home/batoddy/install/ament_cppcheck:/home/batoddy/orn_ws/install/navslam:/opt/ros/humble LD_LIBRARY_PATH=/home/batoddy/uav_ws/install/px4_msgs/lib:/home/batoddy/uav_ws/install/px4_ros_com/lib:/home/batoddy/uav_ws/install/px4_ros2_cpp/lib:/opt/ros/humble/opt/rviz_ogre_vendor/lib:/opt/ros/humble/lib/x86_64-linux-gnu:/opt/ros/humble/lib /usr/bin/cmake --install /home/batoddy/uav_ws/build/cmd_vel_to_px4
