-- The C compiler identification is GNU 11.4.0
-- The CXX compiler identification is GNU 11.4.0
-- Detecting C compiler ABI info
-- Detecting C compiler ABI info - done
-- Check for working C compiler: /usr/bin/cc - skipped
-- Detecting C compile features
-- Detecting C compile features - done
-- Detecting CXX compiler ABI info
-- Detecting CXX compiler ABI info - done
-- Check for working CXX compiler: /usr/bin/c++ - skipped
-- Detecting CXX compile features
-- Detecting CXX compile features - done
-- Found ament_cmake: 1.3.12 (/opt/ros/humble/share/ament_cmake/cmake)
-- Found Python3: /usr/bin/python3 (found version "3.10.12") found components: Interpreter 
-- Found rclcpp: 16.0.15 (/opt/ros/humble/share/rclcpp/cmake)
-- Found rosidl_generator_c: 3.1.7 (/opt/ros/humble/share/rosidl_generator_c/cmake)
-- Found rosidl_adapter: 3.1.7 (/opt/ros/humble/share/rosidl_adapter/cmake)
-- Found rosidl_generator_cpp: 3.1.7 (/opt/ros/humble/share/rosidl_generator_cpp/cmake)
-- Using all available rosidl_typesupport_c: rosidl_typesupport_fastrtps_c;rosidl_typesupport_introspection_c
-- Using all available rosidl_typesupport_cpp: rosidl_typesupport_fastrtps_cpp;rosidl_typesupport_introspection_cpp
-- Found rmw_implementation_cmake: 6.1.2 (/opt/ros/humble/share/rmw_implementation_cmake/cmake)
-- Found rmw_fastrtps_cpp: 6.2.9 (/opt/ros/humble/share/rmw_fastrtps_cpp/cmake)
-- Found OpenSSL: /usr/lib/x86_64-linux-gnu/libcrypto.so (found version "3.0.2")  
-- Found FastRTPS: /opt/ros/humble/include  
-- Using RMW implementation 'rmw_fastrtps_cpp' as default
-- Looking for pthread.h
-- Looking for pthread.h - found
-- Performing Test CMAKE_HAVE_LIBC_PTHREAD
-- Performing Test CMAKE_HAVE_LIBC_PTHREAD - Success
-- Found Threads: TRUE  
-- Found sensor_msgs: 4.9.0 (/opt/ros/humble/share/sensor_msgs/cmake)
-- Found nav_msgs: 4.9.0 (/opt/ros/humble/share/nav_msgs/cmake)
-- Found tf2_ros: 0.25.16 (/opt/ros/humble/share/tf2_ros/cmake)
-- Found px4_msgs: 2.0.1 (/home/batoddy/uav_ws/install/px4_msgs/share/px4_msgs/cmake)
-- Looking for gz-transport13 -- found version 13.5.0
-- Searching for dependencies of gz-transport13
-- Found Protobuf: /usr/lib/x86_64-linux-gnu/libprotobuf.so (found version "3.12.4") 
-- Config-file not installed for ZeroMQ -- checking for pkg-config
-- Checking for module 'libzmq >= 4'
--   Found libzmq , version 4.3.4
-- Found ZeroMQ: TRUE (Required is at least version "4") 
-- Checking for module 'uuid'
--   Found uuid, version 2.37.2
-- Found UUID: TRUE  
-- Looking for gz-utils2 -- found version 2.2.1
-- Searching for dependencies of gz-utils2
-- Searching for <gz-utils2> component [cli]
-- Looking for gz-utils2-cli -- found version 2.2.1
-- Searching for dependencies of gz-utils2-cli
-- Looking for gz-msgs10 -- found version 10.3.2
-- Searching for dependencies of gz-msgs10
-- Looking for gz-utils2 -- found version 2.2.1
-- Looking for gz-math7 -- found version 7.5.1
-- Searching for dependencies of gz-math7
-- Looking for gz-utils2 -- found version 2.2.1
-- Checking for module 'tinyxml2'
--   Found tinyxml2, version 9.0.0
-- Looking for gz-msgs10 -- found version 10.3.2
-- Configuring done
-- Generating done
-- Build files have been written to: /home/batoddy/uav_ws/build/sim_topic_bridge
[ 25%] [32mBuilding CXX object CMakeFiles/gz_depth_bridge.dir/src/gz_depth_bridge.cpp.o[0m
[ 50%] [32m[1mLinking CXX executable gz_depth_bridge[0m
[ 50%] Built target gz_depth_bridge
[ 75%] [32mBuilding CXX object CMakeFiles/px4_to_ros_bridge.dir/src/px4_to_ros_bridge.cpp.o[0m
[100%] [32m[1mLinking CXX executable px4_to_ros_bridge[0m
[100%] Built target px4_to_ros_bridge
-- Install configuration: ""
-- Installing: /home/batoddy/uav_ws/install/sim_topic_bridge/lib/sim_topic_bridge/gz_depth_bridge
-- Set runtime path of "/home/batoddy/uav_ws/install/sim_topic_bridge/lib/sim_topic_bridge/gz_depth_bridge" to ""
-- Installing: /home/batoddy/uav_ws/install/sim_topic_bridge/lib/sim_topic_bridge/px4_to_ros_bridge
-- Set runtime path of "/home/batoddy/uav_ws/install/sim_topic_bridge/lib/sim_topic_bridge/px4_to_ros_bridge" to ""
-- Installing: /home/batoddy/uav_ws/install/sim_topic_bridge/share/sim_topic_bridge/launch
-- Installing: /home/batoddy/uav_ws/install/sim_topic_bridge/share/sim_topic_bridge/launch/octomap_map.launch.py
-- Installing: /home/batoddy/uav_ws/install/sim_topic_bridge/share/sim_topic_bridge/launch/sim_viz.launch.py
-- Installing: /home/batoddy/uav_ws/install/sim_topic_bridge/share/sim_topic_bridge/launch/gz_bridge_launch.launch.py
-- Installing: /home/batoddy/uav_ws/install/sim_topic_bridge/share/sim_topic_bridge/config
-- Installing: /home/batoddy/uav_ws/install/sim_topic_bridge/share/sim_topic_bridge/config/octomap_mapping.rviz
-- Installing: /home/batoddy/uav_ws/install/sim_topic_bridge/share/sim_topic_bridge/config/depth_camera.rviz
-- Installing: /home/batoddy/uav_ws/install/sim_topic_bridge/share/ament_index/resource_index/package_run_dependencies/sim_topic_bridge
-- Installing: /home/batoddy/uav_ws/install/sim_topic_bridge/share/ament_index/resource_index/parent_prefix_path/sim_topic_bridge
-- Installing: /home/batoddy/uav_ws/install/sim_topic_bridge/share/sim_topic_bridge/environment/ament_prefix_path.sh
-- Installing: /home/batoddy/uav_ws/install/sim_topic_bridge/share/sim_topic_bridge/environment/ament_prefix_path.dsv
-- Installing: /home/batoddy/uav_ws/install/sim_topic_bridge/share/sim_topic_bridge/environment/path.sh
-- Installing: /home/batoddy/uav_ws/install/sim_topic_bridge/share/sim_topic_bridge/environment/path.dsv
-- Installing: /home/batoddy/uav_ws/install/sim_topic_bridge/share/sim_topic_bridge/local_setup.bash
-- Installing: /home/batoddy/uav_ws/install/sim_topic_bridge/share/sim_topic_bridge/local_setup.sh
-- Installing: /home/batoddy/uav_ws/install/sim_topic_bridge/share/sim_topic_bridge/local_setup.zsh
-- Installing: /home/batoddy/uav_ws/install/sim_topic_bridge/share/sim_topic_bridge/local_setup.dsv
-- Installing: /home/batoddy/uav_ws/install/sim_topic_bridge/share/sim_topic_bridge/package.dsv
-- Installing: /home/batoddy/uav_ws/install/sim_topic_bridge/share/ament_index/resource_index/packages/sim_topic_bridge
-- Installing: /home/batoddy/uav_ws/install/sim_topic_bridge/share/sim_topic_bridge/cmake/sim_topic_bridgeConfig.cmake
-- Installing: /home/batoddy/uav_ws/install/sim_topic_bridge/share/sim_topic_bridge/cmake/sim_topic_bridgeConfig-version.cmake
-- Installing: /home/batoddy/uav_ws/install/sim_topic_bridge/share/sim_topic_bridge/package.xml
