[0.566s] Invoking command in '/home/batoddy/uav_ws/build/sim_topic_bridge': CMAKE_PREFIX_PATH=/home/batoddy/uav_ws/install/px4_msgs:/home/batoddy/uav_ws/install/uav_navigation:/home/batoddy/uav_ws/install/sim_topic_bridge:/home/batoddy/uav_ws/install/px4_ros_com:/home/batoddy/uav_ws/install/example_rover_velocity_mode_cpp:/home/batoddy/uav_ws/install/example_mode_with_executor_cpp:/home/batoddy/uav_ws/install/example_mode_vtol_cpp:/home/batoddy/uav_ws/install/example_mode_rtl_replacement_cpp:/home/batoddy/uav_ws/install/example_mode_mission_cpp:/home/batoddy/uav_ws/install/example_mode_manual_cpp:/home/batoddy/uav_ws/install/example_mode_goto_global_cpp:/home/batoddy/uav_ws/install/example_mode_goto_cpp:/home/batoddy/uav_ws/install/example_mode_fw_attitude_cpp:/home/batoddy/uav_ws/install/example_local_navigation_cpp:/home/batoddy/uav_ws/install/example_global_navigation_cpp:/home/batoddy/uav_ws/install/example_executor_with_multiple_modes_cpp:/home/batoddy/uav_ws/install/px4_ros2_cpp:/home/batoddy/uav_ws/install/cmd_vel_to_px4:/home/batoddy/install/urdfdom_headers:/home/batoddy/install/gmock_vendor:/home/batoddy/install/gtest_vendor:/home/batoddy/install/ament_cmake_python:/home/batoddy/install/ament_cmake_libraries:/home/batoddy/install/ament_cmake_core:/home/batoddy/uav_ws/install/px4_offboard:/home/batoddy/install/osrf_pycommon:/home/batoddy/install/ament_pyflakes:/home/batoddy/install/ament_pycodestyle:/home/batoddy/install/ament_pep257:/home/batoddy/install/ament_package:/home/batoddy/install/ament_flake8:/home/batoddy/install/ament_lint:/home/batoddy/install/ament_cppcheck:/home/batoddy/orn_ws/install/navslam:/opt/ros/humble LD_LIBRARY_PATH=/home/batoddy/uav_ws/install/px4_msgs/lib:/home/batoddy/uav_ws/install/px4_ros_com/lib:/home/batoddy/uav_ws/install/px4_ros2_cpp/lib:/opt/ros/humble/opt/rviz_ogre_vendor/lib:/opt/ros/humble/lib/x86_64-linux-gnu:/opt/ros/humble/lib /usr/bin/cmake /home/batoddy/uav_ws/src/sim_topic_bridge -DCMAKE_INSTALL_PREFIX=/home/batoddy/uav_ws/install/sim_topic_bridge
[0.746s] -- The C compiler identification is GNU 11.4.0
[0.924s] -- The CXX compiler identification is GNU 11.4.0
[0.953s] -- Detecting C compiler ABI info
[1.112s] -- Detecting C compiler ABI info - done
[1.131s] -- Check for working C compiler: /usr/bin/cc - skipped
[1.131s] -- Detecting C compile features
[1.132s] -- Detecting C compile features - done
[1.139s] -- Detecting CXX compiler ABI info
[1.377s] -- Detecting CXX compiler ABI info - done
[1.395s] -- Check for working CXX compiler: /usr/bin/c++ - skipped
[1.396s] -- Detecting CXX compile features
[1.398s] -- Detecting CXX compile features - done
[1.409s] -- Found ament_cmake: 1.3.12 (/opt/ros/humble/share/ament_cmake/cmake)
[2.021s] -- Found Python3: /usr/bin/python3 (found version "3.10.12") found components: Interpreter 
[2.335s] -- Found rclcpp: 16.0.15 (/opt/ros/humble/share/rclcpp/cmake)
[2.462s] -- Found rosidl_generator_c: 3.1.7 (/opt/ros/humble/share/rosidl_generator_c/cmake)
[2.489s] -- Found rosidl_adapter: 3.1.7 (/opt/ros/humble/share/rosidl_adapter/cmake)
[2.520s] -- Found rosidl_generator_cpp: 3.1.7 (/opt/ros/humble/share/rosidl_generator_cpp/cmake)
[2.535s] -- Using all available rosidl_typesupport_c: rosidl_typesupport_fastrtps_c;rosidl_typesupport_introspection_c
[2.582s] -- Using all available rosidl_typesupport_cpp: rosidl_typesupport_fastrtps_cpp;rosidl_typesupport_introspection_cpp
[2.698s] -- Found rmw_implementation_cmake: 6.1.2 (/opt/ros/humble/share/rmw_implementation_cmake/cmake)
[2.703s] -- Found rmw_fastrtps_cpp: 6.2.9 (/opt/ros/humble/share/rmw_fastrtps_cpp/cmake)
[3.021s] -- Found OpenSSL: /usr/lib/x86_64-linux-gnu/libcrypto.so (found version "3.0.2")  
[3.190s] -- Found FastRTPS: /opt/ros/humble/include  
[3.367s] -- Using RMW implementation 'rmw_fastrtps_cpp' as default
[3.399s] -- Looking for pthread.h
[3.683s] -- Looking for pthread.h - found
[3.688s] -- Performing Test CMAKE_HAVE_LIBC_PTHREAD
[3.895s] -- Performing Test CMAKE_HAVE_LIBC_PTHREAD - Success
[3.895s] -- Found Threads: TRUE  
[4.043s] -- Found sensor_msgs: 4.9.0 (/opt/ros/humble/share/sensor_msgs/cmake)
[4.126s] -- Found nav_msgs: 4.9.0 (/opt/ros/humble/share/nav_msgs/cmake)
[4.169s] -- Found tf2_ros: 0.25.16 (/opt/ros/humble/share/tf2_ros/cmake)
[4.706s] -- Found px4_msgs: 2.0.1 (/home/batoddy/uav_ws/install/px4_msgs/share/px4_msgs/cmake)
[4.741s] -- Looking for gz-transport13 -- found version 13.5.0
[4.817s] -- Searching for dependencies of gz-transport13
[4.957s] -- Found Protobuf: /usr/lib/x86_64-linux-gnu/libprotobuf.so (found version "3.12.4") 
[4.989s] -- Config-file not installed for ZeroMQ -- checking for pkg-config
[5.009s] -- Checking for module 'libzmq >= 4'
[5.051s] --   Found libzmq , version 4.3.4
[5.189s] -- Found ZeroMQ: TRUE (Required is at least version "4") 
[5.210s] -- Checking for module 'uuid'
[5.253s] --   Found uuid, version 2.37.2
[5.381s] -- Found UUID: TRUE  
[5.387s] -- Looking for gz-utils2 -- found version 2.2.1
[5.387s] -- Searching for dependencies of gz-utils2
[5.389s] -- Searching for <gz-utils2> component [cli]
[5.405s] -- Looking for gz-utils2-cli -- found version 2.2.1
[5.406s] -- Searching for dependencies of gz-utils2-cli
[5.413s] -- Looking for gz-msgs10 -- found version 10.3.2
[5.414s] -- Searching for dependencies of gz-msgs10
[5.477s] -- Looking for gz-utils2 -- found version 2.2.1
[5.478s] -- Looking for gz-math7 -- found version 7.5.1
[5.478s] -- Searching for dependencies of gz-math7
[5.479s] -- Looking for gz-utils2 -- found version 2.2.1
[5.494s] -- Checking for module 'tinyxml2'
[5.539s] --   Found tinyxml2, version 9.0.0
[5.684s] -- Looking for gz-msgs10 -- found version 10.3.2
[5.912s] -- Configuring done
[5.958s] -- Generating done
[5.968s] -- Build files have been written to: /home/batoddy/uav_ws/build/sim_topic_bridge
[6.000s] Invoked command in '/home/batoddy/uav_ws/build/sim_topic_bridge' returned '0': CMAKE_PREFIX_PATH=/home/batoddy/uav_ws/install/px4_msgs:/home/batoddy/uav_ws/install/uav_navigation:/home/batoddy/uav_ws/install/sim_topic_bridge:/home/batoddy/uav_ws/install/px4_ros_com:/home/batoddy/uav_ws/install/example_rover_velocity_mode_cpp:/home/batoddy/uav_ws/install/example_mode_with_executor_cpp:/home/batoddy/uav_ws/install/example_mode_vtol_cpp:/home/batoddy/uav_ws/install/example_mode_rtl_replacement_cpp:/home/batoddy/uav_ws/install/example_mode_mission_cpp:/home/batoddy/uav_ws/install/example_mode_manual_cpp:/home/batoddy/uav_ws/install/example_mode_goto_global_cpp:/home/batoddy/uav_ws/install/example_mode_goto_cpp:/home/batoddy/uav_ws/install/example_mode_fw_attitude_cpp:/home/batoddy/uav_ws/install/example_local_navigation_cpp:/home/batoddy/uav_ws/install/example_global_navigation_cpp:/home/batoddy/uav_ws/install/example_executor_with_multiple_modes_cpp:/home/batoddy/uav_ws/install/px4_ros2_cpp:/home/batoddy/uav_ws/install/cmd_vel_to_px4:/home/batoddy/install/urdfdom_headers:/home/batoddy/install/gmock_vendor:/home/batoddy/install/gtest_vendor:/home/batoddy/install/ament_cmake_python:/home/batoddy/install/ament_cmake_libraries:/home/batoddy/install/ament_cmake_core:/home/batoddy/uav_ws/install/px4_offboard:/home/batoddy/install/osrf_pycommon:/home/batoddy/install/ament_pyflakes:/home/batoddy/install/ament_pycodestyle:/home/batoddy/install/ament_pep257:/home/batoddy/install/ament_package:/home/batoddy/install/ament_flake8:/home/batoddy/install/ament_lint:/home/batoddy/install/ament_cppcheck:/home/batoddy/orn_ws/install/navslam:/opt/ros/humble LD_LIBRARY_PATH=/home/batoddy/uav_ws/install/px4_msgs/lib:/home/batoddy/uav_ws/install/px4_ros_com/lib:/home/batoddy/uav_ws/install/px4_ros2_cpp/lib:/opt/ros/humble/opt/rviz_ogre_vendor/lib:/opt/ros/humble/lib/x86_64-linux-gnu:/opt/ros/humble/lib /usr/bin/cmake /home/batoddy/uav_ws/src/sim_topic_bridge -DCMAKE_INSTALL_PREFIX=/home/batoddy/uav_ws/install/sim_topic_bridge
[6.001s] Invoking command in '/home/batoddy/uav_ws/build/sim_topic_bridge': CMAKE_PREFIX_PATH=/home/batoddy/uav_ws/install/px4_msgs:/home/batoddy/uav_ws/install/uav_navigation:/home/batoddy/uav_ws/install/sim_topic_bridge:/home/batoddy/uav_ws/install/px4_ros_com:/home/batoddy/uav_ws/install/example_rover_velocity_mode_cpp:/home/batoddy/uav_ws/install/example_mode_with_executor_cpp:/home/batoddy/uav_ws/install/example_mode_vtol_cpp:/home/batoddy/uav_ws/install/example_mode_rtl_replacement_cpp:/home/batoddy/uav_ws/install/example_mode_mission_cpp:/home/batoddy/uav_ws/install/example_mode_manual_cpp:/home/batoddy/uav_ws/install/example_mode_goto_global_cpp:/home/batoddy/uav_ws/install/example_mode_goto_cpp:/home/batoddy/uav_ws/install/example_mode_fw_attitude_cpp:/home/batoddy/uav_ws/install/example_local_navigation_cpp:/home/batoddy/uav_ws/install/example_global_navigation_cpp:/home/batoddy/uav_ws/install/example_executor_with_multiple_modes_cpp:/home/batoddy/uav_ws/install/px4_ros2_cpp:/home/batoddy/uav_ws/install/cmd_vel_to_px4:/home/batoddy/install/urdfdom_headers:/home/batoddy/install/gmock_vendor:/home/batoddy/install/gtest_vendor:/home/batoddy/install/ament_cmake_python:/home/batoddy/install/ament_cmake_libraries:/home/batoddy/install/ament_cmake_core:/home/batoddy/uav_ws/install/px4_offboard:/home/batoddy/install/osrf_pycommon:/home/batoddy/install/ament_pyflakes:/home/batoddy/install/ament_pycodestyle:/home/batoddy/install/ament_pep257:/home/batoddy/install/ament_package:/home/batoddy/install/ament_flake8:/home/batoddy/install/ament_lint:/home/batoddy/install/ament_cppcheck:/home/batoddy/orn_ws/install/navslam:/opt/ros/humble LD_LIBRARY_PATH=/home/batoddy/uav_ws/install/px4_msgs/lib:/home/batoddy/uav_ws/install/px4_ros_com/lib:/home/batoddy/uav_ws/install/px4_ros2_cpp/lib:/opt/ros/humble/opt/rviz_ogre_vendor/lib:/opt/ros/humble/lib/x86_64-linux-gnu:/opt/ros/humble/lib /usr/bin/cmake --build /home/batoddy/uav_ws/build/sim_topic_bridge -- -j8 -l8
[6.143s] [ 25%] [32mBuilding CXX object CMakeFiles/gz_depth_bridge.dir/src/gz_depth_bridge.cpp.o[0m
[23.264s] [ 50%] [32m[1mLinking CXX executable gz_depth_bridge[0m
[24.097s] [ 50%] Built target gz_depth_bridge
[24.156s] [ 75%] [32mBuilding CXX object CMakeFiles/px4_to_ros_bridge.dir/src/px4_to_ros_bridge.cpp.o[0m
[51.260s] [100%] [32m[1mLinking CXX executable px4_to_ros_bridge[0m
[52.855s] [100%] Built target px4_to_ros_bridge
[52.884s] Invoked command in '/home/batoddy/uav_ws/build/sim_topic_bridge' returned '0': CMAKE_PREFIX_PATH=/home/batoddy/uav_ws/install/px4_msgs:/home/batoddy/uav_ws/install/uav_navigation:/home/batoddy/uav_ws/install/sim_topic_bridge:/home/batoddy/uav_ws/install/px4_ros_com:/home/batoddy/uav_ws/install/example_rover_velocity_mode_cpp:/home/batoddy/uav_ws/install/example_mode_with_executor_cpp:/home/batoddy/uav_ws/install/example_mode_vtol_cpp:/home/batoddy/uav_ws/install/example_mode_rtl_replacement_cpp:/home/batoddy/uav_ws/install/example_mode_mission_cpp:/home/batoddy/uav_ws/install/example_mode_manual_cpp:/home/batoddy/uav_ws/install/example_mode_goto_global_cpp:/home/batoddy/uav_ws/install/example_mode_goto_cpp:/home/batoddy/uav_ws/install/example_mode_fw_attitude_cpp:/home/batoddy/uav_ws/install/example_local_navigation_cpp:/home/batoddy/uav_ws/install/example_global_navigation_cpp:/home/batoddy/uav_ws/install/example_executor_with_multiple_modes_cpp:/home/batoddy/uav_ws/install/px4_ros2_cpp:/home/batoddy/uav_ws/install/cmd_vel_to_px4:/home/batoddy/install/urdfdom_headers:/home/batoddy/install/gmock_vendor:/home/batoddy/install/gtest_vendor:/home/batoddy/install/ament_cmake_python:/home/batoddy/install/ament_cmake_libraries:/home/batoddy/install/ament_cmake_core:/home/batoddy/uav_ws/install/px4_offboard:/home/batoddy/install/osrf_pycommon:/home/batoddy/install/ament_pyflakes:/home/batoddy/install/ament_pycodestyle:/home/batoddy/install/ament_pep257:/home/batoddy/install/ament_package:/home/batoddy/install/ament_flake8:/home/batoddy/install/ament_lint:/home/batoddy/install/ament_cppcheck:/home/batoddy/orn_ws/install/navslam:/opt/ros/humble LD_LIBRARY_PATH=/home/batoddy/uav_ws/install/px4_msgs/lib:/home/batoddy/uav_ws/install/px4_ros_com/lib:/home/batoddy/uav_ws/install/px4_ros2_cpp/lib:/opt/ros/humble/opt/rviz_ogre_vendor/lib:/opt/ros/humble/lib/x86_64-linux-gnu:/opt/ros/humble/lib /usr/bin/cmake --build /home/batoddy/uav_ws/build/sim_topic_bridge -- -j8 -l8
[52.890s] Invoking command in '/home/batoddy/uav_ws/build/sim_topic_bridge': CMAKE_PREFIX_PATH=/home/batoddy/uav_ws/install/px4_msgs:/home/batoddy/uav_ws/install/uav_navigation:/home/batoddy/uav_ws/install/sim_topic_bridge:/home/batoddy/uav_ws/install/px4_ros_com:/home/batoddy/uav_ws/install/example_rover_velocity_mode_cpp:/home/batoddy/uav_ws/install/example_mode_with_executor_cpp:/home/batoddy/uav_ws/install/example_mode_vtol_cpp:/home/batoddy/uav_ws/install/example_mode_rtl_replacement_cpp:/home/batoddy/uav_ws/install/example_mode_mission_cpp:/home/batoddy/uav_ws/install/example_mode_manual_cpp:/home/batoddy/uav_ws/install/example_mode_goto_global_cpp:/home/batoddy/uav_ws/install/example_mode_goto_cpp:/home/batoddy/uav_ws/install/example_mode_fw_attitude_cpp:/home/batoddy/uav_ws/install/example_local_navigation_cpp:/home/batoddy/uav_ws/install/example_global_navigation_cpp:/home/batoddy/uav_ws/install/example_executor_with_multiple_modes_cpp:/home/batoddy/uav_ws/install/px4_ros2_cpp:/home/batoddy/uav_ws/install/cmd_vel_to_px4:/home/batoddy/install/urdfdom_headers:/home/batoddy/install/gmock_vendor:/home/batoddy/install/gtest_vendor:/home/batoddy/install/ament_cmake_python:/home/batoddy/install/ament_cmake_libraries:/home/batoddy/install/ament_cmake_core:/home/batoddy/uav_ws/install/px4_offboard:/home/batoddy/install/osrf_pycommon:/home/batoddy/install/ament_pyflakes:/home/batoddy/install/ament_pycodestyle:/home/batoddy/install/ament_pep257:/home/batoddy/install/ament_package:/home/batoddy/install/ament_flake8:/home/batoddy/install/ament_lint:/home/batoddy/install/ament_cppcheck:/home/batoddy/orn_ws/install/navslam:/opt/ros/humble LD_LIBRARY_PATH=/home/batoddy/uav_ws/install/px4_msgs/lib:/home/batoddy/uav_ws/install/px4_ros_com/lib:/home/batoddy/uav_ws/install/px4_ros2_cpp/lib:/opt/ros/humble/opt/rviz_ogre_vendor/lib:/opt/ros/humble/lib/x86_64-linux-gnu:/opt/ros/humble/lib /usr/bin/cmake --install /home/batoddy/uav_ws/build/sim_topic_bridge
[52.903s] -- Install configuration: ""
[52.904s] -- Installing: /home/batoddy/uav_ws/install/sim_topic_bridge/lib/sim_topic_bridge/gz_depth_bridge
[52.906s] -- Set runtime path of "/home/batoddy/uav_ws/install/sim_topic_bridge/lib/sim_topic_bridge/gz_depth_bridge" to ""
[52.906s] -- Installing: /home/batoddy/uav_ws/install/sim_topic_bridge/lib/sim_topic_bridge/px4_to_ros_bridge
[52.912s] -- Set runtime path of "/home/batoddy/uav_ws/install/sim_topic_bridge/lib/sim_topic_bridge/px4_to_ros_bridge" to ""
[52.912s] -- Installing: /home/batoddy/uav_ws/install/sim_topic_bridge/share/sim_topic_bridge/launch
[52.912s] -- Installing: /home/batoddy/uav_ws/install/sim_topic_bridge/share/sim_topic_bridge/launch/octomap_map.launch.py
[52.912s] -- Installing: /home/batoddy/uav_ws/install/sim_topic_bridge/share/sim_topic_bridge/launch/sim_viz.launch.py
[52.912s] -- Installing: /home/batoddy/uav_ws/install/sim_topic_bridge/share/sim_topic_bridge/launch/gz_bridge_launch.launch.py
[52.912s] -- Installing: /home/batoddy/uav_ws/install/sim_topic_bridge/share/sim_topic_bridge/config
[52.912s] -- Installing: /home/batoddy/uav_ws/install/sim_topic_bridge/share/sim_topic_bridge/config/octomap_mapping.rviz
[52.912s] -- Installing: /home/batoddy/uav_ws/install/sim_topic_bridge/share/sim_topic_bridge/config/depth_camera.rviz
[52.913s] -- Installing: /home/batoddy/uav_ws/install/sim_topic_bridge/share/ament_index/resource_index/package_run_dependencies/sim_topic_bridge
[52.913s] -- Installing: /home/batoddy/uav_ws/install/sim_topic_bridge/share/ament_index/resource_index/parent_prefix_path/sim_topic_bridge
[52.913s] -- Installing: /home/batoddy/uav_ws/install/sim_topic_bridge/share/sim_topic_bridge/environment/ament_prefix_path.sh
[52.913s] -- Installing: /home/batoddy/uav_ws/install/sim_topic_bridge/share/sim_topic_bridge/environment/ament_prefix_path.dsv
[52.913s] -- Installing: /home/batoddy/uav_ws/install/sim_topic_bridge/share/sim_topic_bridge/environment/path.sh
[52.913s] -- Installing: /home/batoddy/uav_ws/install/sim_topic_bridge/share/sim_topic_bridge/environment/path.dsv
[52.913s] -- Installing: /home/batoddy/uav_ws/install/sim_topic_bridge/share/sim_topic_bridge/local_setup.bash
[52.914s] -- Installing: /home/batoddy/uav_ws/install/sim_topic_bridge/share/sim_topic_bridge/local_setup.sh
[52.914s] -- Installing: /home/batoddy/uav_ws/install/sim_topic_bridge/share/sim_topic_bridge/local_setup.zsh
[52.914s] -- Installing: /home/batoddy/uav_ws/install/sim_topic_bridge/share/sim_topic_bridge/local_setup.dsv
[52.914s] -- Installing: /home/batoddy/uav_ws/install/sim_topic_bridge/share/sim_topic_bridge/package.dsv
[52.914s] -- Installing: /home/batoddy/uav_ws/install/sim_topic_bridge/share/ament_index/resource_index/packages/sim_topic_bridge
[52.914s] -- Installing: /home/batoddy/uav_ws/install/sim_topic_bridge/share/sim_topic_bridge/cmake/sim_topic_bridgeConfig.cmake
[52.914s] -- Installing: /home/batoddy/uav_ws/install/sim_topic_bridge/share/sim_topic_bridge/cmake/sim_topic_bridgeConfig-version.cmake
[52.915s] -- Installing: /home/batoddy/uav_ws/install/sim_topic_bridge/share/sim_topic_bridge/package.xml
[52.917s] Invoked command in '/home/batoddy/uav_ws/build/sim_topic_bridge' returned '0': CMAKE_PREFIX_PATH=/home/batoddy/uav_ws/install/px4_msgs:/home/batoddy/uav_ws/install/uav_navigation:/home/batoddy/uav_ws/install/sim_topic_bridge:/home/batoddy/uav_ws/install/px4_ros_com:/home/batoddy/uav_ws/install/example_rover_velocity_mode_cpp:/home/batoddy/uav_ws/install/example_mode_with_executor_cpp:/home/batoddy/uav_ws/install/example_mode_vtol_cpp:/home/batoddy/uav_ws/install/example_mode_rtl_replacement_cpp:/home/batoddy/uav_ws/install/example_mode_mission_cpp:/home/batoddy/uav_ws/install/example_mode_manual_cpp:/home/batoddy/uav_ws/install/example_mode_goto_global_cpp:/home/batoddy/uav_ws/install/example_mode_goto_cpp:/home/batoddy/uav_ws/install/example_mode_fw_attitude_cpp:/home/batoddy/uav_ws/install/example_local_navigation_cpp:/home/batoddy/uav_ws/install/example_global_navigation_cpp:/home/batoddy/uav_ws/install/example_executor_with_multiple_modes_cpp:/home/batoddy/uav_ws/install/px4_ros2_cpp:/home/batoddy/uav_ws/install/cmd_vel_to_px4:/home/batoddy/install/urdfdom_headers:/home/batoddy/install/gmock_vendor:/home/batoddy/install/gtest_vendor:/home/batoddy/install/ament_cmake_python:/home/batoddy/install/ament_cmake_libraries:/home/batoddy/install/ament_cmake_core:/home/batoddy/uav_ws/install/px4_offboard:/home/batoddy/install/osrf_pycommon:/home/batoddy/install/ament_pyflakes:/home/batoddy/install/ament_pycodestyle:/home/batoddy/install/ament_pep257:/home/batoddy/install/ament_package:/home/batoddy/install/ament_flake8:/home/batoddy/install/ament_lint:/home/batoddy/install/ament_cppcheck:/home/batoddy/orn_ws/install/navslam:/opt/ros/humble LD_LIBRARY_PATH=/home/batoddy/uav_ws/install/px4_msgs/lib:/home/batoddy/uav_ws/install/px4_ros_com/lib:/home/batoddy/uav_ws/install/px4_ros2_cpp/lib:/opt/ros/humble/opt/rviz_ogre_vendor/lib:/opt/ros/humble/lib/x86_64-linux-gnu:/opt/ros/humble/lib /usr/bin/cmake --install /home/batoddy/uav_ws/build/sim_topic_bridge
