[0.681s] Invoking command in '/home/batoddy/uav_ws/build/px4_ros_com': CMAKE_PREFIX_PATH=/home/batoddy/uav_ws/install/px4_msgs:/home/batoddy/uav_ws/install/uav_navigation:/home/batoddy/uav_ws/install/sim_topic_bridge:/home/batoddy/uav_ws/install/px4_ros_com:/home/batoddy/uav_ws/install/example_rover_velocity_mode_cpp:/home/batoddy/uav_ws/install/example_mode_with_executor_cpp:/home/batoddy/uav_ws/install/example_mode_vtol_cpp:/home/batoddy/uav_ws/install/example_mode_rtl_replacement_cpp:/home/batoddy/uav_ws/install/example_mode_mission_cpp:/home/batoddy/uav_ws/install/example_mode_manual_cpp:/home/batoddy/uav_ws/install/example_mode_goto_global_cpp:/home/batoddy/uav_ws/install/example_mode_goto_cpp:/home/batoddy/uav_ws/install/example_mode_fw_attitude_cpp:/home/batoddy/uav_ws/install/example_local_navigation_cpp:/home/batoddy/uav_ws/install/example_global_navigation_cpp:/home/batoddy/uav_ws/install/example_executor_with_multiple_modes_cpp:/home/batoddy/uav_ws/install/px4_ros2_cpp:/home/batoddy/uav_ws/install/cmd_vel_to_px4:/home/batoddy/install/urdfdom_headers:/home/batoddy/install/gmock_vendor:/home/batoddy/install/gtest_vendor:/home/batoddy/install/ament_cmake_python:/home/batoddy/install/ament_cmake_libraries:/home/batoddy/install/ament_cmake_core:/home/batoddy/uav_ws/install/px4_offboard:/home/batoddy/install/osrf_pycommon:/home/batoddy/install/ament_pyflakes:/home/batoddy/install/ament_pycodestyle:/home/batoddy/install/ament_pep257:/home/batoddy/install/ament_package:/home/batoddy/install/ament_flake8:/home/batoddy/install/ament_lint:/home/batoddy/install/ament_cppcheck:/home/batoddy/orn_ws/install/navslam:/opt/ros/humble LD_LIBRARY_PATH=/home/batoddy/uav_ws/install/px4_msgs/lib:/home/batoddy/uav_ws/install/px4_ros_com/lib:/home/batoddy/uav_ws/install/px4_ros2_cpp/lib:/opt/ros/humble/opt/rviz_ogre_vendor/lib:/opt/ros/humble/lib/x86_64-linux-gnu:/opt/ros/humble/lib /usr/bin/cmake --build /home/batoddy/uav_ws/build/px4_ros_com -- -j8 -l8
[0.861s] [ 16%] Built target frame_transforms
[0.877s] [ 33%] Built target offboard_control
[0.877s] [ 50%] Built target sensor_combined_listener
[0.926s] [ 66%] Built target offboard_control_srv
[0.932s] [ 83%] Built target vehicle_gps_position_listener
[0.943s] [100%] Built target debug_vect_advertiser
[0.948s] [100%] Built target ament_cmake_python_copy_px4_ros_com
[1.831s] running egg_info
[1.831s] writing px4_ros_com.egg-info/PKG-INFO
[1.831s] writing dependency_links to px4_ros_com.egg-info/dependency_links.txt
[1.832s] writing top-level names to px4_ros_com.egg-info/top_level.txt
[1.835s] reading manifest file 'px4_ros_com.egg-info/SOURCES.txt'
[1.835s] writing manifest file 'px4_ros_com.egg-info/SOURCES.txt'
[1.919s] [100%] Built target ament_cmake_python_build_px4_ros_com_egg
[2.112s] Invoked command in '/home/batoddy/uav_ws/build/px4_ros_com' returned '0': CMAKE_PREFIX_PATH=/home/batoddy/uav_ws/install/px4_msgs:/home/batoddy/uav_ws/install/uav_navigation:/home/batoddy/uav_ws/install/sim_topic_bridge:/home/batoddy/uav_ws/install/px4_ros_com:/home/batoddy/uav_ws/install/example_rover_velocity_mode_cpp:/home/batoddy/uav_ws/install/example_mode_with_executor_cpp:/home/batoddy/uav_ws/install/example_mode_vtol_cpp:/home/batoddy/uav_ws/install/example_mode_rtl_replacement_cpp:/home/batoddy/uav_ws/install/example_mode_mission_cpp:/home/batoddy/uav_ws/install/example_mode_manual_cpp:/home/batoddy/uav_ws/install/example_mode_goto_global_cpp:/home/batoddy/uav_ws/install/example_mode_goto_cpp:/home/batoddy/uav_ws/install/example_mode_fw_attitude_cpp:/home/batoddy/uav_ws/install/example_local_navigation_cpp:/home/batoddy/uav_ws/install/example_global_navigation_cpp:/home/batoddy/uav_ws/install/example_executor_with_multiple_modes_cpp:/home/batoddy/uav_ws/install/px4_ros2_cpp:/home/batoddy/uav_ws/install/cmd_vel_to_px4:/home/batoddy/install/urdfdom_headers:/home/batoddy/install/gmock_vendor:/home/batoddy/install/gtest_vendor:/home/batoddy/install/ament_cmake_python:/home/batoddy/install/ament_cmake_libraries:/home/batoddy/install/ament_cmake_core:/home/batoddy/uav_ws/install/px4_offboard:/home/batoddy/install/osrf_pycommon:/home/batoddy/install/ament_pyflakes:/home/batoddy/install/ament_pycodestyle:/home/batoddy/install/ament_pep257:/home/batoddy/install/ament_package:/home/batoddy/install/ament_flake8:/home/batoddy/install/ament_lint:/home/batoddy/install/ament_cppcheck:/home/batoddy/orn_ws/install/navslam:/opt/ros/humble LD_LIBRARY_PATH=/home/batoddy/uav_ws/install/px4_msgs/lib:/home/batoddy/uav_ws/install/px4_ros_com/lib:/home/batoddy/uav_ws/install/px4_ros2_cpp/lib:/opt/ros/humble/opt/rviz_ogre_vendor/lib:/opt/ros/humble/lib/x86_64-linux-gnu:/opt/ros/humble/lib /usr/bin/cmake --build /home/batoddy/uav_ws/build/px4_ros_com -- -j8 -l8
[2.114s] Invoking command in '/home/batoddy/uav_ws/build/px4_ros_com': CMAKE_PREFIX_PATH=/home/batoddy/uav_ws/install/px4_msgs:/home/batoddy/uav_ws/install/uav_navigation:/home/batoddy/uav_ws/install/sim_topic_bridge:/home/batoddy/uav_ws/install/px4_ros_com:/home/batoddy/uav_ws/install/example_rover_velocity_mode_cpp:/home/batoddy/uav_ws/install/example_mode_with_executor_cpp:/home/batoddy/uav_ws/install/example_mode_vtol_cpp:/home/batoddy/uav_ws/install/example_mode_rtl_replacement_cpp:/home/batoddy/uav_ws/install/example_mode_mission_cpp:/home/batoddy/uav_ws/install/example_mode_manual_cpp:/home/batoddy/uav_ws/install/example_mode_goto_global_cpp:/home/batoddy/uav_ws/install/example_mode_goto_cpp:/home/batoddy/uav_ws/install/example_mode_fw_attitude_cpp:/home/batoddy/uav_ws/install/example_local_navigation_cpp:/home/batoddy/uav_ws/install/example_global_navigation_cpp:/home/batoddy/uav_ws/install/example_executor_with_multiple_modes_cpp:/home/batoddy/uav_ws/install/px4_ros2_cpp:/home/batoddy/uav_ws/install/cmd_vel_to_px4:/home/batoddy/install/urdfdom_headers:/home/batoddy/install/gmock_vendor:/home/batoddy/install/gtest_vendor:/home/batoddy/install/ament_cmake_python:/home/batoddy/install/ament_cmake_libraries:/home/batoddy/install/ament_cmake_core:/home/batoddy/uav_ws/install/px4_offboard:/home/batoddy/install/osrf_pycommon:/home/batoddy/install/ament_pyflakes:/home/batoddy/install/ament_pycodestyle:/home/batoddy/install/ament_pep257:/home/batoddy/install/ament_package:/home/batoddy/install/ament_flake8:/home/batoddy/install/ament_lint:/home/batoddy/install/ament_cppcheck:/home/batoddy/orn_ws/install/navslam:/opt/ros/humble LD_LIBRARY_PATH=/home/batoddy/uav_ws/install/px4_msgs/lib:/home/batoddy/uav_ws/install/px4_ros_com/lib:/home/batoddy/uav_ws/install/px4_ros2_cpp/lib:/opt/ros/humble/opt/rviz_ogre_vendor/lib:/opt/ros/humble/lib/x86_64-linux-gnu:/opt/ros/humble/lib /usr/bin/cmake --install /home/batoddy/uav_ws/build/px4_ros_com
[2.143s] -- Install configuration: ""
[2.143s] -- Up-to-date: /home/batoddy/uav_ws/install/px4_ros_com/lib/px4_ros_com/sensor_combined_listener
[2.143s] -- Up-to-date: /home/batoddy/uav_ws/install/px4_ros_com/lib/px4_ros_com/vehicle_gps_position_listener
[2.144s] -- Up-to-date: /home/batoddy/uav_ws/install/px4_ros_com/lib/px4_ros_com/debug_vect_advertiser
[2.144s] -- Up-to-date: /home/batoddy/uav_ws/install/px4_ros_com/lib/px4_ros_com/offboard_control
[2.144s] -- Up-to-date: /home/batoddy/uav_ws/install/px4_ros_com/lib/px4_ros_com/offboard_control_srv
[2.144s] -- Up-to-date: /home/batoddy/uav_ws/install/px4_ros_com/share/px4_ros_com/environment/library_path.sh
[2.145s] -- Up-to-date: /home/batoddy/uav_ws/install/px4_ros_com/share/px4_ros_com/environment/library_path.dsv
[2.146s] -- Up-to-date: /home/batoddy/uav_ws/install/px4_ros_com/include/px4_ros_com
[2.146s] -- Up-to-date: /home/batoddy/uav_ws/install/px4_ros_com/include/px4_ros_com/frame_transforms.h
[2.147s] -- Up-to-date: /home/batoddy/uav_ws/install/px4_ros_com/lib/libframe_transforms.so
[2.147s] -- Up-to-date: /home/batoddy/uav_ws/install/px4_ros_com/share/px4_ros_com//launch
[2.147s] -- Up-to-date: /home/batoddy/uav_ws/install/px4_ros_com/share/px4_ros_com//launch/offboard_control_launch.yaml
[2.148s] -- Up-to-date: /home/batoddy/uav_ws/install/px4_ros_com/share/px4_ros_com//launch/sensor_combined_listener.launch.py
[2.148s] -- Up-to-date: /home/batoddy/uav_ws/install/px4_ros_com/share/px4_ros_com//test
[2.148s] -- Up-to-date: /home/batoddy/uav_ws/install/px4_ros_com/share/px4_ros_com//test/pipeline_io_test.py
[2.148s] -- Up-to-date: /home/batoddy/uav_ws/install/px4_ros_com/share/px4_ros_com//test/test_output.py
[2.148s] -- Up-to-date: /home/batoddy/uav_ws/install/px4_ros_com/share/px4_ros_com//test/__init__.py
[2.148s] -- Up-to-date: /home/batoddy/uav_ws/install/px4_ros_com/share/px4_ros_com//test/test_input.py
[2.148s] -- Up-to-date: /home/batoddy/uav_ws/install/px4_ros_com/share/px4_ros_com/environment/pythonpath.sh
[2.148s] -- Up-to-date: /home/batoddy/uav_ws/install/px4_ros_com/share/px4_ros_com/environment/pythonpath.dsv
[2.148s] -- Up-to-date: /home/batoddy/uav_ws/install/px4_ros_com/local/lib/python3.10/dist-packages/px4_ros_com-0.1.0-py3.10.egg-info
[2.149s] -- Installing: /home/batoddy/uav_ws/install/px4_ros_com/local/lib/python3.10/dist-packages/px4_ros_com-0.1.0-py3.10.egg-info/dependency_links.txt
[2.151s] -- Installing: /home/batoddy/uav_ws/install/px4_ros_com/local/lib/python3.10/dist-packages/px4_ros_com-0.1.0-py3.10.egg-info/top_level.txt
[2.151s] -- Installing: /home/batoddy/uav_ws/install/px4_ros_com/local/lib/python3.10/dist-packages/px4_ros_com-0.1.0-py3.10.egg-info/SOURCES.txt
[2.151s] -- Installing: /home/batoddy/uav_ws/install/px4_ros_com/local/lib/python3.10/dist-packages/px4_ros_com-0.1.0-py3.10.egg-info/PKG-INFO
[2.152s] -- Up-to-date: /home/batoddy/uav_ws/install/px4_ros_com/local/lib/python3.10/dist-packages/px4_ros_com
[2.152s] -- Up-to-date: /home/batoddy/uav_ws/install/px4_ros_com/local/lib/python3.10/dist-packages/px4_ros_com/__init__.py
[2.156s] -- Up-to-date: /home/batoddy/uav_ws/install/px4_ros_com/local/lib/python3.10/dist-packages/px4_ros_com/module_to_import.py
[2.246s] Listing '/home/batoddy/uav_ws/install/px4_ros_com/local/lib/python3.10/dist-packages/px4_ros_com'...
[2.257s] -- Up-to-date: /home/batoddy/uav_ws/install/px4_ros_com/lib/px4_ros_com/offboard_control.py
[2.257s] -- Up-to-date: /home/batoddy/uav_ws/install/px4_ros_com/share/ament_index/resource_index/package_run_dependencies/px4_ros_com
[2.257s] -- Up-to-date: /home/batoddy/uav_ws/install/px4_ros_com/share/ament_index/resource_index/parent_prefix_path/px4_ros_com
[2.257s] -- Up-to-date: /home/batoddy/uav_ws/install/px4_ros_com/share/px4_ros_com/environment/ament_prefix_path.sh
[2.257s] -- Up-to-date: /home/batoddy/uav_ws/install/px4_ros_com/share/px4_ros_com/environment/ament_prefix_path.dsv
[2.257s] -- Up-to-date: /home/batoddy/uav_ws/install/px4_ros_com/share/px4_ros_com/environment/path.sh
[2.257s] -- Up-to-date: /home/batoddy/uav_ws/install/px4_ros_com/share/px4_ros_com/environment/path.dsv
[2.257s] -- Up-to-date: /home/batoddy/uav_ws/install/px4_ros_com/share/px4_ros_com/local_setup.bash
[2.257s] -- Up-to-date: /home/batoddy/uav_ws/install/px4_ros_com/share/px4_ros_com/local_setup.sh
[2.258s] -- Up-to-date: /home/batoddy/uav_ws/install/px4_ros_com/share/px4_ros_com/local_setup.zsh
[2.258s] -- Up-to-date: /home/batoddy/uav_ws/install/px4_ros_com/share/px4_ros_com/local_setup.dsv
[2.258s] -- Installing: /home/batoddy/uav_ws/install/px4_ros_com/share/px4_ros_com/package.dsv
[2.258s] -- Up-to-date: /home/batoddy/uav_ws/install/px4_ros_com/share/ament_index/resource_index/packages/px4_ros_com
[2.258s] -- Up-to-date: /home/batoddy/uav_ws/install/px4_ros_com/share/px4_ros_com/cmake/export_frame_transformsExport.cmake
[2.258s] -- Up-to-date: /home/batoddy/uav_ws/install/px4_ros_com/share/px4_ros_com/cmake/export_frame_transformsExport-noconfig.cmake
[2.258s] -- Up-to-date: /home/batoddy/uav_ws/install/px4_ros_com/share/px4_ros_com/cmake/ament_cmake_export_dependencies-extras.cmake
[2.258s] -- Up-to-date: /home/batoddy/uav_ws/install/px4_ros_com/share/px4_ros_com/cmake/ament_cmake_export_targets-extras.cmake
[2.258s] -- Up-to-date: /home/batoddy/uav_ws/install/px4_ros_com/share/px4_ros_com/cmake/ament_cmake_export_include_directories-extras.cmake
[2.258s] -- Up-to-date: /home/batoddy/uav_ws/install/px4_ros_com/share/px4_ros_com/cmake/ament_cmake_export_libraries-extras.cmake
[2.258s] -- Up-to-date: /home/batoddy/uav_ws/install/px4_ros_com/share/px4_ros_com/cmake/px4_ros_comConfig.cmake
[2.259s] -- Up-to-date: /home/batoddy/uav_ws/install/px4_ros_com/share/px4_ros_com/cmake/px4_ros_comConfig-version.cmake
[2.259s] -- Up-to-date: /home/batoddy/uav_ws/install/px4_ros_com/share/px4_ros_com/package.xml
[2.307s] Invoked command in '/home/batoddy/uav_ws/build/px4_ros_com' returned '0': CMAKE_PREFIX_PATH=/home/batoddy/uav_ws/install/px4_msgs:/home/batoddy/uav_ws/install/uav_navigation:/home/batoddy/uav_ws/install/sim_topic_bridge:/home/batoddy/uav_ws/install/px4_ros_com:/home/batoddy/uav_ws/install/example_rover_velocity_mode_cpp:/home/batoddy/uav_ws/install/example_mode_with_executor_cpp:/home/batoddy/uav_ws/install/example_mode_vtol_cpp:/home/batoddy/uav_ws/install/example_mode_rtl_replacement_cpp:/home/batoddy/uav_ws/install/example_mode_mission_cpp:/home/batoddy/uav_ws/install/example_mode_manual_cpp:/home/batoddy/uav_ws/install/example_mode_goto_global_cpp:/home/batoddy/uav_ws/install/example_mode_goto_cpp:/home/batoddy/uav_ws/install/example_mode_fw_attitude_cpp:/home/batoddy/uav_ws/install/example_local_navigation_cpp:/home/batoddy/uav_ws/install/example_global_navigation_cpp:/home/batoddy/uav_ws/install/example_executor_with_multiple_modes_cpp:/home/batoddy/uav_ws/install/px4_ros2_cpp:/home/batoddy/uav_ws/install/cmd_vel_to_px4:/home/batoddy/install/urdfdom_headers:/home/batoddy/install/gmock_vendor:/home/batoddy/install/gtest_vendor:/home/batoddy/install/ament_cmake_python:/home/batoddy/install/ament_cmake_libraries:/home/batoddy/install/ament_cmake_core:/home/batoddy/uav_ws/install/px4_offboard:/home/batoddy/install/osrf_pycommon:/home/batoddy/install/ament_pyflakes:/home/batoddy/install/ament_pycodestyle:/home/batoddy/install/ament_pep257:/home/batoddy/install/ament_package:/home/batoddy/install/ament_flake8:/home/batoddy/install/ament_lint:/home/batoddy/install/ament_cppcheck:/home/batoddy/orn_ws/install/navslam:/opt/ros/humble LD_LIBRARY_PATH=/home/batoddy/uav_ws/install/px4_msgs/lib:/home/batoddy/uav_ws/install/px4_ros_com/lib:/home/batoddy/uav_ws/install/px4_ros2_cpp/lib:/opt/ros/humble/opt/rviz_ogre_vendor/lib:/opt/ros/humble/lib/x86_64-linux-gnu:/opt/ros/humble/lib /usr/bin/cmake --install /home/batoddy/uav_ws/build/px4_ros_com
