[0.569s] Invoking command in '/home/batoddy/uav_ws/build/px4_ros_com': CMAKE_PREFIX_PATH=/home/batoddy/uav_ws/install/px4_msgs:/home/batoddy/uav_ws/install/uav_navigation:/home/batoddy/uav_ws/install/sim_topic_bridge:/home/batoddy/uav_ws/install/px4_ros_com:/home/batoddy/uav_ws/install/example_rover_velocity_mode_cpp:/home/batoddy/uav_ws/install/example_mode_with_executor_cpp:/home/batoddy/uav_ws/install/example_mode_vtol_cpp:/home/batoddy/uav_ws/install/example_mode_rtl_replacement_cpp:/home/batoddy/uav_ws/install/example_mode_mission_cpp:/home/batoddy/uav_ws/install/example_mode_manual_cpp:/home/batoddy/uav_ws/install/example_mode_goto_global_cpp:/home/batoddy/uav_ws/install/example_mode_goto_cpp:/home/batoddy/uav_ws/install/example_mode_fw_attitude_cpp:/home/batoddy/uav_ws/install/example_local_navigation_cpp:/home/batoddy/uav_ws/install/example_global_navigation_cpp:/home/batoddy/uav_ws/install/example_executor_with_multiple_modes_cpp:/home/batoddy/uav_ws/install/px4_ros2_cpp:/home/batoddy/uav_ws/install/cmd_vel_to_px4:/home/batoddy/install/urdfdom_headers:/home/batoddy/install/gmock_vendor:/home/batoddy/install/gtest_vendor:/home/batoddy/install/ament_cmake_python:/home/batoddy/install/ament_cmake_libraries:/home/batoddy/install/ament_cmake_core:/home/batoddy/uav_ws/install/px4_offboard:/home/batoddy/install/osrf_pycommon:/home/batoddy/install/ament_pyflakes:/home/batoddy/install/ament_pycodestyle:/home/batoddy/install/ament_pep257:/home/batoddy/install/ament_package:/home/batoddy/install/ament_flake8:/home/batoddy/install/ament_lint:/home/batoddy/install/ament_cppcheck:/home/batoddy/orn_ws/install/navslam:/opt/ros/humble LD_LIBRARY_PATH=/home/batoddy/uav_ws/install/px4_msgs/lib:/home/batoddy/uav_ws/install/px4_ros_com/lib:/home/batoddy/uav_ws/install/px4_ros2_cpp/lib:/opt/ros/humble/opt/rviz_ogre_vendor/lib:/opt/ros/humble/lib/x86_64-linux-gnu:/opt/ros/humble/lib /usr/bin/cmake /home/batoddy/uav_ws/src/px4_ros_com -DCMAKE_INSTALL_PREFIX=/home/batoddy/uav_ws/install/px4_ros_com
[0.760s] -- The C compiler identification is GNU 11.4.0
[0.927s] -- The CXX compiler identification is GNU 11.4.0
[0.949s] -- Detecting C compiler ABI info
[1.118s] -- Detecting C compiler ABI info - done
[1.145s] -- Check for working C compiler: /usr/bin/cc - skipped
[1.146s] -- Detecting C compile features
[1.146s] -- Detecting C compile features - done
[1.153s] -- Detecting CXX compiler ABI info
[1.338s] -- Detecting CXX compiler ABI info - done
[1.355s] -- Check for working CXX compiler: /usr/bin/c++ - skipped
[1.357s] -- Detecting CXX compile features
[1.358s] -- Detecting CXX compile features - done
[1.373s] -- Found ament_cmake: 1.3.12 (/opt/ros/humble/share/ament_cmake/cmake)
[1.991s] -- Found Python3: /usr/bin/python3 (found version "3.10.12") found components: Interpreter 
[2.348s] -- Found builtin_interfaces: 1.2.2 (/opt/ros/humble/share/builtin_interfaces/cmake)
[2.460s] -- Found rosidl_generator_c: 3.1.7 (/opt/ros/humble/share/rosidl_generator_c/cmake)
[2.487s] -- Found rosidl_adapter: 3.1.7 (/opt/ros/humble/share/rosidl_adapter/cmake)
[2.527s] -- Found rosidl_generator_cpp: 3.1.7 (/opt/ros/humble/share/rosidl_generator_cpp/cmake)
[2.579s] -- Using all available rosidl_typesupport_c: rosidl_typesupport_fastrtps_c;rosidl_typesupport_introspection_c
[2.662s] -- Using all available rosidl_typesupport_cpp: rosidl_typesupport_fastrtps_cpp;rosidl_typesupport_introspection_cpp
[2.786s] -- Found eigen3_cmake_module: 0.1.1 (/opt/ros/humble/share/eigen3_cmake_module/cmake)
[2.838s] -- Found Eigen3: TRUE (found version "3.4.0") 
[2.844s] -- Found geometry_msgs: 4.9.0 (/opt/ros/humble/share/geometry_msgs/cmake)
[3.013s] -- Found px4_msgs: 2.0.1 (/home/batoddy/uav_ws/install/px4_msgs/share/px4_msgs/cmake)
[3.051s] -- Found rclcpp: 16.0.15 (/opt/ros/humble/share/rclcpp/cmake)
[3.201s] -- Found rmw_implementation_cmake: 6.1.2 (/opt/ros/humble/share/rmw_implementation_cmake/cmake)
[3.216s] -- Found rmw_fastrtps_cpp: 6.2.9 (/opt/ros/humble/share/rmw_fastrtps_cpp/cmake)
[3.483s] -- Found OpenSSL: /usr/lib/x86_64-linux-gnu/libcrypto.so (found version "3.0.2")  
[3.569s] -- Found FastRTPS: /opt/ros/humble/include  
[3.721s] -- Using RMW implementation 'rmw_fastrtps_cpp' as default
[3.768s] -- Looking for pthread.h
[4.063s] -- Looking for pthread.h - found
[4.063s] -- Performing Test CMAKE_HAVE_LIBC_PTHREAD
[4.345s] -- Performing Test CMAKE_HAVE_LIBC_PTHREAD - Success
[4.345s] -- Found Threads: TRUE  
[4.457s] -- Found sensor_msgs: 4.9.0 (/opt/ros/humble/share/sensor_msgs/cmake)
[4.501s] -- Found rclpy: 3.3.17 (/opt/ros/humble/share/rclpy/cmake)
[4.546s] -- Found ament_lint_auto: 0.12.14 (/opt/ros/humble/share/ament_lint_auto/cmake)
[4.876s] -- Added test 'copyright' to check source files copyright and LICENSE
[4.891s] -- Added test 'cppcheck' to perform static code analysis on C / C++ code
[4.891s] -- Configured cppcheck include dirs: /home/batoddy/uav_ws/src/px4_ros_com/include;$<BUILD_INTERFACE:/home/batoddy/uav_ws/src/px4_ros_com/include/px4_ros_com>
[4.891s] -- Configured cppcheck exclude dirs and/or files: 
[4.898s] -- Added test 'cpplint' to check C / C++ code against the Google style
[4.899s] -- Configured cpplint exclude dirs and/or files: 
[4.900s] -- Added test 'flake8' to check Python code syntax and style conventions
[4.903s] -- Added test 'lint_cmake' to check CMake code style
[4.906s] -- Added test 'pep257' to check Python code against some of the docstring style conventions in PEP 257
[4.915s] -- Added test 'uncrustify' to check C / C++ code style
[4.915s] -- Configured uncrustify additional arguments: 
[4.918s] -- Added test 'xmllint' to check XML markup files
[4.924s] -- Configuring done
[4.977s] -- Generating done
[5.000s] -- Build files have been written to: /home/batoddy/uav_ws/build/px4_ros_com
[5.038s] Invoked command in '/home/batoddy/uav_ws/build/px4_ros_com' returned '0': CMAKE_PREFIX_PATH=/home/batoddy/uav_ws/install/px4_msgs:/home/batoddy/uav_ws/install/uav_navigation:/home/batoddy/uav_ws/install/sim_topic_bridge:/home/batoddy/uav_ws/install/px4_ros_com:/home/batoddy/uav_ws/install/example_rover_velocity_mode_cpp:/home/batoddy/uav_ws/install/example_mode_with_executor_cpp:/home/batoddy/uav_ws/install/example_mode_vtol_cpp:/home/batoddy/uav_ws/install/example_mode_rtl_replacement_cpp:/home/batoddy/uav_ws/install/example_mode_mission_cpp:/home/batoddy/uav_ws/install/example_mode_manual_cpp:/home/batoddy/uav_ws/install/example_mode_goto_global_cpp:/home/batoddy/uav_ws/install/example_mode_goto_cpp:/home/batoddy/uav_ws/install/example_mode_fw_attitude_cpp:/home/batoddy/uav_ws/install/example_local_navigation_cpp:/home/batoddy/uav_ws/install/example_global_navigation_cpp:/home/batoddy/uav_ws/install/example_executor_with_multiple_modes_cpp:/home/batoddy/uav_ws/install/px4_ros2_cpp:/home/batoddy/uav_ws/install/cmd_vel_to_px4:/home/batoddy/install/urdfdom_headers:/home/batoddy/install/gmock_vendor:/home/batoddy/install/gtest_vendor:/home/batoddy/install/ament_cmake_python:/home/batoddy/install/ament_cmake_libraries:/home/batoddy/install/ament_cmake_core:/home/batoddy/uav_ws/install/px4_offboard:/home/batoddy/install/osrf_pycommon:/home/batoddy/install/ament_pyflakes:/home/batoddy/install/ament_pycodestyle:/home/batoddy/install/ament_pep257:/home/batoddy/install/ament_package:/home/batoddy/install/ament_flake8:/home/batoddy/install/ament_lint:/home/batoddy/install/ament_cppcheck:/home/batoddy/orn_ws/install/navslam:/opt/ros/humble LD_LIBRARY_PATH=/home/batoddy/uav_ws/install/px4_msgs/lib:/home/batoddy/uav_ws/install/px4_ros_com/lib:/home/batoddy/uav_ws/install/px4_ros2_cpp/lib:/opt/ros/humble/opt/rviz_ogre_vendor/lib:/opt/ros/humble/lib/x86_64-linux-gnu:/opt/ros/humble/lib /usr/bin/cmake /home/batoddy/uav_ws/src/px4_ros_com -DCMAKE_INSTALL_PREFIX=/home/batoddy/uav_ws/install/px4_ros_com
[5.039s] Invoking command in '/home/batoddy/uav_ws/build/px4_ros_com': CMAKE_PREFIX_PATH=/home/batoddy/uav_ws/install/px4_msgs:/home/batoddy/uav_ws/install/uav_navigation:/home/batoddy/uav_ws/install/sim_topic_bridge:/home/batoddy/uav_ws/install/px4_ros_com:/home/batoddy/uav_ws/install/example_rover_velocity_mode_cpp:/home/batoddy/uav_ws/install/example_mode_with_executor_cpp:/home/batoddy/uav_ws/install/example_mode_vtol_cpp:/home/batoddy/uav_ws/install/example_mode_rtl_replacement_cpp:/home/batoddy/uav_ws/install/example_mode_mission_cpp:/home/batoddy/uav_ws/install/example_mode_manual_cpp:/home/batoddy/uav_ws/install/example_mode_goto_global_cpp:/home/batoddy/uav_ws/install/example_mode_goto_cpp:/home/batoddy/uav_ws/install/example_mode_fw_attitude_cpp:/home/batoddy/uav_ws/install/example_local_navigation_cpp:/home/batoddy/uav_ws/install/example_global_navigation_cpp:/home/batoddy/uav_ws/install/example_executor_with_multiple_modes_cpp:/home/batoddy/uav_ws/install/px4_ros2_cpp:/home/batoddy/uav_ws/install/cmd_vel_to_px4:/home/batoddy/install/urdfdom_headers:/home/batoddy/install/gmock_vendor:/home/batoddy/install/gtest_vendor:/home/batoddy/install/ament_cmake_python:/home/batoddy/install/ament_cmake_libraries:/home/batoddy/install/ament_cmake_core:/home/batoddy/uav_ws/install/px4_offboard:/home/batoddy/install/osrf_pycommon:/home/batoddy/install/ament_pyflakes:/home/batoddy/install/ament_pycodestyle:/home/batoddy/install/ament_pep257:/home/batoddy/install/ament_package:/home/batoddy/install/ament_flake8:/home/batoddy/install/ament_lint:/home/batoddy/install/ament_cppcheck:/home/batoddy/orn_ws/install/navslam:/opt/ros/humble LD_LIBRARY_PATH=/home/batoddy/uav_ws/install/px4_msgs/lib:/home/batoddy/uav_ws/install/px4_ros_com/lib:/home/batoddy/uav_ws/install/px4_ros2_cpp/lib:/opt/ros/humble/opt/rviz_ogre_vendor/lib:/opt/ros/humble/lib/x86_64-linux-gnu:/opt/ros/humble/lib /usr/bin/cmake --build /home/batoddy/uav_ws/build/px4_ros_com -- -j8 -l8
[5.173s] [  8%] [32mBuilding CXX object CMakeFiles/frame_transforms.dir/src/lib/frame_transforms.cpp.o[0m
[24.085s] [ 16%] [32m[1mLinking CXX shared library libframe_transforms.so[0m
[24.741s] [ 16%] Built target frame_transforms
[24.808s] [ 16%] Built target ament_cmake_python_copy_px4_ros_com
[24.863s] [ 25%] [32mBuilding CXX object CMakeFiles/offboard_control_srv.dir/src/examples/offboard/offboard_control_srv.cpp.o[0m
[39.440s] [ 33%] [32m[1mLinking CXX executable offboard_control_srv[0m
[40.041s] [ 33%] Built target offboard_control_srv
[40.679s] running egg_info
[40.682s] creating px4_ros_com.egg-info
[40.682s] writing px4_ros_com.egg-info/PKG-INFO
[40.682s] writing dependency_links to px4_ros_com.egg-info/dependency_links.txt
[40.682s] writing top-level names to px4_ros_com.egg-info/top_level.txt
[40.683s] writing manifest file 'px4_ros_com.egg-info/SOURCES.txt'
[40.688s] reading manifest file 'px4_ros_com.egg-info/SOURCES.txt'
[40.689s] writing manifest file 'px4_ros_com.egg-info/SOURCES.txt'
[40.762s] [ 33%] Built target ament_cmake_python_build_px4_ros_com_egg
[40.806s] [ 41%] [32mBuilding CXX object CMakeFiles/offboard_control.dir/src/examples/offboard/offboard_control.cpp.o[0m
[51.730s] [ 50%] [32m[1mLinking CXX executable offboard_control[0m
[52.277s] [ 50%] Built target offboard_control
[52.330s] [ 58%] [32mBuilding CXX object CMakeFiles/debug_vect_advertiser.dir/src/examples/advertisers/debug_vect_advertiser.cpp.o[0m
[60.794s] [ 66%] [32m[1mLinking CXX executable debug_vect_advertiser[0m
[61.126s] [ 66%] Built target debug_vect_advertiser
[61.161s] [ 75%] [32mBuilding CXX object CMakeFiles/vehicle_gps_position_listener.dir/src/examples/listeners/vehicle_gps_position_listener.cpp.o[0m
[76.098s] [ 83%] [32m[1mLinking CXX executable vehicle_gps_position_listener[0m
[76.910s] [ 83%] Built target vehicle_gps_position_listener
[76.943s] [ 91%] [32mBuilding CXX object CMakeFiles/sensor_combined_listener.dir/src/examples/listeners/sensor_combined_listener.cpp.o[0m
[93.223s] [100%] [32m[1mLinking CXX executable sensor_combined_listener[0m
[94.047s] [100%] Built target sensor_combined_listener
[94.065s] Invoked command in '/home/batoddy/uav_ws/build/px4_ros_com' returned '0': CMAKE_PREFIX_PATH=/home/batoddy/uav_ws/install/px4_msgs:/home/batoddy/uav_ws/install/uav_navigation:/home/batoddy/uav_ws/install/sim_topic_bridge:/home/batoddy/uav_ws/install/px4_ros_com:/home/batoddy/uav_ws/install/example_rover_velocity_mode_cpp:/home/batoddy/uav_ws/install/example_mode_with_executor_cpp:/home/batoddy/uav_ws/install/example_mode_vtol_cpp:/home/batoddy/uav_ws/install/example_mode_rtl_replacement_cpp:/home/batoddy/uav_ws/install/example_mode_mission_cpp:/home/batoddy/uav_ws/install/example_mode_manual_cpp:/home/batoddy/uav_ws/install/example_mode_goto_global_cpp:/home/batoddy/uav_ws/install/example_mode_goto_cpp:/home/batoddy/uav_ws/install/example_mode_fw_attitude_cpp:/home/batoddy/uav_ws/install/example_local_navigation_cpp:/home/batoddy/uav_ws/install/example_global_navigation_cpp:/home/batoddy/uav_ws/install/example_executor_with_multiple_modes_cpp:/home/batoddy/uav_ws/install/px4_ros2_cpp:/home/batoddy/uav_ws/install/cmd_vel_to_px4:/home/batoddy/install/urdfdom_headers:/home/batoddy/install/gmock_vendor:/home/batoddy/install/gtest_vendor:/home/batoddy/install/ament_cmake_python:/home/batoddy/install/ament_cmake_libraries:/home/batoddy/install/ament_cmake_core:/home/batoddy/uav_ws/install/px4_offboard:/home/batoddy/install/osrf_pycommon:/home/batoddy/install/ament_pyflakes:/home/batoddy/install/ament_pycodestyle:/home/batoddy/install/ament_pep257:/home/batoddy/install/ament_package:/home/batoddy/install/ament_flake8:/home/batoddy/install/ament_lint:/home/batoddy/install/ament_cppcheck:/home/batoddy/orn_ws/install/navslam:/opt/ros/humble LD_LIBRARY_PATH=/home/batoddy/uav_ws/install/px4_msgs/lib:/home/batoddy/uav_ws/install/px4_ros_com/lib:/home/batoddy/uav_ws/install/px4_ros2_cpp/lib:/opt/ros/humble/opt/rviz_ogre_vendor/lib:/opt/ros/humble/lib/x86_64-linux-gnu:/opt/ros/humble/lib /usr/bin/cmake --build /home/batoddy/uav_ws/build/px4_ros_com -- -j8 -l8
[94.068s] Invoking command in '/home/batoddy/uav_ws/build/px4_ros_com': CMAKE_PREFIX_PATH=/home/batoddy/uav_ws/install/px4_msgs:/home/batoddy/uav_ws/install/uav_navigation:/home/batoddy/uav_ws/install/sim_topic_bridge:/home/batoddy/uav_ws/install/px4_ros_com:/home/batoddy/uav_ws/install/example_rover_velocity_mode_cpp:/home/batoddy/uav_ws/install/example_mode_with_executor_cpp:/home/batoddy/uav_ws/install/example_mode_vtol_cpp:/home/batoddy/uav_ws/install/example_mode_rtl_replacement_cpp:/home/batoddy/uav_ws/install/example_mode_mission_cpp:/home/batoddy/uav_ws/install/example_mode_manual_cpp:/home/batoddy/uav_ws/install/example_mode_goto_global_cpp:/home/batoddy/uav_ws/install/example_mode_goto_cpp:/home/batoddy/uav_ws/install/example_mode_fw_attitude_cpp:/home/batoddy/uav_ws/install/example_local_navigation_cpp:/home/batoddy/uav_ws/install/example_global_navigation_cpp:/home/batoddy/uav_ws/install/example_executor_with_multiple_modes_cpp:/home/batoddy/uav_ws/install/px4_ros2_cpp:/home/batoddy/uav_ws/install/cmd_vel_to_px4:/home/batoddy/install/urdfdom_headers:/home/batoddy/install/gmock_vendor:/home/batoddy/install/gtest_vendor:/home/batoddy/install/ament_cmake_python:/home/batoddy/install/ament_cmake_libraries:/home/batoddy/install/ament_cmake_core:/home/batoddy/uav_ws/install/px4_offboard:/home/batoddy/install/osrf_pycommon:/home/batoddy/install/ament_pyflakes:/home/batoddy/install/ament_pycodestyle:/home/batoddy/install/ament_pep257:/home/batoddy/install/ament_package:/home/batoddy/install/ament_flake8:/home/batoddy/install/ament_lint:/home/batoddy/install/ament_cppcheck:/home/batoddy/orn_ws/install/navslam:/opt/ros/humble LD_LIBRARY_PATH=/home/batoddy/uav_ws/install/px4_msgs/lib:/home/batoddy/uav_ws/install/px4_ros_com/lib:/home/batoddy/uav_ws/install/px4_ros2_cpp/lib:/opt/ros/humble/opt/rviz_ogre_vendor/lib:/opt/ros/humble/lib/x86_64-linux-gnu:/opt/ros/humble/lib /usr/bin/cmake --install /home/batoddy/uav_ws/build/px4_ros_com
[94.082s] -- Install configuration: ""
[94.082s] -- Installing: /home/batoddy/uav_ws/install/px4_ros_com/lib/px4_ros_com/sensor_combined_listener
[94.089s] -- Set runtime path of "/home/batoddy/uav_ws/install/px4_ros_com/lib/px4_ros_com/sensor_combined_listener" to ""
[94.090s] -- Installing: /home/batoddy/uav_ws/install/px4_ros_com/lib/px4_ros_com/vehicle_gps_position_listener
[94.093s] -- Set runtime path of "/home/batoddy/uav_ws/install/px4_ros_com/lib/px4_ros_com/vehicle_gps_position_listener" to ""
[94.093s] -- Installing: /home/batoddy/uav_ws/install/px4_ros_com/lib/px4_ros_com/debug_vect_advertiser
[94.094s] -- Set runtime path of "/home/batoddy/uav_ws/install/px4_ros_com/lib/px4_ros_com/debug_vect_advertiser" to ""
[94.095s] -- Installing: /home/batoddy/uav_ws/install/px4_ros_com/lib/px4_ros_com/offboard_control
[94.099s] -- Set runtime path of "/home/batoddy/uav_ws/install/px4_ros_com/lib/px4_ros_com/offboard_control" to ""
[94.099s] -- Installing: /home/batoddy/uav_ws/install/px4_ros_com/lib/px4_ros_com/offboard_control_srv
[94.102s] -- Set runtime path of "/home/batoddy/uav_ws/install/px4_ros_com/lib/px4_ros_com/offboard_control_srv" to ""
[94.102s] -- Installing: /home/batoddy/uav_ws/install/px4_ros_com/share/px4_ros_com/environment/library_path.sh
[94.102s] -- Installing: /home/batoddy/uav_ws/install/px4_ros_com/share/px4_ros_com/environment/library_path.dsv
[94.103s] -- Installing: /home/batoddy/uav_ws/install/px4_ros_com/include/px4_ros_com
[94.103s] -- Installing: /home/batoddy/uav_ws/install/px4_ros_com/include/px4_ros_com/frame_transforms.h
[94.103s] -- Installing: /home/batoddy/uav_ws/install/px4_ros_com/lib/libframe_transforms.so
[94.107s] -- Set runtime path of "/home/batoddy/uav_ws/install/px4_ros_com/lib/libframe_transforms.so" to ""
[94.107s] -- Installing: /home/batoddy/uav_ws/install/px4_ros_com/share/px4_ros_com//launch
[94.108s] -- Installing: /home/batoddy/uav_ws/install/px4_ros_com/share/px4_ros_com//launch/offboard_control_launch.yaml
[94.108s] -- Installing: /home/batoddy/uav_ws/install/px4_ros_com/share/px4_ros_com//launch/sensor_combined_listener.launch.py
[94.108s] -- Installing: /home/batoddy/uav_ws/install/px4_ros_com/share/px4_ros_com//test
[94.108s] -- Installing: /home/batoddy/uav_ws/install/px4_ros_com/share/px4_ros_com//test/pipeline_io_test.py
[94.108s] -- Installing: /home/batoddy/uav_ws/install/px4_ros_com/share/px4_ros_com//test/test_output.py
[94.108s] -- Installing: /home/batoddy/uav_ws/install/px4_ros_com/share/px4_ros_com//test/__init__.py
[94.108s] -- Installing: /home/batoddy/uav_ws/install/px4_ros_com/share/px4_ros_com//test/test_input.py
[94.108s] -- Installing: /home/batoddy/uav_ws/install/px4_ros_com/share/px4_ros_com/environment/pythonpath.sh
[94.108s] -- Installing: /home/batoddy/uav_ws/install/px4_ros_com/share/px4_ros_com/environment/pythonpath.dsv
[94.108s] -- Installing: /home/batoddy/uav_ws/install/px4_ros_com/local/lib/python3.10/dist-packages/px4_ros_com-0.1.0-py3.10.egg-info
[94.109s] -- Installing: /home/batoddy/uav_ws/install/px4_ros_com/local/lib/python3.10/dist-packages/px4_ros_com-0.1.0-py3.10.egg-info/dependency_links.txt
[94.109s] -- Installing: /home/batoddy/uav_ws/install/px4_ros_com/local/lib/python3.10/dist-packages/px4_ros_com-0.1.0-py3.10.egg-info/top_level.txt
[94.109s] -- Installing: /home/batoddy/uav_ws/install/px4_ros_com/local/lib/python3.10/dist-packages/px4_ros_com-0.1.0-py3.10.egg-info/SOURCES.txt
[94.109s] -- Installing: /home/batoddy/uav_ws/install/px4_ros_com/local/lib/python3.10/dist-packages/px4_ros_com-0.1.0-py3.10.egg-info/PKG-INFO
[94.109s] -- Installing: /home/batoddy/uav_ws/install/px4_ros_com/local/lib/python3.10/dist-packages/px4_ros_com
[94.109s] -- Installing: /home/batoddy/uav_ws/install/px4_ros_com/local/lib/python3.10/dist-packages/px4_ros_com/__init__.py
[94.109s] -- Installing: /home/batoddy/uav_ws/install/px4_ros_com/local/lib/python3.10/dist-packages/px4_ros_com/module_to_import.py
[94.179s] Listing '/home/batoddy/uav_ws/install/px4_ros_com/local/lib/python3.10/dist-packages/px4_ros_com'...
[94.180s] Compiling '/home/batoddy/uav_ws/install/px4_ros_com/local/lib/python3.10/dist-packages/px4_ros_com/__init__.py'...
[94.180s] Compiling '/home/batoddy/uav_ws/install/px4_ros_com/local/lib/python3.10/dist-packages/px4_ros_com/module_to_import.py'...
[94.192s] -- Installing: /home/batoddy/uav_ws/install/px4_ros_com/lib/px4_ros_com/offboard_control.py
[94.193s] -- Installing: /home/batoddy/uav_ws/install/px4_ros_com/share/ament_index/resource_index/package_run_dependencies/px4_ros_com
[94.193s] -- Installing: /home/batoddy/uav_ws/install/px4_ros_com/share/ament_index/resource_index/parent_prefix_path/px4_ros_com
[94.193s] -- Installing: /home/batoddy/uav_ws/install/px4_ros_com/share/px4_ros_com/environment/ament_prefix_path.sh
[94.194s] -- Installing: /home/batoddy/uav_ws/install/px4_ros_com/share/px4_ros_com/environment/ament_prefix_path.dsv
[94.194s] -- Installing: /home/batoddy/uav_ws/install/px4_ros_com/share/px4_ros_com/environment/path.sh
[94.194s] -- Installing: /home/batoddy/uav_ws/install/px4_ros_com/share/px4_ros_com/environment/path.dsv
[94.195s] -- Installing: /home/batoddy/uav_ws/install/px4_ros_com/share/px4_ros_com/local_setup.bash
[94.195s] -- Installing: /home/batoddy/uav_ws/install/px4_ros_com/share/px4_ros_com/local_setup.sh
[94.195s] -- Installing: /home/batoddy/uav_ws/install/px4_ros_com/share/px4_ros_com/local_setup.zsh
[94.195s] -- Installing: /home/batoddy/uav_ws/install/px4_ros_com/share/px4_ros_com/local_setup.dsv
[94.195s] -- Installing: /home/batoddy/uav_ws/install/px4_ros_com/share/px4_ros_com/package.dsv
[94.195s] -- Installing: /home/batoddy/uav_ws/install/px4_ros_com/share/ament_index/resource_index/packages/px4_ros_com
[94.195s] -- Installing: /home/batoddy/uav_ws/install/px4_ros_com/share/px4_ros_com/cmake/export_frame_transformsExport.cmake
[94.196s] -- Installing: /home/batoddy/uav_ws/install/px4_ros_com/share/px4_ros_com/cmake/export_frame_transformsExport-noconfig.cmake
[94.196s] -- Installing: /home/batoddy/uav_ws/install/px4_ros_com/share/px4_ros_com/cmake/ament_cmake_export_dependencies-extras.cmake
[94.196s] -- Installing: /home/batoddy/uav_ws/install/px4_ros_com/share/px4_ros_com/cmake/ament_cmake_export_targets-extras.cmake
[94.196s] -- Installing: /home/batoddy/uav_ws/install/px4_ros_com/share/px4_ros_com/cmake/ament_cmake_export_include_directories-extras.cmake
[94.196s] -- Installing: /home/batoddy/uav_ws/install/px4_ros_com/share/px4_ros_com/cmake/ament_cmake_export_libraries-extras.cmake
[94.196s] -- Installing: /home/batoddy/uav_ws/install/px4_ros_com/share/px4_ros_com/cmake/px4_ros_comConfig.cmake
[94.196s] -- Installing: /home/batoddy/uav_ws/install/px4_ros_com/share/px4_ros_com/cmake/px4_ros_comConfig-version.cmake
[94.196s] -- Installing: /home/batoddy/uav_ws/install/px4_ros_com/share/px4_ros_com/package.xml
[94.202s] Invoked command in '/home/batoddy/uav_ws/build/px4_ros_com' returned '0': CMAKE_PREFIX_PATH=/home/batoddy/uav_ws/install/px4_msgs:/home/batoddy/uav_ws/install/uav_navigation:/home/batoddy/uav_ws/install/sim_topic_bridge:/home/batoddy/uav_ws/install/px4_ros_com:/home/batoddy/uav_ws/install/example_rover_velocity_mode_cpp:/home/batoddy/uav_ws/install/example_mode_with_executor_cpp:/home/batoddy/uav_ws/install/example_mode_vtol_cpp:/home/batoddy/uav_ws/install/example_mode_rtl_replacement_cpp:/home/batoddy/uav_ws/install/example_mode_mission_cpp:/home/batoddy/uav_ws/install/example_mode_manual_cpp:/home/batoddy/uav_ws/install/example_mode_goto_global_cpp:/home/batoddy/uav_ws/install/example_mode_goto_cpp:/home/batoddy/uav_ws/install/example_mode_fw_attitude_cpp:/home/batoddy/uav_ws/install/example_local_navigation_cpp:/home/batoddy/uav_ws/install/example_global_navigation_cpp:/home/batoddy/uav_ws/install/example_executor_with_multiple_modes_cpp:/home/batoddy/uav_ws/install/px4_ros2_cpp:/home/batoddy/uav_ws/install/cmd_vel_to_px4:/home/batoddy/install/urdfdom_headers:/home/batoddy/install/gmock_vendor:/home/batoddy/install/gtest_vendor:/home/batoddy/install/ament_cmake_python:/home/batoddy/install/ament_cmake_libraries:/home/batoddy/install/ament_cmake_core:/home/batoddy/uav_ws/install/px4_offboard:/home/batoddy/install/osrf_pycommon:/home/batoddy/install/ament_pyflakes:/home/batoddy/install/ament_pycodestyle:/home/batoddy/install/ament_pep257:/home/batoddy/install/ament_package:/home/batoddy/install/ament_flake8:/home/batoddy/install/ament_lint:/home/batoddy/install/ament_cppcheck:/home/batoddy/orn_ws/install/navslam:/opt/ros/humble LD_LIBRARY_PATH=/home/batoddy/uav_ws/install/px4_msgs/lib:/home/batoddy/uav_ws/install/px4_ros_com/lib:/home/batoddy/uav_ws/install/px4_ros2_cpp/lib:/opt/ros/humble/opt/rviz_ogre_vendor/lib:/opt/ros/humble/lib/x86_64-linux-gnu:/opt/ros/humble/lib /usr/bin/cmake --install /home/batoddy/uav_ws/build/px4_ros_com
