[0.051s] Invoking command in '/home/batoddy/uav_ws/build/px4_ros2_cpp': CMAKE_PREFIX_PATH=/home/batoddy/uav_ws/install/px4_msgs:/home/batoddy/uav_ws/install/uav_navigation:/home/batoddy/uav_ws/install/sim_topic_bridge:/home/batoddy/uav_ws/install/px4_ros_com:/home/batoddy/uav_ws/install/example_rover_velocity_mode_cpp:/home/batoddy/uav_ws/install/example_mode_with_executor_cpp:/home/batoddy/uav_ws/install/example_mode_vtol_cpp:/home/batoddy/uav_ws/install/example_mode_rtl_replacement_cpp:/home/batoddy/uav_ws/install/example_mode_mission_cpp:/home/batoddy/uav_ws/install/example_mode_manual_cpp:/home/batoddy/uav_ws/install/example_mode_goto_global_cpp:/home/batoddy/uav_ws/install/example_mode_goto_cpp:/home/batoddy/uav_ws/install/example_mode_fw_attitude_cpp:/home/batoddy/uav_ws/install/example_local_navigation_cpp:/home/batoddy/uav_ws/install/example_global_navigation_cpp:/home/batoddy/uav_ws/install/example_executor_with_multiple_modes_cpp:/home/batoddy/uav_ws/install/px4_ros2_cpp:/home/batoddy/uav_ws/install/cmd_vel_to_px4:/home/batoddy/install/urdfdom_headers:/home/batoddy/install/gmock_vendor:/home/batoddy/install/gtest_vendor:/home/batoddy/install/ament_cmake_python:/home/batoddy/install/ament_cmake_libraries:/home/batoddy/install/ament_cmake_core:/home/batoddy/uav_ws/install/px4_offboard:/home/batoddy/install/osrf_pycommon:/home/batoddy/install/ament_pyflakes:/home/batoddy/install/ament_pycodestyle:/home/batoddy/install/ament_pep257:/home/batoddy/install/ament_package:/home/batoddy/install/ament_flake8:/home/batoddy/install/ament_lint:/home/batoddy/install/ament_cppcheck:/home/batoddy/orn_ws/install/navslam:/opt/ros/humble LD_LIBRARY_PATH=/home/batoddy/uav_ws/install/px4_msgs/lib:/home/batoddy/uav_ws/install/px4_ros_com/lib:/home/batoddy/uav_ws/install/px4_ros2_cpp/lib:/opt/ros/humble/opt/rviz_ogre_vendor/lib:/opt/ros/humble/lib/x86_64-linux-gnu:/opt/ros/humble/lib /usr/bin/cmake /home/batoddy/uav_ws/src/px4-ros2-interface-lib/px4_ros2_cpp -DCMAKE_INSTALL_PREFIX=/home/batoddy/uav_ws/install/px4_ros2_cpp
[0.599s] -- The C compiler identification is GNU 11.4.0
[0.599s] -- The CXX compiler identification is GNU 11.4.0
[0.599s] -- Detecting C compiler ABI info
[0.599s] -- Detecting C compiler ABI info - done
[0.600s] -- Check for working C compiler: /usr/bin/cc - skipped
[0.600s] -- Detecting C compile features
[0.600s] -- Detecting C compile features - done
[0.600s] -- Detecting CXX compiler ABI info
[0.600s] -- Detecting CXX compiler ABI info - done
[0.600s] -- Check for working CXX compiler: /usr/bin/c++ - skipped
[0.600s] -- Detecting CXX compile features
[0.600s] -- Detecting CXX compile features - done
[0.600s] -- Found ament_cmake: 1.3.12 (/opt/ros/humble/share/ament_cmake/cmake)
[1.084s] -- Found Python3: /usr/bin/python3 (found version "3.10.12") found components: Interpreter 
[1.401s] -- Found ament_index_cpp: 1.4.0 (/opt/ros/humble/share/ament_index_cpp/cmake)
[1.413s] -- Found rclcpp: 16.0.15 (/opt/ros/humble/share/rclcpp/cmake)
[1.557s] -- Found rosidl_generator_c: 3.1.7 (/opt/ros/humble/share/rosidl_generator_c/cmake)
[1.585s] -- Found rosidl_adapter: 3.1.7 (/opt/ros/humble/share/rosidl_adapter/cmake)
[1.634s] -- Found rosidl_generator_cpp: 3.1.7 (/opt/ros/humble/share/rosidl_generator_cpp/cmake)
[1.685s] -- Using all available rosidl_typesupport_c: rosidl_typesupport_fastrtps_c;rosidl_typesupport_introspection_c
[1.767s] -- Using all available rosidl_typesupport_cpp: rosidl_typesupport_fastrtps_cpp;rosidl_typesupport_introspection_cpp
[2.028s] -- Found rmw_implementation_cmake: 6.1.2 (/opt/ros/humble/share/rmw_implementation_cmake/cmake)
[2.051s] -- Found rmw_fastrtps_cpp: 6.2.9 (/opt/ros/humble/share/rmw_fastrtps_cpp/cmake)
[2.468s] -- Found OpenSSL: /usr/lib/x86_64-linux-gnu/libcrypto.so (found version "3.0.2")  
[2.684s] -- Found FastRTPS: /opt/ros/humble/include  
[2.865s] -- Using RMW implementation 'rmw_fastrtps_cpp' as default
[2.928s] -- Looking for pthread.h
[3.162s] -- Looking for pthread.h - found
[3.166s] -- Performing Test CMAKE_HAVE_LIBC_PTHREAD
[3.460s] -- Performing Test CMAKE_HAVE_LIBC_PTHREAD - Success
[3.464s] -- Found Threads: TRUE  
[3.734s] -- Found px4_msgs: 2.0.1 (/home/batoddy/uav_ws/install/px4_msgs/share/px4_msgs/cmake)
[3.780s] -- Found eigen3_cmake_module: 0.1.1 (/opt/ros/humble/share/eigen3_cmake_module/cmake)
[3.811s] -- Found Eigen3: TRUE (found version "3.4.0") 
[4.020s] -- Found ament_lint_auto: 0.12.14 (/opt/ros/humble/share/ament_lint_auto/cmake)
[4.031s] -- Found ament_cmake_gtest: 1.3.12 (/opt/ros/humble/share/ament_cmake_gtest/cmake)
[4.368s] -- Found gtest sources under '/home/batoddy/install/gtest_vendor/src/gtest_vendor': C++ tests using 'Google Test' will be built
[4.390s] -- Added test 'copyright' to check source files copyright and LICENSE
[4.406s] -- Added test 'cppcheck' to perform static code analysis on C / C++ code
[4.406s] -- Configured cppcheck include dirs: /home/batoddy/uav_ws/src/px4-ros2-interface-lib/px4_ros2_cpp/include
[4.406s] -- Configured cppcheck exclude dirs and/or files: 
[4.423s] -- Added test 'cpplint' to check C / C++ code against the Google style
[4.423s] -- Configured cpplint exclude dirs and/or files: 
[4.433s] -- Added test 'lint_cmake' to check CMake code style
[4.467s] -- Added test 'uncrustify' to check C / C++ code style
[4.468s] -- Configured uncrustify additional arguments: 
[4.473s] -- Added test 'xmllint' to check XML markup files
[4.480s] -- Configuring done
[4.583s] -- Generating done
[4.611s] -- Build files have been written to: /home/batoddy/uav_ws/build/px4_ros2_cpp
[4.636s] Invoked command in '/home/batoddy/uav_ws/build/px4_ros2_cpp' returned '0': CMAKE_PREFIX_PATH=/home/batoddy/uav_ws/install/px4_msgs:/home/batoddy/uav_ws/install/uav_navigation:/home/batoddy/uav_ws/install/sim_topic_bridge:/home/batoddy/uav_ws/install/px4_ros_com:/home/batoddy/uav_ws/install/example_rover_velocity_mode_cpp:/home/batoddy/uav_ws/install/example_mode_with_executor_cpp:/home/batoddy/uav_ws/install/example_mode_vtol_cpp:/home/batoddy/uav_ws/install/example_mode_rtl_replacement_cpp:/home/batoddy/uav_ws/install/example_mode_mission_cpp:/home/batoddy/uav_ws/install/example_mode_manual_cpp:/home/batoddy/uav_ws/install/example_mode_goto_global_cpp:/home/batoddy/uav_ws/install/example_mode_goto_cpp:/home/batoddy/uav_ws/install/example_mode_fw_attitude_cpp:/home/batoddy/uav_ws/install/example_local_navigation_cpp:/home/batoddy/uav_ws/install/example_global_navigation_cpp:/home/batoddy/uav_ws/install/example_executor_with_multiple_modes_cpp:/home/batoddy/uav_ws/install/px4_ros2_cpp:/home/batoddy/uav_ws/install/cmd_vel_to_px4:/home/batoddy/install/urdfdom_headers:/home/batoddy/install/gmock_vendor:/home/batoddy/install/gtest_vendor:/home/batoddy/install/ament_cmake_python:/home/batoddy/install/ament_cmake_libraries:/home/batoddy/install/ament_cmake_core:/home/batoddy/uav_ws/install/px4_offboard:/home/batoddy/install/osrf_pycommon:/home/batoddy/install/ament_pyflakes:/home/batoddy/install/ament_pycodestyle:/home/batoddy/install/ament_pep257:/home/batoddy/install/ament_package:/home/batoddy/install/ament_flake8:/home/batoddy/install/ament_lint:/home/batoddy/install/ament_cppcheck:/home/batoddy/orn_ws/install/navslam:/opt/ros/humble LD_LIBRARY_PATH=/home/batoddy/uav_ws/install/px4_msgs/lib:/home/batoddy/uav_ws/install/px4_ros_com/lib:/home/batoddy/uav_ws/install/px4_ros2_cpp/lib:/opt/ros/humble/opt/rviz_ogre_vendor/lib:/opt/ros/humble/lib/x86_64-linux-gnu:/opt/ros/humble/lib /usr/bin/cmake /home/batoddy/uav_ws/src/px4-ros2-interface-lib/px4_ros2_cpp -DCMAKE_INSTALL_PREFIX=/home/batoddy/uav_ws/install/px4_ros2_cpp
[4.637s] Invoking command in '/home/batoddy/uav_ws/build/px4_ros2_cpp': CMAKE_PREFIX_PATH=/home/batoddy/uav_ws/install/px4_msgs:/home/batoddy/uav_ws/install/uav_navigation:/home/batoddy/uav_ws/install/sim_topic_bridge:/home/batoddy/uav_ws/install/px4_ros_com:/home/batoddy/uav_ws/install/example_rover_velocity_mode_cpp:/home/batoddy/uav_ws/install/example_mode_with_executor_cpp:/home/batoddy/uav_ws/install/example_mode_vtol_cpp:/home/batoddy/uav_ws/install/example_mode_rtl_replacement_cpp:/home/batoddy/uav_ws/install/example_mode_mission_cpp:/home/batoddy/uav_ws/install/example_mode_manual_cpp:/home/batoddy/uav_ws/install/example_mode_goto_global_cpp:/home/batoddy/uav_ws/install/example_mode_goto_cpp:/home/batoddy/uav_ws/install/example_mode_fw_attitude_cpp:/home/batoddy/uav_ws/install/example_local_navigation_cpp:/home/batoddy/uav_ws/install/example_global_navigation_cpp:/home/batoddy/uav_ws/install/example_executor_with_multiple_modes_cpp:/home/batoddy/uav_ws/install/px4_ros2_cpp:/home/batoddy/uav_ws/install/cmd_vel_to_px4:/home/batoddy/install/urdfdom_headers:/home/batoddy/install/gmock_vendor:/home/batoddy/install/gtest_vendor:/home/batoddy/install/ament_cmake_python:/home/batoddy/install/ament_cmake_libraries:/home/batoddy/install/ament_cmake_core:/home/batoddy/uav_ws/install/px4_offboard:/home/batoddy/install/osrf_pycommon:/home/batoddy/install/ament_pyflakes:/home/batoddy/install/ament_pycodestyle:/home/batoddy/install/ament_pep257:/home/batoddy/install/ament_package:/home/batoddy/install/ament_flake8:/home/batoddy/install/ament_lint:/home/batoddy/install/ament_cppcheck:/home/batoddy/orn_ws/install/navslam:/opt/ros/humble LD_LIBRARY_PATH=/home/batoddy/uav_ws/install/px4_msgs/lib:/home/batoddy/uav_ws/install/px4_ros_com/lib:/home/batoddy/uav_ws/install/px4_ros2_cpp/lib:/opt/ros/humble/opt/rviz_ogre_vendor/lib:/opt/ros/humble/lib/x86_64-linux-gnu:/opt/ros/humble/lib /usr/bin/cmake --build /home/batoddy/uav_ws/build/px4_ros2_cpp -- -j8 -l8
[4.812s] [  1%] [34m[1mGenerating px4_all_messages.hpp using empy[0m
[5.002s] [  1%] Built target generate_px4_header
[5.071s] [  3%] [32mBuilding CXX object CMakeFiles/unit_utils.dir/test/unit/utils/util.cpp.o[0m
[11.985s] [  4%] [32m[1mLinking CXX shared library libunit_utils.so[0m
[12.244s] [  4%] Built target unit_utils
[12.304s] [  6%] [32mBuilding CXX object CMakeFiles/px4_ros2_cpp.dir/src/components/health_and_arming_checks.cpp.o[0m
[35.229s] [  7%] [32mBuilding CXX object CMakeFiles/px4_ros2_cpp.dir/src/components/mode_executor.cpp.o[0m
[66.776s] [  9%] [32mBuilding CXX object CMakeFiles/px4_ros2_cpp.dir/src/components/overrides.cpp.o[0m
[74.799s] [ 10%] [32mBuilding CXX object CMakeFiles/px4_ros2_cpp.dir/src/components/registration.cpp.o[0m
[94.481s] [ 12%] [32mBuilding CXX object CMakeFiles/px4_ros2_cpp.dir/src/components/wait_for_fmu.cpp.o[0m
[110.069s] [ 13%] [32mBuilding CXX object CMakeFiles/px4_ros2_cpp.dir/src/control/peripheral_actuators.cpp.o[0m
[119.461s] [ 15%] [32mBuilding CXX object CMakeFiles/px4_ros2_cpp.dir/src/control/setpoint_types/direct_actuators.cpp.o[0m
[129.744s] [ 16%] [32mBuilding CXX object CMakeFiles/px4_ros2_cpp.dir/src/control/setpoint_types/experimental/attitude.cpp.o[0m
[140.231s] [ 18%] [32mBuilding CXX object CMakeFiles/px4_ros2_cpp.dir/src/control/setpoint_types/experimental/rates.cpp.o[0m
[149.672s] [ 20%] [32mBuilding CXX object CMakeFiles/px4_ros2_cpp.dir/src/control/setpoint_types/experimental/rover/position.cpp.o[0m
[156.696s] [ 21%] [32mBuilding CXX object CMakeFiles/px4_ros2_cpp.dir/src/control/setpoint_types/experimental/rover/speed_attitude.cpp.o[0m
[156.698s] [ 23%] [32mBuilding CXX object CMakeFiles/px4_ros2_cpp.dir/src/components/mode.cpp.o[0m
[157.725s] [ 24%] [32mBuilding CXX object CMakeFiles/px4_ros2_cpp.dir/src/components/manual_control_input.cpp.o[0m
[157.737s] [ 26%] [32mBuilding CXX object CMakeFiles/px4_ros2_cpp.dir/src/components/message_compatibility_check.cpp.o[0m
[160.008s] [ 27%] [32mBuilding CXX object CMakeFiles/px4_ros2_cpp.dir/src/control/setpoint_types/experimental/rover/speed_rate.cpp.o[0m
[190.101s] [ 29%] [32mBuilding CXX object CMakeFiles/px4_ros2_cpp.dir/src/control/setpoint_types/experimental/rover/throttle_steering.cpp.o[0m
[198.962s] [ 30%] [32mBuilding CXX object CMakeFiles/px4_ros2_cpp.dir/src/control/setpoint_types/experimental/trajectory.cpp.o[0m
[208.746s] [ 32%] [32mBuilding CXX object CMakeFiles/px4_ros2_cpp.dir/src/control/setpoint_types/fixedwing/lateral_longitudinal.cpp.o[0m
[216.769s] [ 33%] [32mBuilding CXX object CMakeFiles/px4_ros2_cpp.dir/src/control/setpoint_types/multicopter/goto.cpp.o[0m
[218.791s] [ 35%] [32mBuilding CXX object CMakeFiles/px4_ros2_cpp.dir/src/control/setpoint_types/experimental/rover/throttle_rate.cpp.o[0m
[220.370s] [ 36%] [32mBuilding CXX object CMakeFiles/px4_ros2_cpp.dir/src/control/setpoint_types/experimental/rover/throttle_attitude.cpp.o[0m
[221.388s] [ 38%] [32mBuilding CXX object CMakeFiles/px4_ros2_cpp.dir/src/control/setpoint_types/experimental/rover/speed_steering.cpp.o[0m
[221.394s] [ 40%] [32mBuilding CXX object CMakeFiles/px4_ros2_cpp.dir/src/control/vtol.cpp.o[0m
[228.294s] [ 41%] [32mBuilding CXX object CMakeFiles/px4_ros2_cpp.dir/src/mission/actions/default_actions.cpp.o[0m
[230.733s] [ 43%] [32mBuilding CXX object CMakeFiles/px4_ros2_cpp.dir/src/mission/mission.cpp.o[0m
[232.561s] [ 44%] [32mBuilding CXX object CMakeFiles/px4_ros2_cpp.dir/src/mission/mission_executor.cpp.o[0m
[233.654s] [ 46%] [32mBuilding CXX object CMakeFiles/px4_ros2_cpp.dir/src/mission/trajectory/multicopter/waypoint_trajectory_executor.cpp.o[0m
[260.168s] [ 47%] [32mBuilding CXX object CMakeFiles/px4_ros2_cpp.dir/src/odometry/angular_velocity.cpp.o[0m
[278.171s] [ 49%] [32mBuilding CXX object CMakeFiles/px4_ros2_cpp.dir/src/odometry/attitude.cpp.o[0m
[296.196s] [ 50%] [32mBuilding CXX object CMakeFiles/px4_ros2_cpp.dir/src/odometry/global_position.cpp.o[0m
[314.069s] [ 52%] [32mBuilding CXX object CMakeFiles/px4_ros2_cpp.dir/src/odometry/local_position.cpp.o[0m
[316.088s] [ 53%] [32mBuilding CXX object CMakeFiles/px4_ros2_cpp.dir/src/utils/geodesic.cpp.o[0m
[317.107s] [ 55%] [32mBuilding CXX object CMakeFiles/px4_ros2_cpp.dir/src/odometry/airspeed.cpp.o[0m
[318.132s] [ 56%] [32mBuilding CXX object CMakeFiles/px4_ros2_cpp.dir/src/navigation/experimental/local_position_measurement_interface.cpp.o[0m
[319.162s] [ 58%] [32mBuilding CXX object CMakeFiles/px4_ros2_cpp.dir/src/navigation/experimental/global_position_measurement_interface.cpp.o[0m
[338.268s] [ 60%] [32mBuilding CXX object CMakeFiles/px4_ros2_cpp.dir/src/utils/map_projection_impl.cpp.o[0m
[340.457s] [ 61%] [32m[1mLinking CXX shared library libpx4_ros2_cpp.so[0m
[352.249s] [ 61%] Built target px4_ros2_cpp
[352.284s] [ 63%] [32mBuilding CXX object gtest/CMakeFiles/gtest.dir/src/gtest-all.cc.o[0m
[358.337s] [ 64%] [32m[1mLinking CXX static library libgtest.a[0m
[358.660s] [ 64%] Built target gtest
[358.691s] [ 66%] [32mBuilding CXX object gtest/CMakeFiles/gtest_main.dir/src/gtest_main.cc.o[0m
[360.309s] [ 67%] [32m[1mLinking CXX static library libgtest_main.a[0m
[360.426s] [ 67%] Built target gtest_main
[360.459s] [ 69%] [32mBuilding CXX object CMakeFiles/integration_utils.dir/test/integration/util.cpp.o[0m
[377.461s] [ 70%] [32m[1mLinking CXX shared library libintegration_utils.so[0m
[378.270s] [ 70%] Built target integration_utils
[378.306s] [ 72%] [32mBuilding CXX object CMakeFiles/px4_ros2_cpp_unit_tests.dir/test/unit/global_navigation.cpp.o[0m
[396.346s] [ 73%] [32mBuilding CXX object CMakeFiles/px4_ros2_cpp_unit_tests.dir/test/unit/utils/frame_conversion.cpp.o[0m
[396.347s] [ 75%] [32mBuilding CXX object CMakeFiles/px4_ros2_cpp_unit_tests.dir/test/unit/shared_subscription.cpp.o[0m
[397.366s] [ 76%] [32mBuilding CXX object CMakeFiles/px4_ros2_cpp_unit_tests.dir/test/unit/modes.cpp.o[0m
[398.396s] [ 78%] [32mBuilding CXX object CMakeFiles/px4_ros2_cpp_unit_tests.dir/test/unit/mission_execution.cpp.o[0m
[398.892s] [ 80%] [32mBuilding CXX object CMakeFiles/px4_ros2_cpp_unit_tests.dir/test/unit/main.cpp.o[0m
[398.915s] [ 81%] [32mBuilding CXX object CMakeFiles/px4_ros2_cpp_unit_tests.dir/test/unit/utils/geodesic.cpp.o[0m
[399.964s] [ 83%] [32mBuilding CXX object CMakeFiles/px4_ros2_cpp_unit_tests.dir/test/unit/local_navigation.cpp.o[0m
[424.725s] [ 84%] [32mBuilding CXX object CMakeFiles/px4_ros2_cpp_unit_tests.dir/test/unit/utils/map_projection_impl.cpp.o[0m
[428.848s] [ 86%] [32mBuilding CXX object CMakeFiles/px4_ros2_cpp_unit_tests.dir/test/unit/utils/geometry.cpp.o[0m
[437.512s] [ 87%] [32m[1mLinking CXX executable px4_ros2_cpp_unit_tests[0m
[442.868s] [ 87%] Built target px4_ros2_cpp_unit_tests
[442.904s] [ 90%] [32mBuilding CXX object CMakeFiles/integration_tests.dir/test/integration/local_navigation.cpp.o[0m
[442.904s] [ 90%] [32mBuilding CXX object CMakeFiles/integration_tests.dir/test/integration/global_navigation.cpp.o[0m
[442.905s] [ 93%] [32mBuilding CXX object CMakeFiles/integration_tests.dir/test/integration/arming_check.cpp.o[0m
[442.906s] [ 93%] [32mBuilding CXX object CMakeFiles/integration_tests.dir/test/integration/mode.cpp.o[0m
[442.907s] [ 95%] [32mBuilding CXX object CMakeFiles/integration_tests.dir/test/integration/mission.cpp.o[0m
[452.516s] [ 96%] [32mBuilding CXX object CMakeFiles/integration_tests.dir/test/integration/overrides.cpp.o[0m
[452.518s] [ 98%] [32mBuilding CXX object CMakeFiles/integration_tests.dir/test/integration/mode_executor.cpp.o[0m
[468.368s] [100%] [32m[1mLinking CXX executable integration_tests[0m
[471.561s] [100%] Built target integration_tests
[471.586s] Invoked command in '/home/batoddy/uav_ws/build/px4_ros2_cpp' returned '0': CMAKE_PREFIX_PATH=/home/batoddy/uav_ws/install/px4_msgs:/home/batoddy/uav_ws/install/uav_navigation:/home/batoddy/uav_ws/install/sim_topic_bridge:/home/batoddy/uav_ws/install/px4_ros_com:/home/batoddy/uav_ws/install/example_rover_velocity_mode_cpp:/home/batoddy/uav_ws/install/example_mode_with_executor_cpp:/home/batoddy/uav_ws/install/example_mode_vtol_cpp:/home/batoddy/uav_ws/install/example_mode_rtl_replacement_cpp:/home/batoddy/uav_ws/install/example_mode_mission_cpp:/home/batoddy/uav_ws/install/example_mode_manual_cpp:/home/batoddy/uav_ws/install/example_mode_goto_global_cpp:/home/batoddy/uav_ws/install/example_mode_goto_cpp:/home/batoddy/uav_ws/install/example_mode_fw_attitude_cpp:/home/batoddy/uav_ws/install/example_local_navigation_cpp:/home/batoddy/uav_ws/install/example_global_navigation_cpp:/home/batoddy/uav_ws/install/example_executor_with_multiple_modes_cpp:/home/batoddy/uav_ws/install/px4_ros2_cpp:/home/batoddy/uav_ws/install/cmd_vel_to_px4:/home/batoddy/install/urdfdom_headers:/home/batoddy/install/gmock_vendor:/home/batoddy/install/gtest_vendor:/home/batoddy/install/ament_cmake_python:/home/batoddy/install/ament_cmake_libraries:/home/batoddy/install/ament_cmake_core:/home/batoddy/uav_ws/install/px4_offboard:/home/batoddy/install/osrf_pycommon:/home/batoddy/install/ament_pyflakes:/home/batoddy/install/ament_pycodestyle:/home/batoddy/install/ament_pep257:/home/batoddy/install/ament_package:/home/batoddy/install/ament_flake8:/home/batoddy/install/ament_lint:/home/batoddy/install/ament_cppcheck:/home/batoddy/orn_ws/install/navslam:/opt/ros/humble LD_LIBRARY_PATH=/home/batoddy/uav_ws/install/px4_msgs/lib:/home/batoddy/uav_ws/install/px4_ros_com/lib:/home/batoddy/uav_ws/install/px4_ros2_cpp/lib:/opt/ros/humble/opt/rviz_ogre_vendor/lib:/opt/ros/humble/lib/x86_64-linux-gnu:/opt/ros/humble/lib /usr/bin/cmake --build /home/batoddy/uav_ws/build/px4_ros2_cpp -- -j8 -l8
[471.590s] Invoking command in '/home/batoddy/uav_ws/build/px4_ros2_cpp': CMAKE_PREFIX_PATH=/home/batoddy/uav_ws/install/px4_msgs:/home/batoddy/uav_ws/install/uav_navigation:/home/batoddy/uav_ws/install/sim_topic_bridge:/home/batoddy/uav_ws/install/px4_ros_com:/home/batoddy/uav_ws/install/example_rover_velocity_mode_cpp:/home/batoddy/uav_ws/install/example_mode_with_executor_cpp:/home/batoddy/uav_ws/install/example_mode_vtol_cpp:/home/batoddy/uav_ws/install/example_mode_rtl_replacement_cpp:/home/batoddy/uav_ws/install/example_mode_mission_cpp:/home/batoddy/uav_ws/install/example_mode_manual_cpp:/home/batoddy/uav_ws/install/example_mode_goto_global_cpp:/home/batoddy/uav_ws/install/example_mode_goto_cpp:/home/batoddy/uav_ws/install/example_mode_fw_attitude_cpp:/home/batoddy/uav_ws/install/example_local_navigation_cpp:/home/batoddy/uav_ws/install/example_global_navigation_cpp:/home/batoddy/uav_ws/install/example_executor_with_multiple_modes_cpp:/home/batoddy/uav_ws/install/px4_ros2_cpp:/home/batoddy/uav_ws/install/cmd_vel_to_px4:/home/batoddy/install/urdfdom_headers:/home/batoddy/install/gmock_vendor:/home/batoddy/install/gtest_vendor:/home/batoddy/install/ament_cmake_python:/home/batoddy/install/ament_cmake_libraries:/home/batoddy/install/ament_cmake_core:/home/batoddy/uav_ws/install/px4_offboard:/home/batoddy/install/osrf_pycommon:/home/batoddy/install/ament_pyflakes:/home/batoddy/install/ament_pycodestyle:/home/batoddy/install/ament_pep257:/home/batoddy/install/ament_package:/home/batoddy/install/ament_flake8:/home/batoddy/install/ament_lint:/home/batoddy/install/ament_cppcheck:/home/batoddy/orn_ws/install/navslam:/opt/ros/humble LD_LIBRARY_PATH=/home/batoddy/uav_ws/install/px4_msgs/lib:/home/batoddy/uav_ws/install/px4_ros_com/lib:/home/batoddy/uav_ws/install/px4_ros2_cpp/lib:/opt/ros/humble/opt/rviz_ogre_vendor/lib:/opt/ros/humble/lib/x86_64-linux-gnu:/opt/ros/humble/lib /usr/bin/cmake --install /home/batoddy/uav_ws/build/px4_ros2_cpp
[471.601s] -- Install configuration: ""
[471.601s] -- Installing: /home/batoddy/uav_ws/install/px4_ros2_cpp/share/px4_ros2_cpp/environment/library_path.sh
[471.601s] -- Installing: /home/batoddy/uav_ws/install/px4_ros2_cpp/share/px4_ros2_cpp/environment/library_path.dsv
[471.601s] -- Installing: /home/batoddy/uav_ws/install/px4_ros2_cpp/include/px4_ros2
[471.602s] -- Installing: /home/batoddy/uav_ws/install/px4_ros2_cpp/include/px4_ros2/navigation
[471.602s] -- Installing: /home/batoddy/uav_ws/install/px4_ros2_cpp/include/px4_ros2/navigation/groups.dox
[471.602s] -- Installing: /home/batoddy/uav_ws/install/px4_ros2_cpp/include/px4_ros2/navigation/experimental
[471.603s] -- Installing: /home/batoddy/uav_ws/install/px4_ros2_cpp/include/px4_ros2/navigation/experimental/global_position_measurement_interface.hpp
[471.603s] -- Installing: /home/batoddy/uav_ws/install/px4_ros2_cpp/include/px4_ros2/navigation/experimental/local_position_measurement_interface.hpp
[471.603s] -- Installing: /home/batoddy/uav_ws/install/px4_ros2_cpp/include/px4_ros2/navigation/experimental/navigation_interface_base.hpp
[471.603s] -- Installing: /home/batoddy/uav_ws/install/px4_ros2_cpp/include/px4_ros2/vehicle_state
[471.603s] -- Installing: /home/batoddy/uav_ws/install/px4_ros2_cpp/include/px4_ros2/vehicle_state/home_position.hpp
[471.603s] -- Installing: /home/batoddy/uav_ws/install/px4_ros2_cpp/include/px4_ros2/vehicle_state/land_detected.hpp
[471.603s] -- Installing: /home/batoddy/uav_ws/install/px4_ros2_cpp/include/px4_ros2/vehicle_state/groups.dox
[471.604s] -- Installing: /home/batoddy/uav_ws/install/px4_ros2_cpp/include/px4_ros2/vehicle_state/battery.hpp
[471.604s] -- Installing: /home/batoddy/uav_ws/install/px4_ros2_cpp/include/px4_ros2/vehicle_state/vtol_status.hpp
[471.604s] -- Installing: /home/batoddy/uav_ws/install/px4_ros2_cpp/include/px4_ros2/vehicle_state/vehicle_status.hpp
[471.604s] -- Installing: /home/batoddy/uav_ws/install/px4_ros2_cpp/include/px4_ros2/odometry
[471.605s] -- Installing: /home/batoddy/uav_ws/install/px4_ros2_cpp/include/px4_ros2/odometry/angular_velocity.hpp
[471.605s] -- Installing: /home/batoddy/uav_ws/install/px4_ros2_cpp/include/px4_ros2/odometry/global_position.hpp
[471.605s] -- Installing: /home/batoddy/uav_ws/install/px4_ros2_cpp/include/px4_ros2/odometry/airspeed.hpp
[471.605s] -- Installing: /home/batoddy/uav_ws/install/px4_ros2_cpp/include/px4_ros2/odometry/local_position.hpp
[471.605s] -- Installing: /home/batoddy/uav_ws/install/px4_ros2_cpp/include/px4_ros2/odometry/groups.dox
[471.605s] -- Installing: /home/batoddy/uav_ws/install/px4_ros2_cpp/include/px4_ros2/odometry/attitude.hpp
[471.605s] -- Installing: /home/batoddy/uav_ws/install/px4_ros2_cpp/include/px4_ros2/components
[471.605s] -- Installing: /home/batoddy/uav_ws/install/px4_ros2_cpp/include/px4_ros2/components/mode.hpp
[471.605s] -- Installing: /home/batoddy/uav_ws/install/px4_ros2_cpp/include/px4_ros2/components/manual_control_input.hpp
[471.606s] -- Installing: /home/batoddy/uav_ws/install/px4_ros2_cpp/include/px4_ros2/components/shared_subscription.hpp
[471.606s] -- Installing: /home/batoddy/uav_ws/install/px4_ros2_cpp/include/px4_ros2/components/health_and_arming_checks.hpp
[471.606s] -- Installing: /home/batoddy/uav_ws/install/px4_ros2_cpp/include/px4_ros2/components/wait_for_fmu.hpp
[471.606s] -- Installing: /home/batoddy/uav_ws/install/px4_ros2_cpp/include/px4_ros2/components/groups.dox
[471.606s] -- Installing: /home/batoddy/uav_ws/install/px4_ros2_cpp/include/px4_ros2/components/events.hpp
[471.606s] -- Installing: /home/batoddy/uav_ws/install/px4_ros2_cpp/include/px4_ros2/components/overrides.hpp
[471.606s] -- Installing: /home/batoddy/uav_ws/install/px4_ros2_cpp/include/px4_ros2/components/message_compatibility_check.hpp
[471.606s] -- Installing: /home/batoddy/uav_ws/install/px4_ros2_cpp/include/px4_ros2/components/mode_executor.hpp
[471.607s] -- Installing: /home/batoddy/uav_ws/install/px4_ros2_cpp/include/px4_ros2/components/node_with_mode.hpp
[471.607s] -- Installing: /home/batoddy/uav_ws/install/px4_ros2_cpp/include/px4_ros2/control
[471.607s] -- Installing: /home/batoddy/uav_ws/install/px4_ros2_cpp/include/px4_ros2/control/setpoint_types
[471.607s] -- Installing: /home/batoddy/uav_ws/install/px4_ros2_cpp/include/px4_ros2/control/setpoint_types/direct_actuators.hpp
[471.607s] -- Installing: /home/batoddy/uav_ws/install/px4_ros2_cpp/include/px4_ros2/control/setpoint_types/groups.dox
[471.607s] -- Installing: /home/batoddy/uav_ws/install/px4_ros2_cpp/include/px4_ros2/control/setpoint_types/experimental
[471.607s] -- Installing: /home/batoddy/uav_ws/install/px4_ros2_cpp/include/px4_ros2/control/setpoint_types/experimental/attitude.hpp
[471.608s] -- Installing: /home/batoddy/uav_ws/install/px4_ros2_cpp/include/px4_ros2/control/setpoint_types/experimental/trajectory.hpp
[471.608s] -- Installing: /home/batoddy/uav_ws/install/px4_ros2_cpp/include/px4_ros2/control/setpoint_types/experimental/rover
[471.608s] -- Installing: /home/batoddy/uav_ws/install/px4_ros2_cpp/include/px4_ros2/control/setpoint_types/experimental/rover/speed_steering.hpp
[471.608s] -- Installing: /home/batoddy/uav_ws/install/px4_ros2_cpp/include/px4_ros2/control/setpoint_types/experimental/rover/throttle_rate.hpp
[471.608s] -- Installing: /home/batoddy/uav_ws/install/px4_ros2_cpp/include/px4_ros2/control/setpoint_types/experimental/rover/throttle_attitude.hpp
[471.608s] -- Installing: /home/batoddy/uav_ws/install/px4_ros2_cpp/include/px4_ros2/control/setpoint_types/experimental/rover/position.hpp
[471.608s] -- Installing: /home/batoddy/uav_ws/install/px4_ros2_cpp/include/px4_ros2/control/setpoint_types/experimental/rover/throttle_steering.hpp
[471.609s] -- Installing: /home/batoddy/uav_ws/install/px4_ros2_cpp/include/px4_ros2/control/setpoint_types/experimental/rover/speed_rate.hpp
[471.609s] -- Installing: /home/batoddy/uav_ws/install/px4_ros2_cpp/include/px4_ros2/control/setpoint_types/experimental/rover/speed_attitude.hpp
[471.609s] -- Installing: /home/batoddy/uav_ws/install/px4_ros2_cpp/include/px4_ros2/control/setpoint_types/experimental/rates.hpp
[471.609s] -- Installing: /home/batoddy/uav_ws/install/px4_ros2_cpp/include/px4_ros2/control/setpoint_types/multicopter
[471.609s] -- Installing: /home/batoddy/uav_ws/install/px4_ros2_cpp/include/px4_ros2/control/setpoint_types/multicopter/goto.hpp
[471.609s] -- Installing: /home/batoddy/uav_ws/install/px4_ros2_cpp/include/px4_ros2/control/setpoint_types/fixedwing
[471.609s] -- Installing: /home/batoddy/uav_ws/install/px4_ros2_cpp/include/px4_ros2/control/setpoint_types/fixedwing/lateral_longitudinal.hpp
[471.609s] -- Installing: /home/batoddy/uav_ws/install/px4_ros2_cpp/include/px4_ros2/control/groups.dox
[471.610s] -- Installing: /home/batoddy/uav_ws/install/px4_ros2_cpp/include/px4_ros2/control/vtol.hpp
[471.610s] -- Installing: /home/batoddy/uav_ws/install/px4_ros2_cpp/include/px4_ros2/control/peripheral_actuators.hpp
[471.610s] -- Installing: /home/batoddy/uav_ws/install/px4_ros2_cpp/include/px4_ros2/third_party
[471.610s] -- Installing: /home/batoddy/uav_ws/install/px4_ros2_cpp/include/px4_ros2/third_party/nlohmann
[471.610s] -- Installing: /home/batoddy/uav_ws/install/px4_ros2_cpp/include/px4_ros2/third_party/nlohmann/json_fwd.hpp
[471.610s] -- Installing: /home/batoddy/uav_ws/install/px4_ros2_cpp/include/px4_ros2/third_party/nlohmann/json.hpp
[471.611s] -- Installing: /home/batoddy/uav_ws/install/px4_ros2_cpp/include/px4_ros2/common
[471.611s] -- Installing: /home/batoddy/uav_ws/install/px4_ros2_cpp/include/px4_ros2/common/setpoint_base.hpp
[471.611s] -- Installing: /home/batoddy/uav_ws/install/px4_ros2_cpp/include/px4_ros2/common/frame.hpp
[471.611s] -- Installing: /home/batoddy/uav_ws/install/px4_ros2_cpp/include/px4_ros2/common/context.hpp
[471.611s] -- Installing: /home/batoddy/uav_ws/install/px4_ros2_cpp/include/px4_ros2/common/requirement_flags.hpp
[471.611s] -- Installing: /home/batoddy/uav_ws/install/px4_ros2_cpp/include/px4_ros2/common/exception.hpp
[471.611s] -- Installing: /home/batoddy/uav_ws/install/px4_ros2_cpp/include/px4_ros2/utils
[471.612s] -- Installing: /home/batoddy/uav_ws/install/px4_ros2_cpp/include/px4_ros2/utils/frame_conversion.hpp
[471.612s] -- Installing: /home/batoddy/uav_ws/install/px4_ros2_cpp/include/px4_ros2/utils/geodesic.hpp
[471.612s] -- Installing: /home/batoddy/uav_ws/install/px4_ros2_cpp/include/px4_ros2/utils/groups.dox
[471.612s] -- Installing: /home/batoddy/uav_ws/install/px4_ros2_cpp/include/px4_ros2/utils/subscription.hpp
[471.612s] -- Installing: /home/batoddy/uav_ws/install/px4_ros2_cpp/include/px4_ros2/utils/geometry.hpp
[471.612s] -- Installing: /home/batoddy/uav_ws/install/px4_ros2_cpp/include/px4_ros2/utils/message_version.hpp
[471.612s] -- Installing: /home/batoddy/uav_ws/install/px4_ros2_cpp/include/px4_ros2/utils/visit.hpp
[471.612s] -- Installing: /home/batoddy/uav_ws/install/px4_ros2_cpp/include/px4_ros2/mission
[471.612s] -- Installing: /home/batoddy/uav_ws/install/px4_ros2_cpp/include/px4_ros2/mission/actions
[471.613s] -- Installing: /home/batoddy/uav_ws/install/px4_ros2_cpp/include/px4_ros2/mission/actions/default_actions.hpp
[471.613s] -- Installing: /home/batoddy/uav_ws/install/px4_ros2_cpp/include/px4_ros2/mission/actions/groups.dox
[471.613s] -- Installing: /home/batoddy/uav_ws/install/px4_ros2_cpp/include/px4_ros2/mission/actions/action.hpp
[471.613s] -- Installing: /home/batoddy/uav_ws/install/px4_ros2_cpp/include/px4_ros2/mission/groups.dox
[471.613s] -- Installing: /home/batoddy/uav_ws/install/px4_ros2_cpp/include/px4_ros2/mission/mission.hpp
[471.614s] -- Installing: /home/batoddy/uav_ws/install/px4_ros2_cpp/include/px4_ros2/mission/mission_executor.hpp
[471.614s] -- Installing: /home/batoddy/uav_ws/install/px4_ros2_cpp/include/px4_ros2/mission/trajectory
[471.614s] -- Installing: /home/batoddy/uav_ws/install/px4_ros2_cpp/include/px4_ros2/mission/trajectory/multicopter
[471.614s] -- Installing: /home/batoddy/uav_ws/install/px4_ros2_cpp/include/px4_ros2/mission/trajectory/multicopter/groups.dox
[471.614s] -- Installing: /home/batoddy/uav_ws/install/px4_ros2_cpp/include/px4_ros2/mission/trajectory/multicopter/waypoint_trajectory_executor.hpp
[471.614s] -- Installing: /home/batoddy/uav_ws/install/px4_ros2_cpp/include/px4_ros2/mission/trajectory/trajectory_executor.hpp
[471.615s] -- Installing: /home/batoddy/uav_ws/install/px4_ros2_cpp/lib/libpx4_ros2_cpp.so
[471.708s] -- Set runtime path of "/home/batoddy/uav_ws/install/px4_ros2_cpp/lib/libpx4_ros2_cpp.so" to ""
[471.708s] -- Installing: /home/batoddy/uav_ws/install/px4_ros2_cpp/share/ament_index/resource_index/package_run_dependencies/px4_ros2_cpp
[471.708s] -- Installing: /home/batoddy/uav_ws/install/px4_ros2_cpp/share/ament_index/resource_index/parent_prefix_path/px4_ros2_cpp
[471.708s] -- Installing: /home/batoddy/uav_ws/install/px4_ros2_cpp/share/px4_ros2_cpp/environment/ament_prefix_path.sh
[471.708s] -- Installing: /home/batoddy/uav_ws/install/px4_ros2_cpp/share/px4_ros2_cpp/environment/ament_prefix_path.dsv
[471.709s] -- Installing: /home/batoddy/uav_ws/install/px4_ros2_cpp/share/px4_ros2_cpp/environment/path.sh
[471.709s] -- Installing: /home/batoddy/uav_ws/install/px4_ros2_cpp/share/px4_ros2_cpp/environment/path.dsv
[471.709s] -- Installing: /home/batoddy/uav_ws/install/px4_ros2_cpp/share/px4_ros2_cpp/local_setup.bash
[471.709s] -- Installing: /home/batoddy/uav_ws/install/px4_ros2_cpp/share/px4_ros2_cpp/local_setup.sh
[471.709s] -- Installing: /home/batoddy/uav_ws/install/px4_ros2_cpp/share/px4_ros2_cpp/local_setup.zsh
[471.709s] -- Installing: /home/batoddy/uav_ws/install/px4_ros2_cpp/share/px4_ros2_cpp/local_setup.dsv
[471.710s] -- Installing: /home/batoddy/uav_ws/install/px4_ros2_cpp/share/px4_ros2_cpp/package.dsv
[471.710s] -- Installing: /home/batoddy/uav_ws/install/px4_ros2_cpp/share/ament_index/resource_index/packages/px4_ros2_cpp
[471.710s] -- Installing: /home/batoddy/uav_ws/install/px4_ros2_cpp/share/px4_ros2_cpp/cmake/px4_ros2_cppExport.cmake
[471.710s] -- Installing: /home/batoddy/uav_ws/install/px4_ros2_cpp/share/px4_ros2_cpp/cmake/px4_ros2_cppExport-noconfig.cmake
[471.710s] -- Installing: /home/batoddy/uav_ws/install/px4_ros2_cpp/share/px4_ros2_cpp/cmake/ament_cmake_export_targets-extras.cmake
[471.710s] -- Installing: /home/batoddy/uav_ws/install/px4_ros2_cpp/share/px4_ros2_cpp/cmake/ament_cmake_export_dependencies-extras.cmake
[471.711s] -- Installing: /home/batoddy/uav_ws/install/px4_ros2_cpp/share/px4_ros2_cpp/cmake/px4_ros2_cppConfig.cmake
[471.711s] -- Installing: /home/batoddy/uav_ws/install/px4_ros2_cpp/share/px4_ros2_cpp/cmake/px4_ros2_cppConfig-version.cmake
[471.711s] -- Installing: /home/batoddy/uav_ws/install/px4_ros2_cpp/share/px4_ros2_cpp/package.xml
[471.715s] Invoked command in '/home/batoddy/uav_ws/build/px4_ros2_cpp' returned '0': CMAKE_PREFIX_PATH=/home/batoddy/uav_ws/install/px4_msgs:/home/batoddy/uav_ws/install/uav_navigation:/home/batoddy/uav_ws/install/sim_topic_bridge:/home/batoddy/uav_ws/install/px4_ros_com:/home/batoddy/uav_ws/install/example_rover_velocity_mode_cpp:/home/batoddy/uav_ws/install/example_mode_with_executor_cpp:/home/batoddy/uav_ws/install/example_mode_vtol_cpp:/home/batoddy/uav_ws/install/example_mode_rtl_replacement_cpp:/home/batoddy/uav_ws/install/example_mode_mission_cpp:/home/batoddy/uav_ws/install/example_mode_manual_cpp:/home/batoddy/uav_ws/install/example_mode_goto_global_cpp:/home/batoddy/uav_ws/install/example_mode_goto_cpp:/home/batoddy/uav_ws/install/example_mode_fw_attitude_cpp:/home/batoddy/uav_ws/install/example_local_navigation_cpp:/home/batoddy/uav_ws/install/example_global_navigation_cpp:/home/batoddy/uav_ws/install/example_executor_with_multiple_modes_cpp:/home/batoddy/uav_ws/install/px4_ros2_cpp:/home/batoddy/uav_ws/install/cmd_vel_to_px4:/home/batoddy/install/urdfdom_headers:/home/batoddy/install/gmock_vendor:/home/batoddy/install/gtest_vendor:/home/batoddy/install/ament_cmake_python:/home/batoddy/install/ament_cmake_libraries:/home/batoddy/install/ament_cmake_core:/home/batoddy/uav_ws/install/px4_offboard:/home/batoddy/install/osrf_pycommon:/home/batoddy/install/ament_pyflakes:/home/batoddy/install/ament_pycodestyle:/home/batoddy/install/ament_pep257:/home/batoddy/install/ament_package:/home/batoddy/install/ament_flake8:/home/batoddy/install/ament_lint:/home/batoddy/install/ament_cppcheck:/home/batoddy/orn_ws/install/navslam:/opt/ros/humble LD_LIBRARY_PATH=/home/batoddy/uav_ws/install/px4_msgs/lib:/home/batoddy/uav_ws/install/px4_ros_com/lib:/home/batoddy/uav_ws/install/px4_ros2_cpp/lib:/opt/ros/humble/opt/rviz_ogre_vendor/lib:/opt/ros/humble/lib/x86_64-linux-gnu:/opt/ros/humble/lib /usr/bin/cmake --install /home/batoddy/uav_ws/build/px4_ros2_cpp
