[0.222s] DEBUG:colcon:Command line arguments: ['/usr/bin/colcon', 'build', '--packages-select', 'drone_navigation']
[0.223s] DEBUG:colcon:Parsed command line arguments: Namespace(log_base=None, log_level=None, verb_name='build', build_base='build', install_base='install', merge_install=False, symlink_install=False, test_result_base=None, continue_on_error=False, executor='parallel', parallel_workers=8, event_handlers=None, ignore_user_meta=False, metas=['./colcon.meta'], base_paths=['.'], packages_ignore=None, packages_ignore_regex=None, paths=None, packages_up_to=None, packages_up_to_regex=None, packages_above=None, packages_above_and_dependencies=None, packages_above_depth=None, packages_select_by_dep=None, packages_skip_by_dep=None, packages_skip_up_to=None, packages_select_build_failed=False, packages_skip_build_finished=False, packages_select_test_failures=False, packages_skip_test_passed=False, packages_select=['drone_navigation'], packages_skip=None, packages_select_regex=None, packages_skip_regex=None, packages_start=None, packages_end=None, allow_overriding=[], cmake_args=None, cmake_target=None, cmake_target_skip_unavailable=False, cmake_clean_cache=False, cmake_clean_first=False, cmake_force_configure=False, ament_cmake_args=None, catkin_cmake_args=None, catkin_skip_building_tests=False, mixin_files=None, mixin=None, verb_parser=<colcon_mixin.mixin.mixin_argument.MixinArgumentDecorator object at 0x7ff87b4814b0>, verb_extension=<colcon_core.verb.build.BuildVerb object at 0x7ff87b480fa0>, main=<bound method BuildVerb.main of <colcon_core.verb.build.BuildVerb object at 0x7ff87b480fa0>>, mixin_verb=('build',))
[0.522s] Level 1:colcon.colcon_core.package_discovery:discover_packages(colcon_meta) check parameters
[0.522s] Level 1:colcon.colcon_core.package_discovery:discover_packages(recursive) check parameters
[0.522s] Level 1:colcon.colcon_core.package_discovery:discover_packages(ignore) check parameters
[0.522s] Level 1:colcon.colcon_core.package_discovery:discover_packages(path) check parameters
[0.522s] Level 1:colcon.colcon_core.package_discovery:discover_packages(colcon_meta) discover
[0.522s] Level 1:colcon.colcon_core.package_discovery:discover_packages(recursive) discover
[0.522s] INFO:colcon.colcon_core.package_discovery:Crawling recursively for packages in '/home/batoddy/uav_ws/src'
[0.522s] Level 1:colcon.colcon_core.package_identification:_identify(.) by extensions ['ignore', 'ignore_ament_install']
[0.523s] Level 1:colcon.colcon_core.package_identification:_identify(.) by extension 'ignore'
[0.523s] Level 1:colcon.colcon_core.package_identification:_identify(.) by extension 'ignore_ament_install'
[0.523s] Level 1:colcon.colcon_core.package_identification:_identify(.) by extensions ['colcon_pkg']
[0.523s] Level 1:colcon.colcon_core.package_identification:_identify(.) by extension 'colcon_pkg'
[0.523s] Level 1:colcon.colcon_core.package_identification:_identify(.) by extensions ['colcon_meta']
[0.523s] Level 1:colcon.colcon_core.package_identification:_identify(.) by extension 'colcon_meta'
[0.523s] Level 1:colcon.colcon_core.package_identification:_identify(.) by extensions ['ros']
[0.523s] Level 1:colcon.colcon_core.package_identification:_identify(.) by extension 'ros'
[0.544s] Level 1:colcon.colcon_core.package_identification:_identify(.) by extensions ['cmake', 'python']
[0.544s] Level 1:colcon.colcon_core.package_identification:_identify(.) by extension 'cmake'
[0.544s] Level 1:colcon.colcon_core.package_identification:_identify(.) by extension 'python'
[0.544s] Level 1:colcon.colcon_core.package_identification:_identify(.) by extensions ['python_setup_py']
[0.544s] Level 1:colcon.colcon_core.package_identification:_identify(.) by extension 'python_setup_py'
[0.544s] Level 1:colcon.colcon_core.package_identification:_identify(build) by extensions ['ignore', 'ignore_ament_install']
[0.545s] Level 1:colcon.colcon_core.package_identification:_identify(build) by extension 'ignore'
[0.545s] Level 1:colcon.colcon_core.package_identification:_identify(build) ignored
[0.545s] Level 1:colcon.colcon_core.package_identification:_identify(install) by extensions ['ignore', 'ignore_ament_install']
[0.545s] Level 1:colcon.colcon_core.package_identification:_identify(install) by extension 'ignore'
[0.545s] Level 1:colcon.colcon_core.package_identification:_identify(install) ignored
[0.545s] Level 1:colcon.colcon_core.package_identification:_identify(log) by extensions ['ignore', 'ignore_ament_install']
[0.545s] Level 1:colcon.colcon_core.package_identification:_identify(log) by extension 'ignore'
[0.545s] Level 1:colcon.colcon_core.package_identification:_identify(log) ignored
[0.546s] Level 1:colcon.colcon_core.package_identification:_identify(my_mixed_pkg) by extensions ['ignore', 'ignore_ament_install']
[0.546s] Level 1:colcon.colcon_core.package_identification:_identify(my_mixed_pkg) by extension 'ignore'
[0.546s] Level 1:colcon.colcon_core.package_identification:_identify(my_mixed_pkg) by extension 'ignore_ament_install'
[0.546s] Level 1:colcon.colcon_core.package_identification:_identify(my_mixed_pkg) by extensions ['colcon_pkg']
[0.546s] Level 1:colcon.colcon_core.package_identification:_identify(my_mixed_pkg) by extension 'colcon_pkg'
[0.546s] Level 1:colcon.colcon_core.package_identification:_identify(my_mixed_pkg) by extensions ['colcon_meta']
[0.546s] Level 1:colcon.colcon_core.package_identification:_identify(my_mixed_pkg) by extension 'colcon_meta'
[0.546s] Level 1:colcon.colcon_core.package_identification:_identify(my_mixed_pkg) by extensions ['ros']
[0.546s] Level 1:colcon.colcon_core.package_identification:_identify(my_mixed_pkg) by extension 'ros'
[0.556s] DEBUG:colcon.colcon_core.package_identification:Package 'my_mixed_pkg' with type 'ros.ament_cmake' and name 'my_mixed_pkg'
[0.556s] Level 1:colcon.colcon_core.package_identification:_identify(px4-offboard) by extensions ['ignore', 'ignore_ament_install']
[0.556s] Level 1:colcon.colcon_core.package_identification:_identify(px4-offboard) by extension 'ignore'
[0.556s] Level 1:colcon.colcon_core.package_identification:_identify(px4-offboard) by extension 'ignore_ament_install'
[0.556s] Level 1:colcon.colcon_core.package_identification:_identify(px4-offboard) by extensions ['colcon_pkg']
[0.556s] Level 1:colcon.colcon_core.package_identification:_identify(px4-offboard) by extension 'colcon_pkg'
[0.556s] Level 1:colcon.colcon_core.package_identification:_identify(px4-offboard) by extensions ['colcon_meta']
[0.556s] Level 1:colcon.colcon_core.package_identification:_identify(px4-offboard) by extension 'colcon_meta'
[0.557s] Level 1:colcon.colcon_core.package_identification:_identify(px4-offboard) by extensions ['ros']
[0.557s] Level 1:colcon.colcon_core.package_identification:_identify(px4-offboard) by extension 'ros'
[0.558s] DEBUG:colcon.colcon_core.package_identification:Package 'px4-offboard' with type 'ros.ament_python' and name 'px4_offboard'
[0.558s] Level 1:colcon.colcon_core.package_identification:_identify(px4-ros2-interface-lib) by extensions ['ignore', 'ignore_ament_install']
[0.558s] Level 1:colcon.colcon_core.package_identification:_identify(px4-ros2-interface-lib) by extension 'ignore'
[0.558s] Level 1:colcon.colcon_core.package_identification:_identify(px4-ros2-interface-lib) by extension 'ignore_ament_install'
[0.558s] Level 1:colcon.colcon_core.package_identification:_identify(px4-ros2-interface-lib) by extensions ['colcon_pkg']
[0.559s] Level 1:colcon.colcon_core.package_identification:_identify(px4-ros2-interface-lib) by extension 'colcon_pkg'
[0.559s] Level 1:colcon.colcon_core.package_identification:_identify(px4-ros2-interface-lib) by extensions ['colcon_meta']
[0.559s] Level 1:colcon.colcon_core.package_identification:_identify(px4-ros2-interface-lib) by extension 'colcon_meta'
[0.559s] Level 1:colcon.colcon_core.package_identification:_identify(px4-ros2-interface-lib) by extensions ['ros']
[0.559s] Level 1:colcon.colcon_core.package_identification:_identify(px4-ros2-interface-lib) by extension 'ros'
[0.559s] Level 1:colcon.colcon_core.package_identification:_identify(px4-ros2-interface-lib) by extensions ['cmake', 'python']
[0.559s] Level 1:colcon.colcon_core.package_identification:_identify(px4-ros2-interface-lib) by extension 'cmake'
[0.559s] Level 1:colcon.colcon_core.package_identification:_identify(px4-ros2-interface-lib) by extension 'python'
[0.559s] Level 1:colcon.colcon_core.package_identification:_identify(px4-ros2-interface-lib) by extensions ['python_setup_py']
[0.559s] Level 1:colcon.colcon_core.package_identification:_identify(px4-ros2-interface-lib) by extension 'python_setup_py'
[0.559s] Level 1:colcon.colcon_core.package_identification:_identify(px4-ros2-interface-lib/build) by extensions ['ignore', 'ignore_ament_install']
[0.559s] Level 1:colcon.colcon_core.package_identification:_identify(px4-ros2-interface-lib/build) by extension 'ignore'
[0.559s] Level 1:colcon.colcon_core.package_identification:_identify(px4-ros2-interface-lib/build) ignored
[0.560s] Level 1:colcon.colcon_core.package_identification:_identify(px4-ros2-interface-lib/examples) by extensions ['ignore', 'ignore_ament_install']
[0.560s] Level 1:colcon.colcon_core.package_identification:_identify(px4-ros2-interface-lib/examples) by extension 'ignore'
[0.560s] Level 1:colcon.colcon_core.package_identification:_identify(px4-ros2-interface-lib/examples) by extension 'ignore_ament_install'
[0.560s] Level 1:colcon.colcon_core.package_identification:_identify(px4-ros2-interface-lib/examples) by extensions ['colcon_pkg']
[0.560s] Level 1:colcon.colcon_core.package_identification:_identify(px4-ros2-interface-lib/examples) by extension 'colcon_pkg'
[0.560s] Level 1:colcon.colcon_core.package_identification:_identify(px4-ros2-interface-lib/examples) by extensions ['colcon_meta']
[0.560s] Level 1:colcon.colcon_core.package_identification:_identify(px4-ros2-interface-lib/examples) by extension 'colcon_meta'
[0.560s] Level 1:colcon.colcon_core.package_identification:_identify(px4-ros2-interface-lib/examples) by extensions ['ros']
[0.560s] Level 1:colcon.colcon_core.package_identification:_identify(px4-ros2-interface-lib/examples) by extension 'ros'
[0.560s] Level 1:colcon.colcon_core.package_identification:_identify(px4-ros2-interface-lib/examples) by extensions ['cmake', 'python']
[0.560s] Level 1:colcon.colcon_core.package_identification:_identify(px4-ros2-interface-lib/examples) by extension 'cmake'
[0.560s] Level 1:colcon.colcon_core.package_identification:_identify(px4-ros2-interface-lib/examples) by extension 'python'
[0.560s] Level 1:colcon.colcon_core.package_identification:_identify(px4-ros2-interface-lib/examples) by extensions ['python_setup_py']
[0.560s] Level 1:colcon.colcon_core.package_identification:_identify(px4-ros2-interface-lib/examples) by extension 'python_setup_py'
[0.560s] Level 1:colcon.colcon_core.package_identification:_identify(px4-ros2-interface-lib/examples/cpp) by extensions ['ignore', 'ignore_ament_install']
[0.561s] Level 1:colcon.colcon_core.package_identification:_identify(px4-ros2-interface-lib/examples/cpp) by extension 'ignore'
[0.561s] Level 1:colcon.colcon_core.package_identification:_identify(px4-ros2-interface-lib/examples/cpp) by extension 'ignore_ament_install'
[0.561s] Level 1:colcon.colcon_core.package_identification:_identify(px4-ros2-interface-lib/examples/cpp) by extensions ['colcon_pkg']
[0.561s] Level 1:colcon.colcon_core.package_identification:_identify(px4-ros2-interface-lib/examples/cpp) by extension 'colcon_pkg'
[0.561s] Level 1:colcon.colcon_core.package_identification:_identify(px4-ros2-interface-lib/examples/cpp) by extensions ['colcon_meta']
[0.561s] Level 1:colcon.colcon_core.package_identification:_identify(px4-ros2-interface-lib/examples/cpp) by extension 'colcon_meta'
[0.561s] Level 1:colcon.colcon_core.package_identification:_identify(px4-ros2-interface-lib/examples/cpp) by extensions ['ros']
[0.561s] Level 1:colcon.colcon_core.package_identification:_identify(px4-ros2-interface-lib/examples/cpp) by extension 'ros'
[0.561s] Level 1:colcon.colcon_core.package_identification:_identify(px4-ros2-interface-lib/examples/cpp) by extensions ['cmake', 'python']
[0.561s] Level 1:colcon.colcon_core.package_identification:_identify(px4-ros2-interface-lib/examples/cpp) by extension 'cmake'
[0.561s] Level 1:colcon.colcon_core.package_identification:_identify(px4-ros2-interface-lib/examples/cpp) by extension 'python'
[0.561s] Level 1:colcon.colcon_core.package_identification:_identify(px4-ros2-interface-lib/examples/cpp) by extensions ['python_setup_py']
[0.561s] Level 1:colcon.colcon_core.package_identification:_identify(px4-ros2-interface-lib/examples/cpp) by extension 'python_setup_py'
[0.561s] Level 1:colcon.colcon_core.package_identification:_identify(px4-ros2-interface-lib/examples/cpp/modes) by extensions ['ignore', 'ignore_ament_install']
[0.561s] Level 1:colcon.colcon_core.package_identification:_identify(px4-ros2-interface-lib/examples/cpp/modes) by extension 'ignore'
[0.561s] Level 1:colcon.colcon_core.package_identification:_identify(px4-ros2-interface-lib/examples/cpp/modes) by extension 'ignore_ament_install'
[0.561s] Level 1:colcon.colcon_core.package_identification:_identify(px4-ros2-interface-lib/examples/cpp/modes) by extensions ['colcon_pkg']
[0.561s] Level 1:colcon.colcon_core.package_identification:_identify(px4-ros2-interface-lib/examples/cpp/modes) by extension 'colcon_pkg'
[0.562s] Level 1:colcon.colcon_core.package_identification:_identify(px4-ros2-interface-lib/examples/cpp/modes) by extensions ['colcon_meta']
[0.562s] Level 1:colcon.colcon_core.package_identification:_identify(px4-ros2-interface-lib/examples/cpp/modes) by extension 'colcon_meta'
[0.562s] Level 1:colcon.colcon_core.package_identification:_identify(px4-ros2-interface-lib/examples/cpp/modes) by extensions ['ros']
[0.562s] Level 1:colcon.colcon_core.package_identification:_identify(px4-ros2-interface-lib/examples/cpp/modes) by extension 'ros'
[0.562s] Level 1:colcon.colcon_core.package_identification:_identify(px4-ros2-interface-lib/examples/cpp/modes) by extensions ['cmake', 'python']
[0.562s] Level 1:colcon.colcon_core.package_identification:_identify(px4-ros2-interface-lib/examples/cpp/modes) by extension 'cmake'
[0.562s] Level 1:colcon.colcon_core.package_identification:_identify(px4-ros2-interface-lib/examples/cpp/modes) by extension 'python'
[0.562s] Level 1:colcon.colcon_core.package_identification:_identify(px4-ros2-interface-lib/examples/cpp/modes) by extensions ['python_setup_py']
[0.562s] Level 1:colcon.colcon_core.package_identification:_identify(px4-ros2-interface-lib/examples/cpp/modes) by extension 'python_setup_py'
[0.562s] Level 1:colcon.colcon_core.package_identification:_identify(px4-ros2-interface-lib/examples/cpp/modes/executor_with_multiple_modes) by extensions ['ignore', 'ignore_ament_install']
[0.562s] Level 1:colcon.colcon_core.package_identification:_identify(px4-ros2-interface-lib/examples/cpp/modes/executor_with_multiple_modes) by extension 'ignore'
[0.562s] Level 1:colcon.colcon_core.package_identification:_identify(px4-ros2-interface-lib/examples/cpp/modes/executor_with_multiple_modes) by extension 'ignore_ament_install'
[0.562s] Level 1:colcon.colcon_core.package_identification:_identify(px4-ros2-interface-lib/examples/cpp/modes/executor_with_multiple_modes) by extensions ['colcon_pkg']
[0.562s] Level 1:colcon.colcon_core.package_identification:_identify(px4-ros2-interface-lib/examples/cpp/modes/executor_with_multiple_modes) by extension 'colcon_pkg'
[0.562s] Level 1:colcon.colcon_core.package_identification:_identify(px4-ros2-interface-lib/examples/cpp/modes/executor_with_multiple_modes) by extensions ['colcon_meta']
[0.562s] Level 1:colcon.colcon_core.package_identification:_identify(px4-ros2-interface-lib/examples/cpp/modes/executor_with_multiple_modes) by extension 'colcon_meta'
[0.562s] Level 1:colcon.colcon_core.package_identification:_identify(px4-ros2-interface-lib/examples/cpp/modes/executor_with_multiple_modes) by extensions ['ros']
[0.562s] Level 1:colcon.colcon_core.package_identification:_identify(px4-ros2-interface-lib/examples/cpp/modes/executor_with_multiple_modes) by extension 'ros'
[0.564s] DEBUG:colcon.colcon_core.package_identification:Package 'px4-ros2-interface-lib/examples/cpp/modes/executor_with_multiple_modes' with type 'ros.ament_cmake' and name 'example_executor_with_multiple_modes_cpp'
[0.564s] Level 1:colcon.colcon_core.package_identification:_identify(px4-ros2-interface-lib/examples/cpp/modes/fw_attitude) by extensions ['ignore', 'ignore_ament_install']
[0.564s] Level 1:colcon.colcon_core.package_identification:_identify(px4-ros2-interface-lib/examples/cpp/modes/fw_attitude) by extension 'ignore'
[0.564s] Level 1:colcon.colcon_core.package_identification:_identify(px4-ros2-interface-lib/examples/cpp/modes/fw_attitude) by extension 'ignore_ament_install'
[0.564s] Level 1:colcon.colcon_core.package_identification:_identify(px4-ros2-interface-lib/examples/cpp/modes/fw_attitude) by extensions ['colcon_pkg']
[0.564s] Level 1:colcon.colcon_core.package_identification:_identify(px4-ros2-interface-lib/examples/cpp/modes/fw_attitude) by extension 'colcon_pkg'
[0.564s] Level 1:colcon.colcon_core.package_identification:_identify(px4-ros2-interface-lib/examples/cpp/modes/fw_attitude) by extensions ['colcon_meta']
[0.564s] Level 1:colcon.colcon_core.package_identification:_identify(px4-ros2-interface-lib/examples/cpp/modes/fw_attitude) by extension 'colcon_meta'
[0.564s] Level 1:colcon.colcon_core.package_identification:_identify(px4-ros2-interface-lib/examples/cpp/modes/fw_attitude) by extensions ['ros']
[0.564s] Level 1:colcon.colcon_core.package_identification:_identify(px4-ros2-interface-lib/examples/cpp/modes/fw_attitude) by extension 'ros'
[0.585s] DEBUG:colcon.colcon_core.package_identification:Package 'px4-ros2-interface-lib/examples/cpp/modes/fw_attitude' with type 'ros.ament_cmake' and name 'example_mode_fw_attitude_cpp'
[0.586s] Level 1:colcon.colcon_core.package_identification:_identify(px4-ros2-interface-lib/examples/cpp/modes/goto) by extensions ['ignore', 'ignore_ament_install']
[0.586s] Level 1:colcon.colcon_core.package_identification:_identify(px4-ros2-interface-lib/examples/cpp/modes/goto) by extension 'ignore'
[0.586s] Level 1:colcon.colcon_core.package_identification:_identify(px4-ros2-interface-lib/examples/cpp/modes/goto) by extension 'ignore_ament_install'
[0.586s] Level 1:colcon.colcon_core.package_identification:_identify(px4-ros2-interface-lib/examples/cpp/modes/goto) by extensions ['colcon_pkg']
[0.586s] Level 1:colcon.colcon_core.package_identification:_identify(px4-ros2-interface-lib/examples/cpp/modes/goto) by extension 'colcon_pkg'
[0.586s] Level 1:colcon.colcon_core.package_identification:_identify(px4-ros2-interface-lib/examples/cpp/modes/goto) by extensions ['colcon_meta']
[0.586s] Level 1:colcon.colcon_core.package_identification:_identify(px4-ros2-interface-lib/examples/cpp/modes/goto) by extension 'colcon_meta'
[0.587s] Level 1:colcon.colcon_core.package_identification:_identify(px4-ros2-interface-lib/examples/cpp/modes/goto) by extensions ['ros']
[0.587s] Level 1:colcon.colcon_core.package_identification:_identify(px4-ros2-interface-lib/examples/cpp/modes/goto) by extension 'ros'
[0.587s] DEBUG:colcon.colcon_core.package_identification:Package 'px4-ros2-interface-lib/examples/cpp/modes/goto' with type 'ros.ament_cmake' and name 'example_mode_goto_cpp'
[0.588s] Level 1:colcon.colcon_core.package_identification:_identify(px4-ros2-interface-lib/examples/cpp/modes/goto_global) by extensions ['ignore', 'ignore_ament_install']
[0.588s] Level 1:colcon.colcon_core.package_identification:_identify(px4-ros2-interface-lib/examples/cpp/modes/goto_global) by extension 'ignore'
[0.588s] Level 1:colcon.colcon_core.package_identification:_identify(px4-ros2-interface-lib/examples/cpp/modes/goto_global) by extension 'ignore_ament_install'
[0.588s] Level 1:colcon.colcon_core.package_identification:_identify(px4-ros2-interface-lib/examples/cpp/modes/goto_global) by extensions ['colcon_pkg']
[0.588s] Level 1:colcon.colcon_core.package_identification:_identify(px4-ros2-interface-lib/examples/cpp/modes/goto_global) by extension 'colcon_pkg'
[0.588s] Level 1:colcon.colcon_core.package_identification:_identify(px4-ros2-interface-lib/examples/cpp/modes/goto_global) by extensions ['colcon_meta']
[0.588s] Level 1:colcon.colcon_core.package_identification:_identify(px4-ros2-interface-lib/examples/cpp/modes/goto_global) by extension 'colcon_meta'
[0.589s] Level 1:colcon.colcon_core.package_identification:_identify(px4-ros2-interface-lib/examples/cpp/modes/goto_global) by extensions ['ros']
[0.589s] Level 1:colcon.colcon_core.package_identification:_identify(px4-ros2-interface-lib/examples/cpp/modes/goto_global) by extension 'ros'
[0.590s] DEBUG:colcon.colcon_core.package_identification:Package 'px4-ros2-interface-lib/examples/cpp/modes/goto_global' with type 'ros.ament_cmake' and name 'example_mode_goto_global_cpp'
[0.591s] Level 1:colcon.colcon_core.package_identification:_identify(px4-ros2-interface-lib/examples/cpp/modes/manual) by extensions ['ignore', 'ignore_ament_install']
[0.591s] Level 1:colcon.colcon_core.package_identification:_identify(px4-ros2-interface-lib/examples/cpp/modes/manual) by extension 'ignore'
[0.591s] Level 1:colcon.colcon_core.package_identification:_identify(px4-ros2-interface-lib/examples/cpp/modes/manual) by extension 'ignore_ament_install'
[0.591s] Level 1:colcon.colcon_core.package_identification:_identify(px4-ros2-interface-lib/examples/cpp/modes/manual) by extensions ['colcon_pkg']
[0.591s] Level 1:colcon.colcon_core.package_identification:_identify(px4-ros2-interface-lib/examples/cpp/modes/manual) by extension 'colcon_pkg'
[0.591s] Level 1:colcon.colcon_core.package_identification:_identify(px4-ros2-interface-lib/examples/cpp/modes/manual) by extensions ['colcon_meta']
[0.591s] Level 1:colcon.colcon_core.package_identification:_identify(px4-ros2-interface-lib/examples/cpp/modes/manual) by extension 'colcon_meta'
[0.591s] Level 1:colcon.colcon_core.package_identification:_identify(px4-ros2-interface-lib/examples/cpp/modes/manual) by extensions ['ros']
[0.591s] Level 1:colcon.colcon_core.package_identification:_identify(px4-ros2-interface-lib/examples/cpp/modes/manual) by extension 'ros'
[0.592s] DEBUG:colcon.colcon_core.package_identification:Package 'px4-ros2-interface-lib/examples/cpp/modes/manual' with type 'ros.ament_cmake' and name 'example_mode_manual_cpp'
[0.593s] Level 1:colcon.colcon_core.package_identification:_identify(px4-ros2-interface-lib/examples/cpp/modes/mission) by extensions ['ignore', 'ignore_ament_install']
[0.593s] Level 1:colcon.colcon_core.package_identification:_identify(px4-ros2-interface-lib/examples/cpp/modes/mission) by extension 'ignore'
[0.593s] Level 1:colcon.colcon_core.package_identification:_identify(px4-ros2-interface-lib/examples/cpp/modes/mission) by extension 'ignore_ament_install'
[0.593s] Level 1:colcon.colcon_core.package_identification:_identify(px4-ros2-interface-lib/examples/cpp/modes/mission) by extensions ['colcon_pkg']
[0.593s] Level 1:colcon.colcon_core.package_identification:_identify(px4-ros2-interface-lib/examples/cpp/modes/mission) by extension 'colcon_pkg'
[0.593s] Level 1:colcon.colcon_core.package_identification:_identify(px4-ros2-interface-lib/examples/cpp/modes/mission) by extensions ['colcon_meta']
[0.593s] Level 1:colcon.colcon_core.package_identification:_identify(px4-ros2-interface-lib/examples/cpp/modes/mission) by extension 'colcon_meta'
[0.593s] Level 1:colcon.colcon_core.package_identification:_identify(px4-ros2-interface-lib/examples/cpp/modes/mission) by extensions ['ros']
[0.593s] Level 1:colcon.colcon_core.package_identification:_identify(px4-ros2-interface-lib/examples/cpp/modes/mission) by extension 'ros'
[0.594s] DEBUG:colcon.colcon_core.package_identification:Package 'px4-ros2-interface-lib/examples/cpp/modes/mission' with type 'ros.ament_cmake' and name 'example_mode_mission_cpp'
[0.595s] Level 1:colcon.colcon_core.package_identification:_identify(px4-ros2-interface-lib/examples/cpp/modes/mode_with_executor) by extensions ['ignore', 'ignore_ament_install']
[0.595s] Level 1:colcon.colcon_core.package_identification:_identify(px4-ros2-interface-lib/examples/cpp/modes/mode_with_executor) by extension 'ignore'
[0.595s] Level 1:colcon.colcon_core.package_identification:_identify(px4-ros2-interface-lib/examples/cpp/modes/mode_with_executor) by extension 'ignore_ament_install'
[0.595s] Level 1:colcon.colcon_core.package_identification:_identify(px4-ros2-interface-lib/examples/cpp/modes/mode_with_executor) by extensions ['colcon_pkg']
[0.595s] Level 1:colcon.colcon_core.package_identification:_identify(px4-ros2-interface-lib/examples/cpp/modes/mode_with_executor) by extension 'colcon_pkg'
[0.595s] Level 1:colcon.colcon_core.package_identification:_identify(px4-ros2-interface-lib/examples/cpp/modes/mode_with_executor) by extensions ['colcon_meta']
[0.595s] Level 1:colcon.colcon_core.package_identification:_identify(px4-ros2-interface-lib/examples/cpp/modes/mode_with_executor) by extension 'colcon_meta'
[0.595s] Level 1:colcon.colcon_core.package_identification:_identify(px4-ros2-interface-lib/examples/cpp/modes/mode_with_executor) by extensions ['ros']
[0.595s] Level 1:colcon.colcon_core.package_identification:_identify(px4-ros2-interface-lib/examples/cpp/modes/mode_with_executor) by extension 'ros'
[0.597s] DEBUG:colcon.colcon_core.package_identification:Package 'px4-ros2-interface-lib/examples/cpp/modes/mode_with_executor' with type 'ros.ament_cmake' and name 'example_mode_with_executor_cpp'
[0.597s] Level 1:colcon.colcon_core.package_identification:_identify(px4-ros2-interface-lib/examples/cpp/modes/rover_velocity) by extensions ['ignore', 'ignore_ament_install']
[0.597s] Level 1:colcon.colcon_core.package_identification:_identify(px4-ros2-interface-lib/examples/cpp/modes/rover_velocity) by extension 'ignore'
[0.597s] Level 1:colcon.colcon_core.package_identification:_identify(px4-ros2-interface-lib/examples/cpp/modes/rover_velocity) by extension 'ignore_ament_install'
[0.597s] Level 1:colcon.colcon_core.package_identification:_identify(px4-ros2-interface-lib/examples/cpp/modes/rover_velocity) by extensions ['colcon_pkg']
[0.597s] Level 1:colcon.colcon_core.package_identification:_identify(px4-ros2-interface-lib/examples/cpp/modes/rover_velocity) by extension 'colcon_pkg'
[0.597s] Level 1:colcon.colcon_core.package_identification:_identify(px4-ros2-interface-lib/examples/cpp/modes/rover_velocity) by extensions ['colcon_meta']
[0.597s] Level 1:colcon.colcon_core.package_identification:_identify(px4-ros2-interface-lib/examples/cpp/modes/rover_velocity) by extension 'colcon_meta'
[0.597s] Level 1:colcon.colcon_core.package_identification:_identify(px4-ros2-interface-lib/examples/cpp/modes/rover_velocity) by extensions ['ros']
[0.597s] Level 1:colcon.colcon_core.package_identification:_identify(px4-ros2-interface-lib/examples/cpp/modes/rover_velocity) by extension 'ros'
[0.598s] DEBUG:colcon.colcon_core.package_identification:Package 'px4-ros2-interface-lib/examples/cpp/modes/rover_velocity' with type 'ros.ament_cmake' and name 'example_rover_velocity_mode_cpp'
[0.599s] Level 1:colcon.colcon_core.package_identification:_identify(px4-ros2-interface-lib/examples/cpp/modes/rtl_replacement) by extensions ['ignore', 'ignore_ament_install']
[0.599s] Level 1:colcon.colcon_core.package_identification:_identify(px4-ros2-interface-lib/examples/cpp/modes/rtl_replacement) by extension 'ignore'
[0.599s] Level 1:colcon.colcon_core.package_identification:_identify(px4-ros2-interface-lib/examples/cpp/modes/rtl_replacement) by extension 'ignore_ament_install'
[0.599s] Level 1:colcon.colcon_core.package_identification:_identify(px4-ros2-interface-lib/examples/cpp/modes/rtl_replacement) by extensions ['colcon_pkg']
[0.599s] Level 1:colcon.colcon_core.package_identification:_identify(px4-ros2-interface-lib/examples/cpp/modes/rtl_replacement) by extension 'colcon_pkg'
[0.599s] Level 1:colcon.colcon_core.package_identification:_identify(px4-ros2-interface-lib/examples/cpp/modes/rtl_replacement) by extensions ['colcon_meta']
[0.599s] Level 1:colcon.colcon_core.package_identification:_identify(px4-ros2-interface-lib/examples/cpp/modes/rtl_replacement) by extension 'colcon_meta'
[0.600s] Level 1:colcon.colcon_core.package_identification:_identify(px4-ros2-interface-lib/examples/cpp/modes/rtl_replacement) by extensions ['ros']
[0.600s] Level 1:colcon.colcon_core.package_identification:_identify(px4-ros2-interface-lib/examples/cpp/modes/rtl_replacement) by extension 'ros'
[0.601s] DEBUG:colcon.colcon_core.package_identification:Package 'px4-ros2-interface-lib/examples/cpp/modes/rtl_replacement' with type 'ros.ament_cmake' and name 'example_mode_rtl_replacement_cpp'
[0.601s] Level 1:colcon.colcon_core.package_identification:_identify(px4-ros2-interface-lib/examples/cpp/modes/vtol) by extensions ['ignore', 'ignore_ament_install']
[0.601s] Level 1:colcon.colcon_core.package_identification:_identify(px4-ros2-interface-lib/examples/cpp/modes/vtol) by extension 'ignore'
[0.601s] Level 1:colcon.colcon_core.package_identification:_identify(px4-ros2-interface-lib/examples/cpp/modes/vtol) by extension 'ignore_ament_install'
[0.601s] Level 1:colcon.colcon_core.package_identification:_identify(px4-ros2-interface-lib/examples/cpp/modes/vtol) by extensions ['colcon_pkg']
[0.601s] Level 1:colcon.colcon_core.package_identification:_identify(px4-ros2-interface-lib/examples/cpp/modes/vtol) by extension 'colcon_pkg'
[0.602s] Level 1:colcon.colcon_core.package_identification:_identify(px4-ros2-interface-lib/examples/cpp/modes/vtol) by extensions ['colcon_meta']
[0.602s] Level 1:colcon.colcon_core.package_identification:_identify(px4-ros2-interface-lib/examples/cpp/modes/vtol) by extension 'colcon_meta'
[0.602s] Level 1:colcon.colcon_core.package_identification:_identify(px4-ros2-interface-lib/examples/cpp/modes/vtol) by extensions ['ros']
[0.602s] Level 1:colcon.colcon_core.package_identification:_identify(px4-ros2-interface-lib/examples/cpp/modes/vtol) by extension 'ros'
[0.603s] DEBUG:colcon.colcon_core.package_identification:Package 'px4-ros2-interface-lib/examples/cpp/modes/vtol' with type 'ros.ament_cmake' and name 'example_mode_vtol_cpp'
[0.603s] Level 1:colcon.colcon_core.package_identification:_identify(px4-ros2-interface-lib/examples/cpp/navigation) by extensions ['ignore', 'ignore_ament_install']
[0.604s] Level 1:colcon.colcon_core.package_identification:_identify(px4-ros2-interface-lib/examples/cpp/navigation) by extension 'ignore'
[0.604s] Level 1:colcon.colcon_core.package_identification:_identify(px4-ros2-interface-lib/examples/cpp/navigation) by extension 'ignore_ament_install'
[0.604s] Level 1:colcon.colcon_core.package_identification:_identify(px4-ros2-interface-lib/examples/cpp/navigation) by extensions ['colcon_pkg']
[0.604s] Level 1:colcon.colcon_core.package_identification:_identify(px4-ros2-interface-lib/examples/cpp/navigation) by extension 'colcon_pkg'
[0.604s] Level 1:colcon.colcon_core.package_identification:_identify(px4-ros2-interface-lib/examples/cpp/navigation) by extensions ['colcon_meta']
[0.604s] Level 1:colcon.colcon_core.package_identification:_identify(px4-ros2-interface-lib/examples/cpp/navigation) by extension 'colcon_meta'
[0.604s] Level 1:colcon.colcon_core.package_identification:_identify(px4-ros2-interface-lib/examples/cpp/navigation) by extensions ['ros']
[0.604s] Level 1:colcon.colcon_core.package_identification:_identify(px4-ros2-interface-lib/examples/cpp/navigation) by extension 'ros'
[0.604s] Level 1:colcon.colcon_core.package_identification:_identify(px4-ros2-interface-lib/examples/cpp/navigation) by extensions ['cmake', 'python']
[0.604s] Level 1:colcon.colcon_core.package_identification:_identify(px4-ros2-interface-lib/examples/cpp/navigation) by extension 'cmake'
[0.604s] Level 1:colcon.colcon_core.package_identification:_identify(px4-ros2-interface-lib/examples/cpp/navigation) by extension 'python'
[0.604s] Level 1:colcon.colcon_core.package_identification:_identify(px4-ros2-interface-lib/examples/cpp/navigation) by extensions ['python_setup_py']
[0.604s] Level 1:colcon.colcon_core.package_identification:_identify(px4-ros2-interface-lib/examples/cpp/navigation) by extension 'python_setup_py'
[0.605s] Level 1:colcon.colcon_core.package_identification:_identify(px4-ros2-interface-lib/examples/cpp/navigation/global_navigation) by extensions ['ignore', 'ignore_ament_install']
[0.605s] Level 1:colcon.colcon_core.package_identification:_identify(px4-ros2-interface-lib/examples/cpp/navigation/global_navigation) by extension 'ignore'
[0.605s] Level 1:colcon.colcon_core.package_identification:_identify(px4-ros2-interface-lib/examples/cpp/navigation/global_navigation) by extension 'ignore_ament_install'
[0.605s] Level 1:colcon.colcon_core.package_identification:_identify(px4-ros2-interface-lib/examples/cpp/navigation/global_navigation) by extensions ['colcon_pkg']
[0.605s] Level 1:colcon.colcon_core.package_identification:_identify(px4-ros2-interface-lib/examples/cpp/navigation/global_navigation) by extension 'colcon_pkg'
[0.605s] Level 1:colcon.colcon_core.package_identification:_identify(px4-ros2-interface-lib/examples/cpp/navigation/global_navigation) by extensions ['colcon_meta']
[0.605s] Level 1:colcon.colcon_core.package_identification:_identify(px4-ros2-interface-lib/examples/cpp/navigation/global_navigation) by extension 'colcon_meta'
[0.606s] Level 1:colcon.colcon_core.package_identification:_identify(px4-ros2-interface-lib/examples/cpp/navigation/global_navigation) by extensions ['ros']
[0.606s] Level 1:colcon.colcon_core.package_identification:_identify(px4-ros2-interface-lib/examples/cpp/navigation/global_navigation) by extension 'ros'
[0.607s] DEBUG:colcon.colcon_core.package_identification:Package 'px4-ros2-interface-lib/examples/cpp/navigation/global_navigation' with type 'ros.ament_cmake' and name 'example_global_navigation_cpp'
[0.607s] Level 1:colcon.colcon_core.package_identification:_identify(px4-ros2-interface-lib/examples/cpp/navigation/local_navigation) by extensions ['ignore', 'ignore_ament_install']
[0.608s] Level 1:colcon.colcon_core.package_identification:_identify(px4-ros2-interface-lib/examples/cpp/navigation/local_navigation) by extension 'ignore'
[0.608s] Level 1:colcon.colcon_core.package_identification:_identify(px4-ros2-interface-lib/examples/cpp/navigation/local_navigation) by extension 'ignore_ament_install'
[0.608s] Level 1:colcon.colcon_core.package_identification:_identify(px4-ros2-interface-lib/examples/cpp/navigation/local_navigation) by extensions ['colcon_pkg']
[0.608s] Level 1:colcon.colcon_core.package_identification:_identify(px4-ros2-interface-lib/examples/cpp/navigation/local_navigation) by extension 'colcon_pkg'
[0.608s] Level 1:colcon.colcon_core.package_identification:_identify(px4-ros2-interface-lib/examples/cpp/navigation/local_navigation) by extensions ['colcon_meta']
[0.608s] Level 1:colcon.colcon_core.package_identification:_identify(px4-ros2-interface-lib/examples/cpp/navigation/local_navigation) by extension 'colcon_meta'
[0.608s] Level 1:colcon.colcon_core.package_identification:_identify(px4-ros2-interface-lib/examples/cpp/navigation/local_navigation) by extensions ['ros']
[0.608s] Level 1:colcon.colcon_core.package_identification:_identify(px4-ros2-interface-lib/examples/cpp/navigation/local_navigation) by extension 'ros'
[0.610s] DEBUG:colcon.colcon_core.package_identification:Package 'px4-ros2-interface-lib/examples/cpp/navigation/local_navigation' with type 'ros.ament_cmake' and name 'example_local_navigation_cpp'
[0.610s] Level 1:colcon.colcon_core.package_identification:_identify(px4-ros2-interface-lib/install) by extensions ['ignore', 'ignore_ament_install']
[0.610s] Level 1:colcon.colcon_core.package_identification:_identify(px4-ros2-interface-lib/install) by extension 'ignore'
[0.610s] Level 1:colcon.colcon_core.package_identification:_identify(px4-ros2-interface-lib/install) ignored
[0.611s] Level 1:colcon.colcon_core.package_identification:_identify(px4-ros2-interface-lib/log) by extensions ['ignore', 'ignore_ament_install']
[0.611s] Level 1:colcon.colcon_core.package_identification:_identify(px4-ros2-interface-lib/log) by extension 'ignore'
[0.611s] Level 1:colcon.colcon_core.package_identification:_identify(px4-ros2-interface-lib/log) ignored
[0.611s] Level 1:colcon.colcon_core.package_identification:_identify(px4-ros2-interface-lib/mission) by extensions ['ignore', 'ignore_ament_install']
[0.612s] Level 1:colcon.colcon_core.package_identification:_identify(px4-ros2-interface-lib/mission) by extension 'ignore'
[0.612s] Level 1:colcon.colcon_core.package_identification:_identify(px4-ros2-interface-lib/mission) by extension 'ignore_ament_install'
[0.612s] Level 1:colcon.colcon_core.package_identification:_identify(px4-ros2-interface-lib/mission) by extensions ['colcon_pkg']
[0.612s] Level 1:colcon.colcon_core.package_identification:_identify(px4-ros2-interface-lib/mission) by extension 'colcon_pkg'
[0.612s] Level 1:colcon.colcon_core.package_identification:_identify(px4-ros2-interface-lib/mission) by extensions ['colcon_meta']
[0.612s] Level 1:colcon.colcon_core.package_identification:_identify(px4-ros2-interface-lib/mission) by extension 'colcon_meta'
[0.612s] Level 1:colcon.colcon_core.package_identification:_identify(px4-ros2-interface-lib/mission) by extensions ['ros']
[0.612s] Level 1:colcon.colcon_core.package_identification:_identify(px4-ros2-interface-lib/mission) by extension 'ros'
[0.612s] Level 1:colcon.colcon_core.package_identification:_identify(px4-ros2-interface-lib/mission) by extensions ['cmake', 'python']
[0.612s] Level 1:colcon.colcon_core.package_identification:_identify(px4-ros2-interface-lib/mission) by extension 'cmake'
[0.612s] Level 1:colcon.colcon_core.package_identification:_identify(px4-ros2-interface-lib/mission) by extension 'python'
[0.613s] Level 1:colcon.colcon_core.package_identification:_identify(px4-ros2-interface-lib/mission) by extensions ['python_setup_py']
[0.613s] Level 1:colcon.colcon_core.package_identification:_identify(px4-ros2-interface-lib/mission) by extension 'python_setup_py'
[0.613s] Level 1:colcon.colcon_core.package_identification:_identify(px4-ros2-interface-lib/mission/examples) by extensions ['ignore', 'ignore_ament_install']
[0.613s] Level 1:colcon.colcon_core.package_identification:_identify(px4-ros2-interface-lib/mission/examples) by extension 'ignore'
[0.613s] Level 1:colcon.colcon_core.package_identification:_identify(px4-ros2-interface-lib/mission/examples) by extension 'ignore_ament_install'
[0.613s] Level 1:colcon.colcon_core.package_identification:_identify(px4-ros2-interface-lib/mission/examples) by extensions ['colcon_pkg']
[0.613s] Level 1:colcon.colcon_core.package_identification:_identify(px4-ros2-interface-lib/mission/examples) by extension 'colcon_pkg'
[0.613s] Level 1:colcon.colcon_core.package_identification:_identify(px4-ros2-interface-lib/mission/examples) by extensions ['colcon_meta']
[0.613s] Level 1:colcon.colcon_core.package_identification:_identify(px4-ros2-interface-lib/mission/examples) by extension 'colcon_meta'
[0.613s] Level 1:colcon.colcon_core.package_identification:_identify(px4-ros2-interface-lib/mission/examples) by extensions ['ros']
[0.613s] Level 1:colcon.colcon_core.package_identification:_identify(px4-ros2-interface-lib/mission/examples) by extension 'ros'
[0.613s] Level 1:colcon.colcon_core.package_identification:_identify(px4-ros2-interface-lib/mission/examples) by extensions ['cmake', 'python']
[0.614s] Level 1:colcon.colcon_core.package_identification:_identify(px4-ros2-interface-lib/mission/examples) by extension 'cmake'
[0.614s] Level 1:colcon.colcon_core.package_identification:_identify(px4-ros2-interface-lib/mission/examples) by extension 'python'
[0.614s] Level 1:colcon.colcon_core.package_identification:_identify(px4-ros2-interface-lib/mission/examples) by extensions ['python_setup_py']
[0.614s] Level 1:colcon.colcon_core.package_identification:_identify(px4-ros2-interface-lib/mission/examples) by extension 'python_setup_py'
[0.614s] Level 1:colcon.colcon_core.package_identification:_identify(px4-ros2-interface-lib/px4_ros2_cpp) by extensions ['ignore', 'ignore_ament_install']
[0.614s] Level 1:colcon.colcon_core.package_identification:_identify(px4-ros2-interface-lib/px4_ros2_cpp) by extension 'ignore'
[0.614s] Level 1:colcon.colcon_core.package_identification:_identify(px4-ros2-interface-lib/px4_ros2_cpp) by extension 'ignore_ament_install'
[0.614s] Level 1:colcon.colcon_core.package_identification:_identify(px4-ros2-interface-lib/px4_ros2_cpp) by extensions ['colcon_pkg']
[0.614s] Level 1:colcon.colcon_core.package_identification:_identify(px4-ros2-interface-lib/px4_ros2_cpp) by extension 'colcon_pkg'
[0.614s] Level 1:colcon.colcon_core.package_identification:_identify(px4-ros2-interface-lib/px4_ros2_cpp) by extensions ['colcon_meta']
[0.614s] Level 1:colcon.colcon_core.package_identification:_identify(px4-ros2-interface-lib/px4_ros2_cpp) by extension 'colcon_meta'
[0.615s] Level 1:colcon.colcon_core.package_identification:_identify(px4-ros2-interface-lib/px4_ros2_cpp) by extensions ['ros']
[0.615s] Level 1:colcon.colcon_core.package_identification:_identify(px4-ros2-interface-lib/px4_ros2_cpp) by extension 'ros'
[0.617s] DEBUG:colcon.colcon_core.package_identification:Package 'px4-ros2-interface-lib/px4_ros2_cpp' with type 'ros.ament_cmake' and name 'px4_ros2_cpp'
[0.617s] Level 1:colcon.colcon_core.package_identification:_identify(px4-ros2-interface-lib/scripts) by extensions ['ignore', 'ignore_ament_install']
[0.617s] Level 1:colcon.colcon_core.package_identification:_identify(px4-ros2-interface-lib/scripts) by extension 'ignore'
[0.618s] Level 1:colcon.colcon_core.package_identification:_identify(px4-ros2-interface-lib/scripts) by extension 'ignore_ament_install'
[0.618s] Level 1:colcon.colcon_core.package_identification:_identify(px4-ros2-interface-lib/scripts) by extensions ['colcon_pkg']
[0.618s] Level 1:colcon.colcon_core.package_identification:_identify(px4-ros2-interface-lib/scripts) by extension 'colcon_pkg'
[0.618s] Level 1:colcon.colcon_core.package_identification:_identify(px4-ros2-interface-lib/scripts) by extensions ['colcon_meta']
[0.618s] Level 1:colcon.colcon_core.package_identification:_identify(px4-ros2-interface-lib/scripts) by extension 'colcon_meta'
[0.618s] Level 1:colcon.colcon_core.package_identification:_identify(px4-ros2-interface-lib/scripts) by extensions ['ros']
[0.618s] Level 1:colcon.colcon_core.package_identification:_identify(px4-ros2-interface-lib/scripts) by extension 'ros'
[0.618s] Level 1:colcon.colcon_core.package_identification:_identify(px4-ros2-interface-lib/scripts) by extensions ['cmake', 'python']
[0.618s] Level 1:colcon.colcon_core.package_identification:_identify(px4-ros2-interface-lib/scripts) by extension 'cmake'
[0.618s] Level 1:colcon.colcon_core.package_identification:_identify(px4-ros2-interface-lib/scripts) by extension 'python'
[0.618s] Level 1:colcon.colcon_core.package_identification:_identify(px4-ros2-interface-lib/scripts) by extensions ['python_setup_py']
[0.618s] Level 1:colcon.colcon_core.package_identification:_identify(px4-ros2-interface-lib/scripts) by extension 'python_setup_py'
[0.619s] Level 1:colcon.colcon_core.package_identification:_identify(px4_example_node) by extensions ['ignore', 'ignore_ament_install']
[0.619s] Level 1:colcon.colcon_core.package_identification:_identify(px4_example_node) by extension 'ignore'
[0.619s] Level 1:colcon.colcon_core.package_identification:_identify(px4_example_node) by extension 'ignore_ament_install'
[0.619s] Level 1:colcon.colcon_core.package_identification:_identify(px4_example_node) by extensions ['colcon_pkg']
[0.619s] Level 1:colcon.colcon_core.package_identification:_identify(px4_example_node) by extension 'colcon_pkg'
[0.619s] Level 1:colcon.colcon_core.package_identification:_identify(px4_example_node) by extensions ['colcon_meta']
[0.619s] Level 1:colcon.colcon_core.package_identification:_identify(px4_example_node) by extension 'colcon_meta'
[0.619s] Level 1:colcon.colcon_core.package_identification:_identify(px4_example_node) by extensions ['ros']
[0.619s] Level 1:colcon.colcon_core.package_identification:_identify(px4_example_node) by extension 'ros'
[0.621s] DEBUG:colcon.colcon_core.package_identification:Package 'px4_example_node' with type 'ros.ament_cmake' and name 'px4_example_node'
[0.621s] Level 1:colcon.colcon_core.package_identification:_identify(px4_msgs) by extensions ['ignore', 'ignore_ament_install']
[0.621s] Level 1:colcon.colcon_core.package_identification:_identify(px4_msgs) by extension 'ignore'
[0.621s] Level 1:colcon.colcon_core.package_identification:_identify(px4_msgs) by extension 'ignore_ament_install'
[0.621s] Level 1:colcon.colcon_core.package_identification:_identify(px4_msgs) by extensions ['colcon_pkg']
[0.621s] Level 1:colcon.colcon_core.package_identification:_identify(px4_msgs) by extension 'colcon_pkg'
[0.622s] Level 1:colcon.colcon_core.package_identification:_identify(px4_msgs) by extensions ['colcon_meta']
[0.622s] Level 1:colcon.colcon_core.package_identification:_identify(px4_msgs) by extension 'colcon_meta'
[0.622s] Level 1:colcon.colcon_core.package_identification:_identify(px4_msgs) by extensions ['ros']
[0.622s] Level 1:colcon.colcon_core.package_identification:_identify(px4_msgs) by extension 'ros'
[0.623s] DEBUG:colcon.colcon_core.package_identification:Package 'px4_msgs' with type 'ros.ament_cmake' and name 'px4_msgs'
[0.624s] Level 1:colcon.colcon_core.package_identification:_identify(px4_ros_com) by extensions ['ignore', 'ignore_ament_install']
[0.624s] Level 1:colcon.colcon_core.package_identification:_identify(px4_ros_com) by extension 'ignore'
[0.624s] Level 1:colcon.colcon_core.package_identification:_identify(px4_ros_com) by extension 'ignore_ament_install'
[0.624s] Level 1:colcon.colcon_core.package_identification:_identify(px4_ros_com) by extensions ['colcon_pkg']
[0.624s] Level 1:colcon.colcon_core.package_identification:_identify(px4_ros_com) by extension 'colcon_pkg'
[0.624s] Level 1:colcon.colcon_core.package_identification:_identify(px4_ros_com) by extensions ['colcon_meta']
[0.624s] Level 1:colcon.colcon_core.package_identification:_identify(px4_ros_com) by extension 'colcon_meta'
[0.624s] Level 1:colcon.colcon_core.package_identification:_identify(px4_ros_com) by extensions ['ros']
[0.624s] Level 1:colcon.colcon_core.package_identification:_identify(px4_ros_com) by extension 'ros'
[0.627s] DEBUG:colcon.colcon_core.package_identification:Package 'px4_ros_com' with type 'ros.ament_cmake' and name 'px4_ros_com'
[0.627s] Level 1:colcon.colcon_core.package_identification:_identify(sim_topic_bridge) by extensions ['ignore', 'ignore_ament_install']
[0.627s] Level 1:colcon.colcon_core.package_identification:_identify(sim_topic_bridge) by extension 'ignore'
[0.627s] Level 1:colcon.colcon_core.package_identification:_identify(sim_topic_bridge) by extension 'ignore_ament_install'
[0.627s] Level 1:colcon.colcon_core.package_identification:_identify(sim_topic_bridge) by extensions ['colcon_pkg']
[0.627s] Level 1:colcon.colcon_core.package_identification:_identify(sim_topic_bridge) by extension 'colcon_pkg'
[0.627s] Level 1:colcon.colcon_core.package_identification:_identify(sim_topic_bridge) by extensions ['colcon_meta']
[0.627s] Level 1:colcon.colcon_core.package_identification:_identify(sim_topic_bridge) by extension 'colcon_meta'
[0.628s] Level 1:colcon.colcon_core.package_identification:_identify(sim_topic_bridge) by extensions ['ros']
[0.628s] Level 1:colcon.colcon_core.package_identification:_identify(sim_topic_bridge) by extension 'ros'
[0.630s] DEBUG:colcon.colcon_core.package_identification:Package 'sim_topic_bridge' with type 'ros.ament_cmake' and name 'sim_topic_bridge'
[0.630s] Level 1:colcon.colcon_core.package_identification:_identify(uav_navigation) by extensions ['ignore', 'ignore_ament_install']
[0.630s] Level 1:colcon.colcon_core.package_identification:_identify(uav_navigation) by extension 'ignore'
[0.630s] Level 1:colcon.colcon_core.package_identification:_identify(uav_navigation) by extension 'ignore_ament_install'
[0.631s] Level 1:colcon.colcon_core.package_identification:_identify(uav_navigation) by extensions ['colcon_pkg']
[0.631s] Level 1:colcon.colcon_core.package_identification:_identify(uav_navigation) by extension 'colcon_pkg'
[0.631s] Level 1:colcon.colcon_core.package_identification:_identify(uav_navigation) by extensions ['colcon_meta']
[0.631s] Level 1:colcon.colcon_core.package_identification:_identify(uav_navigation) by extension 'colcon_meta'
[0.631s] Level 1:colcon.colcon_core.package_identification:_identify(uav_navigation) by extensions ['ros']
[0.631s] Level 1:colcon.colcon_core.package_identification:_identify(uav_navigation) by extension 'ros'
[0.632s] DEBUG:colcon.colcon_core.package_identification:Package 'uav_navigation' with type 'ros.ament_cmake' and name 'uav_navigation'
[0.632s] Level 1:colcon.colcon_core.package_discovery:discover_packages(recursive) using defaults
[0.633s] Level 1:colcon.colcon_core.package_discovery:discover_packages(ignore) discover
[0.633s] Level 1:colcon.colcon_core.package_discovery:discover_packages(ignore) using defaults
[0.633s] Level 1:colcon.colcon_core.package_discovery:discover_packages(path) discover
[0.633s] Level 1:colcon.colcon_core.package_discovery:discover_packages(path) using defaults
[0.633s] WARNING:colcon.colcon_core.package_selection:ignoring unknown package 'drone_navigation' in --packages-select
[0.686s] INFO:colcon.colcon_core.package_selection:Skipping not selected package 'my_mixed_pkg' in 'my_mixed_pkg'
[0.686s] INFO:colcon.colcon_core.package_selection:Skipping not selected package 'px4_msgs' in 'px4_msgs'
[0.686s] INFO:colcon.colcon_core.package_selection:Skipping not selected package 'uav_navigation' in 'uav_navigation'
[0.686s] INFO:colcon.colcon_core.package_selection:Skipping not selected package 'px4_offboard' in 'px4-offboard'
[0.686s] INFO:colcon.colcon_core.package_selection:Skipping not selected package 'px4_ros2_cpp' in 'px4-ros2-interface-lib/px4_ros2_cpp'
[0.686s] INFO:colcon.colcon_core.package_selection:Skipping not selected package 'px4_ros_com' in 'px4_ros_com'
[0.686s] INFO:colcon.colcon_core.package_selection:Skipping not selected package 'sim_topic_bridge' in 'sim_topic_bridge'
[0.686s] INFO:colcon.colcon_core.package_selection:Skipping not selected package 'example_executor_with_multiple_modes_cpp' in 'px4-ros2-interface-lib/examples/cpp/modes/executor_with_multiple_modes'
[0.687s] INFO:colcon.colcon_core.package_selection:Skipping not selected package 'example_global_navigation_cpp' in 'px4-ros2-interface-lib/examples/cpp/navigation/global_navigation'
[0.687s] INFO:colcon.colcon_core.package_selection:Skipping not selected package 'example_local_navigation_cpp' in 'px4-ros2-interface-lib/examples/cpp/navigation/local_navigation'
[0.687s] INFO:colcon.colcon_core.package_selection:Skipping not selected package 'example_mode_fw_attitude_cpp' in 'px4-ros2-interface-lib/examples/cpp/modes/fw_attitude'
[0.687s] INFO:colcon.colcon_core.package_selection:Skipping not selected package 'example_mode_goto_cpp' in 'px4-ros2-interface-lib/examples/cpp/modes/goto'
[0.687s] INFO:colcon.colcon_core.package_selection:Skipping not selected package 'example_mode_goto_global_cpp' in 'px4-ros2-interface-lib/examples/cpp/modes/goto_global'
[0.687s] INFO:colcon.colcon_core.package_selection:Skipping not selected package 'example_mode_manual_cpp' in 'px4-ros2-interface-lib/examples/cpp/modes/manual'
[0.687s] INFO:colcon.colcon_core.package_selection:Skipping not selected package 'example_mode_mission_cpp' in 'px4-ros2-interface-lib/examples/cpp/modes/mission'
[0.687s] INFO:colcon.colcon_core.package_selection:Skipping not selected package 'example_mode_rtl_replacement_cpp' in 'px4-ros2-interface-lib/examples/cpp/modes/rtl_replacement'
[0.687s] INFO:colcon.colcon_core.package_selection:Skipping not selected package 'example_mode_vtol_cpp' in 'px4-ros2-interface-lib/examples/cpp/modes/vtol'
[0.687s] INFO:colcon.colcon_core.package_selection:Skipping not selected package 'example_mode_with_executor_cpp' in 'px4-ros2-interface-lib/examples/cpp/modes/mode_with_executor'
[0.687s] INFO:colcon.colcon_core.package_selection:Skipping not selected package 'example_rover_velocity_mode_cpp' in 'px4-ros2-interface-lib/examples/cpp/modes/rover_velocity'
[0.687s] INFO:colcon.colcon_core.package_selection:Skipping not selected package 'px4_example_node' in 'px4_example_node'
[0.688s] Level 1:colcon.colcon_core.package_discovery:discover_packages(prefix_path) check parameters
[0.688s] Level 1:colcon.colcon_core.package_discovery:discover_packages(prefix_path) discover
[0.692s] DEBUG:colcon.colcon_installed_package_information.package_discovery:Found 17 installed packages in /home/batoddy/uav_ws/install
[0.692s] DEBUG:colcon.colcon_installed_package_information.package_discovery:Found 1 installed packages in /home/batoddy/orn_ws/install
[0.693s] DEBUG:colcon.colcon_installed_package_information.package_discovery:Found 14 installed packages in /home/batoddy/install
[0.695s] DEBUG:colcon.colcon_installed_package_information.package_discovery:Found 371 installed packages in /opt/ros/humble
[0.698s] Level 1:colcon.colcon_core.package_discovery:discover_packages(prefix_path) using defaults
[0.772s] INFO:colcon.colcon_core.executor:Executing jobs using 'parallel' executor
[0.773s] DEBUG:colcon.colcon_parallel_executor.executor.parallel:run_until_complete
[0.774s] DEBUG:colcon.colcon_parallel_executor.executor.parallel:closing loop
[0.775s] DEBUG:colcon.colcon_parallel_executor.executor.parallel:loop closed
[0.775s] DEBUG:colcon.colcon_parallel_executor.executor.parallel:run_until_complete finished with '0'
[0.775s] DEBUG:colcon.colcon_core.event_reactor:joining thread
[0.785s] INFO:colcon.colcon_core.plugin_system:Skipping extension 'colcon_notification.desktop_notification.terminal_notifier': Not used on non-Darwin systems
[0.785s] INFO:colcon.colcon_core.plugin_system:Skipping extension 'colcon_notification.desktop_notification.win32': Not used on non-Windows systems
[0.785s] INFO:colcon.colcon_notification.desktop_notification:Sending desktop notification using 'notify2'
[0.804s] DEBUG:colcon.colcon_core.event_reactor:joined thread
[0.811s] INFO:colcon.colcon_core.plugin_system:Skipping extension 'colcon_core.shell.bat': Not used on non-Windows systems
[0.812s] INFO:colcon.colcon_core.shell:Creating prefix script '/home/batoddy/uav_ws/src/install/local_setup.ps1'
[0.814s] INFO:colcon.colcon_core.shell:Creating prefix util module '/home/batoddy/uav_ws/src/install/_local_setup_util_ps1.py'
[0.817s] INFO:colcon.colcon_core.shell:Creating prefix chain script '/home/batoddy/uav_ws/src/install/setup.ps1'
[0.821s] INFO:colcon.colcon_core.shell:Creating prefix script '/home/batoddy/uav_ws/src/install/local_setup.sh'
[0.823s] INFO:colcon.colcon_core.shell:Creating prefix util module '/home/batoddy/uav_ws/src/install/_local_setup_util_sh.py'
[0.824s] INFO:colcon.colcon_core.shell:Creating prefix chain script '/home/batoddy/uav_ws/src/install/setup.sh'
[0.828s] INFO:colcon.colcon_core.shell:Creating prefix script '/home/batoddy/uav_ws/src/install/local_setup.bash'
[0.830s] INFO:colcon.colcon_core.shell:Creating prefix chain script '/home/batoddy/uav_ws/src/install/setup.bash'
[0.834s] INFO:colcon.colcon_core.shell:Creating prefix script '/home/batoddy/uav_ws/src/install/local_setup.zsh'
[0.835s] INFO:colcon.colcon_core.shell:Creating prefix chain script '/home/batoddy/uav_ws/src/install/setup.zsh'
