[0.024s] Invoking command in '/home/batoddy/uav_ws/src/build/uav_navigation': CMAKE_PREFIX_PATH=${CMAKE_PREFIX_PATH}:/home/batoddy/uav_ws/install/px4_offboard:/home/batoddy/install/osrf_pycommon:/home/batoddy/install/ament_pyflakes:/home/batoddy/install/ament_pycodestyle:/home/batoddy/install/ament_pep257:/home/batoddy/install/ament_package:/home/batoddy/install/ament_flake8:/home/batoddy/install/ament_lint:/home/batoddy/install/ament_cppcheck:/home/batoddy/orn_ws/install/navslam:/opt/ros/humble /usr/bin/cmake /home/batoddy/uav_ws/src/uav_navigation -DCMAKE_INSTALL_PREFIX=/home/batoddy/uav_ws/src/install/uav_navigation
[0.178s] -- The C compiler identification is GNU 11.4.0
[0.290s] -- The CXX compiler identification is GNU 11.4.0
[0.306s] -- Detecting C compiler ABI info
[0.433s] -- Detecting C compiler ABI info - done
[0.446s] -- Check for working C compiler: /usr/bin/cc - skipped
[0.447s] -- Detecting C compile features
[0.448s] -- Detecting C compile features - done
[0.454s] -- Detecting CXX compiler ABI info
[0.605s] -- Detecting CXX compiler ABI info - done
[0.621s] -- Check for working CXX compiler: /usr/bin/c++ - skipped
[0.622s] -- Detecting CXX compile features
[0.622s] -- Detecting CXX compile features - done
[0.645s] -- Found ament_cmake: 1.3.12 (/opt/ros/humble/share/ament_cmake/cmake)
[1.020s] -- Found Python3: /usr/bin/python3 (found version "3.10.12") found components: Interpreter 
[1.294s] -- Found rclcpp: 16.0.15 (/opt/ros/humble/share/rclcpp/cmake)
[1.452s] -- Found rosidl_generator_c: 3.1.7 (/opt/ros/humble/share/rosidl_generator_c/cmake)
[1.467s] -- Found rosidl_adapter: 3.1.7 (/opt/ros/humble/share/rosidl_adapter/cmake)
[1.492s] -- Found rosidl_generator_cpp: 3.1.7 (/opt/ros/humble/share/rosidl_generator_cpp/cmake)
[1.530s] -- Using all available rosidl_typesupport_c: rosidl_typesupport_fastrtps_c;rosidl_typesupport_introspection_c
[1.579s] -- Using all available rosidl_typesupport_cpp: rosidl_typesupport_fastrtps_cpp;rosidl_typesupport_introspection_cpp
[1.715s] -- Found rmw_implementation_cmake: 6.1.2 (/opt/ros/humble/share/rmw_implementation_cmake/cmake)
[1.725s] -- Found rmw_fastrtps_cpp: 6.2.9 (/opt/ros/humble/share/rmw_fastrtps_cpp/cmake)
[1.942s] -- Found OpenSSL: /usr/lib/x86_64-linux-gnu/libcrypto.so (found version "3.0.2")  
[2.003s] -- Found FastRTPS: /opt/ros/humble/include  
[2.091s] -- Using RMW implementation 'rmw_fastrtps_cpp' as default
[2.124s] -- Looking for pthread.h
[2.261s] -- Looking for pthread.h - found
[2.262s] -- Performing Test CMAKE_HAVE_LIBC_PTHREAD
[2.400s] -- Performing Test CMAKE_HAVE_LIBC_PTHREAD - Success
[2.402s] -- Found Threads: TRUE  
[2.534s] -- Found rclpy: 3.3.17 (/opt/ros/humble/share/rclpy/cmake)
[2.541s] -- Found ament_lint_auto: 0.12.14 (/opt/ros/humble/share/ament_lint_auto/cmake)
[2.747s] -- Added test 'lint_cmake' to check CMake code style
[2.753s] -- Added test 'xmllint' to check XML markup files
[2.756s] -- Configuring done
[2.761s] -- Generating done
[2.765s] -- Build files have been written to: /home/batoddy/uav_ws/src/build/uav_navigation
[2.787s] Invoked command in '/home/batoddy/uav_ws/src/build/uav_navigation' returned '0': CMAKE_PREFIX_PATH=${CMAKE_PREFIX_PATH}:/home/batoddy/uav_ws/install/px4_offboard:/home/batoddy/install/osrf_pycommon:/home/batoddy/install/ament_pyflakes:/home/batoddy/install/ament_pycodestyle:/home/batoddy/install/ament_pep257:/home/batoddy/install/ament_package:/home/batoddy/install/ament_flake8:/home/batoddy/install/ament_lint:/home/batoddy/install/ament_cppcheck:/home/batoddy/orn_ws/install/navslam:/opt/ros/humble /usr/bin/cmake /home/batoddy/uav_ws/src/uav_navigation -DCMAKE_INSTALL_PREFIX=/home/batoddy/uav_ws/src/install/uav_navigation
[2.793s] Invoking command in '/home/batoddy/uav_ws/src/build/uav_navigation': CMAKE_PREFIX_PATH=${CMAKE_PREFIX_PATH}:/home/batoddy/uav_ws/install/px4_offboard:/home/batoddy/install/osrf_pycommon:/home/batoddy/install/ament_pyflakes:/home/batoddy/install/ament_pycodestyle:/home/batoddy/install/ament_pep257:/home/batoddy/install/ament_package:/home/batoddy/install/ament_flake8:/home/batoddy/install/ament_lint:/home/batoddy/install/ament_cppcheck:/home/batoddy/orn_ws/install/navslam:/opt/ros/humble /usr/bin/cmake --build /home/batoddy/uav_ws/src/build/uav_navigation -- -j8 -l8
[2.866s] Invoked command in '/home/batoddy/uav_ws/src/build/uav_navigation' returned '0': CMAKE_PREFIX_PATH=${CMAKE_PREFIX_PATH}:/home/batoddy/uav_ws/install/px4_offboard:/home/batoddy/install/osrf_pycommon:/home/batoddy/install/ament_pyflakes:/home/batoddy/install/ament_pycodestyle:/home/batoddy/install/ament_pep257:/home/batoddy/install/ament_package:/home/batoddy/install/ament_flake8:/home/batoddy/install/ament_lint:/home/batoddy/install/ament_cppcheck:/home/batoddy/orn_ws/install/navslam:/opt/ros/humble /usr/bin/cmake --build /home/batoddy/uav_ws/src/build/uav_navigation -- -j8 -l8
[2.882s] Invoking command in '/home/batoddy/uav_ws/src/build/uav_navigation': CMAKE_PREFIX_PATH=${CMAKE_PREFIX_PATH}:/home/batoddy/uav_ws/install/px4_offboard:/home/batoddy/install/osrf_pycommon:/home/batoddy/install/ament_pyflakes:/home/batoddy/install/ament_pycodestyle:/home/batoddy/install/ament_pep257:/home/batoddy/install/ament_package:/home/batoddy/install/ament_flake8:/home/batoddy/install/ament_lint:/home/batoddy/install/ament_cppcheck:/home/batoddy/orn_ws/install/navslam:/opt/ros/humble /usr/bin/cmake --install /home/batoddy/uav_ws/src/build/uav_navigation
[2.894s] -- Install configuration: ""
[2.895s] -- Installing: /home/batoddy/uav_ws/src/install/uav_navigation/share/ament_index/resource_index/package_run_dependencies/uav_navigation
[2.896s] -- Installing: /home/batoddy/uav_ws/src/install/uav_navigation/share/ament_index/resource_index/parent_prefix_path/uav_navigation
[2.897s] -- Installing: /home/batoddy/uav_ws/src/install/uav_navigation/share/uav_navigation/environment/ament_prefix_path.sh
[2.897s] -- Installing: /home/batoddy/uav_ws/src/install/uav_navigation/share/uav_navigation/environment/ament_prefix_path.dsv
[2.897s] -- Installing: /home/batoddy/uav_ws/src/install/uav_navigation/share/uav_navigation/environment/path.sh
[2.897s] -- Installing: /home/batoddy/uav_ws/src/install/uav_navigation/share/uav_navigation/environment/path.dsv
[2.897s] -- Installing: /home/batoddy/uav_ws/src/install/uav_navigation/share/uav_navigation/local_setup.bash
[2.897s] -- Installing: /home/batoddy/uav_ws/src/install/uav_navigation/share/uav_navigation/local_setup.sh
[2.898s] -- Installing: /home/batoddy/uav_ws/src/install/uav_navigation/share/uav_navigation/local_setup.zsh
[2.898s] -- Installing: /home/batoddy/uav_ws/src/install/uav_navigation/share/uav_navigation/local_setup.dsv
[2.898s] -- Installing: /home/batoddy/uav_ws/src/install/uav_navigation/share/uav_navigation/package.dsv
[2.898s] -- Installing: /home/batoddy/uav_ws/src/install/uav_navigation/share/ament_index/resource_index/packages/uav_navigation
[2.898s] -- Installing: /home/batoddy/uav_ws/src/install/uav_navigation/share/uav_navigation/cmake/uav_navigationConfig.cmake
[2.898s] -- Installing: /home/batoddy/uav_ws/src/install/uav_navigation/share/uav_navigation/cmake/uav_navigationConfig-version.cmake
[2.898s] -- Installing: /home/batoddy/uav_ws/src/install/uav_navigation/share/uav_navigation/package.xml
[2.901s] Invoked command in '/home/batoddy/uav_ws/src/build/uav_navigation' returned '0': CMAKE_PREFIX_PATH=${CMAKE_PREFIX_PATH}:/home/batoddy/uav_ws/install/px4_offboard:/home/batoddy/install/osrf_pycommon:/home/batoddy/install/ament_pyflakes:/home/batoddy/install/ament_pycodestyle:/home/batoddy/install/ament_pep257:/home/batoddy/install/ament_package:/home/batoddy/install/ament_flake8:/home/batoddy/install/ament_lint:/home/batoddy/install/ament_cppcheck:/home/batoddy/orn_ws/install/navslam:/opt/ros/humble /usr/bin/cmake --install /home/batoddy/uav_ws/src/build/uav_navigation
