[0.254s] Invoking command in '/home/batoddy/uav_ws/build/example_mode_rtl_replacement_cpp': CMAKE_PREFIX_PATH=/home/batoddy/uav_ws/install/px4_ros2_cpp:/home/batoddy/uav_ws/install/px4_msgs:/home/batoddy/uav_ws/install/uav_navigation:/home/batoddy/uav_ws/install/sim_topic_bridge:/home/batoddy/uav_ws/install/px4_ros_com:/home/batoddy/uav_ws/install/example_rover_velocity_mode_cpp:/home/batoddy/uav_ws/install/example_mode_with_executor_cpp:/home/batoddy/uav_ws/install/example_mode_vtol_cpp:/home/batoddy/uav_ws/install/example_mode_rtl_replacement_cpp:/home/batoddy/uav_ws/install/example_mode_mission_cpp:/home/batoddy/uav_ws/install/example_mode_manual_cpp:/home/batoddy/uav_ws/install/example_mode_goto_global_cpp:/home/batoddy/uav_ws/install/example_mode_goto_cpp:/home/batoddy/uav_ws/install/example_mode_fw_attitude_cpp:/home/batoddy/uav_ws/install/example_local_navigation_cpp:/home/batoddy/uav_ws/install/example_global_navigation_cpp:/home/batoddy/uav_ws/install/example_executor_with_multiple_modes_cpp:/home/batoddy/uav_ws/install/cmd_vel_to_px4:/home/batoddy/install/urdfdom_headers:/home/batoddy/install/gmock_vendor:/home/batoddy/install/gtest_vendor:/home/batoddy/install/ament_cmake_python:/home/batoddy/install/ament_cmake_libraries:/home/batoddy/install/ament_cmake_core:/home/batoddy/uav_ws/install/px4_offboard:/home/batoddy/install/osrf_pycommon:/home/batoddy/install/ament_pyflakes:/home/batoddy/install/ament_pycodestyle:/home/batoddy/install/ament_pep257:/home/batoddy/install/ament_package:/home/batoddy/install/ament_flake8:/home/batoddy/install/ament_lint:/home/batoddy/install/ament_cppcheck:/home/batoddy/orn_ws/install/navslam:/opt/ros/humble LD_LIBRARY_PATH=/home/batoddy/uav_ws/install/px4_ros2_cpp/lib:/home/batoddy/uav_ws/install/px4_msgs/lib:/home/batoddy/uav_ws/install/px4_ros_com/lib:/opt/ros/humble/opt/rviz_ogre_vendor/lib:/opt/ros/humble/lib/x86_64-linux-gnu:/opt/ros/humble/lib /usr/bin/cmake /home/batoddy/uav_ws/src/px4-ros2-interface-lib/examples/cpp/modes/rtl_replacement -DCMAKE_INSTALL_PREFIX=/home/batoddy/uav_ws/install/example_mode_rtl_replacement_cpp
[0.433s] -- The C compiler identification is GNU 11.4.0
[0.678s] -- The CXX compiler identification is GNU 11.4.0
[0.731s] -- Detecting C compiler ABI info
[0.976s] -- Detecting C compiler ABI info - done
[1.002s] -- Check for working C compiler: /usr/bin/cc - skipped
[1.002s] -- Detecting C compile features
[1.003s] -- Detecting C compile features - done
[1.010s] -- Detecting CXX compiler ABI info
[1.307s] -- Detecting CXX compiler ABI info - done
[1.324s] -- Check for working CXX compiler: /usr/bin/c++ - skipped
[1.325s] -- Detecting CXX compile features
[1.329s] -- Detecting CXX compile features - done
[1.348s] -- Found eigen3_cmake_module: 0.1.1 (/opt/ros/humble/share/eigen3_cmake_module/cmake)
[1.390s] -- Found Eigen3: TRUE (found version "3.4.0") 
[1.396s] -- Found ament_cmake: 1.3.12 (/opt/ros/humble/share/ament_cmake/cmake)
[1.996s] -- Found Python3: /usr/bin/python3 (found version "3.10.12") found components: Interpreter 
[2.369s] -- Found rclcpp: 16.0.15 (/opt/ros/humble/share/rclcpp/cmake)
[2.527s] -- Found rosidl_generator_c: 3.1.7 (/opt/ros/humble/share/rosidl_generator_c/cmake)
[2.550s] -- Found rosidl_adapter: 3.1.7 (/opt/ros/humble/share/rosidl_adapter/cmake)
[2.576s] -- Found rosidl_generator_cpp: 3.1.7 (/opt/ros/humble/share/rosidl_generator_cpp/cmake)
[2.612s] -- Using all available rosidl_typesupport_c: rosidl_typesupport_fastrtps_c;rosidl_typesupport_introspection_c
[2.664s] -- Using all available rosidl_typesupport_cpp: rosidl_typesupport_fastrtps_cpp;rosidl_typesupport_introspection_cpp
[2.836s] -- Found rmw_implementation_cmake: 6.1.2 (/opt/ros/humble/share/rmw_implementation_cmake/cmake)
[2.850s] -- Found rmw_fastrtps_cpp: 6.2.9 (/opt/ros/humble/share/rmw_fastrtps_cpp/cmake)
[3.120s] -- Found OpenSSL: /usr/lib/x86_64-linux-gnu/libcrypto.so (found version "3.0.2")  
[3.214s] -- Found FastRTPS: /opt/ros/humble/include  
[3.347s] -- Using RMW implementation 'rmw_fastrtps_cpp' as default
[3.383s] -- Looking for pthread.h
[3.565s] -- Looking for pthread.h - found
[3.569s] -- Performing Test CMAKE_HAVE_LIBC_PTHREAD
[3.746s] -- Performing Test CMAKE_HAVE_LIBC_PTHREAD - Success
[3.752s] -- Found Threads: TRUE  
[3.872s] -- Found px4_ros2_cpp: 0.0.1 (/home/batoddy/uav_ws/install/px4_ros2_cpp/share/px4_ros2_cpp/cmake)
[3.914s] -- Found ament_lint_auto: 0.12.14 (/opt/ros/humble/share/ament_lint_auto/cmake)
[4.184s] -- Added test 'copyright' to check source files copyright and LICENSE
[4.187s] -- Added test 'cppcheck' to perform static code analysis on C / C++ code
[4.188s] -- Configured cppcheck include dirs: /home/batoddy/uav_ws/src/px4-ros2-interface-lib/examples/cpp/modes/rtl_replacement/include
[4.188s] -- Configured cppcheck exclude dirs and/or files: 
[4.191s] -- Added test 'cpplint' to check C / C++ code against the Google style
[4.193s] -- Configured cpplint exclude dirs and/or files: 
[4.196s] -- Added test 'lint_cmake' to check CMake code style
[4.199s] -- Added test 'uncrustify' to check C / C++ code style
[4.199s] -- Configured uncrustify additional arguments: 
[4.201s] -- Added test 'xmllint' to check XML markup files
[4.222s] -- Configuring done
[4.240s] -- Generating done
[4.246s] -- Build files have been written to: /home/batoddy/uav_ws/build/example_mode_rtl_replacement_cpp
[4.270s] Invoked command in '/home/batoddy/uav_ws/build/example_mode_rtl_replacement_cpp' returned '0': CMAKE_PREFIX_PATH=/home/batoddy/uav_ws/install/px4_ros2_cpp:/home/batoddy/uav_ws/install/px4_msgs:/home/batoddy/uav_ws/install/uav_navigation:/home/batoddy/uav_ws/install/sim_topic_bridge:/home/batoddy/uav_ws/install/px4_ros_com:/home/batoddy/uav_ws/install/example_rover_velocity_mode_cpp:/home/batoddy/uav_ws/install/example_mode_with_executor_cpp:/home/batoddy/uav_ws/install/example_mode_vtol_cpp:/home/batoddy/uav_ws/install/example_mode_rtl_replacement_cpp:/home/batoddy/uav_ws/install/example_mode_mission_cpp:/home/batoddy/uav_ws/install/example_mode_manual_cpp:/home/batoddy/uav_ws/install/example_mode_goto_global_cpp:/home/batoddy/uav_ws/install/example_mode_goto_cpp:/home/batoddy/uav_ws/install/example_mode_fw_attitude_cpp:/home/batoddy/uav_ws/install/example_local_navigation_cpp:/home/batoddy/uav_ws/install/example_global_navigation_cpp:/home/batoddy/uav_ws/install/example_executor_with_multiple_modes_cpp:/home/batoddy/uav_ws/install/cmd_vel_to_px4:/home/batoddy/install/urdfdom_headers:/home/batoddy/install/gmock_vendor:/home/batoddy/install/gtest_vendor:/home/batoddy/install/ament_cmake_python:/home/batoddy/install/ament_cmake_libraries:/home/batoddy/install/ament_cmake_core:/home/batoddy/uav_ws/install/px4_offboard:/home/batoddy/install/osrf_pycommon:/home/batoddy/install/ament_pyflakes:/home/batoddy/install/ament_pycodestyle:/home/batoddy/install/ament_pep257:/home/batoddy/install/ament_package:/home/batoddy/install/ament_flake8:/home/batoddy/install/ament_lint:/home/batoddy/install/ament_cppcheck:/home/batoddy/orn_ws/install/navslam:/opt/ros/humble LD_LIBRARY_PATH=/home/batoddy/uav_ws/install/px4_ros2_cpp/lib:/home/batoddy/uav_ws/install/px4_msgs/lib:/home/batoddy/uav_ws/install/px4_ros_com/lib:/opt/ros/humble/opt/rviz_ogre_vendor/lib:/opt/ros/humble/lib/x86_64-linux-gnu:/opt/ros/humble/lib /usr/bin/cmake /home/batoddy/uav_ws/src/px4-ros2-interface-lib/examples/cpp/modes/rtl_replacement -DCMAKE_INSTALL_PREFIX=/home/batoddy/uav_ws/install/example_mode_rtl_replacement_cpp
[4.273s] Invoking command in '/home/batoddy/uav_ws/build/example_mode_rtl_replacement_cpp': CMAKE_PREFIX_PATH=/home/batoddy/uav_ws/install/px4_ros2_cpp:/home/batoddy/uav_ws/install/px4_msgs:/home/batoddy/uav_ws/install/uav_navigation:/home/batoddy/uav_ws/install/sim_topic_bridge:/home/batoddy/uav_ws/install/px4_ros_com:/home/batoddy/uav_ws/install/example_rover_velocity_mode_cpp:/home/batoddy/uav_ws/install/example_mode_with_executor_cpp:/home/batoddy/uav_ws/install/example_mode_vtol_cpp:/home/batoddy/uav_ws/install/example_mode_rtl_replacement_cpp:/home/batoddy/uav_ws/install/example_mode_mission_cpp:/home/batoddy/uav_ws/install/example_mode_manual_cpp:/home/batoddy/uav_ws/install/example_mode_goto_global_cpp:/home/batoddy/uav_ws/install/example_mode_goto_cpp:/home/batoddy/uav_ws/install/example_mode_fw_attitude_cpp:/home/batoddy/uav_ws/install/example_local_navigation_cpp:/home/batoddy/uav_ws/install/example_global_navigation_cpp:/home/batoddy/uav_ws/install/example_executor_with_multiple_modes_cpp:/home/batoddy/uav_ws/install/cmd_vel_to_px4:/home/batoddy/install/urdfdom_headers:/home/batoddy/install/gmock_vendor:/home/batoddy/install/gtest_vendor:/home/batoddy/install/ament_cmake_python:/home/batoddy/install/ament_cmake_libraries:/home/batoddy/install/ament_cmake_core:/home/batoddy/uav_ws/install/px4_offboard:/home/batoddy/install/osrf_pycommon:/home/batoddy/install/ament_pyflakes:/home/batoddy/install/ament_pycodestyle:/home/batoddy/install/ament_pep257:/home/batoddy/install/ament_package:/home/batoddy/install/ament_flake8:/home/batoddy/install/ament_lint:/home/batoddy/install/ament_cppcheck:/home/batoddy/orn_ws/install/navslam:/opt/ros/humble LD_LIBRARY_PATH=/home/batoddy/uav_ws/install/px4_ros2_cpp/lib:/home/batoddy/uav_ws/install/px4_msgs/lib:/home/batoddy/uav_ws/install/px4_ros_com/lib:/opt/ros/humble/opt/rviz_ogre_vendor/lib:/opt/ros/humble/lib/x86_64-linux-gnu:/opt/ros/humble/lib /usr/bin/cmake --build /home/batoddy/uav_ws/build/example_mode_rtl_replacement_cpp -- -j8 -l8
[4.373s] [ 50%] [32mBuilding CXX object CMakeFiles/example_mode_rtl.dir/src/main.cpp.o[0m
[25.303s] [100%] [32m[1mLinking CXX executable example_mode_rtl[0m
[27.607s] [100%] Built target example_mode_rtl
[27.623s] Invoked command in '/home/batoddy/uav_ws/build/example_mode_rtl_replacement_cpp' returned '0': CMAKE_PREFIX_PATH=/home/batoddy/uav_ws/install/px4_ros2_cpp:/home/batoddy/uav_ws/install/px4_msgs:/home/batoddy/uav_ws/install/uav_navigation:/home/batoddy/uav_ws/install/sim_topic_bridge:/home/batoddy/uav_ws/install/px4_ros_com:/home/batoddy/uav_ws/install/example_rover_velocity_mode_cpp:/home/batoddy/uav_ws/install/example_mode_with_executor_cpp:/home/batoddy/uav_ws/install/example_mode_vtol_cpp:/home/batoddy/uav_ws/install/example_mode_rtl_replacement_cpp:/home/batoddy/uav_ws/install/example_mode_mission_cpp:/home/batoddy/uav_ws/install/example_mode_manual_cpp:/home/batoddy/uav_ws/install/example_mode_goto_global_cpp:/home/batoddy/uav_ws/install/example_mode_goto_cpp:/home/batoddy/uav_ws/install/example_mode_fw_attitude_cpp:/home/batoddy/uav_ws/install/example_local_navigation_cpp:/home/batoddy/uav_ws/install/example_global_navigation_cpp:/home/batoddy/uav_ws/install/example_executor_with_multiple_modes_cpp:/home/batoddy/uav_ws/install/cmd_vel_to_px4:/home/batoddy/install/urdfdom_headers:/home/batoddy/install/gmock_vendor:/home/batoddy/install/gtest_vendor:/home/batoddy/install/ament_cmake_python:/home/batoddy/install/ament_cmake_libraries:/home/batoddy/install/ament_cmake_core:/home/batoddy/uav_ws/install/px4_offboard:/home/batoddy/install/osrf_pycommon:/home/batoddy/install/ament_pyflakes:/home/batoddy/install/ament_pycodestyle:/home/batoddy/install/ament_pep257:/home/batoddy/install/ament_package:/home/batoddy/install/ament_flake8:/home/batoddy/install/ament_lint:/home/batoddy/install/ament_cppcheck:/home/batoddy/orn_ws/install/navslam:/opt/ros/humble LD_LIBRARY_PATH=/home/batoddy/uav_ws/install/px4_ros2_cpp/lib:/home/batoddy/uav_ws/install/px4_msgs/lib:/home/batoddy/uav_ws/install/px4_ros_com/lib:/opt/ros/humble/opt/rviz_ogre_vendor/lib:/opt/ros/humble/lib/x86_64-linux-gnu:/opt/ros/humble/lib /usr/bin/cmake --build /home/batoddy/uav_ws/build/example_mode_rtl_replacement_cpp -- -j8 -l8
[27.626s] Invoking command in '/home/batoddy/uav_ws/build/example_mode_rtl_replacement_cpp': CMAKE_PREFIX_PATH=/home/batoddy/uav_ws/install/px4_ros2_cpp:/home/batoddy/uav_ws/install/px4_msgs:/home/batoddy/uav_ws/install/uav_navigation:/home/batoddy/uav_ws/install/sim_topic_bridge:/home/batoddy/uav_ws/install/px4_ros_com:/home/batoddy/uav_ws/install/example_rover_velocity_mode_cpp:/home/batoddy/uav_ws/install/example_mode_with_executor_cpp:/home/batoddy/uav_ws/install/example_mode_vtol_cpp:/home/batoddy/uav_ws/install/example_mode_rtl_replacement_cpp:/home/batoddy/uav_ws/install/example_mode_mission_cpp:/home/batoddy/uav_ws/install/example_mode_manual_cpp:/home/batoddy/uav_ws/install/example_mode_goto_global_cpp:/home/batoddy/uav_ws/install/example_mode_goto_cpp:/home/batoddy/uav_ws/install/example_mode_fw_attitude_cpp:/home/batoddy/uav_ws/install/example_local_navigation_cpp:/home/batoddy/uav_ws/install/example_global_navigation_cpp:/home/batoddy/uav_ws/install/example_executor_with_multiple_modes_cpp:/home/batoddy/uav_ws/install/cmd_vel_to_px4:/home/batoddy/install/urdfdom_headers:/home/batoddy/install/gmock_vendor:/home/batoddy/install/gtest_vendor:/home/batoddy/install/ament_cmake_python:/home/batoddy/install/ament_cmake_libraries:/home/batoddy/install/ament_cmake_core:/home/batoddy/uav_ws/install/px4_offboard:/home/batoddy/install/osrf_pycommon:/home/batoddy/install/ament_pyflakes:/home/batoddy/install/ament_pycodestyle:/home/batoddy/install/ament_pep257:/home/batoddy/install/ament_package:/home/batoddy/install/ament_flake8:/home/batoddy/install/ament_lint:/home/batoddy/install/ament_cppcheck:/home/batoddy/orn_ws/install/navslam:/opt/ros/humble LD_LIBRARY_PATH=/home/batoddy/uav_ws/install/px4_ros2_cpp/lib:/home/batoddy/uav_ws/install/px4_msgs/lib:/home/batoddy/uav_ws/install/px4_ros_com/lib:/opt/ros/humble/opt/rviz_ogre_vendor/lib:/opt/ros/humble/lib/x86_64-linux-gnu:/opt/ros/humble/lib /usr/bin/cmake --install /home/batoddy/uav_ws/build/example_mode_rtl_replacement_cpp
[27.636s] -- Install configuration: ""
[27.636s] -- Installing: /home/batoddy/uav_ws/install/example_mode_rtl_replacement_cpp/lib/example_mode_rtl_replacement_cpp/example_mode_rtl
[27.644s] -- Set runtime path of "/home/batoddy/uav_ws/install/example_mode_rtl_replacement_cpp/lib/example_mode_rtl_replacement_cpp/example_mode_rtl" to ""
[27.644s] -- Installing: /home/batoddy/uav_ws/install/example_mode_rtl_replacement_cpp/share/ament_index/resource_index/package_run_dependencies/example_mode_rtl_replacement_cpp
[27.644s] -- Installing: /home/batoddy/uav_ws/install/example_mode_rtl_replacement_cpp/share/ament_index/resource_index/parent_prefix_path/example_mode_rtl_replacement_cpp
[27.644s] -- Installing: /home/batoddy/uav_ws/install/example_mode_rtl_replacement_cpp/share/example_mode_rtl_replacement_cpp/environment/ament_prefix_path.sh
[27.645s] -- Installing: /home/batoddy/uav_ws/install/example_mode_rtl_replacement_cpp/share/example_mode_rtl_replacement_cpp/environment/ament_prefix_path.dsv
[27.645s] -- Installing: /home/batoddy/uav_ws/install/example_mode_rtl_replacement_cpp/share/example_mode_rtl_replacement_cpp/environment/path.sh
[27.645s] -- Installing: /home/batoddy/uav_ws/install/example_mode_rtl_replacement_cpp/share/example_mode_rtl_replacement_cpp/environment/path.dsv
[27.645s] -- Installing: /home/batoddy/uav_ws/install/example_mode_rtl_replacement_cpp/share/example_mode_rtl_replacement_cpp/local_setup.bash
[27.645s] -- Installing: /home/batoddy/uav_ws/install/example_mode_rtl_replacement_cpp/share/example_mode_rtl_replacement_cpp/local_setup.sh
[27.646s] -- Installing: /home/batoddy/uav_ws/install/example_mode_rtl_replacement_cpp/share/example_mode_rtl_replacement_cpp/local_setup.zsh
[27.646s] -- Installing: /home/batoddy/uav_ws/install/example_mode_rtl_replacement_cpp/share/example_mode_rtl_replacement_cpp/local_setup.dsv
[27.646s] -- Installing: /home/batoddy/uav_ws/install/example_mode_rtl_replacement_cpp/share/example_mode_rtl_replacement_cpp/package.dsv
[27.646s] -- Installing: /home/batoddy/uav_ws/install/example_mode_rtl_replacement_cpp/share/ament_index/resource_index/packages/example_mode_rtl_replacement_cpp
[27.646s] -- Installing: /home/batoddy/uav_ws/install/example_mode_rtl_replacement_cpp/share/example_mode_rtl_replacement_cpp/cmake/example_mode_rtl_replacement_cppConfig.cmake
[27.647s] -- Installing: /home/batoddy/uav_ws/install/example_mode_rtl_replacement_cpp/share/example_mode_rtl_replacement_cpp/cmake/example_mode_rtl_replacement_cppConfig-version.cmake
[27.647s] -- Installing: /home/batoddy/uav_ws/install/example_mode_rtl_replacement_cpp/share/example_mode_rtl_replacement_cpp/package.xml
[27.651s] Invoked command in '/home/batoddy/uav_ws/build/example_mode_rtl_replacement_cpp' returned '0': CMAKE_PREFIX_PATH=/home/batoddy/uav_ws/install/px4_ros2_cpp:/home/batoddy/uav_ws/install/px4_msgs:/home/batoddy/uav_ws/install/uav_navigation:/home/batoddy/uav_ws/install/sim_topic_bridge:/home/batoddy/uav_ws/install/px4_ros_com:/home/batoddy/uav_ws/install/example_rover_velocity_mode_cpp:/home/batoddy/uav_ws/install/example_mode_with_executor_cpp:/home/batoddy/uav_ws/install/example_mode_vtol_cpp:/home/batoddy/uav_ws/install/example_mode_rtl_replacement_cpp:/home/batoddy/uav_ws/install/example_mode_mission_cpp:/home/batoddy/uav_ws/install/example_mode_manual_cpp:/home/batoddy/uav_ws/install/example_mode_goto_global_cpp:/home/batoddy/uav_ws/install/example_mode_goto_cpp:/home/batoddy/uav_ws/install/example_mode_fw_attitude_cpp:/home/batoddy/uav_ws/install/example_local_navigation_cpp:/home/batoddy/uav_ws/install/example_global_navigation_cpp:/home/batoddy/uav_ws/install/example_executor_with_multiple_modes_cpp:/home/batoddy/uav_ws/install/cmd_vel_to_px4:/home/batoddy/install/urdfdom_headers:/home/batoddy/install/gmock_vendor:/home/batoddy/install/gtest_vendor:/home/batoddy/install/ament_cmake_python:/home/batoddy/install/ament_cmake_libraries:/home/batoddy/install/ament_cmake_core:/home/batoddy/uav_ws/install/px4_offboard:/home/batoddy/install/osrf_pycommon:/home/batoddy/install/ament_pyflakes:/home/batoddy/install/ament_pycodestyle:/home/batoddy/install/ament_pep257:/home/batoddy/install/ament_package:/home/batoddy/install/ament_flake8:/home/batoddy/install/ament_lint:/home/batoddy/install/ament_cppcheck:/home/batoddy/orn_ws/install/navslam:/opt/ros/humble LD_LIBRARY_PATH=/home/batoddy/uav_ws/install/px4_ros2_cpp/lib:/home/batoddy/uav_ws/install/px4_msgs/lib:/home/batoddy/uav_ws/install/px4_ros_com/lib:/opt/ros/humble/opt/rviz_ogre_vendor/lib:/opt/ros/humble/lib/x86_64-linux-gnu:/opt/ros/humble/lib /usr/bin/cmake --install /home/batoddy/uav_ws/build/example_mode_rtl_replacement_cpp
