-- The C compiler identification is GNU 11.4.0
-- The CXX compiler identification is GNU 11.4.0
-- Detecting C compiler ABI info
-- Detecting C compiler ABI info - done
-- Check for working C compiler: /usr/bin/cc - skipped
-- Detecting C compile features
-- Detecting C compile features - done
-- Detecting CXX compiler ABI info
-- Detecting CXX compiler ABI info - done
-- Check for working CXX compiler: /usr/bin/c++ - skipped
-- Detecting CXX compile features
-- Detecting CXX compile features - done
-- Found ament_cmake: 1.3.12 (/opt/ros/humble/share/ament_cmake/cmake)
-- Found Python3: /usr/bin/python3 (found version "3.10.12") found components: Interpreter 
-- Found rclcpp: 16.0.15 (/opt/ros/humble/share/rclcpp/cmake)
-- Found rosidl_generator_c: 3.1.7 (/opt/ros/humble/share/rosidl_generator_c/cmake)
-- Found rosidl_adapter: 3.1.7 (/opt/ros/humble/share/rosidl_adapter/cmake)
-- Found rosidl_generator_cpp: 3.1.7 (/opt/ros/humble/share/rosidl_generator_cpp/cmake)
-- Using all available rosidl_typesupport_c: rosidl_typesupport_fastrtps_c;rosidl_typesupport_introspection_c
-- Using all available rosidl_typesupport_cpp: rosidl_typesupport_fastrtps_cpp;rosidl_typesupport_introspection_cpp
-- Found rmw_implementation_cmake: 6.1.2 (/opt/ros/humble/share/rmw_implementation_cmake/cmake)
-- Found rmw_fastrtps_cpp: 6.2.9 (/opt/ros/humble/share/rmw_fastrtps_cpp/cmake)
-- Found OpenSSL: /usr/lib/x86_64-linux-gnu/libcrypto.so (found version "3.0.2")  
-- Found FastRTPS: /opt/ros/humble/include  
-- Using RMW implementation 'rmw_fastrtps_cpp' as default
-- Looking for pthread.h
-- Looking for pthread.h - found
-- Performing Test CMAKE_HAVE_LIBC_PTHREAD
-- Performing Test CMAKE_HAVE_LIBC_PTHREAD - Success
-- Found Threads: TRUE  
-- Found geometry_msgs: 4.9.0 (/opt/ros/humble/share/geometry_msgs/cmake)
-- Found nav_msgs: 4.9.0 (/opt/ros/humble/share/nav_msgs/cmake)
-- Found px4_msgs: 2.0.1 (/home/batoddy/uav_ws/install/px4_msgs/share/px4_msgs/cmake)
-- Found tf2: 0.25.16 (/opt/ros/humble/share/tf2/cmake)
-- Found tf2_ros: 0.25.16 (/opt/ros/humble/share/tf2_ros/cmake)
-- Found tf2_geometry_msgs: 0.25.16 (/opt/ros/humble/share/tf2_geometry_msgs/cmake)
-- Found eigen3_cmake_module: 0.1.1 (/opt/ros/humble/share/eigen3_cmake_module/cmake)
-- Found Eigen3: TRUE (found version "3.4.0") 
-- Ensuring Eigen3 include directory is part of orocos-kdl CMake target
-- Configuring done
-- Generating done
-- Build files have been written to: /home/batoddy/uav_ws/build/uav_navigation
[ 50%] [32mBuilding CXX object CMakeFiles/nav2_to_px4_bridge.dir/src/nav2_to_px4_bridge.cpp.o[0m
[100%] [32m[1mLinking CXX executable nav2_to_px4_bridge[0m
[100%] Built target nav2_to_px4_bridge
-- Install configuration: ""
-- Installing: /home/batoddy/uav_ws/install/uav_navigation/lib/uav_navigation/nav2_to_px4_bridge
-- Set runtime path of "/home/batoddy/uav_ws/install/uav_navigation/lib/uav_navigation/nav2_to_px4_bridge" to ""
-- Installing: /home/batoddy/uav_ws/install/uav_navigation/share/uav_navigation/config
-- Installing: /home/batoddy/uav_ws/install/uav_navigation/share/uav_navigation/config/nav2_params.yaml
-- Installing: /home/batoddy/uav_ws/install/uav_navigation/share/uav_navigation/config/octomap_params.yaml
-- Installing: /home/batoddy/uav_ws/install/uav_navigation/share/uav_navigation/config/nav2_drone_old.rviz
-- Installing: /home/batoddy/uav_ws/install/uav_navigation/share/uav_navigation/config/nav2_drone.rviz
-- Installing: /home/batoddy/uav_ws/install/uav_navigation/share/uav_navigation/config/nav2_params_old.yaml
-- Installing: /home/batoddy/uav_ws/install/uav_navigation/share/uav_navigation/launch
-- Installing: /home/batoddy/uav_ws/install/uav_navigation/share/uav_navigation/launch/just_viz.launch.py
-- Installing: /home/batoddy/uav_ws/install/uav_navigation/share/uav_navigation/launch/navigation.launch.py
-- Installing: /home/batoddy/uav_ws/install/uav_navigation/share/ament_index/resource_index/package_run_dependencies/uav_navigation
-- Installing: /home/batoddy/uav_ws/install/uav_navigation/share/ament_index/resource_index/parent_prefix_path/uav_navigation
-- Installing: /home/batoddy/uav_ws/install/uav_navigation/share/uav_navigation/environment/ament_prefix_path.sh
-- Installing: /home/batoddy/uav_ws/install/uav_navigation/share/uav_navigation/environment/ament_prefix_path.dsv
-- Installing: /home/batoddy/uav_ws/install/uav_navigation/share/uav_navigation/environment/path.sh
-- Installing: /home/batoddy/uav_ws/install/uav_navigation/share/uav_navigation/environment/path.dsv
-- Installing: /home/batoddy/uav_ws/install/uav_navigation/share/uav_navigation/local_setup.bash
-- Installing: /home/batoddy/uav_ws/install/uav_navigation/share/uav_navigation/local_setup.sh
-- Installing: /home/batoddy/uav_ws/install/uav_navigation/share/uav_navigation/local_setup.zsh
-- Installing: /home/batoddy/uav_ws/install/uav_navigation/share/uav_navigation/local_setup.dsv
-- Installing: /home/batoddy/uav_ws/install/uav_navigation/share/uav_navigation/package.dsv
-- Installing: /home/batoddy/uav_ws/install/uav_navigation/share/ament_index/resource_index/packages/uav_navigation
-- Installing: /home/batoddy/uav_ws/install/uav_navigation/share/uav_navigation/cmake/uav_navigationConfig.cmake
-- Installing: /home/batoddy/uav_ws/install/uav_navigation/share/uav_navigation/cmake/uav_navigationConfig-version.cmake
-- Installing: /home/batoddy/uav_ws/install/uav_navigation/share/uav_navigation/package.xml
