[0.579s] Invoking command in '/home/batoddy/uav_ws/build/uav_navigation': CMAKE_PREFIX_PATH=/home/batoddy/uav_ws/install/px4_msgs:/home/batoddy/uav_ws/install/uav_navigation:/home/batoddy/uav_ws/install/sim_topic_bridge:/home/batoddy/uav_ws/install/px4_ros_com:/home/batoddy/uav_ws/install/example_rover_velocity_mode_cpp:/home/batoddy/uav_ws/install/example_mode_with_executor_cpp:/home/batoddy/uav_ws/install/example_mode_vtol_cpp:/home/batoddy/uav_ws/install/example_mode_rtl_replacement_cpp:/home/batoddy/uav_ws/install/example_mode_mission_cpp:/home/batoddy/uav_ws/install/example_mode_manual_cpp:/home/batoddy/uav_ws/install/example_mode_goto_global_cpp:/home/batoddy/uav_ws/install/example_mode_goto_cpp:/home/batoddy/uav_ws/install/example_mode_fw_attitude_cpp:/home/batoddy/uav_ws/install/example_local_navigation_cpp:/home/batoddy/uav_ws/install/example_global_navigation_cpp:/home/batoddy/uav_ws/install/example_executor_with_multiple_modes_cpp:/home/batoddy/uav_ws/install/px4_ros2_cpp:/home/batoddy/uav_ws/install/cmd_vel_to_px4:/home/batoddy/install/urdfdom_headers:/home/batoddy/install/gmock_vendor:/home/batoddy/install/gtest_vendor:/home/batoddy/install/ament_cmake_python:/home/batoddy/install/ament_cmake_libraries:/home/batoddy/install/ament_cmake_core:/home/batoddy/uav_ws/install/px4_offboard:/home/batoddy/install/osrf_pycommon:/home/batoddy/install/ament_pyflakes:/home/batoddy/install/ament_pycodestyle:/home/batoddy/install/ament_pep257:/home/batoddy/install/ament_package:/home/batoddy/install/ament_flake8:/home/batoddy/install/ament_lint:/home/batoddy/install/ament_cppcheck:/home/batoddy/orn_ws/install/navslam:/opt/ros/humble LD_LIBRARY_PATH=/home/batoddy/uav_ws/install/px4_msgs/lib:/home/batoddy/uav_ws/install/px4_ros_com/lib:/home/batoddy/uav_ws/install/px4_ros2_cpp/lib:/opt/ros/humble/opt/rviz_ogre_vendor/lib:/opt/ros/humble/lib/x86_64-linux-gnu:/opt/ros/humble/lib /usr/bin/cmake /home/batoddy/uav_ws/src/uav_navigation -DCMAKE_INSTALL_PREFIX=/home/batoddy/uav_ws/install/uav_navigation
[0.741s] -- The C compiler identification is GNU 11.4.0
[0.912s] -- The CXX compiler identification is GNU 11.4.0
[0.954s] -- Detecting C compiler ABI info
[1.135s] -- Detecting C compiler ABI info - done
[1.166s] -- Check for working C compiler: /usr/bin/cc - skipped
[1.166s] -- Detecting C compile features
[1.167s] -- Detecting C compile features - done
[1.175s] -- Detecting CXX compiler ABI info
[1.370s] -- Detecting CXX compiler ABI info - done
[1.386s] -- Check for working CXX compiler: /usr/bin/c++ - skipped
[1.386s] -- Detecting CXX compile features
[1.387s] -- Detecting CXX compile features - done
[1.395s] -- Found ament_cmake: 1.3.12 (/opt/ros/humble/share/ament_cmake/cmake)
[1.975s] -- Found Python3: /usr/bin/python3 (found version "3.10.12") found components: Interpreter 
[2.341s] -- Found rclcpp: 16.0.15 (/opt/ros/humble/share/rclcpp/cmake)
[2.513s] -- Found rosidl_generator_c: 3.1.7 (/opt/ros/humble/share/rosidl_generator_c/cmake)
[2.513s] -- Found rosidl_adapter: 3.1.7 (/opt/ros/humble/share/rosidl_adapter/cmake)
[2.531s] -- Found rosidl_generator_cpp: 3.1.7 (/opt/ros/humble/share/rosidl_generator_cpp/cmake)
[2.567s] -- Using all available rosidl_typesupport_c: rosidl_typesupport_fastrtps_c;rosidl_typesupport_introspection_c
[2.610s] -- Using all available rosidl_typesupport_cpp: rosidl_typesupport_fastrtps_cpp;rosidl_typesupport_introspection_cpp
[2.729s] -- Found rmw_implementation_cmake: 6.1.2 (/opt/ros/humble/share/rmw_implementation_cmake/cmake)
[2.736s] -- Found rmw_fastrtps_cpp: 6.2.9 (/opt/ros/humble/share/rmw_fastrtps_cpp/cmake)
[3.059s] -- Found OpenSSL: /usr/lib/x86_64-linux-gnu/libcrypto.so (found version "3.0.2")  
[3.165s] -- Found FastRTPS: /opt/ros/humble/include  
[3.375s] -- Using RMW implementation 'rmw_fastrtps_cpp' as default
[3.406s] -- Looking for pthread.h
[3.679s] -- Looking for pthread.h - found
[3.681s] -- Performing Test CMAKE_HAVE_LIBC_PTHREAD
[3.950s] -- Performing Test CMAKE_HAVE_LIBC_PTHREAD - Success
[3.958s] -- Found Threads: TRUE  
[4.212s] -- Found geometry_msgs: 4.9.0 (/opt/ros/humble/share/geometry_msgs/cmake)
[4.278s] -- Found nav_msgs: 4.9.0 (/opt/ros/humble/share/nav_msgs/cmake)
[4.340s] -- Found px4_msgs: 2.0.1 (/home/batoddy/uav_ws/install/px4_msgs/share/px4_msgs/cmake)
[4.399s] -- Found tf2: 0.25.16 (/opt/ros/humble/share/tf2/cmake)
[4.438s] -- Found tf2_ros: 0.25.16 (/opt/ros/humble/share/tf2_ros/cmake)
[4.777s] -- Found tf2_geometry_msgs: 0.25.16 (/opt/ros/humble/share/tf2_geometry_msgs/cmake)
[4.842s] -- Found eigen3_cmake_module: 0.1.1 (/opt/ros/humble/share/eigen3_cmake_module/cmake)
[4.847s] -- Found Eigen3: TRUE (found version "3.4.0") 
[4.848s] -- Ensuring Eigen3 include directory is part of orocos-kdl CMake target
[5.139s] -- Configuring done
[5.183s] -- Generating done
[5.200s] -- Build files have been written to: /home/batoddy/uav_ws/build/uav_navigation
[5.229s] Invoked command in '/home/batoddy/uav_ws/build/uav_navigation' returned '0': CMAKE_PREFIX_PATH=/home/batoddy/uav_ws/install/px4_msgs:/home/batoddy/uav_ws/install/uav_navigation:/home/batoddy/uav_ws/install/sim_topic_bridge:/home/batoddy/uav_ws/install/px4_ros_com:/home/batoddy/uav_ws/install/example_rover_velocity_mode_cpp:/home/batoddy/uav_ws/install/example_mode_with_executor_cpp:/home/batoddy/uav_ws/install/example_mode_vtol_cpp:/home/batoddy/uav_ws/install/example_mode_rtl_replacement_cpp:/home/batoddy/uav_ws/install/example_mode_mission_cpp:/home/batoddy/uav_ws/install/example_mode_manual_cpp:/home/batoddy/uav_ws/install/example_mode_goto_global_cpp:/home/batoddy/uav_ws/install/example_mode_goto_cpp:/home/batoddy/uav_ws/install/example_mode_fw_attitude_cpp:/home/batoddy/uav_ws/install/example_local_navigation_cpp:/home/batoddy/uav_ws/install/example_global_navigation_cpp:/home/batoddy/uav_ws/install/example_executor_with_multiple_modes_cpp:/home/batoddy/uav_ws/install/px4_ros2_cpp:/home/batoddy/uav_ws/install/cmd_vel_to_px4:/home/batoddy/install/urdfdom_headers:/home/batoddy/install/gmock_vendor:/home/batoddy/install/gtest_vendor:/home/batoddy/install/ament_cmake_python:/home/batoddy/install/ament_cmake_libraries:/home/batoddy/install/ament_cmake_core:/home/batoddy/uav_ws/install/px4_offboard:/home/batoddy/install/osrf_pycommon:/home/batoddy/install/ament_pyflakes:/home/batoddy/install/ament_pycodestyle:/home/batoddy/install/ament_pep257:/home/batoddy/install/ament_package:/home/batoddy/install/ament_flake8:/home/batoddy/install/ament_lint:/home/batoddy/install/ament_cppcheck:/home/batoddy/orn_ws/install/navslam:/opt/ros/humble LD_LIBRARY_PATH=/home/batoddy/uav_ws/install/px4_msgs/lib:/home/batoddy/uav_ws/install/px4_ros_com/lib:/home/batoddy/uav_ws/install/px4_ros2_cpp/lib:/opt/ros/humble/opt/rviz_ogre_vendor/lib:/opt/ros/humble/lib/x86_64-linux-gnu:/opt/ros/humble/lib /usr/bin/cmake /home/batoddy/uav_ws/src/uav_navigation -DCMAKE_INSTALL_PREFIX=/home/batoddy/uav_ws/install/uav_navigation
[5.231s] Invoking command in '/home/batoddy/uav_ws/build/uav_navigation': CMAKE_PREFIX_PATH=/home/batoddy/uav_ws/install/px4_msgs:/home/batoddy/uav_ws/install/uav_navigation:/home/batoddy/uav_ws/install/sim_topic_bridge:/home/batoddy/uav_ws/install/px4_ros_com:/home/batoddy/uav_ws/install/example_rover_velocity_mode_cpp:/home/batoddy/uav_ws/install/example_mode_with_executor_cpp:/home/batoddy/uav_ws/install/example_mode_vtol_cpp:/home/batoddy/uav_ws/install/example_mode_rtl_replacement_cpp:/home/batoddy/uav_ws/install/example_mode_mission_cpp:/home/batoddy/uav_ws/install/example_mode_manual_cpp:/home/batoddy/uav_ws/install/example_mode_goto_global_cpp:/home/batoddy/uav_ws/install/example_mode_goto_cpp:/home/batoddy/uav_ws/install/example_mode_fw_attitude_cpp:/home/batoddy/uav_ws/install/example_local_navigation_cpp:/home/batoddy/uav_ws/install/example_global_navigation_cpp:/home/batoddy/uav_ws/install/example_executor_with_multiple_modes_cpp:/home/batoddy/uav_ws/install/px4_ros2_cpp:/home/batoddy/uav_ws/install/cmd_vel_to_px4:/home/batoddy/install/urdfdom_headers:/home/batoddy/install/gmock_vendor:/home/batoddy/install/gtest_vendor:/home/batoddy/install/ament_cmake_python:/home/batoddy/install/ament_cmake_libraries:/home/batoddy/install/ament_cmake_core:/home/batoddy/uav_ws/install/px4_offboard:/home/batoddy/install/osrf_pycommon:/home/batoddy/install/ament_pyflakes:/home/batoddy/install/ament_pycodestyle:/home/batoddy/install/ament_pep257:/home/batoddy/install/ament_package:/home/batoddy/install/ament_flake8:/home/batoddy/install/ament_lint:/home/batoddy/install/ament_cppcheck:/home/batoddy/orn_ws/install/navslam:/opt/ros/humble LD_LIBRARY_PATH=/home/batoddy/uav_ws/install/px4_msgs/lib:/home/batoddy/uav_ws/install/px4_ros_com/lib:/home/batoddy/uav_ws/install/px4_ros2_cpp/lib:/opt/ros/humble/opt/rviz_ogre_vendor/lib:/opt/ros/humble/lib/x86_64-linux-gnu:/opt/ros/humble/lib /usr/bin/cmake --build /home/batoddy/uav_ws/build/uav_navigation -- -j8 -l8
[5.350s] [ 50%] [32mBuilding CXX object CMakeFiles/nav2_to_px4_bridge.dir/src/nav2_to_px4_bridge.cpp.o[0m
[43.395s] [100%] [32m[1mLinking CXX executable nav2_to_px4_bridge[0m
[45.570s] [100%] Built target nav2_to_px4_bridge
[45.609s] Invoked command in '/home/batoddy/uav_ws/build/uav_navigation' returned '0': CMAKE_PREFIX_PATH=/home/batoddy/uav_ws/install/px4_msgs:/home/batoddy/uav_ws/install/uav_navigation:/home/batoddy/uav_ws/install/sim_topic_bridge:/home/batoddy/uav_ws/install/px4_ros_com:/home/batoddy/uav_ws/install/example_rover_velocity_mode_cpp:/home/batoddy/uav_ws/install/example_mode_with_executor_cpp:/home/batoddy/uav_ws/install/example_mode_vtol_cpp:/home/batoddy/uav_ws/install/example_mode_rtl_replacement_cpp:/home/batoddy/uav_ws/install/example_mode_mission_cpp:/home/batoddy/uav_ws/install/example_mode_manual_cpp:/home/batoddy/uav_ws/install/example_mode_goto_global_cpp:/home/batoddy/uav_ws/install/example_mode_goto_cpp:/home/batoddy/uav_ws/install/example_mode_fw_attitude_cpp:/home/batoddy/uav_ws/install/example_local_navigation_cpp:/home/batoddy/uav_ws/install/example_global_navigation_cpp:/home/batoddy/uav_ws/install/example_executor_with_multiple_modes_cpp:/home/batoddy/uav_ws/install/px4_ros2_cpp:/home/batoddy/uav_ws/install/cmd_vel_to_px4:/home/batoddy/install/urdfdom_headers:/home/batoddy/install/gmock_vendor:/home/batoddy/install/gtest_vendor:/home/batoddy/install/ament_cmake_python:/home/batoddy/install/ament_cmake_libraries:/home/batoddy/install/ament_cmake_core:/home/batoddy/uav_ws/install/px4_offboard:/home/batoddy/install/osrf_pycommon:/home/batoddy/install/ament_pyflakes:/home/batoddy/install/ament_pycodestyle:/home/batoddy/install/ament_pep257:/home/batoddy/install/ament_package:/home/batoddy/install/ament_flake8:/home/batoddy/install/ament_lint:/home/batoddy/install/ament_cppcheck:/home/batoddy/orn_ws/install/navslam:/opt/ros/humble LD_LIBRARY_PATH=/home/batoddy/uav_ws/install/px4_msgs/lib:/home/batoddy/uav_ws/install/px4_ros_com/lib:/home/batoddy/uav_ws/install/px4_ros2_cpp/lib:/opt/ros/humble/opt/rviz_ogre_vendor/lib:/opt/ros/humble/lib/x86_64-linux-gnu:/opt/ros/humble/lib /usr/bin/cmake --build /home/batoddy/uav_ws/build/uav_navigation -- -j8 -l8
[45.610s] Invoking command in '/home/batoddy/uav_ws/build/uav_navigation': CMAKE_PREFIX_PATH=/home/batoddy/uav_ws/install/px4_msgs:/home/batoddy/uav_ws/install/uav_navigation:/home/batoddy/uav_ws/install/sim_topic_bridge:/home/batoddy/uav_ws/install/px4_ros_com:/home/batoddy/uav_ws/install/example_rover_velocity_mode_cpp:/home/batoddy/uav_ws/install/example_mode_with_executor_cpp:/home/batoddy/uav_ws/install/example_mode_vtol_cpp:/home/batoddy/uav_ws/install/example_mode_rtl_replacement_cpp:/home/batoddy/uav_ws/install/example_mode_mission_cpp:/home/batoddy/uav_ws/install/example_mode_manual_cpp:/home/batoddy/uav_ws/install/example_mode_goto_global_cpp:/home/batoddy/uav_ws/install/example_mode_goto_cpp:/home/batoddy/uav_ws/install/example_mode_fw_attitude_cpp:/home/batoddy/uav_ws/install/example_local_navigation_cpp:/home/batoddy/uav_ws/install/example_global_navigation_cpp:/home/batoddy/uav_ws/install/example_executor_with_multiple_modes_cpp:/home/batoddy/uav_ws/install/px4_ros2_cpp:/home/batoddy/uav_ws/install/cmd_vel_to_px4:/home/batoddy/install/urdfdom_headers:/home/batoddy/install/gmock_vendor:/home/batoddy/install/gtest_vendor:/home/batoddy/install/ament_cmake_python:/home/batoddy/install/ament_cmake_libraries:/home/batoddy/install/ament_cmake_core:/home/batoddy/uav_ws/install/px4_offboard:/home/batoddy/install/osrf_pycommon:/home/batoddy/install/ament_pyflakes:/home/batoddy/install/ament_pycodestyle:/home/batoddy/install/ament_pep257:/home/batoddy/install/ament_package:/home/batoddy/install/ament_flake8:/home/batoddy/install/ament_lint:/home/batoddy/install/ament_cppcheck:/home/batoddy/orn_ws/install/navslam:/opt/ros/humble LD_LIBRARY_PATH=/home/batoddy/uav_ws/install/px4_msgs/lib:/home/batoddy/uav_ws/install/px4_ros_com/lib:/home/batoddy/uav_ws/install/px4_ros2_cpp/lib:/opt/ros/humble/opt/rviz_ogre_vendor/lib:/opt/ros/humble/lib/x86_64-linux-gnu:/opt/ros/humble/lib /usr/bin/cmake --install /home/batoddy/uav_ws/build/uav_navigation
[45.625s] -- Install configuration: ""
[45.625s] -- Installing: /home/batoddy/uav_ws/install/uav_navigation/lib/uav_navigation/nav2_to_px4_bridge
[45.633s] -- Set runtime path of "/home/batoddy/uav_ws/install/uav_navigation/lib/uav_navigation/nav2_to_px4_bridge" to ""
[45.633s] -- Installing: /home/batoddy/uav_ws/install/uav_navigation/share/uav_navigation/config
[45.635s] -- Installing: /home/batoddy/uav_ws/install/uav_navigation/share/uav_navigation/config/nav2_params.yaml
[45.635s] -- Installing: /home/batoddy/uav_ws/install/uav_navigation/share/uav_navigation/config/octomap_params.yaml
[45.636s] -- Installing: /home/batoddy/uav_ws/install/uav_navigation/share/uav_navigation/config/nav2_drone_old.rviz
[45.636s] -- Installing: /home/batoddy/uav_ws/install/uav_navigation/share/uav_navigation/config/nav2_drone.rviz
[45.642s] -- Installing: /home/batoddy/uav_ws/install/uav_navigation/share/uav_navigation/config/nav2_params_old.yaml
[45.642s] -- Installing: /home/batoddy/uav_ws/install/uav_navigation/share/uav_navigation/launch
[45.642s] -- Installing: /home/batoddy/uav_ws/install/uav_navigation/share/uav_navigation/launch/just_viz.launch.py
[45.643s] -- Installing: /home/batoddy/uav_ws/install/uav_navigation/share/uav_navigation/launch/navigation.launch.py
[45.643s] -- Installing: /home/batoddy/uav_ws/install/uav_navigation/share/ament_index/resource_index/package_run_dependencies/uav_navigation
[45.643s] -- Installing: /home/batoddy/uav_ws/install/uav_navigation/share/ament_index/resource_index/parent_prefix_path/uav_navigation
[45.643s] -- Installing: /home/batoddy/uav_ws/install/uav_navigation/share/uav_navigation/environment/ament_prefix_path.sh
[45.643s] -- Installing: /home/batoddy/uav_ws/install/uav_navigation/share/uav_navigation/environment/ament_prefix_path.dsv
[45.643s] -- Installing: /home/batoddy/uav_ws/install/uav_navigation/share/uav_navigation/environment/path.sh
[45.643s] -- Installing: /home/batoddy/uav_ws/install/uav_navigation/share/uav_navigation/environment/path.dsv
[45.643s] -- Installing: /home/batoddy/uav_ws/install/uav_navigation/share/uav_navigation/local_setup.bash
[45.644s] -- Installing: /home/batoddy/uav_ws/install/uav_navigation/share/uav_navigation/local_setup.sh
[45.644s] -- Installing: /home/batoddy/uav_ws/install/uav_navigation/share/uav_navigation/local_setup.zsh
[45.644s] -- Installing: /home/batoddy/uav_ws/install/uav_navigation/share/uav_navigation/local_setup.dsv
[45.644s] -- Installing: /home/batoddy/uav_ws/install/uav_navigation/share/uav_navigation/package.dsv
[45.644s] -- Installing: /home/batoddy/uav_ws/install/uav_navigation/share/ament_index/resource_index/packages/uav_navigation
[45.644s] -- Installing: /home/batoddy/uav_ws/install/uav_navigation/share/uav_navigation/cmake/uav_navigationConfig.cmake
[45.644s] -- Installing: /home/batoddy/uav_ws/install/uav_navigation/share/uav_navigation/cmake/uav_navigationConfig-version.cmake
[45.645s] -- Installing: /home/batoddy/uav_ws/install/uav_navigation/share/uav_navigation/package.xml
[45.650s] Invoked command in '/home/batoddy/uav_ws/build/uav_navigation' returned '0': CMAKE_PREFIX_PATH=/home/batoddy/uav_ws/install/px4_msgs:/home/batoddy/uav_ws/install/uav_navigation:/home/batoddy/uav_ws/install/sim_topic_bridge:/home/batoddy/uav_ws/install/px4_ros_com:/home/batoddy/uav_ws/install/example_rover_velocity_mode_cpp:/home/batoddy/uav_ws/install/example_mode_with_executor_cpp:/home/batoddy/uav_ws/install/example_mode_vtol_cpp:/home/batoddy/uav_ws/install/example_mode_rtl_replacement_cpp:/home/batoddy/uav_ws/install/example_mode_mission_cpp:/home/batoddy/uav_ws/install/example_mode_manual_cpp:/home/batoddy/uav_ws/install/example_mode_goto_global_cpp:/home/batoddy/uav_ws/install/example_mode_goto_cpp:/home/batoddy/uav_ws/install/example_mode_fw_attitude_cpp:/home/batoddy/uav_ws/install/example_local_navigation_cpp:/home/batoddy/uav_ws/install/example_global_navigation_cpp:/home/batoddy/uav_ws/install/example_executor_with_multiple_modes_cpp:/home/batoddy/uav_ws/install/px4_ros2_cpp:/home/batoddy/uav_ws/install/cmd_vel_to_px4:/home/batoddy/install/urdfdom_headers:/home/batoddy/install/gmock_vendor:/home/batoddy/install/gtest_vendor:/home/batoddy/install/ament_cmake_python:/home/batoddy/install/ament_cmake_libraries:/home/batoddy/install/ament_cmake_core:/home/batoddy/uav_ws/install/px4_offboard:/home/batoddy/install/osrf_pycommon:/home/batoddy/install/ament_pyflakes:/home/batoddy/install/ament_pycodestyle:/home/batoddy/install/ament_pep257:/home/batoddy/install/ament_package:/home/batoddy/install/ament_flake8:/home/batoddy/install/ament_lint:/home/batoddy/install/ament_cppcheck:/home/batoddy/orn_ws/install/navslam:/opt/ros/humble LD_LIBRARY_PATH=/home/batoddy/uav_ws/install/px4_msgs/lib:/home/batoddy/uav_ws/install/px4_ros_com/lib:/home/batoddy/uav_ws/install/px4_ros2_cpp/lib:/opt/ros/humble/opt/rviz_ogre_vendor/lib:/opt/ros/humble/lib/x86_64-linux-gnu:/opt/ros/humble/lib /usr/bin/cmake --install /home/batoddy/uav_ws/build/uav_navigation
