[1.597s] Invoking command in '/home/batoddy/uav_ws/src/px4-offboard': CMAKE_PREFIX_PATH=/home/batoddy/uav_ws/install/px4_msgs:/home/batoddy/uav_ws/install/uav_navigation:/home/batoddy/uav_ws/install/sim_topic_bridge:/home/batoddy/uav_ws/install/px4_ros_com:/home/batoddy/uav_ws/install/example_rover_velocity_mode_cpp:/home/batoddy/uav_ws/install/example_mode_with_executor_cpp:/home/batoddy/uav_ws/install/example_mode_vtol_cpp:/home/batoddy/uav_ws/install/example_mode_rtl_replacement_cpp:/home/batoddy/uav_ws/install/example_mode_mission_cpp:/home/batoddy/uav_ws/install/example_mode_manual_cpp:/home/batoddy/uav_ws/install/example_mode_goto_global_cpp:/home/batoddy/uav_ws/install/example_mode_goto_cpp:/home/batoddy/uav_ws/install/example_mode_fw_attitude_cpp:/home/batoddy/uav_ws/install/example_local_navigation_cpp:/home/batoddy/uav_ws/install/example_global_navigation_cpp:/home/batoddy/uav_ws/install/example_executor_with_multiple_modes_cpp:/home/batoddy/uav_ws/install/px4_ros2_cpp:/home/batoddy/uav_ws/install/cmd_vel_to_px4:/home/batoddy/install/urdfdom_headers:/home/batoddy/install/gmock_vendor:/home/batoddy/install/gtest_vendor:/home/batoddy/install/ament_cmake_python:/home/batoddy/install/ament_cmake_libraries:/home/batoddy/install/ament_cmake_core LD_LIBRARY_PATH=/home/batoddy/uav_ws/install/px4_msgs/lib:/home/batoddy/uav_ws/install/px4_ros_com/lib:/home/batoddy/uav_ws/install/px4_ros2_cpp/lib:/opt/ros/humble/opt/rviz_ogre_vendor/lib:/opt/ros/humble/lib/x86_64-linux-gnu:/opt/ros/humble/lib PYTHONPATH=/home/batoddy/uav_ws/build/px4_offboard/prefix_override:/usr/lib/python3/dist-packages/colcon_core/task/python/colcon_distutils_commands:/home/batoddy/uav_ws/install/px4_offboard/lib/python3.10/site-packages:${PYTHONPATH} /usr/bin/python3 -W ignore:setup.py install is deprecated -W ignore:easy_install command is deprecated setup.py egg_info --egg-base ../../build/px4_offboard build --build-base /home/batoddy/uav_ws/build/px4_offboard/build install --record /home/batoddy/uav_ws/build/px4_offboard/install.log --single-version-externally-managed install_data
[2.186s] running egg_info
[2.187s] creating ../../build/px4_offboard/px4_offboard.egg-info
[2.187s] writing ../../build/px4_offboard/px4_offboard.egg-info/PKG-INFO
[2.187s] writing dependency_links to ../../build/px4_offboard/px4_offboard.egg-info/dependency_links.txt
[2.188s] writing entry points to ../../build/px4_offboard/px4_offboard.egg-info/entry_points.txt
[2.189s] writing requirements to ../../build/px4_offboard/px4_offboard.egg-info/requires.txt
[2.189s] writing top-level names to ../../build/px4_offboard/px4_offboard.egg-info/top_level.txt
[2.189s] writing manifest file '../../build/px4_offboard/px4_offboard.egg-info/SOURCES.txt'
[2.195s] reading manifest file '../../build/px4_offboard/px4_offboard.egg-info/SOURCES.txt'
[2.195s] adding license file 'LICENSE'
[2.199s] writing manifest file '../../build/px4_offboard/px4_offboard.egg-info/SOURCES.txt'
[2.200s] running build
[2.200s] running build_py
[2.200s] creating /home/batoddy/uav_ws/build/px4_offboard/build
[2.205s] creating /home/batoddy/uav_ws/build/px4_offboard/build/lib
[2.205s] creating /home/batoddy/uav_ws/build/px4_offboard/build/lib/px4_offboard
[2.205s] copying px4_offboard/__init__.py -> /home/batoddy/uav_ws/build/px4_offboard/build/lib/px4_offboard
[2.205s] copying px4_offboard/odom_converter.py -> /home/batoddy/uav_ws/build/px4_offboard/build/lib/px4_offboard
[2.206s] copying px4_offboard/visualizer.py -> /home/batoddy/uav_ws/build/px4_offboard/build/lib/px4_offboard
[2.206s] copying px4_offboard/offboard_control.py -> /home/batoddy/uav_ws/build/px4_offboard/build/lib/px4_offboard
[2.206s] running install
[2.206s] running install_lib
[2.209s] creating /home/batoddy/uav_ws/install/px4_offboard/lib/python3.10/site-packages/px4_offboard
[2.209s] copying /home/batoddy/uav_ws/build/px4_offboard/build/lib/px4_offboard/__init__.py -> /home/batoddy/uav_ws/install/px4_offboard/lib/python3.10/site-packages/px4_offboard
[2.212s] copying /home/batoddy/uav_ws/build/px4_offboard/build/lib/px4_offboard/odom_converter.py -> /home/batoddy/uav_ws/install/px4_offboard/lib/python3.10/site-packages/px4_offboard
[2.212s] copying /home/batoddy/uav_ws/build/px4_offboard/build/lib/px4_offboard/visualizer.py -> /home/batoddy/uav_ws/install/px4_offboard/lib/python3.10/site-packages/px4_offboard
[2.212s] copying /home/batoddy/uav_ws/build/px4_offboard/build/lib/px4_offboard/offboard_control.py -> /home/batoddy/uav_ws/install/px4_offboard/lib/python3.10/site-packages/px4_offboard
[2.214s] byte-compiling /home/batoddy/uav_ws/install/px4_offboard/lib/python3.10/site-packages/px4_offboard/__init__.py to __init__.cpython-310.pyc
[2.216s] byte-compiling /home/batoddy/uav_ws/install/px4_offboard/lib/python3.10/site-packages/px4_offboard/odom_converter.py to odom_converter.cpython-310.pyc
[2.224s] byte-compiling /home/batoddy/uav_ws/install/px4_offboard/lib/python3.10/site-packages/px4_offboard/visualizer.py to visualizer.cpython-310.pyc
[2.230s] byte-compiling /home/batoddy/uav_ws/install/px4_offboard/lib/python3.10/site-packages/px4_offboard/offboard_control.py to offboard_control.cpython-310.pyc
[2.233s] running install_data
[2.234s] creating /home/batoddy/uav_ws/install/px4_offboard/share/ament_index
[2.234s] creating /home/batoddy/uav_ws/install/px4_offboard/share/ament_index/resource_index
[2.234s] creating /home/batoddy/uav_ws/install/px4_offboard/share/ament_index/resource_index/packages
[2.234s] copying resource/px4_offboard -> /home/batoddy/uav_ws/install/px4_offboard/share/ament_index/resource_index/packages
[2.234s] copying resource/visualize.rviz -> /home/batoddy/uav_ws/install/px4_offboard/share/ament_index/resource_index/packages
[2.235s] copying package.xml -> /home/batoddy/uav_ws/install/px4_offboard/share/px4_offboard
[2.236s] copying launch/offboard_hardware_position_control.launch.py -> /home/batoddy/uav_ws/install/px4_offboard/share/px4_offboard
[2.237s] copying launch/visualize.launch.py -> /home/batoddy/uav_ws/install/px4_offboard/share/px4_offboard
[2.237s] copying launch/offboard_position_control.launch.py -> /home/batoddy/uav_ws/install/px4_offboard/share/px4_offboard
[2.237s] copying resource/visualize.rviz -> /home/batoddy/uav_ws/install/px4_offboard/share/px4_offboard
[2.239s] running install_egg_info
[2.242s] Copying ../../build/px4_offboard/px4_offboard.egg-info to /home/batoddy/uav_ws/install/px4_offboard/lib/python3.10/site-packages/px4_offboard-0.0.0-py3.10.egg-info
[2.247s] running install_scripts
[2.293s] Installing odom_converter script to /home/batoddy/uav_ws/install/px4_offboard/lib/px4_offboard
[2.294s] Installing offboard_control script to /home/batoddy/uav_ws/install/px4_offboard/lib/px4_offboard
[2.296s] Installing visualizer script to /home/batoddy/uav_ws/install/px4_offboard/lib/px4_offboard
[2.298s] writing list of installed files to '/home/batoddy/uav_ws/build/px4_offboard/install.log'
[2.363s] Invoked command in '/home/batoddy/uav_ws/src/px4-offboard' returned '0': CMAKE_PREFIX_PATH=/home/batoddy/uav_ws/install/px4_msgs:/home/batoddy/uav_ws/install/uav_navigation:/home/batoddy/uav_ws/install/sim_topic_bridge:/home/batoddy/uav_ws/install/px4_ros_com:/home/batoddy/uav_ws/install/example_rover_velocity_mode_cpp:/home/batoddy/uav_ws/install/example_mode_with_executor_cpp:/home/batoddy/uav_ws/install/example_mode_vtol_cpp:/home/batoddy/uav_ws/install/example_mode_rtl_replacement_cpp:/home/batoddy/uav_ws/install/example_mode_mission_cpp:/home/batoddy/uav_ws/install/example_mode_manual_cpp:/home/batoddy/uav_ws/install/example_mode_goto_global_cpp:/home/batoddy/uav_ws/install/example_mode_goto_cpp:/home/batoddy/uav_ws/install/example_mode_fw_attitude_cpp:/home/batoddy/uav_ws/install/example_local_navigation_cpp:/home/batoddy/uav_ws/install/example_global_navigation_cpp:/home/batoddy/uav_ws/install/example_executor_with_multiple_modes_cpp:/home/batoddy/uav_ws/install/px4_ros2_cpp:/home/batoddy/uav_ws/install/cmd_vel_to_px4:/home/batoddy/install/urdfdom_headers:/home/batoddy/install/gmock_vendor:/home/batoddy/install/gtest_vendor:/home/batoddy/install/ament_cmake_python:/home/batoddy/install/ament_cmake_libraries:/home/batoddy/install/ament_cmake_core LD_LIBRARY_PATH=/home/batoddy/uav_ws/install/px4_msgs/lib:/home/batoddy/uav_ws/install/px4_ros_com/lib:/home/batoddy/uav_ws/install/px4_ros2_cpp/lib:/opt/ros/humble/opt/rviz_ogre_vendor/lib:/opt/ros/humble/lib/x86_64-linux-gnu:/opt/ros/humble/lib PYTHONPATH=/home/batoddy/uav_ws/build/px4_offboard/prefix_override:/usr/lib/python3/dist-packages/colcon_core/task/python/colcon_distutils_commands:/home/batoddy/uav_ws/install/px4_offboard/lib/python3.10/site-packages:${PYTHONPATH} /usr/bin/python3 -W ignore:setup.py install is deprecated -W ignore:easy_install command is deprecated setup.py egg_info --egg-base ../../build/px4_offboard build --build-base /home/batoddy/uav_ws/build/px4_offboard/build install --record /home/batoddy/uav_ws/build/px4_offboard/install.log --single-version-externally-managed install_data
