[0.098s] Invoking command in '/home/batoddy/uav_ws/build/px4_ros2_cpp': CMAKE_PREFIX_PATH=/home/batoddy/uav_ws/install/px4_msgs:/home/batoddy/uav_ws/install/uav_navigation:/home/batoddy/uav_ws/install/sim_topic_bridge:/home/batoddy/uav_ws/install/px4_ros_com:/home/batoddy/uav_ws/install/example_rover_velocity_mode_cpp:/home/batoddy/uav_ws/install/example_mode_with_executor_cpp:/home/batoddy/uav_ws/install/example_mode_vtol_cpp:/home/batoddy/uav_ws/install/example_mode_rtl_replacement_cpp:/home/batoddy/uav_ws/install/example_mode_mission_cpp:/home/batoddy/uav_ws/install/example_mode_manual_cpp:/home/batoddy/uav_ws/install/example_mode_goto_global_cpp:/home/batoddy/uav_ws/install/example_mode_goto_cpp:/home/batoddy/uav_ws/install/example_mode_fw_attitude_cpp:/home/batoddy/uav_ws/install/example_local_navigation_cpp:/home/batoddy/uav_ws/install/example_global_navigation_cpp:/home/batoddy/uav_ws/install/example_executor_with_multiple_modes_cpp:/home/batoddy/uav_ws/install/px4_ros2_cpp:/home/batoddy/uav_ws/install/cmd_vel_to_px4:/home/batoddy/install/urdfdom_headers:/home/batoddy/install/gmock_vendor:/home/batoddy/install/gtest_vendor:/home/batoddy/install/ament_cmake_python:/home/batoddy/install/ament_cmake_libraries:/home/batoddy/install/ament_cmake_core:/home/batoddy/uav_ws/install/px4_offboard:/home/batoddy/install/osrf_pycommon:/home/batoddy/install/ament_pyflakes:/home/batoddy/install/ament_pycodestyle:/home/batoddy/install/ament_pep257:/home/batoddy/install/ament_package:/home/batoddy/install/ament_flake8:/home/batoddy/install/ament_lint:/home/batoddy/install/ament_cppcheck:/home/batoddy/orn_ws/install/navslam:/opt/ros/humble LD_LIBRARY_PATH=/home/batoddy/uav_ws/install/px4_msgs/lib:/home/batoddy/uav_ws/install/px4_ros_com/lib:/home/batoddy/uav_ws/install/px4_ros2_cpp/lib:/opt/ros/humble/opt/rviz_ogre_vendor/lib:/opt/ros/humble/lib/x86_64-linux-gnu:/opt/ros/humble/lib /usr/bin/cmake --build /home/batoddy/uav_ws/build/px4_ros2_cpp -- -j8 -l8
[0.681s] [  1%] Built target generate_px4_header
[0.682s] [35m[1mConsolidate compiler generated dependencies of target unit_utils[0m
[0.682s] [  4%] Built target unit_utils
[0.682s] [35m[1mConsolidate compiler generated dependencies of target px4_ros2_cpp[0m
[0.682s] [ 61%] Built target px4_ros2_cpp
[0.682s] [35m[1mConsolidate compiler generated dependencies of target gtest[0m
[0.682s] [ 64%] Built target gtest
[0.682s] [35m[1mConsolidate compiler generated dependencies of target gtest_main[0m
[0.682s] [ 67%] Built target gtest_main
[0.682s] [35m[1mConsolidate compiler generated dependencies of target integration_utils[0m
[0.721s] [ 70%] Built target integration_utils
[0.782s] [35m[1mConsolidate compiler generated dependencies of target px4_ros2_cpp_unit_tests[0m
[0.886s] [ 87%] Built target px4_ros2_cpp_unit_tests
[0.935s] [35m[1mConsolidate compiler generated dependencies of target integration_tests[0m
[1.002s] [100%] Built target integration_tests
[1.036s] Invoked command in '/home/batoddy/uav_ws/build/px4_ros2_cpp' returned '0': CMAKE_PREFIX_PATH=/home/batoddy/uav_ws/install/px4_msgs:/home/batoddy/uav_ws/install/uav_navigation:/home/batoddy/uav_ws/install/sim_topic_bridge:/home/batoddy/uav_ws/install/px4_ros_com:/home/batoddy/uav_ws/install/example_rover_velocity_mode_cpp:/home/batoddy/uav_ws/install/example_mode_with_executor_cpp:/home/batoddy/uav_ws/install/example_mode_vtol_cpp:/home/batoddy/uav_ws/install/example_mode_rtl_replacement_cpp:/home/batoddy/uav_ws/install/example_mode_mission_cpp:/home/batoddy/uav_ws/install/example_mode_manual_cpp:/home/batoddy/uav_ws/install/example_mode_goto_global_cpp:/home/batoddy/uav_ws/install/example_mode_goto_cpp:/home/batoddy/uav_ws/install/example_mode_fw_attitude_cpp:/home/batoddy/uav_ws/install/example_local_navigation_cpp:/home/batoddy/uav_ws/install/example_global_navigation_cpp:/home/batoddy/uav_ws/install/example_executor_with_multiple_modes_cpp:/home/batoddy/uav_ws/install/px4_ros2_cpp:/home/batoddy/uav_ws/install/cmd_vel_to_px4:/home/batoddy/install/urdfdom_headers:/home/batoddy/install/gmock_vendor:/home/batoddy/install/gtest_vendor:/home/batoddy/install/ament_cmake_python:/home/batoddy/install/ament_cmake_libraries:/home/batoddy/install/ament_cmake_core:/home/batoddy/uav_ws/install/px4_offboard:/home/batoddy/install/osrf_pycommon:/home/batoddy/install/ament_pyflakes:/home/batoddy/install/ament_pycodestyle:/home/batoddy/install/ament_pep257:/home/batoddy/install/ament_package:/home/batoddy/install/ament_flake8:/home/batoddy/install/ament_lint:/home/batoddy/install/ament_cppcheck:/home/batoddy/orn_ws/install/navslam:/opt/ros/humble LD_LIBRARY_PATH=/home/batoddy/uav_ws/install/px4_msgs/lib:/home/batoddy/uav_ws/install/px4_ros_com/lib:/home/batoddy/uav_ws/install/px4_ros2_cpp/lib:/opt/ros/humble/opt/rviz_ogre_vendor/lib:/opt/ros/humble/lib/x86_64-linux-gnu:/opt/ros/humble/lib /usr/bin/cmake --build /home/batoddy/uav_ws/build/px4_ros2_cpp -- -j8 -l8
[1.042s] Invoking command in '/home/batoddy/uav_ws/build/px4_ros2_cpp': CMAKE_PREFIX_PATH=/home/batoddy/uav_ws/install/px4_msgs:/home/batoddy/uav_ws/install/uav_navigation:/home/batoddy/uav_ws/install/sim_topic_bridge:/home/batoddy/uav_ws/install/px4_ros_com:/home/batoddy/uav_ws/install/example_rover_velocity_mode_cpp:/home/batoddy/uav_ws/install/example_mode_with_executor_cpp:/home/batoddy/uav_ws/install/example_mode_vtol_cpp:/home/batoddy/uav_ws/install/example_mode_rtl_replacement_cpp:/home/batoddy/uav_ws/install/example_mode_mission_cpp:/home/batoddy/uav_ws/install/example_mode_manual_cpp:/home/batoddy/uav_ws/install/example_mode_goto_global_cpp:/home/batoddy/uav_ws/install/example_mode_goto_cpp:/home/batoddy/uav_ws/install/example_mode_fw_attitude_cpp:/home/batoddy/uav_ws/install/example_local_navigation_cpp:/home/batoddy/uav_ws/install/example_global_navigation_cpp:/home/batoddy/uav_ws/install/example_executor_with_multiple_modes_cpp:/home/batoddy/uav_ws/install/px4_ros2_cpp:/home/batoddy/uav_ws/install/cmd_vel_to_px4:/home/batoddy/install/urdfdom_headers:/home/batoddy/install/gmock_vendor:/home/batoddy/install/gtest_vendor:/home/batoddy/install/ament_cmake_python:/home/batoddy/install/ament_cmake_libraries:/home/batoddy/install/ament_cmake_core:/home/batoddy/uav_ws/install/px4_offboard:/home/batoddy/install/osrf_pycommon:/home/batoddy/install/ament_pyflakes:/home/batoddy/install/ament_pycodestyle:/home/batoddy/install/ament_pep257:/home/batoddy/install/ament_package:/home/batoddy/install/ament_flake8:/home/batoddy/install/ament_lint:/home/batoddy/install/ament_cppcheck:/home/batoddy/orn_ws/install/navslam:/opt/ros/humble LD_LIBRARY_PATH=/home/batoddy/uav_ws/install/px4_msgs/lib:/home/batoddy/uav_ws/install/px4_ros_com/lib:/home/batoddy/uav_ws/install/px4_ros2_cpp/lib:/opt/ros/humble/opt/rviz_ogre_vendor/lib:/opt/ros/humble/lib/x86_64-linux-gnu:/opt/ros/humble/lib /usr/bin/cmake --install /home/batoddy/uav_ws/build/px4_ros2_cpp
[1.056s] -- Install configuration: ""
[1.059s] -- Up-to-date: /home/batoddy/uav_ws/install/px4_ros2_cpp/share/px4_ros2_cpp/environment/library_path.sh
[1.060s] -- Up-to-date: /home/batoddy/uav_ws/install/px4_ros2_cpp/share/px4_ros2_cpp/environment/library_path.dsv
[1.061s] -- Up-to-date: /home/batoddy/uav_ws/install/px4_ros2_cpp/include/px4_ros2
[1.061s] -- Up-to-date: /home/batoddy/uav_ws/install/px4_ros2_cpp/include/px4_ros2/navigation
[1.061s] -- Up-to-date: /home/batoddy/uav_ws/install/px4_ros2_cpp/include/px4_ros2/navigation/groups.dox
[1.061s] -- Up-to-date: /home/batoddy/uav_ws/install/px4_ros2_cpp/include/px4_ros2/navigation/experimental
[1.061s] -- Up-to-date: /home/batoddy/uav_ws/install/px4_ros2_cpp/include/px4_ros2/navigation/experimental/global_position_measurement_interface.hpp
[1.061s] -- Up-to-date: /home/batoddy/uav_ws/install/px4_ros2_cpp/include/px4_ros2/navigation/experimental/local_position_measurement_interface.hpp
[1.061s] -- Up-to-date: /home/batoddy/uav_ws/install/px4_ros2_cpp/include/px4_ros2/navigation/experimental/navigation_interface_base.hpp
[1.061s] -- Up-to-date: /home/batoddy/uav_ws/install/px4_ros2_cpp/include/px4_ros2/vehicle_state
[1.061s] -- Up-to-date: /home/batoddy/uav_ws/install/px4_ros2_cpp/include/px4_ros2/vehicle_state/home_position.hpp
[1.064s] -- Up-to-date: /home/batoddy/uav_ws/install/px4_ros2_cpp/include/px4_ros2/vehicle_state/land_detected.hpp
[1.064s] -- Up-to-date: /home/batoddy/uav_ws/install/px4_ros2_cpp/include/px4_ros2/vehicle_state/groups.dox
[1.065s] -- Up-to-date: /home/batoddy/uav_ws/install/px4_ros2_cpp/include/px4_ros2/vehicle_state/battery.hpp
[1.065s] -- Up-to-date: /home/batoddy/uav_ws/install/px4_ros2_cpp/include/px4_ros2/vehicle_state/vtol_status.hpp
[1.065s] -- Up-to-date: /home/batoddy/uav_ws/install/px4_ros2_cpp/include/px4_ros2/vehicle_state/vehicle_status.hpp
[1.065s] -- Up-to-date: /home/batoddy/uav_ws/install/px4_ros2_cpp/include/px4_ros2/odometry
[1.065s] -- Up-to-date: /home/batoddy/uav_ws/install/px4_ros2_cpp/include/px4_ros2/odometry/angular_velocity.hpp
[1.065s] -- Up-to-date: /home/batoddy/uav_ws/install/px4_ros2_cpp/include/px4_ros2/odometry/global_position.hpp
[1.065s] -- Up-to-date: /home/batoddy/uav_ws/install/px4_ros2_cpp/include/px4_ros2/odometry/airspeed.hpp
[1.065s] -- Up-to-date: /home/batoddy/uav_ws/install/px4_ros2_cpp/include/px4_ros2/odometry/local_position.hpp
[1.065s] -- Up-to-date: /home/batoddy/uav_ws/install/px4_ros2_cpp/include/px4_ros2/odometry/groups.dox
[1.065s] -- Up-to-date: /home/batoddy/uav_ws/install/px4_ros2_cpp/include/px4_ros2/odometry/attitude.hpp
[1.066s] -- Up-to-date: /home/batoddy/uav_ws/install/px4_ros2_cpp/include/px4_ros2/components
[1.066s] -- Up-to-date: /home/batoddy/uav_ws/install/px4_ros2_cpp/include/px4_ros2/components/mode.hpp
[1.066s] -- Up-to-date: /home/batoddy/uav_ws/install/px4_ros2_cpp/include/px4_ros2/components/manual_control_input.hpp
[1.066s] -- Up-to-date: /home/batoddy/uav_ws/install/px4_ros2_cpp/include/px4_ros2/components/shared_subscription.hpp
[1.066s] -- Up-to-date: /home/batoddy/uav_ws/install/px4_ros2_cpp/include/px4_ros2/components/health_and_arming_checks.hpp
[1.066s] -- Up-to-date: /home/batoddy/uav_ws/install/px4_ros2_cpp/include/px4_ros2/components/wait_for_fmu.hpp
[1.066s] -- Up-to-date: /home/batoddy/uav_ws/install/px4_ros2_cpp/include/px4_ros2/components/groups.dox
[1.066s] -- Up-to-date: /home/batoddy/uav_ws/install/px4_ros2_cpp/include/px4_ros2/components/events.hpp
[1.066s] -- Up-to-date: /home/batoddy/uav_ws/install/px4_ros2_cpp/include/px4_ros2/components/overrides.hpp
[1.067s] -- Up-to-date: /home/batoddy/uav_ws/install/px4_ros2_cpp/include/px4_ros2/components/message_compatibility_check.hpp
[1.067s] -- Up-to-date: /home/batoddy/uav_ws/install/px4_ros2_cpp/include/px4_ros2/components/mode_executor.hpp
[1.067s] -- Up-to-date: /home/batoddy/uav_ws/install/px4_ros2_cpp/include/px4_ros2/components/node_with_mode.hpp
[1.071s] -- Up-to-date: /home/batoddy/uav_ws/install/px4_ros2_cpp/include/px4_ros2/control
[1.071s] -- Up-to-date: /home/batoddy/uav_ws/install/px4_ros2_cpp/include/px4_ros2/control/setpoint_types
[1.072s] -- Up-to-date: /home/batoddy/uav_ws/install/px4_ros2_cpp/include/px4_ros2/control/setpoint_types/direct_actuators.hpp
[1.072s] -- Up-to-date: /home/batoddy/uav_ws/install/px4_ros2_cpp/include/px4_ros2/control/setpoint_types/groups.dox
[1.072s] -- Up-to-date: /home/batoddy/uav_ws/install/px4_ros2_cpp/include/px4_ros2/control/setpoint_types/experimental
[1.072s] -- Up-to-date: /home/batoddy/uav_ws/install/px4_ros2_cpp/include/px4_ros2/control/setpoint_types/experimental/attitude.hpp
[1.072s] -- Up-to-date: /home/batoddy/uav_ws/install/px4_ros2_cpp/include/px4_ros2/control/setpoint_types/experimental/trajectory.hpp
[1.072s] -- Up-to-date: /home/batoddy/uav_ws/install/px4_ros2_cpp/include/px4_ros2/control/setpoint_types/experimental/rover
[1.072s] -- Up-to-date: /home/batoddy/uav_ws/install/px4_ros2_cpp/include/px4_ros2/control/setpoint_types/experimental/rover/speed_steering.hpp
[1.072s] -- Up-to-date: /home/batoddy/uav_ws/install/px4_ros2_cpp/include/px4_ros2/control/setpoint_types/experimental/rover/throttle_rate.hpp
[1.072s] -- Up-to-date: /home/batoddy/uav_ws/install/px4_ros2_cpp/include/px4_ros2/control/setpoint_types/experimental/rover/throttle_attitude.hpp
[1.073s] -- Up-to-date: /home/batoddy/uav_ws/install/px4_ros2_cpp/include/px4_ros2/control/setpoint_types/experimental/rover/position.hpp
[1.073s] -- Up-to-date: /home/batoddy/uav_ws/install/px4_ros2_cpp/include/px4_ros2/control/setpoint_types/experimental/rover/throttle_steering.hpp
[1.073s] -- Up-to-date: /home/batoddy/uav_ws/install/px4_ros2_cpp/include/px4_ros2/control/setpoint_types/experimental/rover/speed_rate.hpp
[1.073s] -- Up-to-date: /home/batoddy/uav_ws/install/px4_ros2_cpp/include/px4_ros2/control/setpoint_types/experimental/rover/speed_attitude.hpp
[1.073s] -- Up-to-date: /home/batoddy/uav_ws/install/px4_ros2_cpp/include/px4_ros2/control/setpoint_types/experimental/rates.hpp
[1.073s] -- Up-to-date: /home/batoddy/uav_ws/install/px4_ros2_cpp/include/px4_ros2/control/setpoint_types/multicopter
[1.073s] -- Up-to-date: /home/batoddy/uav_ws/install/px4_ros2_cpp/include/px4_ros2/control/setpoint_types/multicopter/goto.hpp
[1.073s] -- Up-to-date: /home/batoddy/uav_ws/install/px4_ros2_cpp/include/px4_ros2/control/setpoint_types/fixedwing
[1.073s] -- Up-to-date: /home/batoddy/uav_ws/install/px4_ros2_cpp/include/px4_ros2/control/setpoint_types/fixedwing/lateral_longitudinal.hpp
[1.074s] -- Up-to-date: /home/batoddy/uav_ws/install/px4_ros2_cpp/include/px4_ros2/control/groups.dox
[1.074s] -- Up-to-date: /home/batoddy/uav_ws/install/px4_ros2_cpp/include/px4_ros2/control/vtol.hpp
[1.074s] -- Up-to-date: /home/batoddy/uav_ws/install/px4_ros2_cpp/include/px4_ros2/control/peripheral_actuators.hpp
[1.074s] -- Up-to-date: /home/batoddy/uav_ws/install/px4_ros2_cpp/include/px4_ros2/third_party
[1.075s] -- Up-to-date: /home/batoddy/uav_ws/install/px4_ros2_cpp/include/px4_ros2/third_party/nlohmann
[1.075s] -- Up-to-date: /home/batoddy/uav_ws/install/px4_ros2_cpp/include/px4_ros2/third_party/nlohmann/json_fwd.hpp
[1.075s] -- Up-to-date: /home/batoddy/uav_ws/install/px4_ros2_cpp/include/px4_ros2/third_party/nlohmann/json.hpp
[1.076s] -- Up-to-date: /home/batoddy/uav_ws/install/px4_ros2_cpp/include/px4_ros2/common
[1.076s] -- Up-to-date: /home/batoddy/uav_ws/install/px4_ros2_cpp/include/px4_ros2/common/setpoint_base.hpp
[1.077s] -- Up-to-date: /home/batoddy/uav_ws/install/px4_ros2_cpp/include/px4_ros2/common/frame.hpp
[1.077s] -- Up-to-date: /home/batoddy/uav_ws/install/px4_ros2_cpp/include/px4_ros2/common/context.hpp
[1.077s] -- Up-to-date: /home/batoddy/uav_ws/install/px4_ros2_cpp/include/px4_ros2/common/requirement_flags.hpp
[1.077s] -- Up-to-date: /home/batoddy/uav_ws/install/px4_ros2_cpp/include/px4_ros2/common/exception.hpp
[1.077s] -- Up-to-date: /home/batoddy/uav_ws/install/px4_ros2_cpp/include/px4_ros2/utils
[1.077s] -- Up-to-date: /home/batoddy/uav_ws/install/px4_ros2_cpp/include/px4_ros2/utils/frame_conversion.hpp
[1.077s] -- Up-to-date: /home/batoddy/uav_ws/install/px4_ros2_cpp/include/px4_ros2/utils/geodesic.hpp
[1.078s] -- Up-to-date: /home/batoddy/uav_ws/install/px4_ros2_cpp/include/px4_ros2/utils/groups.dox
[1.078s] -- Up-to-date: /home/batoddy/uav_ws/install/px4_ros2_cpp/include/px4_ros2/utils/subscription.hpp
[1.079s] -- Up-to-date: /home/batoddy/uav_ws/install/px4_ros2_cpp/include/px4_ros2/utils/geometry.hpp
[1.080s] -- Up-to-date: /home/batoddy/uav_ws/install/px4_ros2_cpp/include/px4_ros2/utils/message_version.hpp
[1.080s] -- Up-to-date: /home/batoddy/uav_ws/install/px4_ros2_cpp/include/px4_ros2/utils/visit.hpp
[1.081s] -- Up-to-date: /home/batoddy/uav_ws/install/px4_ros2_cpp/include/px4_ros2/mission
[1.081s] -- Up-to-date: /home/batoddy/uav_ws/install/px4_ros2_cpp/include/px4_ros2/mission/actions
[1.081s] -- Up-to-date: /home/batoddy/uav_ws/install/px4_ros2_cpp/include/px4_ros2/mission/actions/default_actions.hpp
[1.081s] -- Up-to-date: /home/batoddy/uav_ws/install/px4_ros2_cpp/include/px4_ros2/mission/actions/groups.dox
[1.081s] -- Up-to-date: /home/batoddy/uav_ws/install/px4_ros2_cpp/include/px4_ros2/mission/actions/action.hpp
[1.081s] -- Up-to-date: /home/batoddy/uav_ws/install/px4_ros2_cpp/include/px4_ros2/mission/groups.dox
[1.082s] -- Up-to-date: /home/batoddy/uav_ws/install/px4_ros2_cpp/include/px4_ros2/mission/mission.hpp
[1.082s] -- Up-to-date: /home/batoddy/uav_ws/install/px4_ros2_cpp/include/px4_ros2/mission/mission_executor.hpp
[1.082s] -- Up-to-date: /home/batoddy/uav_ws/install/px4_ros2_cpp/include/px4_ros2/mission/trajectory
[1.082s] -- Up-to-date: /home/batoddy/uav_ws/install/px4_ros2_cpp/include/px4_ros2/mission/trajectory/multicopter
[1.082s] -- Up-to-date: /home/batoddy/uav_ws/install/px4_ros2_cpp/include/px4_ros2/mission/trajectory/multicopter/groups.dox
[1.083s] -- Up-to-date: /home/batoddy/uav_ws/install/px4_ros2_cpp/include/px4_ros2/mission/trajectory/multicopter/waypoint_trajectory_executor.hpp
[1.083s] -- Up-to-date: /home/batoddy/uav_ws/install/px4_ros2_cpp/include/px4_ros2/mission/trajectory/trajectory_executor.hpp
[1.083s] -- Up-to-date: /home/batoddy/uav_ws/install/px4_ros2_cpp/lib/libpx4_ros2_cpp.so
[1.083s] -- Up-to-date: /home/batoddy/uav_ws/install/px4_ros2_cpp/share/ament_index/resource_index/package_run_dependencies/px4_ros2_cpp
[1.083s] -- Up-to-date: /home/batoddy/uav_ws/install/px4_ros2_cpp/share/ament_index/resource_index/parent_prefix_path/px4_ros2_cpp
[1.083s] -- Up-to-date: /home/batoddy/uav_ws/install/px4_ros2_cpp/share/px4_ros2_cpp/environment/ament_prefix_path.sh
[1.083s] -- Up-to-date: /home/batoddy/uav_ws/install/px4_ros2_cpp/share/px4_ros2_cpp/environment/ament_prefix_path.dsv
[1.083s] -- Up-to-date: /home/batoddy/uav_ws/install/px4_ros2_cpp/share/px4_ros2_cpp/environment/path.sh
[1.084s] -- Up-to-date: /home/batoddy/uav_ws/install/px4_ros2_cpp/share/px4_ros2_cpp/environment/path.dsv
[1.084s] -- Up-to-date: /home/batoddy/uav_ws/install/px4_ros2_cpp/share/px4_ros2_cpp/local_setup.bash
[1.084s] -- Up-to-date: /home/batoddy/uav_ws/install/px4_ros2_cpp/share/px4_ros2_cpp/local_setup.sh
[1.084s] -- Up-to-date: /home/batoddy/uav_ws/install/px4_ros2_cpp/share/px4_ros2_cpp/local_setup.zsh
[1.084s] -- Up-to-date: /home/batoddy/uav_ws/install/px4_ros2_cpp/share/px4_ros2_cpp/local_setup.dsv
[1.084s] -- Installing: /home/batoddy/uav_ws/install/px4_ros2_cpp/share/px4_ros2_cpp/package.dsv
[1.084s] -- Up-to-date: /home/batoddy/uav_ws/install/px4_ros2_cpp/share/ament_index/resource_index/packages/px4_ros2_cpp
[1.085s] -- Up-to-date: /home/batoddy/uav_ws/install/px4_ros2_cpp/share/px4_ros2_cpp/cmake/px4_ros2_cppExport.cmake
[1.086s] -- Up-to-date: /home/batoddy/uav_ws/install/px4_ros2_cpp/share/px4_ros2_cpp/cmake/px4_ros2_cppExport-noconfig.cmake
[1.086s] -- Up-to-date: /home/batoddy/uav_ws/install/px4_ros2_cpp/share/px4_ros2_cpp/cmake/ament_cmake_export_targets-extras.cmake
[1.086s] -- Up-to-date: /home/batoddy/uav_ws/install/px4_ros2_cpp/share/px4_ros2_cpp/cmake/ament_cmake_export_dependencies-extras.cmake
[1.086s] -- Up-to-date: /home/batoddy/uav_ws/install/px4_ros2_cpp/share/px4_ros2_cpp/cmake/px4_ros2_cppConfig.cmake
[1.086s] -- Up-to-date: /home/batoddy/uav_ws/install/px4_ros2_cpp/share/px4_ros2_cpp/cmake/px4_ros2_cppConfig-version.cmake
[1.086s] -- Up-to-date: /home/batoddy/uav_ws/install/px4_ros2_cpp/share/px4_ros2_cpp/package.xml
[1.087s] Invoked command in '/home/batoddy/uav_ws/build/px4_ros2_cpp' returned '0': CMAKE_PREFIX_PATH=/home/batoddy/uav_ws/install/px4_msgs:/home/batoddy/uav_ws/install/uav_navigation:/home/batoddy/uav_ws/install/sim_topic_bridge:/home/batoddy/uav_ws/install/px4_ros_com:/home/batoddy/uav_ws/install/example_rover_velocity_mode_cpp:/home/batoddy/uav_ws/install/example_mode_with_executor_cpp:/home/batoddy/uav_ws/install/example_mode_vtol_cpp:/home/batoddy/uav_ws/install/example_mode_rtl_replacement_cpp:/home/batoddy/uav_ws/install/example_mode_mission_cpp:/home/batoddy/uav_ws/install/example_mode_manual_cpp:/home/batoddy/uav_ws/install/example_mode_goto_global_cpp:/home/batoddy/uav_ws/install/example_mode_goto_cpp:/home/batoddy/uav_ws/install/example_mode_fw_attitude_cpp:/home/batoddy/uav_ws/install/example_local_navigation_cpp:/home/batoddy/uav_ws/install/example_global_navigation_cpp:/home/batoddy/uav_ws/install/example_executor_with_multiple_modes_cpp:/home/batoddy/uav_ws/install/px4_ros2_cpp:/home/batoddy/uav_ws/install/cmd_vel_to_px4:/home/batoddy/install/urdfdom_headers:/home/batoddy/install/gmock_vendor:/home/batoddy/install/gtest_vendor:/home/batoddy/install/ament_cmake_python:/home/batoddy/install/ament_cmake_libraries:/home/batoddy/install/ament_cmake_core:/home/batoddy/uav_ws/install/px4_offboard:/home/batoddy/install/osrf_pycommon:/home/batoddy/install/ament_pyflakes:/home/batoddy/install/ament_pycodestyle:/home/batoddy/install/ament_pep257:/home/batoddy/install/ament_package:/home/batoddy/install/ament_flake8:/home/batoddy/install/ament_lint:/home/batoddy/install/ament_cppcheck:/home/batoddy/orn_ws/install/navslam:/opt/ros/humble LD_LIBRARY_PATH=/home/batoddy/uav_ws/install/px4_msgs/lib:/home/batoddy/uav_ws/install/px4_ros_com/lib:/home/batoddy/uav_ws/install/px4_ros2_cpp/lib:/opt/ros/humble/opt/rviz_ogre_vendor/lib:/opt/ros/humble/lib/x86_64-linux-gnu:/opt/ros/humble/lib /usr/bin/cmake --install /home/batoddy/uav_ws/build/px4_ros2_cpp
