[0.087s] Invoking command in '/home/batoddy/uav_ws/build/px4_ros2_cpp': CMAKE_PREFIX_PATH=/home/batoddy/uav_ws/install/px4_msgs:/home/batoddy/uav_ws/install/uav_navigation:/home/batoddy/uav_ws/install/sim_topic_bridge:/home/batoddy/uav_ws/install/px4_ros_com:/home/batoddy/uav_ws/install/example_rover_velocity_mode_cpp:/home/batoddy/uav_ws/install/example_mode_with_executor_cpp:/home/batoddy/uav_ws/install/example_mode_vtol_cpp:/home/batoddy/uav_ws/install/example_mode_rtl_replacement_cpp:/home/batoddy/uav_ws/install/example_mode_mission_cpp:/home/batoddy/uav_ws/install/example_mode_manual_cpp:/home/batoddy/uav_ws/install/example_mode_goto_global_cpp:/home/batoddy/uav_ws/install/example_mode_goto_cpp:/home/batoddy/uav_ws/install/example_mode_fw_attitude_cpp:/home/batoddy/uav_ws/install/example_local_navigation_cpp:/home/batoddy/uav_ws/install/example_global_navigation_cpp:/home/batoddy/uav_ws/install/example_executor_with_multiple_modes_cpp:/home/batoddy/uav_ws/install/px4_ros2_cpp:/home/batoddy/uav_ws/install/cmd_vel_to_px4:/home/batoddy/install/urdfdom_headers:/home/batoddy/install/gmock_vendor:/home/batoddy/install/gtest_vendor:/home/batoddy/install/ament_cmake_python:/home/batoddy/install/ament_cmake_libraries:/home/batoddy/install/ament_cmake_core:/home/batoddy/uav_ws/install/px4_offboard:/home/batoddy/install/osrf_pycommon:/home/batoddy/install/ament_pyflakes:/home/batoddy/install/ament_pycodestyle:/home/batoddy/install/ament_pep257:/home/batoddy/install/ament_package:/home/batoddy/install/ament_flake8:/home/batoddy/install/ament_lint:/home/batoddy/install/ament_cppcheck:/home/batoddy/orn_ws/install/navslam:/opt/ros/humble LD_LIBRARY_PATH=/home/batoddy/uav_ws/install/px4_msgs/lib:/home/batoddy/uav_ws/install/px4_ros_com/lib:/home/batoddy/uav_ws/install/px4_ros2_cpp/lib:/opt/ros/humble/opt/rviz_ogre_vendor/lib:/opt/ros/humble/lib/x86_64-linux-gnu:/opt/ros/humble/lib /usr/bin/cmake --build /home/batoddy/uav_ws/build/px4_ros2_cpp -- -j8 -l8
[0.672s] [  3%] Built target integration_utils
[0.672s] [  4%] Built target generate_px4_header
[0.673s] [  7%] Built target gtest_main
[0.673s] [ 10%] Built target gtest
[0.673s] [ 13%] Built target unit_utils
[0.673s] [ 70%] Built target px4_ros2_cpp
[0.674s] [ 83%] Built target integration_tests
[0.674s] [100%] Built target px4_ros2_cpp_unit_tests
[0.722s] Invoked command in '/home/batoddy/uav_ws/build/px4_ros2_cpp' returned '0': CMAKE_PREFIX_PATH=/home/batoddy/uav_ws/install/px4_msgs:/home/batoddy/uav_ws/install/uav_navigation:/home/batoddy/uav_ws/install/sim_topic_bridge:/home/batoddy/uav_ws/install/px4_ros_com:/home/batoddy/uav_ws/install/example_rover_velocity_mode_cpp:/home/batoddy/uav_ws/install/example_mode_with_executor_cpp:/home/batoddy/uav_ws/install/example_mode_vtol_cpp:/home/batoddy/uav_ws/install/example_mode_rtl_replacement_cpp:/home/batoddy/uav_ws/install/example_mode_mission_cpp:/home/batoddy/uav_ws/install/example_mode_manual_cpp:/home/batoddy/uav_ws/install/example_mode_goto_global_cpp:/home/batoddy/uav_ws/install/example_mode_goto_cpp:/home/batoddy/uav_ws/install/example_mode_fw_attitude_cpp:/home/batoddy/uav_ws/install/example_local_navigation_cpp:/home/batoddy/uav_ws/install/example_global_navigation_cpp:/home/batoddy/uav_ws/install/example_executor_with_multiple_modes_cpp:/home/batoddy/uav_ws/install/px4_ros2_cpp:/home/batoddy/uav_ws/install/cmd_vel_to_px4:/home/batoddy/install/urdfdom_headers:/home/batoddy/install/gmock_vendor:/home/batoddy/install/gtest_vendor:/home/batoddy/install/ament_cmake_python:/home/batoddy/install/ament_cmake_libraries:/home/batoddy/install/ament_cmake_core:/home/batoddy/uav_ws/install/px4_offboard:/home/batoddy/install/osrf_pycommon:/home/batoddy/install/ament_pyflakes:/home/batoddy/install/ament_pycodestyle:/home/batoddy/install/ament_pep257:/home/batoddy/install/ament_package:/home/batoddy/install/ament_flake8:/home/batoddy/install/ament_lint:/home/batoddy/install/ament_cppcheck:/home/batoddy/orn_ws/install/navslam:/opt/ros/humble LD_LIBRARY_PATH=/home/batoddy/uav_ws/install/px4_msgs/lib:/home/batoddy/uav_ws/install/px4_ros_com/lib:/home/batoddy/uav_ws/install/px4_ros2_cpp/lib:/opt/ros/humble/opt/rviz_ogre_vendor/lib:/opt/ros/humble/lib/x86_64-linux-gnu:/opt/ros/humble/lib /usr/bin/cmake --build /home/batoddy/uav_ws/build/px4_ros2_cpp -- -j8 -l8
[0.725s] Invoking command in '/home/batoddy/uav_ws/build/px4_ros2_cpp': CMAKE_PREFIX_PATH=/home/batoddy/uav_ws/install/px4_msgs:/home/batoddy/uav_ws/install/uav_navigation:/home/batoddy/uav_ws/install/sim_topic_bridge:/home/batoddy/uav_ws/install/px4_ros_com:/home/batoddy/uav_ws/install/example_rover_velocity_mode_cpp:/home/batoddy/uav_ws/install/example_mode_with_executor_cpp:/home/batoddy/uav_ws/install/example_mode_vtol_cpp:/home/batoddy/uav_ws/install/example_mode_rtl_replacement_cpp:/home/batoddy/uav_ws/install/example_mode_mission_cpp:/home/batoddy/uav_ws/install/example_mode_manual_cpp:/home/batoddy/uav_ws/install/example_mode_goto_global_cpp:/home/batoddy/uav_ws/install/example_mode_goto_cpp:/home/batoddy/uav_ws/install/example_mode_fw_attitude_cpp:/home/batoddy/uav_ws/install/example_local_navigation_cpp:/home/batoddy/uav_ws/install/example_global_navigation_cpp:/home/batoddy/uav_ws/install/example_executor_with_multiple_modes_cpp:/home/batoddy/uav_ws/install/px4_ros2_cpp:/home/batoddy/uav_ws/install/cmd_vel_to_px4:/home/batoddy/install/urdfdom_headers:/home/batoddy/install/gmock_vendor:/home/batoddy/install/gtest_vendor:/home/batoddy/install/ament_cmake_python:/home/batoddy/install/ament_cmake_libraries:/home/batoddy/install/ament_cmake_core:/home/batoddy/uav_ws/install/px4_offboard:/home/batoddy/install/osrf_pycommon:/home/batoddy/install/ament_pyflakes:/home/batoddy/install/ament_pycodestyle:/home/batoddy/install/ament_pep257:/home/batoddy/install/ament_package:/home/batoddy/install/ament_flake8:/home/batoddy/install/ament_lint:/home/batoddy/install/ament_cppcheck:/home/batoddy/orn_ws/install/navslam:/opt/ros/humble LD_LIBRARY_PATH=/home/batoddy/uav_ws/install/px4_msgs/lib:/home/batoddy/uav_ws/install/px4_ros_com/lib:/home/batoddy/uav_ws/install/px4_ros2_cpp/lib:/opt/ros/humble/opt/rviz_ogre_vendor/lib:/opt/ros/humble/lib/x86_64-linux-gnu:/opt/ros/humble/lib /usr/bin/cmake --install /home/batoddy/uav_ws/build/px4_ros2_cpp
[0.761s] -- Install configuration: ""
[0.761s] -- Up-to-date: /home/batoddy/uav_ws/install/px4_ros2_cpp/share/px4_ros2_cpp/environment/library_path.sh
[0.762s] -- Up-to-date: /home/batoddy/uav_ws/install/px4_ros2_cpp/share/px4_ros2_cpp/environment/library_path.dsv
[0.762s] -- Up-to-date: /home/batoddy/uav_ws/install/px4_ros2_cpp/include/px4_ros2
[0.762s] -- Up-to-date: /home/batoddy/uav_ws/install/px4_ros2_cpp/include/px4_ros2/navigation
[0.762s] -- Up-to-date: /home/batoddy/uav_ws/install/px4_ros2_cpp/include/px4_ros2/navigation/groups.dox
[0.762s] -- Up-to-date: /home/batoddy/uav_ws/install/px4_ros2_cpp/include/px4_ros2/navigation/experimental
[0.762s] -- Up-to-date: /home/batoddy/uav_ws/install/px4_ros2_cpp/include/px4_ros2/navigation/experimental/global_position_measurement_interface.hpp
[0.762s] -- Up-to-date: /home/batoddy/uav_ws/install/px4_ros2_cpp/include/px4_ros2/navigation/experimental/local_position_measurement_interface.hpp
[0.762s] -- Up-to-date: /home/batoddy/uav_ws/install/px4_ros2_cpp/include/px4_ros2/navigation/experimental/navigation_interface_base.hpp
[0.762s] -- Up-to-date: /home/batoddy/uav_ws/install/px4_ros2_cpp/include/px4_ros2/vehicle_state
[0.762s] -- Up-to-date: /home/batoddy/uav_ws/install/px4_ros2_cpp/include/px4_ros2/vehicle_state/home_position.hpp
[0.763s] -- Up-to-date: /home/batoddy/uav_ws/install/px4_ros2_cpp/include/px4_ros2/vehicle_state/land_detected.hpp
[0.763s] -- Up-to-date: /home/batoddy/uav_ws/install/px4_ros2_cpp/include/px4_ros2/vehicle_state/groups.dox
[0.763s] -- Up-to-date: /home/batoddy/uav_ws/install/px4_ros2_cpp/include/px4_ros2/vehicle_state/battery.hpp
[0.763s] -- Up-to-date: /home/batoddy/uav_ws/install/px4_ros2_cpp/include/px4_ros2/vehicle_state/vtol_status.hpp
[0.763s] -- Up-to-date: /home/batoddy/uav_ws/install/px4_ros2_cpp/include/px4_ros2/vehicle_state/vehicle_status.hpp
[0.763s] -- Up-to-date: /home/batoddy/uav_ws/install/px4_ros2_cpp/include/px4_ros2/odometry
[0.763s] -- Up-to-date: /home/batoddy/uav_ws/install/px4_ros2_cpp/include/px4_ros2/odometry/angular_velocity.hpp
[0.763s] -- Up-to-date: /home/batoddy/uav_ws/install/px4_ros2_cpp/include/px4_ros2/odometry/global_position.hpp
[0.763s] -- Up-to-date: /home/batoddy/uav_ws/install/px4_ros2_cpp/include/px4_ros2/odometry/airspeed.hpp
[0.763s] -- Up-to-date: /home/batoddy/uav_ws/install/px4_ros2_cpp/include/px4_ros2/odometry/local_position.hpp
[0.767s] -- Up-to-date: /home/batoddy/uav_ws/install/px4_ros2_cpp/include/px4_ros2/odometry/groups.dox
[0.767s] -- Up-to-date: /home/batoddy/uav_ws/install/px4_ros2_cpp/include/px4_ros2/odometry/attitude.hpp
[0.767s] -- Up-to-date: /home/batoddy/uav_ws/install/px4_ros2_cpp/include/px4_ros2/components
[0.767s] -- Up-to-date: /home/batoddy/uav_ws/install/px4_ros2_cpp/include/px4_ros2/components/mode.hpp
[0.767s] -- Up-to-date: /home/batoddy/uav_ws/install/px4_ros2_cpp/include/px4_ros2/components/manual_control_input.hpp
[0.768s] -- Up-to-date: /home/batoddy/uav_ws/install/px4_ros2_cpp/include/px4_ros2/components/shared_subscription.hpp
[0.768s] -- Up-to-date: /home/batoddy/uav_ws/install/px4_ros2_cpp/include/px4_ros2/components/health_and_arming_checks.hpp
[0.768s] -- Up-to-date: /home/batoddy/uav_ws/install/px4_ros2_cpp/include/px4_ros2/components/wait_for_fmu.hpp
[0.768s] -- Up-to-date: /home/batoddy/uav_ws/install/px4_ros2_cpp/include/px4_ros2/components/groups.dox
[0.768s] -- Up-to-date: /home/batoddy/uav_ws/install/px4_ros2_cpp/include/px4_ros2/components/events.hpp
[0.768s] -- Up-to-date: /home/batoddy/uav_ws/install/px4_ros2_cpp/include/px4_ros2/components/overrides.hpp
[0.771s] -- Up-to-date: /home/batoddy/uav_ws/install/px4_ros2_cpp/include/px4_ros2/components/message_compatibility_check.hpp
[0.771s] -- Up-to-date: /home/batoddy/uav_ws/install/px4_ros2_cpp/include/px4_ros2/components/mode_executor.hpp
[0.771s] -- Up-to-date: /home/batoddy/uav_ws/install/px4_ros2_cpp/include/px4_ros2/components/node_with_mode.hpp
[0.771s] -- Up-to-date: /home/batoddy/uav_ws/install/px4_ros2_cpp/include/px4_ros2/control
[0.771s] -- Up-to-date: /home/batoddy/uav_ws/install/px4_ros2_cpp/include/px4_ros2/control/setpoint_types
[0.772s] -- Up-to-date: /home/batoddy/uav_ws/install/px4_ros2_cpp/include/px4_ros2/control/setpoint_types/direct_actuators.hpp
[0.772s] -- Up-to-date: /home/batoddy/uav_ws/install/px4_ros2_cpp/include/px4_ros2/control/setpoint_types/groups.dox
[0.772s] -- Up-to-date: /home/batoddy/uav_ws/install/px4_ros2_cpp/include/px4_ros2/control/setpoint_types/experimental
[0.772s] -- Up-to-date: /home/batoddy/uav_ws/install/px4_ros2_cpp/include/px4_ros2/control/setpoint_types/experimental/attitude.hpp
[0.772s] -- Up-to-date: /home/batoddy/uav_ws/install/px4_ros2_cpp/include/px4_ros2/control/setpoint_types/experimental/trajectory.hpp
[0.772s] -- Up-to-date: /home/batoddy/uav_ws/install/px4_ros2_cpp/include/px4_ros2/control/setpoint_types/experimental/rover
[0.772s] -- Up-to-date: /home/batoddy/uav_ws/install/px4_ros2_cpp/include/px4_ros2/control/setpoint_types/experimental/rover/speed_steering.hpp
[0.772s] -- Up-to-date: /home/batoddy/uav_ws/install/px4_ros2_cpp/include/px4_ros2/control/setpoint_types/experimental/rover/throttle_rate.hpp
[0.777s] -- Up-to-date: /home/batoddy/uav_ws/install/px4_ros2_cpp/include/px4_ros2/control/setpoint_types/experimental/rover/throttle_attitude.hpp
[0.777s] -- Up-to-date: /home/batoddy/uav_ws/install/px4_ros2_cpp/include/px4_ros2/control/setpoint_types/experimental/rover/position.hpp
[0.777s] -- Up-to-date: /home/batoddy/uav_ws/install/px4_ros2_cpp/include/px4_ros2/control/setpoint_types/experimental/rover/throttle_steering.hpp
[0.777s] -- Up-to-date: /home/batoddy/uav_ws/install/px4_ros2_cpp/include/px4_ros2/control/setpoint_types/experimental/rover/speed_rate.hpp
[0.777s] -- Up-to-date: /home/batoddy/uav_ws/install/px4_ros2_cpp/include/px4_ros2/control/setpoint_types/experimental/rover/speed_attitude.hpp
[0.777s] -- Up-to-date: /home/batoddy/uav_ws/install/px4_ros2_cpp/include/px4_ros2/control/setpoint_types/experimental/rates.hpp
[0.777s] -- Up-to-date: /home/batoddy/uav_ws/install/px4_ros2_cpp/include/px4_ros2/control/setpoint_types/multicopter
[0.777s] -- Up-to-date: /home/batoddy/uav_ws/install/px4_ros2_cpp/include/px4_ros2/control/setpoint_types/multicopter/goto.hpp
[0.778s] -- Up-to-date: /home/batoddy/uav_ws/install/px4_ros2_cpp/include/px4_ros2/control/setpoint_types/fixedwing
[0.778s] -- Up-to-date: /home/batoddy/uav_ws/install/px4_ros2_cpp/include/px4_ros2/control/setpoint_types/fixedwing/lateral_longitudinal.hpp
[0.778s] -- Up-to-date: /home/batoddy/uav_ws/install/px4_ros2_cpp/include/px4_ros2/control/groups.dox
[0.778s] -- Up-to-date: /home/batoddy/uav_ws/install/px4_ros2_cpp/include/px4_ros2/control/vtol.hpp
[0.778s] -- Up-to-date: /home/batoddy/uav_ws/install/px4_ros2_cpp/include/px4_ros2/control/peripheral_actuators.hpp
[0.778s] -- Up-to-date: /home/batoddy/uav_ws/install/px4_ros2_cpp/include/px4_ros2/third_party
[0.778s] -- Up-to-date: /home/batoddy/uav_ws/install/px4_ros2_cpp/include/px4_ros2/third_party/nlohmann
[0.782s] -- Up-to-date: /home/batoddy/uav_ws/install/px4_ros2_cpp/include/px4_ros2/third_party/nlohmann/json_fwd.hpp
[0.782s] -- Up-to-date: /home/batoddy/uav_ws/install/px4_ros2_cpp/include/px4_ros2/third_party/nlohmann/json.hpp
[0.782s] -- Up-to-date: /home/batoddy/uav_ws/install/px4_ros2_cpp/include/px4_ros2/common
[0.782s] -- Up-to-date: /home/batoddy/uav_ws/install/px4_ros2_cpp/include/px4_ros2/common/setpoint_base.hpp
[0.782s] -- Up-to-date: /home/batoddy/uav_ws/install/px4_ros2_cpp/include/px4_ros2/common/frame.hpp
[0.782s] -- Up-to-date: /home/batoddy/uav_ws/install/px4_ros2_cpp/include/px4_ros2/common/context.hpp
[0.782s] -- Up-to-date: /home/batoddy/uav_ws/install/px4_ros2_cpp/include/px4_ros2/common/requirement_flags.hpp
[0.783s] -- Up-to-date: /home/batoddy/uav_ws/install/px4_ros2_cpp/include/px4_ros2/common/exception.hpp
[0.783s] -- Up-to-date: /home/batoddy/uav_ws/install/px4_ros2_cpp/include/px4_ros2/utils
[0.783s] -- Up-to-date: /home/batoddy/uav_ws/install/px4_ros2_cpp/include/px4_ros2/utils/frame_conversion.hpp
[0.783s] -- Up-to-date: /home/batoddy/uav_ws/install/px4_ros2_cpp/include/px4_ros2/utils/geodesic.hpp
[0.783s] -- Up-to-date: /home/batoddy/uav_ws/install/px4_ros2_cpp/include/px4_ros2/utils/groups.dox
[0.783s] -- Up-to-date: /home/batoddy/uav_ws/install/px4_ros2_cpp/include/px4_ros2/utils/subscription.hpp
[0.783s] -- Up-to-date: /home/batoddy/uav_ws/install/px4_ros2_cpp/include/px4_ros2/utils/geometry.hpp
[0.783s] -- Up-to-date: /home/batoddy/uav_ws/install/px4_ros2_cpp/include/px4_ros2/utils/message_version.hpp
[0.783s] -- Up-to-date: /home/batoddy/uav_ws/install/px4_ros2_cpp/include/px4_ros2/utils/visit.hpp
[0.783s] -- Up-to-date: /home/batoddy/uav_ws/install/px4_ros2_cpp/include/px4_ros2/mission
[0.784s] -- Up-to-date: /home/batoddy/uav_ws/install/px4_ros2_cpp/include/px4_ros2/mission/actions
[0.784s] -- Up-to-date: /home/batoddy/uav_ws/install/px4_ros2_cpp/include/px4_ros2/mission/actions/default_actions.hpp
[0.784s] -- Up-to-date: /home/batoddy/uav_ws/install/px4_ros2_cpp/include/px4_ros2/mission/actions/groups.dox
[0.784s] -- Up-to-date: /home/batoddy/uav_ws/install/px4_ros2_cpp/include/px4_ros2/mission/actions/action.hpp
[0.784s] -- Up-to-date: /home/batoddy/uav_ws/install/px4_ros2_cpp/include/px4_ros2/mission/groups.dox
[0.784s] -- Up-to-date: /home/batoddy/uav_ws/install/px4_ros2_cpp/include/px4_ros2/mission/mission.hpp
[0.784s] -- Up-to-date: /home/batoddy/uav_ws/install/px4_ros2_cpp/include/px4_ros2/mission/mission_executor.hpp
[0.784s] -- Up-to-date: /home/batoddy/uav_ws/install/px4_ros2_cpp/include/px4_ros2/mission/trajectory
[0.784s] -- Up-to-date: /home/batoddy/uav_ws/install/px4_ros2_cpp/include/px4_ros2/mission/trajectory/multicopter
[0.784s] -- Up-to-date: /home/batoddy/uav_ws/install/px4_ros2_cpp/include/px4_ros2/mission/trajectory/multicopter/groups.dox
[0.785s] -- Up-to-date: /home/batoddy/uav_ws/install/px4_ros2_cpp/include/px4_ros2/mission/trajectory/multicopter/waypoint_trajectory_executor.hpp
[0.785s] -- Up-to-date: /home/batoddy/uav_ws/install/px4_ros2_cpp/include/px4_ros2/mission/trajectory/trajectory_executor.hpp
[0.785s] -- Up-to-date: /home/batoddy/uav_ws/install/px4_ros2_cpp/lib/libpx4_ros2_cpp.so
[0.785s] -- Up-to-date: /home/batoddy/uav_ws/install/px4_ros2_cpp/share/ament_index/resource_index/package_run_dependencies/px4_ros2_cpp
[0.785s] -- Up-to-date: /home/batoddy/uav_ws/install/px4_ros2_cpp/share/ament_index/resource_index/parent_prefix_path/px4_ros2_cpp
[0.785s] -- Up-to-date: /home/batoddy/uav_ws/install/px4_ros2_cpp/share/px4_ros2_cpp/environment/ament_prefix_path.sh
[0.785s] -- Up-to-date: /home/batoddy/uav_ws/install/px4_ros2_cpp/share/px4_ros2_cpp/environment/ament_prefix_path.dsv
[0.785s] -- Up-to-date: /home/batoddy/uav_ws/install/px4_ros2_cpp/share/px4_ros2_cpp/environment/path.sh
[0.785s] -- Up-to-date: /home/batoddy/uav_ws/install/px4_ros2_cpp/share/px4_ros2_cpp/environment/path.dsv
[0.785s] -- Up-to-date: /home/batoddy/uav_ws/install/px4_ros2_cpp/share/px4_ros2_cpp/local_setup.bash
[0.786s] -- Up-to-date: /home/batoddy/uav_ws/install/px4_ros2_cpp/share/px4_ros2_cpp/local_setup.sh
[0.786s] -- Up-to-date: /home/batoddy/uav_ws/install/px4_ros2_cpp/share/px4_ros2_cpp/local_setup.zsh
[0.786s] -- Up-to-date: /home/batoddy/uav_ws/install/px4_ros2_cpp/share/px4_ros2_cpp/local_setup.dsv
[0.789s] -- Installing: /home/batoddy/uav_ws/install/px4_ros2_cpp/share/px4_ros2_cpp/package.dsv
[0.789s] -- Up-to-date: /home/batoddy/uav_ws/install/px4_ros2_cpp/share/ament_index/resource_index/packages/px4_ros2_cpp
[0.789s] -- Up-to-date: /home/batoddy/uav_ws/install/px4_ros2_cpp/share/px4_ros2_cpp/cmake/px4_ros2_cppExport.cmake
[0.789s] -- Up-to-date: /home/batoddy/uav_ws/install/px4_ros2_cpp/share/px4_ros2_cpp/cmake/px4_ros2_cppExport-noconfig.cmake
[0.789s] -- Up-to-date: /home/batoddy/uav_ws/install/px4_ros2_cpp/share/px4_ros2_cpp/cmake/ament_cmake_export_targets-extras.cmake
[0.789s] -- Up-to-date: /home/batoddy/uav_ws/install/px4_ros2_cpp/share/px4_ros2_cpp/cmake/ament_cmake_export_dependencies-extras.cmake
[0.789s] -- Up-to-date: /home/batoddy/uav_ws/install/px4_ros2_cpp/share/px4_ros2_cpp/cmake/px4_ros2_cppConfig.cmake
[0.789s] -- Up-to-date: /home/batoddy/uav_ws/install/px4_ros2_cpp/share/px4_ros2_cpp/cmake/px4_ros2_cppConfig-version.cmake
[0.790s] -- Up-to-date: /home/batoddy/uav_ws/install/px4_ros2_cpp/share/px4_ros2_cpp/package.xml
[0.806s] Invoked command in '/home/batoddy/uav_ws/build/px4_ros2_cpp' returned '0': CMAKE_PREFIX_PATH=/home/batoddy/uav_ws/install/px4_msgs:/home/batoddy/uav_ws/install/uav_navigation:/home/batoddy/uav_ws/install/sim_topic_bridge:/home/batoddy/uav_ws/install/px4_ros_com:/home/batoddy/uav_ws/install/example_rover_velocity_mode_cpp:/home/batoddy/uav_ws/install/example_mode_with_executor_cpp:/home/batoddy/uav_ws/install/example_mode_vtol_cpp:/home/batoddy/uav_ws/install/example_mode_rtl_replacement_cpp:/home/batoddy/uav_ws/install/example_mode_mission_cpp:/home/batoddy/uav_ws/install/example_mode_manual_cpp:/home/batoddy/uav_ws/install/example_mode_goto_global_cpp:/home/batoddy/uav_ws/install/example_mode_goto_cpp:/home/batoddy/uav_ws/install/example_mode_fw_attitude_cpp:/home/batoddy/uav_ws/install/example_local_navigation_cpp:/home/batoddy/uav_ws/install/example_global_navigation_cpp:/home/batoddy/uav_ws/install/example_executor_with_multiple_modes_cpp:/home/batoddy/uav_ws/install/px4_ros2_cpp:/home/batoddy/uav_ws/install/cmd_vel_to_px4:/home/batoddy/install/urdfdom_headers:/home/batoddy/install/gmock_vendor:/home/batoddy/install/gtest_vendor:/home/batoddy/install/ament_cmake_python:/home/batoddy/install/ament_cmake_libraries:/home/batoddy/install/ament_cmake_core:/home/batoddy/uav_ws/install/px4_offboard:/home/batoddy/install/osrf_pycommon:/home/batoddy/install/ament_pyflakes:/home/batoddy/install/ament_pycodestyle:/home/batoddy/install/ament_pep257:/home/batoddy/install/ament_package:/home/batoddy/install/ament_flake8:/home/batoddy/install/ament_lint:/home/batoddy/install/ament_cppcheck:/home/batoddy/orn_ws/install/navslam:/opt/ros/humble LD_LIBRARY_PATH=/home/batoddy/uav_ws/install/px4_msgs/lib:/home/batoddy/uav_ws/install/px4_ros_com/lib:/home/batoddy/uav_ws/install/px4_ros2_cpp/lib:/opt/ros/humble/opt/rviz_ogre_vendor/lib:/opt/ros/humble/lib/x86_64-linux-gnu:/opt/ros/humble/lib /usr/bin/cmake --install /home/batoddy/uav_ws/build/px4_ros2_cpp
