[0.073s] Invoking command in '/home/batoddy/uav_ws/build/example_local_navigation_cpp': CMAKE_PREFIX_PATH=/home/batoddy/uav_ws/install/px4_ros2_cpp:/home/batoddy/uav_ws/install/px4_msgs:/home/batoddy/uav_ws/install/uav_navigation:/home/batoddy/uav_ws/install/sim_topic_bridge:/home/batoddy/uav_ws/install/px4_ros_com:/home/batoddy/uav_ws/install/example_rover_velocity_mode_cpp:/home/batoddy/uav_ws/install/example_mode_with_executor_cpp:/home/batoddy/uav_ws/install/example_mode_vtol_cpp:/home/batoddy/uav_ws/install/example_mode_rtl_replacement_cpp:/home/batoddy/uav_ws/install/example_mode_mission_cpp:/home/batoddy/uav_ws/install/example_mode_manual_cpp:/home/batoddy/uav_ws/install/example_mode_goto_global_cpp:/home/batoddy/uav_ws/install/example_mode_goto_cpp:/home/batoddy/uav_ws/install/example_mode_fw_attitude_cpp:/home/batoddy/uav_ws/install/example_local_navigation_cpp:/home/batoddy/uav_ws/install/example_global_navigation_cpp:/home/batoddy/uav_ws/install/example_executor_with_multiple_modes_cpp:/home/batoddy/uav_ws/install/cmd_vel_to_px4:/home/batoddy/install/urdfdom_headers:/home/batoddy/install/gmock_vendor:/home/batoddy/install/gtest_vendor:/home/batoddy/install/ament_cmake_python:/home/batoddy/install/ament_cmake_libraries:/home/batoddy/install/ament_cmake_core:/home/batoddy/uav_ws/install/px4_offboard:/home/batoddy/install/osrf_pycommon:/home/batoddy/install/ament_pyflakes:/home/batoddy/install/ament_pycodestyle:/home/batoddy/install/ament_pep257:/home/batoddy/install/ament_package:/home/batoddy/install/ament_flake8:/home/batoddy/install/ament_lint:/home/batoddy/install/ament_cppcheck:/home/batoddy/orn_ws/install/navslam:/opt/ros/humble LD_LIBRARY_PATH=/home/batoddy/uav_ws/install/px4_ros2_cpp/lib:/home/batoddy/uav_ws/install/px4_msgs/lib:/home/batoddy/uav_ws/install/px4_ros_com/lib:/opt/ros/humble/opt/rviz_ogre_vendor/lib:/opt/ros/humble/lib/x86_64-linux-gnu:/opt/ros/humble/lib /usr/bin/cmake /home/batoddy/uav_ws/src/px4-ros2-interface-lib/examples/cpp/navigation/local_navigation -DCMAKE_INSTALL_PREFIX=/home/batoddy/uav_ws/install/example_local_navigation_cpp
[0.241s] -- The C compiler identification is GNU 11.4.0
[0.420s] -- The CXX compiler identification is GNU 11.4.0
[0.453s] -- Detecting C compiler ABI info
[0.681s] -- Detecting C compiler ABI info - done
[0.702s] -- Check for working C compiler: /usr/bin/cc - skipped
[0.703s] -- Detecting C compile features
[0.703s] -- Detecting C compile features - done
[0.711s] -- Detecting CXX compiler ABI info
[1.070s] -- Detecting CXX compiler ABI info - done
[1.133s] -- Check for working CXX compiler: /usr/bin/c++ - skipped
[1.133s] -- Detecting CXX compile features
[1.133s] -- Detecting CXX compile features - done
[1.137s] -- Found eigen3_cmake_module: 0.1.1 (/opt/ros/humble/share/eigen3_cmake_module/cmake)
[1.156s] -- Found Eigen3: TRUE (found version "3.4.0") 
[1.172s] -- Found ament_cmake: 1.3.12 (/opt/ros/humble/share/ament_cmake/cmake)
[1.736s] -- Found Python3: /usr/bin/python3 (found version "3.10.12") found components: Interpreter 
[2.131s] -- Found rclcpp: 16.0.15 (/opt/ros/humble/share/rclcpp/cmake)
[2.306s] -- Found rosidl_generator_c: 3.1.7 (/opt/ros/humble/share/rosidl_generator_c/cmake)
[2.360s] -- Found rosidl_adapter: 3.1.7 (/opt/ros/humble/share/rosidl_adapter/cmake)
[2.416s] -- Found rosidl_generator_cpp: 3.1.7 (/opt/ros/humble/share/rosidl_generator_cpp/cmake)
[2.451s] -- Using all available rosidl_typesupport_c: rosidl_typesupport_fastrtps_c;rosidl_typesupport_introspection_c
[2.510s] -- Using all available rosidl_typesupport_cpp: rosidl_typesupport_fastrtps_cpp;rosidl_typesupport_introspection_cpp
[2.680s] -- Found rmw_implementation_cmake: 6.1.2 (/opt/ros/humble/share/rmw_implementation_cmake/cmake)
[2.693s] -- Found rmw_fastrtps_cpp: 6.2.9 (/opt/ros/humble/share/rmw_fastrtps_cpp/cmake)
[3.090s] -- Found OpenSSL: /usr/lib/x86_64-linux-gnu/libcrypto.so (found version "3.0.2")  
[3.182s] -- Found FastRTPS: /opt/ros/humble/include  
[3.409s] -- Using RMW implementation 'rmw_fastrtps_cpp' as default
[3.465s] -- Looking for pthread.h
[3.718s] -- Looking for pthread.h - found
[3.720s] -- Performing Test CMAKE_HAVE_LIBC_PTHREAD
[3.958s] -- Performing Test CMAKE_HAVE_LIBC_PTHREAD - Success
[3.968s] -- Found Threads: TRUE  
[4.216s] -- Found px4_ros2_cpp: 0.0.1 (/home/batoddy/uav_ws/install/px4_ros2_cpp/share/px4_ros2_cpp/cmake)
[4.310s] -- Found ament_lint_auto: 0.12.14 (/opt/ros/humble/share/ament_lint_auto/cmake)
[4.671s] -- Added test 'copyright' to check source files copyright and LICENSE
[4.680s] -- Added test 'cppcheck' to perform static code analysis on C / C++ code
[4.680s] -- Configured cppcheck include dirs: /home/batoddy/uav_ws/src/px4-ros2-interface-lib/examples/cpp/navigation/local_navigation/include
[4.680s] -- Configured cppcheck exclude dirs and/or files: 
[4.682s] -- Added test 'cpplint' to check C / C++ code against the Google style
[4.686s] -- Configured cpplint exclude dirs and/or files: 
[4.686s] -- Added test 'lint_cmake' to check CMake code style
[4.688s] -- Added test 'uncrustify' to check C / C++ code style
[4.689s] -- Configured uncrustify additional arguments: 
[4.694s] -- Added test 'xmllint' to check XML markup files
[4.701s] -- Configuring done
[4.735s] -- Generating done
[4.746s] -- Build files have been written to: /home/batoddy/uav_ws/build/example_local_navigation_cpp
[4.819s] Invoked command in '/home/batoddy/uav_ws/build/example_local_navigation_cpp' returned '0': CMAKE_PREFIX_PATH=/home/batoddy/uav_ws/install/px4_ros2_cpp:/home/batoddy/uav_ws/install/px4_msgs:/home/batoddy/uav_ws/install/uav_navigation:/home/batoddy/uav_ws/install/sim_topic_bridge:/home/batoddy/uav_ws/install/px4_ros_com:/home/batoddy/uav_ws/install/example_rover_velocity_mode_cpp:/home/batoddy/uav_ws/install/example_mode_with_executor_cpp:/home/batoddy/uav_ws/install/example_mode_vtol_cpp:/home/batoddy/uav_ws/install/example_mode_rtl_replacement_cpp:/home/batoddy/uav_ws/install/example_mode_mission_cpp:/home/batoddy/uav_ws/install/example_mode_manual_cpp:/home/batoddy/uav_ws/install/example_mode_goto_global_cpp:/home/batoddy/uav_ws/install/example_mode_goto_cpp:/home/batoddy/uav_ws/install/example_mode_fw_attitude_cpp:/home/batoddy/uav_ws/install/example_local_navigation_cpp:/home/batoddy/uav_ws/install/example_global_navigation_cpp:/home/batoddy/uav_ws/install/example_executor_with_multiple_modes_cpp:/home/batoddy/uav_ws/install/cmd_vel_to_px4:/home/batoddy/install/urdfdom_headers:/home/batoddy/install/gmock_vendor:/home/batoddy/install/gtest_vendor:/home/batoddy/install/ament_cmake_python:/home/batoddy/install/ament_cmake_libraries:/home/batoddy/install/ament_cmake_core:/home/batoddy/uav_ws/install/px4_offboard:/home/batoddy/install/osrf_pycommon:/home/batoddy/install/ament_pyflakes:/home/batoddy/install/ament_pycodestyle:/home/batoddy/install/ament_pep257:/home/batoddy/install/ament_package:/home/batoddy/install/ament_flake8:/home/batoddy/install/ament_lint:/home/batoddy/install/ament_cppcheck:/home/batoddy/orn_ws/install/navslam:/opt/ros/humble LD_LIBRARY_PATH=/home/batoddy/uav_ws/install/px4_ros2_cpp/lib:/home/batoddy/uav_ws/install/px4_msgs/lib:/home/batoddy/uav_ws/install/px4_ros_com/lib:/opt/ros/humble/opt/rviz_ogre_vendor/lib:/opt/ros/humble/lib/x86_64-linux-gnu:/opt/ros/humble/lib /usr/bin/cmake /home/batoddy/uav_ws/src/px4-ros2-interface-lib/examples/cpp/navigation/local_navigation -DCMAKE_INSTALL_PREFIX=/home/batoddy/uav_ws/install/example_local_navigation_cpp
[4.820s] Invoking command in '/home/batoddy/uav_ws/build/example_local_navigation_cpp': CMAKE_PREFIX_PATH=/home/batoddy/uav_ws/install/px4_ros2_cpp:/home/batoddy/uav_ws/install/px4_msgs:/home/batoddy/uav_ws/install/uav_navigation:/home/batoddy/uav_ws/install/sim_topic_bridge:/home/batoddy/uav_ws/install/px4_ros_com:/home/batoddy/uav_ws/install/example_rover_velocity_mode_cpp:/home/batoddy/uav_ws/install/example_mode_with_executor_cpp:/home/batoddy/uav_ws/install/example_mode_vtol_cpp:/home/batoddy/uav_ws/install/example_mode_rtl_replacement_cpp:/home/batoddy/uav_ws/install/example_mode_mission_cpp:/home/batoddy/uav_ws/install/example_mode_manual_cpp:/home/batoddy/uav_ws/install/example_mode_goto_global_cpp:/home/batoddy/uav_ws/install/example_mode_goto_cpp:/home/batoddy/uav_ws/install/example_mode_fw_attitude_cpp:/home/batoddy/uav_ws/install/example_local_navigation_cpp:/home/batoddy/uav_ws/install/example_global_navigation_cpp:/home/batoddy/uav_ws/install/example_executor_with_multiple_modes_cpp:/home/batoddy/uav_ws/install/cmd_vel_to_px4:/home/batoddy/install/urdfdom_headers:/home/batoddy/install/gmock_vendor:/home/batoddy/install/gtest_vendor:/home/batoddy/install/ament_cmake_python:/home/batoddy/install/ament_cmake_libraries:/home/batoddy/install/ament_cmake_core:/home/batoddy/uav_ws/install/px4_offboard:/home/batoddy/install/osrf_pycommon:/home/batoddy/install/ament_pyflakes:/home/batoddy/install/ament_pycodestyle:/home/batoddy/install/ament_pep257:/home/batoddy/install/ament_package:/home/batoddy/install/ament_flake8:/home/batoddy/install/ament_lint:/home/batoddy/install/ament_cppcheck:/home/batoddy/orn_ws/install/navslam:/opt/ros/humble LD_LIBRARY_PATH=/home/batoddy/uav_ws/install/px4_ros2_cpp/lib:/home/batoddy/uav_ws/install/px4_msgs/lib:/home/batoddy/uav_ws/install/px4_ros_com/lib:/opt/ros/humble/opt/rviz_ogre_vendor/lib:/opt/ros/humble/lib/x86_64-linux-gnu:/opt/ros/humble/lib /usr/bin/cmake --build /home/batoddy/uav_ws/build/example_local_navigation_cpp -- -j8 -l8
[5.015s] [ 50%] [32mBuilding CXX object CMakeFiles/example_local_navigation.dir/src/main.cpp.o[0m
[18.389s] [100%] [32m[1mLinking CXX executable example_local_navigation[0m
[23.749s] [100%] Built target example_local_navigation
[23.805s] Invoked command in '/home/batoddy/uav_ws/build/example_local_navigation_cpp' returned '0': CMAKE_PREFIX_PATH=/home/batoddy/uav_ws/install/px4_ros2_cpp:/home/batoddy/uav_ws/install/px4_msgs:/home/batoddy/uav_ws/install/uav_navigation:/home/batoddy/uav_ws/install/sim_topic_bridge:/home/batoddy/uav_ws/install/px4_ros_com:/home/batoddy/uav_ws/install/example_rover_velocity_mode_cpp:/home/batoddy/uav_ws/install/example_mode_with_executor_cpp:/home/batoddy/uav_ws/install/example_mode_vtol_cpp:/home/batoddy/uav_ws/install/example_mode_rtl_replacement_cpp:/home/batoddy/uav_ws/install/example_mode_mission_cpp:/home/batoddy/uav_ws/install/example_mode_manual_cpp:/home/batoddy/uav_ws/install/example_mode_goto_global_cpp:/home/batoddy/uav_ws/install/example_mode_goto_cpp:/home/batoddy/uav_ws/install/example_mode_fw_attitude_cpp:/home/batoddy/uav_ws/install/example_local_navigation_cpp:/home/batoddy/uav_ws/install/example_global_navigation_cpp:/home/batoddy/uav_ws/install/example_executor_with_multiple_modes_cpp:/home/batoddy/uav_ws/install/cmd_vel_to_px4:/home/batoddy/install/urdfdom_headers:/home/batoddy/install/gmock_vendor:/home/batoddy/install/gtest_vendor:/home/batoddy/install/ament_cmake_python:/home/batoddy/install/ament_cmake_libraries:/home/batoddy/install/ament_cmake_core:/home/batoddy/uav_ws/install/px4_offboard:/home/batoddy/install/osrf_pycommon:/home/batoddy/install/ament_pyflakes:/home/batoddy/install/ament_pycodestyle:/home/batoddy/install/ament_pep257:/home/batoddy/install/ament_package:/home/batoddy/install/ament_flake8:/home/batoddy/install/ament_lint:/home/batoddy/install/ament_cppcheck:/home/batoddy/orn_ws/install/navslam:/opt/ros/humble LD_LIBRARY_PATH=/home/batoddy/uav_ws/install/px4_ros2_cpp/lib:/home/batoddy/uav_ws/install/px4_msgs/lib:/home/batoddy/uav_ws/install/px4_ros_com/lib:/opt/ros/humble/opt/rviz_ogre_vendor/lib:/opt/ros/humble/lib/x86_64-linux-gnu:/opt/ros/humble/lib /usr/bin/cmake --build /home/batoddy/uav_ws/build/example_local_navigation_cpp -- -j8 -l8
[23.818s] Invoking command in '/home/batoddy/uav_ws/build/example_local_navigation_cpp': CMAKE_PREFIX_PATH=/home/batoddy/uav_ws/install/px4_ros2_cpp:/home/batoddy/uav_ws/install/px4_msgs:/home/batoddy/uav_ws/install/uav_navigation:/home/batoddy/uav_ws/install/sim_topic_bridge:/home/batoddy/uav_ws/install/px4_ros_com:/home/batoddy/uav_ws/install/example_rover_velocity_mode_cpp:/home/batoddy/uav_ws/install/example_mode_with_executor_cpp:/home/batoddy/uav_ws/install/example_mode_vtol_cpp:/home/batoddy/uav_ws/install/example_mode_rtl_replacement_cpp:/home/batoddy/uav_ws/install/example_mode_mission_cpp:/home/batoddy/uav_ws/install/example_mode_manual_cpp:/home/batoddy/uav_ws/install/example_mode_goto_global_cpp:/home/batoddy/uav_ws/install/example_mode_goto_cpp:/home/batoddy/uav_ws/install/example_mode_fw_attitude_cpp:/home/batoddy/uav_ws/install/example_local_navigation_cpp:/home/batoddy/uav_ws/install/example_global_navigation_cpp:/home/batoddy/uav_ws/install/example_executor_with_multiple_modes_cpp:/home/batoddy/uav_ws/install/cmd_vel_to_px4:/home/batoddy/install/urdfdom_headers:/home/batoddy/install/gmock_vendor:/home/batoddy/install/gtest_vendor:/home/batoddy/install/ament_cmake_python:/home/batoddy/install/ament_cmake_libraries:/home/batoddy/install/ament_cmake_core:/home/batoddy/uav_ws/install/px4_offboard:/home/batoddy/install/osrf_pycommon:/home/batoddy/install/ament_pyflakes:/home/batoddy/install/ament_pycodestyle:/home/batoddy/install/ament_pep257:/home/batoddy/install/ament_package:/home/batoddy/install/ament_flake8:/home/batoddy/install/ament_lint:/home/batoddy/install/ament_cppcheck:/home/batoddy/orn_ws/install/navslam:/opt/ros/humble LD_LIBRARY_PATH=/home/batoddy/uav_ws/install/px4_ros2_cpp/lib:/home/batoddy/uav_ws/install/px4_msgs/lib:/home/batoddy/uav_ws/install/px4_ros_com/lib:/opt/ros/humble/opt/rviz_ogre_vendor/lib:/opt/ros/humble/lib/x86_64-linux-gnu:/opt/ros/humble/lib /usr/bin/cmake --install /home/batoddy/uav_ws/build/example_local_navigation_cpp
[23.914s] -- Install configuration: ""
[23.914s] -- Installing: /home/batoddy/uav_ws/install/example_local_navigation_cpp/lib/example_local_navigation_cpp/example_local_navigation
[23.914s] -- Set runtime path of "/home/batoddy/uav_ws/install/example_local_navigation_cpp/lib/example_local_navigation_cpp/example_local_navigation" to ""
[23.914s] -- Installing: /home/batoddy/uav_ws/install/example_local_navigation_cpp/share/ament_index/resource_index/package_run_dependencies/example_local_navigation_cpp
[23.915s] -- Installing: /home/batoddy/uav_ws/install/example_local_navigation_cpp/share/ament_index/resource_index/parent_prefix_path/example_local_navigation_cpp
[23.915s] -- Installing: /home/batoddy/uav_ws/install/example_local_navigation_cpp/share/example_local_navigation_cpp/environment/ament_prefix_path.sh
[23.915s] -- Installing: /home/batoddy/uav_ws/install/example_local_navigation_cpp/share/example_local_navigation_cpp/environment/ament_prefix_path.dsv
[23.915s] -- Installing: /home/batoddy/uav_ws/install/example_local_navigation_cpp/share/example_local_navigation_cpp/environment/path.sh
[23.915s] -- Installing: /home/batoddy/uav_ws/install/example_local_navigation_cpp/share/example_local_navigation_cpp/environment/path.dsv
[23.915s] -- Installing: /home/batoddy/uav_ws/install/example_local_navigation_cpp/share/example_local_navigation_cpp/local_setup.bash
[23.915s] -- Installing: /home/batoddy/uav_ws/install/example_local_navigation_cpp/share/example_local_navigation_cpp/local_setup.sh
[23.915s] -- Installing: /home/batoddy/uav_ws/install/example_local_navigation_cpp/share/example_local_navigation_cpp/local_setup.zsh
[23.915s] -- Installing: /home/batoddy/uav_ws/install/example_local_navigation_cpp/share/example_local_navigation_cpp/local_setup.dsv
[23.915s] -- Installing: /home/batoddy/uav_ws/install/example_local_navigation_cpp/share/example_local_navigation_cpp/package.dsv
[23.915s] -- Installing: /home/batoddy/uav_ws/install/example_local_navigation_cpp/share/ament_index/resource_index/packages/example_local_navigation_cpp
[23.915s] -- Installing: /home/batoddy/uav_ws/install/example_local_navigation_cpp/share/example_local_navigation_cpp/cmake/example_local_navigation_cppConfig.cmake
[23.916s] -- Installing: /home/batoddy/uav_ws/install/example_local_navigation_cpp/share/example_local_navigation_cpp/cmake/example_local_navigation_cppConfig-version.cmake
[23.916s] -- Installing: /home/batoddy/uav_ws/install/example_local_navigation_cpp/share/example_local_navigation_cpp/package.xml
[24.069s] Invoked command in '/home/batoddy/uav_ws/build/example_local_navigation_cpp' returned '0': CMAKE_PREFIX_PATH=/home/batoddy/uav_ws/install/px4_ros2_cpp:/home/batoddy/uav_ws/install/px4_msgs:/home/batoddy/uav_ws/install/uav_navigation:/home/batoddy/uav_ws/install/sim_topic_bridge:/home/batoddy/uav_ws/install/px4_ros_com:/home/batoddy/uav_ws/install/example_rover_velocity_mode_cpp:/home/batoddy/uav_ws/install/example_mode_with_executor_cpp:/home/batoddy/uav_ws/install/example_mode_vtol_cpp:/home/batoddy/uav_ws/install/example_mode_rtl_replacement_cpp:/home/batoddy/uav_ws/install/example_mode_mission_cpp:/home/batoddy/uav_ws/install/example_mode_manual_cpp:/home/batoddy/uav_ws/install/example_mode_goto_global_cpp:/home/batoddy/uav_ws/install/example_mode_goto_cpp:/home/batoddy/uav_ws/install/example_mode_fw_attitude_cpp:/home/batoddy/uav_ws/install/example_local_navigation_cpp:/home/batoddy/uav_ws/install/example_global_navigation_cpp:/home/batoddy/uav_ws/install/example_executor_with_multiple_modes_cpp:/home/batoddy/uav_ws/install/cmd_vel_to_px4:/home/batoddy/install/urdfdom_headers:/home/batoddy/install/gmock_vendor:/home/batoddy/install/gtest_vendor:/home/batoddy/install/ament_cmake_python:/home/batoddy/install/ament_cmake_libraries:/home/batoddy/install/ament_cmake_core:/home/batoddy/uav_ws/install/px4_offboard:/home/batoddy/install/osrf_pycommon:/home/batoddy/install/ament_pyflakes:/home/batoddy/install/ament_pycodestyle:/home/batoddy/install/ament_pep257:/home/batoddy/install/ament_package:/home/batoddy/install/ament_flake8:/home/batoddy/install/ament_lint:/home/batoddy/install/ament_cppcheck:/home/batoddy/orn_ws/install/navslam:/opt/ros/humble LD_LIBRARY_PATH=/home/batoddy/uav_ws/install/px4_ros2_cpp/lib:/home/batoddy/uav_ws/install/px4_msgs/lib:/home/batoddy/uav_ws/install/px4_ros_com/lib:/opt/ros/humble/opt/rviz_ogre_vendor/lib:/opt/ros/humble/lib/x86_64-linux-gnu:/opt/ros/humble/lib /usr/bin/cmake --install /home/batoddy/uav_ws/build/example_local_navigation_cpp
