[0.653s] Invoking command in '/home/batoddy/uav_ws/src/px4_offboard': AMENT_PREFIX_PATH=/home/batoddy/uav_ws/src/install/px4_msgs:${AMENT_PREFIX_PATH} CMAKE_PREFIX_PATH=/home/batoddy/uav_ws/src/install/px4_msgs:${CMAKE_PREFIX_PATH} LD_LIBRARY_PATH=/home/batoddy/uav_ws/src/install/px4_msgs/lib:${LD_LIBRARY_PATH} PYTHONPATH=/home/batoddy/uav_ws/src/build/px4_offboard/prefix_override:/usr/lib/python3/dist-packages/colcon_core/task/python/colcon_distutils_commands:/home/batoddy/uav_ws/src/install/px4_offboard/lib/python3.10/site-packages:/home/batoddy/uav_ws/src/install/px4_msgs/local/lib/python3.10/dist-packages:${PYTHONPATH} /usr/bin/python3 -W ignore:setup.py install is deprecated -W ignore:easy_install command is deprecated setup.py egg_info --egg-base ../build/px4_offboard build --build-base /home/batoddy/uav_ws/src/build/px4_offboard/build install --record /home/batoddy/uav_ws/src/build/px4_offboard/install.log --single-version-externally-managed install_data
[0.917s] running egg_info
[0.918s] creating ../build/px4_offboard/px4_offboard.egg-info
[0.919s] writing ../build/px4_offboard/px4_offboard.egg-info/PKG-INFO
[0.919s] writing dependency_links to ../build/px4_offboard/px4_offboard.egg-info/dependency_links.txt
[0.919s] writing entry points to ../build/px4_offboard/px4_offboard.egg-info/entry_points.txt
[0.919s] writing requirements to ../build/px4_offboard/px4_offboard.egg-info/requires.txt
[0.920s] writing top-level names to ../build/px4_offboard/px4_offboard.egg-info/top_level.txt
[0.923s] writing manifest file '../build/px4_offboard/px4_offboard.egg-info/SOURCES.txt'
[0.923s] reading manifest file '../build/px4_offboard/px4_offboard.egg-info/SOURCES.txt'
[0.923s] adding license file 'LICENSE'
[0.924s] writing manifest file '../build/px4_offboard/px4_offboard.egg-info/SOURCES.txt'
[0.924s] running build
[0.924s] running build_py
[0.924s] creating /home/batoddy/uav_ws/src/build/px4_offboard/build
[0.924s] creating /home/batoddy/uav_ws/src/build/px4_offboard/build/lib
[0.925s] creating /home/batoddy/uav_ws/src/build/px4_offboard/build/lib/px4_offboard
[0.925s] copying px4_offboard/processes.py -> /home/batoddy/uav_ws/src/build/px4_offboard/build/lib/px4_offboard
[0.925s] copying px4_offboard/__init__.py -> /home/batoddy/uav_ws/src/build/px4_offboard/build/lib/px4_offboard
[0.925s] copying px4_offboard/velocity_control.py -> /home/batoddy/uav_ws/src/build/px4_offboard/build/lib/px4_offboard
[0.925s] copying px4_offboard/control.py -> /home/batoddy/uav_ws/src/build/px4_offboard/build/lib/px4_offboard
[0.925s] copying px4_offboard/visualizer.py -> /home/batoddy/uav_ws/src/build/px4_offboard/build/lib/px4_offboard
[0.925s] running install
[0.926s] running install_lib
[0.927s] creating /home/batoddy/uav_ws/src/install/px4_offboard/lib/python3.10/site-packages/px4_offboard
[0.927s] copying /home/batoddy/uav_ws/src/build/px4_offboard/build/lib/px4_offboard/processes.py -> /home/batoddy/uav_ws/src/install/px4_offboard/lib/python3.10/site-packages/px4_offboard
[0.927s] copying /home/batoddy/uav_ws/src/build/px4_offboard/build/lib/px4_offboard/__init__.py -> /home/batoddy/uav_ws/src/install/px4_offboard/lib/python3.10/site-packages/px4_offboard
[0.927s] copying /home/batoddy/uav_ws/src/build/px4_offboard/build/lib/px4_offboard/velocity_control.py -> /home/batoddy/uav_ws/src/install/px4_offboard/lib/python3.10/site-packages/px4_offboard
[0.927s] copying /home/batoddy/uav_ws/src/build/px4_offboard/build/lib/px4_offboard/control.py -> /home/batoddy/uav_ws/src/install/px4_offboard/lib/python3.10/site-packages/px4_offboard
[0.928s] copying /home/batoddy/uav_ws/src/build/px4_offboard/build/lib/px4_offboard/visualizer.py -> /home/batoddy/uav_ws/src/install/px4_offboard/lib/python3.10/site-packages/px4_offboard
[0.929s] byte-compiling /home/batoddy/uav_ws/src/install/px4_offboard/lib/python3.10/site-packages/px4_offboard/processes.py to processes.cpython-310.pyc
[0.929s] byte-compiling /home/batoddy/uav_ws/src/install/px4_offboard/lib/python3.10/site-packages/px4_offboard/__init__.py to __init__.cpython-310.pyc
[0.929s] byte-compiling /home/batoddy/uav_ws/src/install/px4_offboard/lib/python3.10/site-packages/px4_offboard/velocity_control.py to velocity_control.cpython-310.pyc
[0.932s] byte-compiling /home/batoddy/uav_ws/src/install/px4_offboard/lib/python3.10/site-packages/px4_offboard/control.py to control.cpython-310.pyc
[0.934s] byte-compiling /home/batoddy/uav_ws/src/install/px4_offboard/lib/python3.10/site-packages/px4_offboard/visualizer.py to visualizer.cpython-310.pyc
[0.935s] running install_data
[0.935s] creating /home/batoddy/uav_ws/src/install/px4_offboard/share/ament_index
[0.935s] creating /home/batoddy/uav_ws/src/install/px4_offboard/share/ament_index/resource_index
[0.935s] creating /home/batoddy/uav_ws/src/install/px4_offboard/share/ament_index/resource_index/packages
[0.935s] copying resource/px4_offboard -> /home/batoddy/uav_ws/src/install/px4_offboard/share/ament_index/resource_index/packages
[0.935s] copying resource/visualize.rviz -> /home/batoddy/uav_ws/src/install/px4_offboard/share/ament_index/resource_index/packages
[0.939s] copying package.xml -> /home/batoddy/uav_ws/src/install/px4_offboard/share/px4_offboard
[0.939s] copying launch/offboard_velocity_control.launch.py -> /home/batoddy/uav_ws/src/install/px4_offboard/share/px4_offboard
[0.939s] copying resource/visualize.rviz -> /home/batoddy/uav_ws/src/install/px4_offboard/share/px4_offboard
[0.939s] running install_egg_info
[0.943s] Copying ../build/px4_offboard/px4_offboard.egg-info to /home/batoddy/uav_ws/src/install/px4_offboard/lib/python3.10/site-packages/px4_offboard-0.0.0-py3.10.egg-info
[0.948s] running install_scripts
[0.989s] Installing control script to /home/batoddy/uav_ws/src/install/px4_offboard/lib/px4_offboard
[0.989s] Installing offboard_control script to /home/batoddy/uav_ws/src/install/px4_offboard/lib/px4_offboard
[0.989s] Installing processes script to /home/batoddy/uav_ws/src/install/px4_offboard/lib/px4_offboard
[0.989s] Installing velocity_control script to /home/batoddy/uav_ws/src/install/px4_offboard/lib/px4_offboard
[0.989s] Installing visualizer script to /home/batoddy/uav_ws/src/install/px4_offboard/lib/px4_offboard
[0.989s] writing list of installed files to '/home/batoddy/uav_ws/src/build/px4_offboard/install.log'
[1.018s] Invoked command in '/home/batoddy/uav_ws/src/px4_offboard' returned '0': AMENT_PREFIX_PATH=/home/batoddy/uav_ws/src/install/px4_msgs:${AMENT_PREFIX_PATH} CMAKE_PREFIX_PATH=/home/batoddy/uav_ws/src/install/px4_msgs:${CMAKE_PREFIX_PATH} LD_LIBRARY_PATH=/home/batoddy/uav_ws/src/install/px4_msgs/lib:${LD_LIBRARY_PATH} PYTHONPATH=/home/batoddy/uav_ws/src/build/px4_offboard/prefix_override:/usr/lib/python3/dist-packages/colcon_core/task/python/colcon_distutils_commands:/home/batoddy/uav_ws/src/install/px4_offboard/lib/python3.10/site-packages:/home/batoddy/uav_ws/src/install/px4_msgs/local/lib/python3.10/dist-packages:${PYTHONPATH} /usr/bin/python3 -W ignore:setup.py install is deprecated -W ignore:easy_install command is deprecated setup.py egg_info --egg-base ../build/px4_offboard build --build-base /home/batoddy/uav_ws/src/build/px4_offboard/build install --record /home/batoddy/uav_ws/src/build/px4_offboard/install.log --single-version-externally-managed install_data
