[0.082s] Invoking command in '/home/batoddy/uav_ws/build/example_global_navigation_cpp': CMAKE_PREFIX_PATH=/home/batoddy/uav_ws/install/px4_ros2_cpp:/home/batoddy/uav_ws/install/px4_msgs:/home/batoddy/uav_ws/install/uav_navigation:/home/batoddy/uav_ws/install/sim_topic_bridge:/home/batoddy/uav_ws/install/px4_ros_com:/home/batoddy/uav_ws/install/example_rover_velocity_mode_cpp:/home/batoddy/uav_ws/install/example_mode_with_executor_cpp:/home/batoddy/uav_ws/install/example_mode_vtol_cpp:/home/batoddy/uav_ws/install/example_mode_rtl_replacement_cpp:/home/batoddy/uav_ws/install/example_mode_mission_cpp:/home/batoddy/uav_ws/install/example_mode_manual_cpp:/home/batoddy/uav_ws/install/example_mode_goto_global_cpp:/home/batoddy/uav_ws/install/example_mode_goto_cpp:/home/batoddy/uav_ws/install/example_mode_fw_attitude_cpp:/home/batoddy/uav_ws/install/example_local_navigation_cpp:/home/batoddy/uav_ws/install/example_global_navigation_cpp:/home/batoddy/uav_ws/install/example_executor_with_multiple_modes_cpp:/home/batoddy/uav_ws/install/cmd_vel_to_px4:/home/batoddy/install/urdfdom_headers:/home/batoddy/install/gmock_vendor:/home/batoddy/install/gtest_vendor:/home/batoddy/install/ament_cmake_python:/home/batoddy/install/ament_cmake_libraries:/home/batoddy/install/ament_cmake_core:/home/batoddy/uav_ws/install/px4_offboard:/home/batoddy/install/osrf_pycommon:/home/batoddy/install/ament_pyflakes:/home/batoddy/install/ament_pycodestyle:/home/batoddy/install/ament_pep257:/home/batoddy/install/ament_package:/home/batoddy/install/ament_flake8:/home/batoddy/install/ament_lint:/home/batoddy/install/ament_cppcheck:/home/batoddy/orn_ws/install/navslam:/opt/ros/humble LD_LIBRARY_PATH=/home/batoddy/uav_ws/install/px4_ros2_cpp/lib:/home/batoddy/uav_ws/install/px4_msgs/lib:/home/batoddy/uav_ws/install/px4_ros_com/lib:/opt/ros/humble/opt/rviz_ogre_vendor/lib:/opt/ros/humble/lib/x86_64-linux-gnu:/opt/ros/humble/lib /usr/bin/cmake /home/batoddy/uav_ws/src/px4-ros2-interface-lib/examples/cpp/navigation/global_navigation -DCMAKE_INSTALL_PREFIX=/home/batoddy/uav_ws/install/example_global_navigation_cpp
[0.247s] -- The C compiler identification is GNU 11.4.0
[0.398s] -- The CXX compiler identification is GNU 11.4.0
[0.426s] -- Detecting C compiler ABI info
[0.691s] -- Detecting C compiler ABI info - done
[0.710s] -- Check for working C compiler: /usr/bin/cc - skipped
[0.710s] -- Detecting C compile features
[0.710s] -- Detecting C compile features - done
[0.729s] -- Detecting CXX compiler ABI info
[1.030s] -- Detecting CXX compiler ABI info - done
[1.083s] -- Check for working CXX compiler: /usr/bin/c++ - skipped
[1.083s] -- Detecting CXX compile features
[1.084s] -- Detecting CXX compile features - done
[1.092s] -- Found eigen3_cmake_module: 0.1.1 (/opt/ros/humble/share/eigen3_cmake_module/cmake)
[1.128s] -- Found Eigen3: TRUE (found version "3.4.0") 
[1.174s] -- Found ament_cmake: 1.3.12 (/opt/ros/humble/share/ament_cmake/cmake)
[1.825s] -- Found Python3: /usr/bin/python3 (found version "3.10.12") found components: Interpreter 
[2.226s] -- Found rclcpp: 16.0.15 (/opt/ros/humble/share/rclcpp/cmake)
[2.401s] -- Found rosidl_generator_c: 3.1.7 (/opt/ros/humble/share/rosidl_generator_c/cmake)
[2.416s] -- Found rosidl_adapter: 3.1.7 (/opt/ros/humble/share/rosidl_adapter/cmake)
[2.460s] -- Found rosidl_generator_cpp: 3.1.7 (/opt/ros/humble/share/rosidl_generator_cpp/cmake)
[2.532s] -- Using all available rosidl_typesupport_c: rosidl_typesupport_fastrtps_c;rosidl_typesupport_introspection_c
[2.630s] -- Using all available rosidl_typesupport_cpp: rosidl_typesupport_fastrtps_cpp;rosidl_typesupport_introspection_cpp
[2.849s] -- Found rmw_implementation_cmake: 6.1.2 (/opt/ros/humble/share/rmw_implementation_cmake/cmake)
[2.858s] -- Found rmw_fastrtps_cpp: 6.2.9 (/opt/ros/humble/share/rmw_fastrtps_cpp/cmake)
[3.139s] -- Found OpenSSL: /usr/lib/x86_64-linux-gnu/libcrypto.so (found version "3.0.2")  
[3.273s] -- Found FastRTPS: /opt/ros/humble/include  
[3.401s] -- Using RMW implementation 'rmw_fastrtps_cpp' as default
[3.432s] -- Looking for pthread.h
[3.739s] -- Looking for pthread.h - found
[3.740s] -- Performing Test CMAKE_HAVE_LIBC_PTHREAD
[4.082s] -- Performing Test CMAKE_HAVE_LIBC_PTHREAD - Success
[4.085s] -- Found Threads: TRUE  
[4.271s] -- Found px4_ros2_cpp: 0.0.1 (/home/batoddy/uav_ws/install/px4_ros2_cpp/share/px4_ros2_cpp/cmake)
[4.312s] -- Found ament_lint_auto: 0.12.14 (/opt/ros/humble/share/ament_lint_auto/cmake)
[4.736s] -- Added test 'copyright' to check source files copyright and LICENSE
[4.746s] -- Added test 'cppcheck' to perform static code analysis on C / C++ code
[4.748s] -- Configured cppcheck include dirs: /home/batoddy/uav_ws/src/px4-ros2-interface-lib/examples/cpp/navigation/global_navigation/include
[4.748s] -- Configured cppcheck exclude dirs and/or files: 
[4.754s] -- Added test 'cpplint' to check C / C++ code against the Google style
[4.754s] -- Configured cpplint exclude dirs and/or files: 
[4.762s] -- Added test 'lint_cmake' to check CMake code style
[4.762s] -- Added test 'uncrustify' to check C / C++ code style
[4.762s] -- Configured uncrustify additional arguments: 
[4.765s] -- Added test 'xmllint' to check XML markup files
[4.774s] -- Configuring done
[4.924s] -- Generating done
[4.936s] -- Build files have been written to: /home/batoddy/uav_ws/build/example_global_navigation_cpp
[4.976s] Invoked command in '/home/batoddy/uav_ws/build/example_global_navigation_cpp' returned '0': CMAKE_PREFIX_PATH=/home/batoddy/uav_ws/install/px4_ros2_cpp:/home/batoddy/uav_ws/install/px4_msgs:/home/batoddy/uav_ws/install/uav_navigation:/home/batoddy/uav_ws/install/sim_topic_bridge:/home/batoddy/uav_ws/install/px4_ros_com:/home/batoddy/uav_ws/install/example_rover_velocity_mode_cpp:/home/batoddy/uav_ws/install/example_mode_with_executor_cpp:/home/batoddy/uav_ws/install/example_mode_vtol_cpp:/home/batoddy/uav_ws/install/example_mode_rtl_replacement_cpp:/home/batoddy/uav_ws/install/example_mode_mission_cpp:/home/batoddy/uav_ws/install/example_mode_manual_cpp:/home/batoddy/uav_ws/install/example_mode_goto_global_cpp:/home/batoddy/uav_ws/install/example_mode_goto_cpp:/home/batoddy/uav_ws/install/example_mode_fw_attitude_cpp:/home/batoddy/uav_ws/install/example_local_navigation_cpp:/home/batoddy/uav_ws/install/example_global_navigation_cpp:/home/batoddy/uav_ws/install/example_executor_with_multiple_modes_cpp:/home/batoddy/uav_ws/install/cmd_vel_to_px4:/home/batoddy/install/urdfdom_headers:/home/batoddy/install/gmock_vendor:/home/batoddy/install/gtest_vendor:/home/batoddy/install/ament_cmake_python:/home/batoddy/install/ament_cmake_libraries:/home/batoddy/install/ament_cmake_core:/home/batoddy/uav_ws/install/px4_offboard:/home/batoddy/install/osrf_pycommon:/home/batoddy/install/ament_pyflakes:/home/batoddy/install/ament_pycodestyle:/home/batoddy/install/ament_pep257:/home/batoddy/install/ament_package:/home/batoddy/install/ament_flake8:/home/batoddy/install/ament_lint:/home/batoddy/install/ament_cppcheck:/home/batoddy/orn_ws/install/navslam:/opt/ros/humble LD_LIBRARY_PATH=/home/batoddy/uav_ws/install/px4_ros2_cpp/lib:/home/batoddy/uav_ws/install/px4_msgs/lib:/home/batoddy/uav_ws/install/px4_ros_com/lib:/opt/ros/humble/opt/rviz_ogre_vendor/lib:/opt/ros/humble/lib/x86_64-linux-gnu:/opt/ros/humble/lib /usr/bin/cmake /home/batoddy/uav_ws/src/px4-ros2-interface-lib/examples/cpp/navigation/global_navigation -DCMAKE_INSTALL_PREFIX=/home/batoddy/uav_ws/install/example_global_navigation_cpp
[4.977s] Invoking command in '/home/batoddy/uav_ws/build/example_global_navigation_cpp': CMAKE_PREFIX_PATH=/home/batoddy/uav_ws/install/px4_ros2_cpp:/home/batoddy/uav_ws/install/px4_msgs:/home/batoddy/uav_ws/install/uav_navigation:/home/batoddy/uav_ws/install/sim_topic_bridge:/home/batoddy/uav_ws/install/px4_ros_com:/home/batoddy/uav_ws/install/example_rover_velocity_mode_cpp:/home/batoddy/uav_ws/install/example_mode_with_executor_cpp:/home/batoddy/uav_ws/install/example_mode_vtol_cpp:/home/batoddy/uav_ws/install/example_mode_rtl_replacement_cpp:/home/batoddy/uav_ws/install/example_mode_mission_cpp:/home/batoddy/uav_ws/install/example_mode_manual_cpp:/home/batoddy/uav_ws/install/example_mode_goto_global_cpp:/home/batoddy/uav_ws/install/example_mode_goto_cpp:/home/batoddy/uav_ws/install/example_mode_fw_attitude_cpp:/home/batoddy/uav_ws/install/example_local_navigation_cpp:/home/batoddy/uav_ws/install/example_global_navigation_cpp:/home/batoddy/uav_ws/install/example_executor_with_multiple_modes_cpp:/home/batoddy/uav_ws/install/cmd_vel_to_px4:/home/batoddy/install/urdfdom_headers:/home/batoddy/install/gmock_vendor:/home/batoddy/install/gtest_vendor:/home/batoddy/install/ament_cmake_python:/home/batoddy/install/ament_cmake_libraries:/home/batoddy/install/ament_cmake_core:/home/batoddy/uav_ws/install/px4_offboard:/home/batoddy/install/osrf_pycommon:/home/batoddy/install/ament_pyflakes:/home/batoddy/install/ament_pycodestyle:/home/batoddy/install/ament_pep257:/home/batoddy/install/ament_package:/home/batoddy/install/ament_flake8:/home/batoddy/install/ament_lint:/home/batoddy/install/ament_cppcheck:/home/batoddy/orn_ws/install/navslam:/opt/ros/humble LD_LIBRARY_PATH=/home/batoddy/uav_ws/install/px4_ros2_cpp/lib:/home/batoddy/uav_ws/install/px4_msgs/lib:/home/batoddy/uav_ws/install/px4_ros_com/lib:/opt/ros/humble/opt/rviz_ogre_vendor/lib:/opt/ros/humble/lib/x86_64-linux-gnu:/opt/ros/humble/lib /usr/bin/cmake --build /home/batoddy/uav_ws/build/example_global_navigation_cpp -- -j8 -l8
[22.960s] [ 50%] [32mBuilding CXX object CMakeFiles/example_global_navigation.dir/src/main.cpp.o[0m
[22.960s] [100%] [32m[1mLinking CXX executable example_global_navigation[0m
[22.960s] [100%] Built target example_global_navigation
[22.961s] Invoked command in '/home/batoddy/uav_ws/build/example_global_navigation_cpp' returned '0': CMAKE_PREFIX_PATH=/home/batoddy/uav_ws/install/px4_ros2_cpp:/home/batoddy/uav_ws/install/px4_msgs:/home/batoddy/uav_ws/install/uav_navigation:/home/batoddy/uav_ws/install/sim_topic_bridge:/home/batoddy/uav_ws/install/px4_ros_com:/home/batoddy/uav_ws/install/example_rover_velocity_mode_cpp:/home/batoddy/uav_ws/install/example_mode_with_executor_cpp:/home/batoddy/uav_ws/install/example_mode_vtol_cpp:/home/batoddy/uav_ws/install/example_mode_rtl_replacement_cpp:/home/batoddy/uav_ws/install/example_mode_mission_cpp:/home/batoddy/uav_ws/install/example_mode_manual_cpp:/home/batoddy/uav_ws/install/example_mode_goto_global_cpp:/home/batoddy/uav_ws/install/example_mode_goto_cpp:/home/batoddy/uav_ws/install/example_mode_fw_attitude_cpp:/home/batoddy/uav_ws/install/example_local_navigation_cpp:/home/batoddy/uav_ws/install/example_global_navigation_cpp:/home/batoddy/uav_ws/install/example_executor_with_multiple_modes_cpp:/home/batoddy/uav_ws/install/cmd_vel_to_px4:/home/batoddy/install/urdfdom_headers:/home/batoddy/install/gmock_vendor:/home/batoddy/install/gtest_vendor:/home/batoddy/install/ament_cmake_python:/home/batoddy/install/ament_cmake_libraries:/home/batoddy/install/ament_cmake_core:/home/batoddy/uav_ws/install/px4_offboard:/home/batoddy/install/osrf_pycommon:/home/batoddy/install/ament_pyflakes:/home/batoddy/install/ament_pycodestyle:/home/batoddy/install/ament_pep257:/home/batoddy/install/ament_package:/home/batoddy/install/ament_flake8:/home/batoddy/install/ament_lint:/home/batoddy/install/ament_cppcheck:/home/batoddy/orn_ws/install/navslam:/opt/ros/humble LD_LIBRARY_PATH=/home/batoddy/uav_ws/install/px4_ros2_cpp/lib:/home/batoddy/uav_ws/install/px4_msgs/lib:/home/batoddy/uav_ws/install/px4_ros_com/lib:/opt/ros/humble/opt/rviz_ogre_vendor/lib:/opt/ros/humble/lib/x86_64-linux-gnu:/opt/ros/humble/lib /usr/bin/cmake --build /home/batoddy/uav_ws/build/example_global_navigation_cpp -- -j8 -l8
[22.977s] Invoking command in '/home/batoddy/uav_ws/build/example_global_navigation_cpp': CMAKE_PREFIX_PATH=/home/batoddy/uav_ws/install/px4_ros2_cpp:/home/batoddy/uav_ws/install/px4_msgs:/home/batoddy/uav_ws/install/uav_navigation:/home/batoddy/uav_ws/install/sim_topic_bridge:/home/batoddy/uav_ws/install/px4_ros_com:/home/batoddy/uav_ws/install/example_rover_velocity_mode_cpp:/home/batoddy/uav_ws/install/example_mode_with_executor_cpp:/home/batoddy/uav_ws/install/example_mode_vtol_cpp:/home/batoddy/uav_ws/install/example_mode_rtl_replacement_cpp:/home/batoddy/uav_ws/install/example_mode_mission_cpp:/home/batoddy/uav_ws/install/example_mode_manual_cpp:/home/batoddy/uav_ws/install/example_mode_goto_global_cpp:/home/batoddy/uav_ws/install/example_mode_goto_cpp:/home/batoddy/uav_ws/install/example_mode_fw_attitude_cpp:/home/batoddy/uav_ws/install/example_local_navigation_cpp:/home/batoddy/uav_ws/install/example_global_navigation_cpp:/home/batoddy/uav_ws/install/example_executor_with_multiple_modes_cpp:/home/batoddy/uav_ws/install/cmd_vel_to_px4:/home/batoddy/install/urdfdom_headers:/home/batoddy/install/gmock_vendor:/home/batoddy/install/gtest_vendor:/home/batoddy/install/ament_cmake_python:/home/batoddy/install/ament_cmake_libraries:/home/batoddy/install/ament_cmake_core:/home/batoddy/uav_ws/install/px4_offboard:/home/batoddy/install/osrf_pycommon:/home/batoddy/install/ament_pyflakes:/home/batoddy/install/ament_pycodestyle:/home/batoddy/install/ament_pep257:/home/batoddy/install/ament_package:/home/batoddy/install/ament_flake8:/home/batoddy/install/ament_lint:/home/batoddy/install/ament_cppcheck:/home/batoddy/orn_ws/install/navslam:/opt/ros/humble LD_LIBRARY_PATH=/home/batoddy/uav_ws/install/px4_ros2_cpp/lib:/home/batoddy/uav_ws/install/px4_msgs/lib:/home/batoddy/uav_ws/install/px4_ros_com/lib:/opt/ros/humble/opt/rviz_ogre_vendor/lib:/opt/ros/humble/lib/x86_64-linux-gnu:/opt/ros/humble/lib /usr/bin/cmake --install /home/batoddy/uav_ws/build/example_global_navigation_cpp
[23.810s] -- Install configuration: ""
[23.810s] -- Installing: /home/batoddy/uav_ws/install/example_global_navigation_cpp/lib/example_global_navigation_cpp/example_global_navigation
[23.810s] -- Set runtime path of "/home/batoddy/uav_ws/install/example_global_navigation_cpp/lib/example_global_navigation_cpp/example_global_navigation" to ""
[23.810s] -- Installing: /home/batoddy/uav_ws/install/example_global_navigation_cpp/share/ament_index/resource_index/package_run_dependencies/example_global_navigation_cpp
[23.810s] -- Installing: /home/batoddy/uav_ws/install/example_global_navigation_cpp/share/ament_index/resource_index/parent_prefix_path/example_global_navigation_cpp
[23.810s] -- Installing: /home/batoddy/uav_ws/install/example_global_navigation_cpp/share/example_global_navigation_cpp/environment/ament_prefix_path.sh
[23.810s] -- Installing: /home/batoddy/uav_ws/install/example_global_navigation_cpp/share/example_global_navigation_cpp/environment/ament_prefix_path.dsv
[23.811s] -- Installing: /home/batoddy/uav_ws/install/example_global_navigation_cpp/share/example_global_navigation_cpp/environment/path.sh
[23.811s] -- Installing: /home/batoddy/uav_ws/install/example_global_navigation_cpp/share/example_global_navigation_cpp/environment/path.dsv
[23.811s] -- Installing: /home/batoddy/uav_ws/install/example_global_navigation_cpp/share/example_global_navigation_cpp/local_setup.bash
[23.811s] -- Installing: /home/batoddy/uav_ws/install/example_global_navigation_cpp/share/example_global_navigation_cpp/local_setup.sh
[23.811s] -- Installing: /home/batoddy/uav_ws/install/example_global_navigation_cpp/share/example_global_navigation_cpp/local_setup.zsh
[23.811s] -- Installing: /home/batoddy/uav_ws/install/example_global_navigation_cpp/share/example_global_navigation_cpp/local_setup.dsv
[23.811s] -- Installing: /home/batoddy/uav_ws/install/example_global_navigation_cpp/share/example_global_navigation_cpp/package.dsv
[23.811s] -- Installing: /home/batoddy/uav_ws/install/example_global_navigation_cpp/share/ament_index/resource_index/packages/example_global_navigation_cpp
[23.811s] -- Installing: /home/batoddy/uav_ws/install/example_global_navigation_cpp/share/example_global_navigation_cpp/cmake/example_global_navigation_cppConfig.cmake
[23.811s] -- Installing: /home/batoddy/uav_ws/install/example_global_navigation_cpp/share/example_global_navigation_cpp/cmake/example_global_navigation_cppConfig-version.cmake
[23.816s] -- Installing: /home/batoddy/uav_ws/install/example_global_navigation_cpp/share/example_global_navigation_cpp/package.xml
[23.839s] Invoked command in '/home/batoddy/uav_ws/build/example_global_navigation_cpp' returned '0': CMAKE_PREFIX_PATH=/home/batoddy/uav_ws/install/px4_ros2_cpp:/home/batoddy/uav_ws/install/px4_msgs:/home/batoddy/uav_ws/install/uav_navigation:/home/batoddy/uav_ws/install/sim_topic_bridge:/home/batoddy/uav_ws/install/px4_ros_com:/home/batoddy/uav_ws/install/example_rover_velocity_mode_cpp:/home/batoddy/uav_ws/install/example_mode_with_executor_cpp:/home/batoddy/uav_ws/install/example_mode_vtol_cpp:/home/batoddy/uav_ws/install/example_mode_rtl_replacement_cpp:/home/batoddy/uav_ws/install/example_mode_mission_cpp:/home/batoddy/uav_ws/install/example_mode_manual_cpp:/home/batoddy/uav_ws/install/example_mode_goto_global_cpp:/home/batoddy/uav_ws/install/example_mode_goto_cpp:/home/batoddy/uav_ws/install/example_mode_fw_attitude_cpp:/home/batoddy/uav_ws/install/example_local_navigation_cpp:/home/batoddy/uav_ws/install/example_global_navigation_cpp:/home/batoddy/uav_ws/install/example_executor_with_multiple_modes_cpp:/home/batoddy/uav_ws/install/cmd_vel_to_px4:/home/batoddy/install/urdfdom_headers:/home/batoddy/install/gmock_vendor:/home/batoddy/install/gtest_vendor:/home/batoddy/install/ament_cmake_python:/home/batoddy/install/ament_cmake_libraries:/home/batoddy/install/ament_cmake_core:/home/batoddy/uav_ws/install/px4_offboard:/home/batoddy/install/osrf_pycommon:/home/batoddy/install/ament_pyflakes:/home/batoddy/install/ament_pycodestyle:/home/batoddy/install/ament_pep257:/home/batoddy/install/ament_package:/home/batoddy/install/ament_flake8:/home/batoddy/install/ament_lint:/home/batoddy/install/ament_cppcheck:/home/batoddy/orn_ws/install/navslam:/opt/ros/humble LD_LIBRARY_PATH=/home/batoddy/uav_ws/install/px4_ros2_cpp/lib:/home/batoddy/uav_ws/install/px4_msgs/lib:/home/batoddy/uav_ws/install/px4_ros_com/lib:/opt/ros/humble/opt/rviz_ogre_vendor/lib:/opt/ros/humble/lib/x86_64-linux-gnu:/opt/ros/humble/lib /usr/bin/cmake --install /home/batoddy/uav_ws/build/example_global_navigation_cpp
