[0.102s] Invoking command in '/home/batoddy/uav_ws/build/example_mode_with_executor_cpp': CMAKE_PREFIX_PATH=/home/batoddy/uav_ws/install/px4_ros2_cpp:/home/batoddy/uav_ws/install/px4_msgs:/home/batoddy/uav_ws/install/uav_navigation:/home/batoddy/uav_ws/install/sim_topic_bridge:/home/batoddy/uav_ws/install/px4_ros_com:/home/batoddy/uav_ws/install/example_rover_velocity_mode_cpp:/home/batoddy/uav_ws/install/example_mode_with_executor_cpp:/home/batoddy/uav_ws/install/example_mode_vtol_cpp:/home/batoddy/uav_ws/install/example_mode_rtl_replacement_cpp:/home/batoddy/uav_ws/install/example_mode_mission_cpp:/home/batoddy/uav_ws/install/example_mode_manual_cpp:/home/batoddy/uav_ws/install/example_mode_goto_global_cpp:/home/batoddy/uav_ws/install/example_mode_goto_cpp:/home/batoddy/uav_ws/install/example_mode_fw_attitude_cpp:/home/batoddy/uav_ws/install/example_local_navigation_cpp:/home/batoddy/uav_ws/install/example_global_navigation_cpp:/home/batoddy/uav_ws/install/example_executor_with_multiple_modes_cpp:/home/batoddy/uav_ws/install/cmd_vel_to_px4:/home/batoddy/install/urdfdom_headers:/home/batoddy/install/gmock_vendor:/home/batoddy/install/gtest_vendor:/home/batoddy/install/ament_cmake_python:/home/batoddy/install/ament_cmake_libraries:/home/batoddy/install/ament_cmake_core:/home/batoddy/uav_ws/install/px4_offboard:/home/batoddy/install/osrf_pycommon:/home/batoddy/install/ament_pyflakes:/home/batoddy/install/ament_pycodestyle:/home/batoddy/install/ament_pep257:/home/batoddy/install/ament_package:/home/batoddy/install/ament_flake8:/home/batoddy/install/ament_lint:/home/batoddy/install/ament_cppcheck:/home/batoddy/orn_ws/install/navslam:/opt/ros/humble LD_LIBRARY_PATH=/home/batoddy/uav_ws/install/px4_ros2_cpp/lib:/home/batoddy/uav_ws/install/px4_msgs/lib:/home/batoddy/uav_ws/install/px4_ros_com/lib:/opt/ros/humble/opt/rviz_ogre_vendor/lib:/opt/ros/humble/lib/x86_64-linux-gnu:/opt/ros/humble/lib /usr/bin/cmake /home/batoddy/uav_ws/src/px4-ros2-interface-lib/examples/cpp/modes/mode_with_executor -DCMAKE_INSTALL_PREFIX=/home/batoddy/uav_ws/install/example_mode_with_executor_cpp
[0.507s] -- The C compiler identification is GNU 11.4.0
[0.507s] -- The CXX compiler identification is GNU 11.4.0
[0.533s] -- Detecting C compiler ABI info
[0.793s] -- Detecting C compiler ABI info - done
[0.813s] -- Check for working C compiler: /usr/bin/cc - skipped
[0.814s] -- Detecting C compile features
[0.815s] -- Detecting C compile features - done
[0.832s] -- Detecting CXX compiler ABI info
[1.136s] -- Detecting CXX compiler ABI info - done
[1.163s] -- Check for working CXX compiler: /usr/bin/c++ - skipped
[1.164s] -- Detecting CXX compile features
[1.165s] -- Detecting CXX compile features - done
[1.178s] -- Found eigen3_cmake_module: 0.1.1 (/opt/ros/humble/share/eigen3_cmake_module/cmake)
[1.200s] -- Found Eigen3: TRUE (found version "3.4.0") 
[1.207s] -- Found ament_cmake: 1.3.12 (/opt/ros/humble/share/ament_cmake/cmake)
[1.764s] -- Found Python3: /usr/bin/python3 (found version "3.10.12") found components: Interpreter 
[2.074s] -- Found rclcpp: 16.0.15 (/opt/ros/humble/share/rclcpp/cmake)
[2.209s] -- Found rosidl_generator_c: 3.1.7 (/opt/ros/humble/share/rosidl_generator_c/cmake)
[2.249s] -- Found rosidl_adapter: 3.1.7 (/opt/ros/humble/share/rosidl_adapter/cmake)
[2.280s] -- Found rosidl_generator_cpp: 3.1.7 (/opt/ros/humble/share/rosidl_generator_cpp/cmake)
[2.316s] -- Using all available rosidl_typesupport_c: rosidl_typesupport_fastrtps_c;rosidl_typesupport_introspection_c
[2.368s] -- Using all available rosidl_typesupport_cpp: rosidl_typesupport_fastrtps_cpp;rosidl_typesupport_introspection_cpp
[2.542s] -- Found rmw_implementation_cmake: 6.1.2 (/opt/ros/humble/share/rmw_implementation_cmake/cmake)
[2.552s] -- Found rmw_fastrtps_cpp: 6.2.9 (/opt/ros/humble/share/rmw_fastrtps_cpp/cmake)
[2.823s] -- Found OpenSSL: /usr/lib/x86_64-linux-gnu/libcrypto.so (found version "3.0.2")  
[2.914s] -- Found FastRTPS: /opt/ros/humble/include  
[3.035s] -- Using RMW implementation 'rmw_fastrtps_cpp' as default
[3.069s] -- Looking for pthread.h
[3.229s] -- Looking for pthread.h - found
[3.232s] -- Performing Test CMAKE_HAVE_LIBC_PTHREAD
[3.407s] -- Performing Test CMAKE_HAVE_LIBC_PTHREAD - Success
[3.412s] -- Found Threads: TRUE  
[3.563s] -- Found px4_ros2_cpp: 0.0.1 (/home/batoddy/uav_ws/install/px4_ros2_cpp/share/px4_ros2_cpp/cmake)
[3.599s] -- Found ament_lint_auto: 0.12.14 (/opt/ros/humble/share/ament_lint_auto/cmake)
[3.895s] -- Added test 'copyright' to check source files copyright and LICENSE
[3.895s] -- Added test 'cppcheck' to perform static code analysis on C / C++ code
[3.895s] -- Configured cppcheck include dirs: /home/batoddy/uav_ws/src/px4-ros2-interface-lib/examples/cpp/modes/mode_with_executor/include
[3.895s] -- Configured cppcheck exclude dirs and/or files: 
[3.900s] -- Added test 'cpplint' to check C / C++ code against the Google style
[3.900s] -- Configured cpplint exclude dirs and/or files: 
[3.904s] -- Added test 'lint_cmake' to check CMake code style
[3.906s] -- Added test 'uncrustify' to check C / C++ code style
[3.907s] -- Configured uncrustify additional arguments: 
[3.908s] -- Added test 'xmllint' to check XML markup files
[3.912s] -- Configuring done
[3.937s] -- Generating done
[3.948s] -- Build files have been written to: /home/batoddy/uav_ws/build/example_mode_with_executor_cpp
[3.973s] Invoked command in '/home/batoddy/uav_ws/build/example_mode_with_executor_cpp' returned '0': CMAKE_PREFIX_PATH=/home/batoddy/uav_ws/install/px4_ros2_cpp:/home/batoddy/uav_ws/install/px4_msgs:/home/batoddy/uav_ws/install/uav_navigation:/home/batoddy/uav_ws/install/sim_topic_bridge:/home/batoddy/uav_ws/install/px4_ros_com:/home/batoddy/uav_ws/install/example_rover_velocity_mode_cpp:/home/batoddy/uav_ws/install/example_mode_with_executor_cpp:/home/batoddy/uav_ws/install/example_mode_vtol_cpp:/home/batoddy/uav_ws/install/example_mode_rtl_replacement_cpp:/home/batoddy/uav_ws/install/example_mode_mission_cpp:/home/batoddy/uav_ws/install/example_mode_manual_cpp:/home/batoddy/uav_ws/install/example_mode_goto_global_cpp:/home/batoddy/uav_ws/install/example_mode_goto_cpp:/home/batoddy/uav_ws/install/example_mode_fw_attitude_cpp:/home/batoddy/uav_ws/install/example_local_navigation_cpp:/home/batoddy/uav_ws/install/example_global_navigation_cpp:/home/batoddy/uav_ws/install/example_executor_with_multiple_modes_cpp:/home/batoddy/uav_ws/install/cmd_vel_to_px4:/home/batoddy/install/urdfdom_headers:/home/batoddy/install/gmock_vendor:/home/batoddy/install/gtest_vendor:/home/batoddy/install/ament_cmake_python:/home/batoddy/install/ament_cmake_libraries:/home/batoddy/install/ament_cmake_core:/home/batoddy/uav_ws/install/px4_offboard:/home/batoddy/install/osrf_pycommon:/home/batoddy/install/ament_pyflakes:/home/batoddy/install/ament_pycodestyle:/home/batoddy/install/ament_pep257:/home/batoddy/install/ament_package:/home/batoddy/install/ament_flake8:/home/batoddy/install/ament_lint:/home/batoddy/install/ament_cppcheck:/home/batoddy/orn_ws/install/navslam:/opt/ros/humble LD_LIBRARY_PATH=/home/batoddy/uav_ws/install/px4_ros2_cpp/lib:/home/batoddy/uav_ws/install/px4_msgs/lib:/home/batoddy/uav_ws/install/px4_ros_com/lib:/opt/ros/humble/opt/rviz_ogre_vendor/lib:/opt/ros/humble/lib/x86_64-linux-gnu:/opt/ros/humble/lib /usr/bin/cmake /home/batoddy/uav_ws/src/px4-ros2-interface-lib/examples/cpp/modes/mode_with_executor -DCMAKE_INSTALL_PREFIX=/home/batoddy/uav_ws/install/example_mode_with_executor_cpp
[3.980s] Invoking command in '/home/batoddy/uav_ws/build/example_mode_with_executor_cpp': CMAKE_PREFIX_PATH=/home/batoddy/uav_ws/install/px4_ros2_cpp:/home/batoddy/uav_ws/install/px4_msgs:/home/batoddy/uav_ws/install/uav_navigation:/home/batoddy/uav_ws/install/sim_topic_bridge:/home/batoddy/uav_ws/install/px4_ros_com:/home/batoddy/uav_ws/install/example_rover_velocity_mode_cpp:/home/batoddy/uav_ws/install/example_mode_with_executor_cpp:/home/batoddy/uav_ws/install/example_mode_vtol_cpp:/home/batoddy/uav_ws/install/example_mode_rtl_replacement_cpp:/home/batoddy/uav_ws/install/example_mode_mission_cpp:/home/batoddy/uav_ws/install/example_mode_manual_cpp:/home/batoddy/uav_ws/install/example_mode_goto_global_cpp:/home/batoddy/uav_ws/install/example_mode_goto_cpp:/home/batoddy/uav_ws/install/example_mode_fw_attitude_cpp:/home/batoddy/uav_ws/install/example_local_navigation_cpp:/home/batoddy/uav_ws/install/example_global_navigation_cpp:/home/batoddy/uav_ws/install/example_executor_with_multiple_modes_cpp:/home/batoddy/uav_ws/install/cmd_vel_to_px4:/home/batoddy/install/urdfdom_headers:/home/batoddy/install/gmock_vendor:/home/batoddy/install/gtest_vendor:/home/batoddy/install/ament_cmake_python:/home/batoddy/install/ament_cmake_libraries:/home/batoddy/install/ament_cmake_core:/home/batoddy/uav_ws/install/px4_offboard:/home/batoddy/install/osrf_pycommon:/home/batoddy/install/ament_pyflakes:/home/batoddy/install/ament_pycodestyle:/home/batoddy/install/ament_pep257:/home/batoddy/install/ament_package:/home/batoddy/install/ament_flake8:/home/batoddy/install/ament_lint:/home/batoddy/install/ament_cppcheck:/home/batoddy/orn_ws/install/navslam:/opt/ros/humble LD_LIBRARY_PATH=/home/batoddy/uav_ws/install/px4_ros2_cpp/lib:/home/batoddy/uav_ws/install/px4_msgs/lib:/home/batoddy/uav_ws/install/px4_ros_com/lib:/opt/ros/humble/opt/rviz_ogre_vendor/lib:/opt/ros/humble/lib/x86_64-linux-gnu:/opt/ros/humble/lib /usr/bin/cmake --build /home/batoddy/uav_ws/build/example_mode_with_executor_cpp -- -j8 -l8
[4.083s] [ 50%] [32mBuilding CXX object CMakeFiles/example_mode_with_executor.dir/src/main.cpp.o[0m
[14.159s] [100%] [32m[1mLinking CXX executable example_mode_with_executor[0m
[17.380s] [100%] Built target example_mode_with_executor
[17.405s] Invoked command in '/home/batoddy/uav_ws/build/example_mode_with_executor_cpp' returned '0': CMAKE_PREFIX_PATH=/home/batoddy/uav_ws/install/px4_ros2_cpp:/home/batoddy/uav_ws/install/px4_msgs:/home/batoddy/uav_ws/install/uav_navigation:/home/batoddy/uav_ws/install/sim_topic_bridge:/home/batoddy/uav_ws/install/px4_ros_com:/home/batoddy/uav_ws/install/example_rover_velocity_mode_cpp:/home/batoddy/uav_ws/install/example_mode_with_executor_cpp:/home/batoddy/uav_ws/install/example_mode_vtol_cpp:/home/batoddy/uav_ws/install/example_mode_rtl_replacement_cpp:/home/batoddy/uav_ws/install/example_mode_mission_cpp:/home/batoddy/uav_ws/install/example_mode_manual_cpp:/home/batoddy/uav_ws/install/example_mode_goto_global_cpp:/home/batoddy/uav_ws/install/example_mode_goto_cpp:/home/batoddy/uav_ws/install/example_mode_fw_attitude_cpp:/home/batoddy/uav_ws/install/example_local_navigation_cpp:/home/batoddy/uav_ws/install/example_global_navigation_cpp:/home/batoddy/uav_ws/install/example_executor_with_multiple_modes_cpp:/home/batoddy/uav_ws/install/cmd_vel_to_px4:/home/batoddy/install/urdfdom_headers:/home/batoddy/install/gmock_vendor:/home/batoddy/install/gtest_vendor:/home/batoddy/install/ament_cmake_python:/home/batoddy/install/ament_cmake_libraries:/home/batoddy/install/ament_cmake_core:/home/batoddy/uav_ws/install/px4_offboard:/home/batoddy/install/osrf_pycommon:/home/batoddy/install/ament_pyflakes:/home/batoddy/install/ament_pycodestyle:/home/batoddy/install/ament_pep257:/home/batoddy/install/ament_package:/home/batoddy/install/ament_flake8:/home/batoddy/install/ament_lint:/home/batoddy/install/ament_cppcheck:/home/batoddy/orn_ws/install/navslam:/opt/ros/humble LD_LIBRARY_PATH=/home/batoddy/uav_ws/install/px4_ros2_cpp/lib:/home/batoddy/uav_ws/install/px4_msgs/lib:/home/batoddy/uav_ws/install/px4_ros_com/lib:/opt/ros/humble/opt/rviz_ogre_vendor/lib:/opt/ros/humble/lib/x86_64-linux-gnu:/opt/ros/humble/lib /usr/bin/cmake --build /home/batoddy/uav_ws/build/example_mode_with_executor_cpp -- -j8 -l8
[17.409s] Invoking command in '/home/batoddy/uav_ws/build/example_mode_with_executor_cpp': CMAKE_PREFIX_PATH=/home/batoddy/uav_ws/install/px4_ros2_cpp:/home/batoddy/uav_ws/install/px4_msgs:/home/batoddy/uav_ws/install/uav_navigation:/home/batoddy/uav_ws/install/sim_topic_bridge:/home/batoddy/uav_ws/install/px4_ros_com:/home/batoddy/uav_ws/install/example_rover_velocity_mode_cpp:/home/batoddy/uav_ws/install/example_mode_with_executor_cpp:/home/batoddy/uav_ws/install/example_mode_vtol_cpp:/home/batoddy/uav_ws/install/example_mode_rtl_replacement_cpp:/home/batoddy/uav_ws/install/example_mode_mission_cpp:/home/batoddy/uav_ws/install/example_mode_manual_cpp:/home/batoddy/uav_ws/install/example_mode_goto_global_cpp:/home/batoddy/uav_ws/install/example_mode_goto_cpp:/home/batoddy/uav_ws/install/example_mode_fw_attitude_cpp:/home/batoddy/uav_ws/install/example_local_navigation_cpp:/home/batoddy/uav_ws/install/example_global_navigation_cpp:/home/batoddy/uav_ws/install/example_executor_with_multiple_modes_cpp:/home/batoddy/uav_ws/install/cmd_vel_to_px4:/home/batoddy/install/urdfdom_headers:/home/batoddy/install/gmock_vendor:/home/batoddy/install/gtest_vendor:/home/batoddy/install/ament_cmake_python:/home/batoddy/install/ament_cmake_libraries:/home/batoddy/install/ament_cmake_core:/home/batoddy/uav_ws/install/px4_offboard:/home/batoddy/install/osrf_pycommon:/home/batoddy/install/ament_pyflakes:/home/batoddy/install/ament_pycodestyle:/home/batoddy/install/ament_pep257:/home/batoddy/install/ament_package:/home/batoddy/install/ament_flake8:/home/batoddy/install/ament_lint:/home/batoddy/install/ament_cppcheck:/home/batoddy/orn_ws/install/navslam:/opt/ros/humble LD_LIBRARY_PATH=/home/batoddy/uav_ws/install/px4_ros2_cpp/lib:/home/batoddy/uav_ws/install/px4_msgs/lib:/home/batoddy/uav_ws/install/px4_ros_com/lib:/opt/ros/humble/opt/rviz_ogre_vendor/lib:/opt/ros/humble/lib/x86_64-linux-gnu:/opt/ros/humble/lib /usr/bin/cmake --install /home/batoddy/uav_ws/build/example_mode_with_executor_cpp
[17.429s] -- Install configuration: ""
[17.429s] -- Installing: /home/batoddy/uav_ws/install/example_mode_with_executor_cpp/lib/example_mode_with_executor_cpp/example_mode_with_executor
[17.430s] -- Set runtime path of "/home/batoddy/uav_ws/install/example_mode_with_executor_cpp/lib/example_mode_with_executor_cpp/example_mode_with_executor" to ""
[17.431s] -- Installing: /home/batoddy/uav_ws/install/example_mode_with_executor_cpp/share/ament_index/resource_index/package_run_dependencies/example_mode_with_executor_cpp
[17.432s] -- Installing: /home/batoddy/uav_ws/install/example_mode_with_executor_cpp/share/ament_index/resource_index/parent_prefix_path/example_mode_with_executor_cpp
[17.432s] -- Installing: /home/batoddy/uav_ws/install/example_mode_with_executor_cpp/share/example_mode_with_executor_cpp/environment/ament_prefix_path.sh
[17.436s] -- Installing: /home/batoddy/uav_ws/install/example_mode_with_executor_cpp/share/example_mode_with_executor_cpp/environment/ament_prefix_path.dsv
[17.436s] -- Installing: /home/batoddy/uav_ws/install/example_mode_with_executor_cpp/share/example_mode_with_executor_cpp/environment/path.sh
[17.436s] -- Installing: /home/batoddy/uav_ws/install/example_mode_with_executor_cpp/share/example_mode_with_executor_cpp/environment/path.dsv
[17.436s] -- Installing: /home/batoddy/uav_ws/install/example_mode_with_executor_cpp/share/example_mode_with_executor_cpp/local_setup.bash
[17.436s] -- Installing: /home/batoddy/uav_ws/install/example_mode_with_executor_cpp/share/example_mode_with_executor_cpp/local_setup.sh
[17.436s] -- Installing: /home/batoddy/uav_ws/install/example_mode_with_executor_cpp/share/example_mode_with_executor_cpp/local_setup.zsh
[17.436s] -- Installing: /home/batoddy/uav_ws/install/example_mode_with_executor_cpp/share/example_mode_with_executor_cpp/local_setup.dsv
[17.436s] -- Installing: /home/batoddy/uav_ws/install/example_mode_with_executor_cpp/share/example_mode_with_executor_cpp/package.dsv
[17.436s] -- Installing: /home/batoddy/uav_ws/install/example_mode_with_executor_cpp/share/ament_index/resource_index/packages/example_mode_with_executor_cpp
[17.437s] -- Installing: /home/batoddy/uav_ws/install/example_mode_with_executor_cpp/share/example_mode_with_executor_cpp/cmake/example_mode_with_executor_cppConfig.cmake
[17.437s] -- Installing: /home/batoddy/uav_ws/install/example_mode_with_executor_cpp/share/example_mode_with_executor_cpp/cmake/example_mode_with_executor_cppConfig-version.cmake
[17.437s] -- Installing: /home/batoddy/uav_ws/install/example_mode_with_executor_cpp/share/example_mode_with_executor_cpp/package.xml
[17.444s] Invoked command in '/home/batoddy/uav_ws/build/example_mode_with_executor_cpp' returned '0': CMAKE_PREFIX_PATH=/home/batoddy/uav_ws/install/px4_ros2_cpp:/home/batoddy/uav_ws/install/px4_msgs:/home/batoddy/uav_ws/install/uav_navigation:/home/batoddy/uav_ws/install/sim_topic_bridge:/home/batoddy/uav_ws/install/px4_ros_com:/home/batoddy/uav_ws/install/example_rover_velocity_mode_cpp:/home/batoddy/uav_ws/install/example_mode_with_executor_cpp:/home/batoddy/uav_ws/install/example_mode_vtol_cpp:/home/batoddy/uav_ws/install/example_mode_rtl_replacement_cpp:/home/batoddy/uav_ws/install/example_mode_mission_cpp:/home/batoddy/uav_ws/install/example_mode_manual_cpp:/home/batoddy/uav_ws/install/example_mode_goto_global_cpp:/home/batoddy/uav_ws/install/example_mode_goto_cpp:/home/batoddy/uav_ws/install/example_mode_fw_attitude_cpp:/home/batoddy/uav_ws/install/example_local_navigation_cpp:/home/batoddy/uav_ws/install/example_global_navigation_cpp:/home/batoddy/uav_ws/install/example_executor_with_multiple_modes_cpp:/home/batoddy/uav_ws/install/cmd_vel_to_px4:/home/batoddy/install/urdfdom_headers:/home/batoddy/install/gmock_vendor:/home/batoddy/install/gtest_vendor:/home/batoddy/install/ament_cmake_python:/home/batoddy/install/ament_cmake_libraries:/home/batoddy/install/ament_cmake_core:/home/batoddy/uav_ws/install/px4_offboard:/home/batoddy/install/osrf_pycommon:/home/batoddy/install/ament_pyflakes:/home/batoddy/install/ament_pycodestyle:/home/batoddy/install/ament_pep257:/home/batoddy/install/ament_package:/home/batoddy/install/ament_flake8:/home/batoddy/install/ament_lint:/home/batoddy/install/ament_cppcheck:/home/batoddy/orn_ws/install/navslam:/opt/ros/humble LD_LIBRARY_PATH=/home/batoddy/uav_ws/install/px4_ros2_cpp/lib:/home/batoddy/uav_ws/install/px4_msgs/lib:/home/batoddy/uav_ws/install/px4_ros_com/lib:/opt/ros/humble/opt/rviz_ogre_vendor/lib:/opt/ros/humble/lib/x86_64-linux-gnu:/opt/ros/humble/lib /usr/bin/cmake --install /home/batoddy/uav_ws/build/example_mode_with_executor_cpp
